NOTICE:  Booting Trusted Firmware
NOTICE:  BL1: v2.8(debug):v2.8-490-g409610a9a
NOTICE:  BL1: Built : 08:08:07, Mar  8 2023
INFO:    BL1: RAM 0x3ffee000 - 0x3fffb000
WARNING: BL1: neoverse_n1: CPU workaround for 1946160 was missing!
WARNING: BL1: neoverse_n1: CPU workaround for 2743102 was missing!
INFO:    BL1: neoverse_n1: CPU workaround for cve_2022_23960 was applied
INFO:    BL1: Loading BL2
INFO:    Loading image id=1 at address 0x3fcd1000
INFO:    Image id=1 loaded: 0x3fcd1000 - 0x3fcd9201
NOTICE:  BL1: Booting BL2
INFO:    Entry point address = 0x3fcd1000
INFO:    SPSR = 0x3c5
NOTICE:  BL2: v2.8(debug):v2.8-490-g409610a9a
NOTICE:  BL2: Built : 08:08:07, Mar  8 2023
INFO:    BL2: Doing platform setup
INFO:    BL2: Loading image id 3
INFO:    Loading image id=3 at address 0x3fcee000
INFO:    Image id=3 loaded: 0x3fcee000 - 0x3fcf9089
INFO:    BL2: Skip loading image id 5
NOTICE:  BL1: Booting BL31
INFO:    Entry point address = 0x3fcee000
INFO:    SPSR = 0x3cd
NOTICE:  BL31: v2.8(debug):v2.8-490-g409610a9a
NOTICE:  BL31: Built : 08:08:07, Mar  8 2023
INFO:    GICv3 without legacy support detected.
INFO:    ARM GICv3 driver initialized in EL3
INFO:    Maximum SPI INTID supported: 287
INFO:    BL31: Initializing runtime services
WARNING: BL31: neoverse_n1: CPU workaround for 1946160 was missing!
WARNING: BL31: neoverse_n1: CPU workaround for 2743102 was missing!
INFO:    BL31: neoverse_n1: CPU workaround for cve_2022_23960 was applied
INFO:    BL31: Preparing for EL3 exit to normal world
INFO:    Entry point address = 0x10000000
INFO:    SPSR = 0x3c9
UEFI firmware (version 1.0 built at 13:30:41 on Feb 25 2023)
[2J[04D[=3h[2J[09D[2J[04DUEFI Interactive Shell v2.2
EDK II
UEFI v2.70 (EFI Development Kit II / SbsaQemu, 0x00010000)
[1m[33m[40mMapping table[0m[37m[40m
[1m[33m[40m      FS0:[0m[37m[40m [1m[37m[40mAlias(s):[0m[37m[40mHD0a65535a1:;BLK1:
          VenHw(0D51905B-B77E-452A-A2C0-ECA0CC8D514A,000010600000000000)/Sata(0x
0,0xFFFF,0x0)/HD(1,MBR,0xBE1AFDFA,0x3F,0xFBFC1)
[1m[33m[40m     BLK0:[0m[37m[40m [1m[37m[40mAlias(s):[0m[37m[40m
          VenHw(0D51905B-B77E-452A-A2C0-ECA0CC8D514A,000010600000000000)/Sata(0x
0,0xFFFF,0x0)
Press [1m[37m[40mESC[0m[37m[40m in 5 seconds to skip [1m[33m[40mstartup.nsh[0m[37m[40m or any other key to continue.[72DPress [1m[37m[40mESC[0m[37m[40m in 4 seconds to skip [1m[33m[40mstartup.nsh[0m[37m[40m or any other key to continue.[72DPress [1m[37m[40mESC[0m[37m[40m in 3 seconds to skip [1m[33m[40mstartup.nsh[0m[37m[40m or any other key to continue.[72DPress [1m[37m[40mESC[0m[37m[40m in 2 seconds to skip [1m[33m[40mstartup.nsh[0m[37m[40m or any other key to continue.[72DPress [1m[37m[40mESC[0m[37m[40m in 1 seconds to skip [1m[33m[40mstartup.nsh[0m[37m[40m or any other key to continue.
[1m[33m[40mShell> [0m[37m[40mfs0:bsa.efi -sbsa -v 1


 BSA Architecture Compliance Suite
          Version 1.0.3

 Starting tests with print level :  1


 Creating Platform Information Tables
 Creating PE INFO table
  MADT is at FC0FF598 and length is 1A8 
  MPIDR 0 PE num 0 
  MPIDR 1 PE num 1 
  MPIDR 2 PE num 2 
  MPIDR 3 PE num 3 
 PE_INFO: Number of PE detected       :    4 
 Creating GIC INFO table
  MADT is at FC0FF598 and length is 1A8 
  GICH base 2C010000 
  GICH base 2C010000 
  GICH base 2C010000 
  GICH base 2C010000 
  GIC DIS base 40060000 
  GICR RD base 40080000 
  GIC ITS base 44081000 
  GIC ITS ID0 

       gic version from info table = 3  GIC INFO: GIC version                :  
  v3 
 GIC_INFO: Number of GICD             :    1 
 GIC_INFO: Number of GICR RD          :    1 
 GIC_INFO: Number of ITS              :    1 
 Creating TIMER INFO table
  GTDT is at FC0FFD18 and length is 84 
  GTDT revision is at 3 
  GTDT don't have el2 virt timer info
  using bsa recommended value 28
 TIMER_INFO: Number of system timers  :    0 
 Creating WATCHDOG INFO table
  Watchdog base = 0x50011000 INTID = 0x30 
 WATCHDOG_INFO: Number of Watchdogs   :    1 
 Creating PCIe INFO table
  Ecam Index = 0
  Base Address = 0xF0000000
  Segment   = 0x0
  Start Bus = 0x0
  End Bus   = 0xFF
 PCIE_INFO: Number of ECAM regions    :    1 
 PCIE_INFO: Number of BDFs found      :    0
 PCIE_INFO: No entries in BDF Table
 Creating SMMU INFO table
  IORT node offset:30, type: 0
  IORT node offset:48, type: 4
  IORT node offset:30, type: 0
  IORT node offset:28, type: 48
 Invalid IORT node type
  IORT node offset:A0, type: 2
  IORT node offset:48, type: 4
  Number of IOVIRT blocks = 3
  ITS Group Num ITS: 1
  ITS ID: 0
  SMMU: Major Rev:3 Base Address:0x60050000
  Number of ID Mappings:2
  input_base:0x0 id_count:0xFFFF
  output_base:0x0 output ref:0x18
  input_base:0x3C02 id_count:0x0
  output_base:0x1 output ref:0xFFFFFFFF

  Root Complex  Segment Num:0
  Number of ID Mappings:1
  input_base:0x0 id_count:0xFFFF
  output_base:0x0 output ref:0x134

 SMMU_INFO: Number of SMMU CTRL       :    1 
 Creating PERIPHERAL INFO table
  000.00.00 class_code = 0 6
  000.00.03 class_code = 6 1
  000.01.01 class_code = 0 2
  000.02.02 class_code = 0 3
  000.00.00 class_code = 0 6
  000.00.03 class_code = 6 1
  Found a SATA controller    0
  000.01.01 class_code = 0 2
  000.02.02 class_code = 0 3
 Peripheral: Num of USB controllers   :    0 
 Peripheral: Num of SATA controllers  :    1 
 Peripheral: Num of UART controllers  :    1 

 BDF is 0
 Class code is 6000000
 BDF is 100
 Class code is 2000000
 BDF is 200
 Class code is 3000002 Peripheral: Num of Network ctrl      :    1 
 Peripheral: Num of Storage ctrl      :    0 
 Peripheral: Num of Display ctrl      :    1 
 Creating MEMORY INFO table
  Reserved region of type 7 [0x10000000000, 0x100FBDDC000]
  Reserved region of type 1 [0x100FBDDC000, 0x100FBF30000]
  Reserved region of type 5 [0x100FBF30000, 0x100FBFB0000]
  Reserved region of type 6 [0x100FBFB0000, 0x100FC000000]
  Reserved region of type 4 [0x100FC000000, 0x100FC020000]
  Reserved region of type 6 [0x100FC020000, 0x100FC070000]
  Reserved region of type 5 [0x100FC070000, 0x100FC0C0000]
  Reserved region of type 9 [0x100FC0C0000, 0x100FC100000]
  Reserved region of type 7 [0x100FC100000, 0x100FE21A000]
  Reserved region of type 4 [0x100FE21A000, 0x100FE285000]
  Reserved region of type 7 [0x100FE285000, 0x100FE28A000]
  Reserved region of type 4 [0x100FE28A000, 0x100FEFF4000]
  Reserved region of type 7 [0x100FEFF4000, 0x100FF31F000]
  Reserved region of type 3 [0x100FF31F000, 0x100FF5D0000]
  Reserved region of type 5 [0x100FF5D0000, 0x100FF760000]
  Reserved region of type 6 [0x100FF760000, 0x100FF9B0000]
  Reserved region of type 7 [0x100FF9B0000, 0x100FF9CE000]
  Reserved region of type 4 [0x100FF9CE000, 0x100FF9F0000]
  Reserved region of type 3 [0x100FF9F0000, 0x100FFA27000]
  Reserved region of type 4 [0x100FFA27000, 0x100FFFE9000]
  Reserved region of type 3 [0x100FFFE9000, 0x100FFFF8000]
  Reserved region of type 4 [0x100FFFF8000, 0x10100000000]
  Reserved region of type 11 [0x10000000, 0x104C0000]
  Reserved region of type 11 [0x60010000, 0x60011000]
 Shared memory is 100FE28CE98 

      ***  Starting PE tests ***  
Operating System View:
   1 : Check Arch symmetry across PE                  START

       cache size read is 701FE01A 
       cache size read is 70FFE03A        PSCI_CPU_ON: success  
       PSCI_CPU_ON: success  
       PSCI_CPU_ON: success  

       B_PE_01
                                       : Result:  PASS 
         END

   2 : Check for number of PE                         START

       gic version from info table = 3 
       B_PE_02
                                       : Result:  PASS 
         END

   3 : Check for AdvSIMD and FP support               START
       PSCI_CPU_ON: success  
       PSCI_CPU_ON: success  
       PSCI_CPU_ON: success  

       B_PE_03
                                       : Result:  PASS 
         END

   4 : Check PE 4KB Granule Support                   START
       PSCI_CPU_ON: success  
       PSCI_CPU_ON: success  
       PSCI_CPU_ON: success  

       B_PE_04
                                       : Result:  PASS 
         END

   6 : Check Cryptographic extensions                 START
       PSCI_CPU_ON: success  
       PSCI_CPU_ON: success  
       PSCI_CPU_ON: success  

       B_PE_06
                                       : Result:  PASS 
         END

   7 : Check Little Endian support                    START
       PSCI_CPU_ON: success  
       PSCI_CPU_ON: success  
       PSCI_CPU_ON: success  

       B_PE_07
                                       : Result:  PASS 
         END

   8 : Check EL1 and EL0 implementation               START
       PSCI_CPU_ON: success  
       PSCI_CPU_ON: success  
       PSCI_CPU_ON: success  

       B_PE_08
                                       : Result:  PASS 
         END

   9 : Check for PMU and PMU counters                 START
       PSCI_CPU_ON: success  
       PSCI_CPU_ON: success  
       PSCI_CPU_ON: success  

       B_PE_09
                                       : Result:  PASS 
         END

  10 : Check PMU Overflow signal                      START

 Received PMUIRQ 
       B_PE_10
                                       : Result:  PASS 
         END

  11 : Check num of Breakpoints and type              START
       PSCI_CPU_ON: success  
       PSCI_CPU_ON: success  
       PSCI_CPU_ON: success  

       B_PE_11
                                       : Result:  PASS 
         END

  12 : Check Synchronous Watchpoints                  START
       PSCI_CPU_ON: success  
       PSCI_CPU_ON: success  
       PSCI_CPU_ON: success  

       B_PE_12
                                       : Result:  PASS 
         END

  13 : Check CRC32 instruction support                START
       PSCI_CPU_ON: success  
       PSCI_CPU_ON: success  
       PSCI_CPU_ON: success  

       B_PE_13
                                       : Result:  PASS 
         END


Hypervisor View:
  51 : Check EL2 implementation                       START
       PSCI_CPU_ON: success  
       PSCI_CPU_ON: success  
       PSCI_CPU_ON: success  

       B_PE_18
                                       : Result:  PASS 
         END

  52 : Check Stage 2 4KB Granule Support              START
       PSCI_CPU_ON: success  
       PSCI_CPU_ON: success  
       PSCI_CPU_ON: success  

       B_PE_19
                                       : Result:  PASS 
         END

  53 : Check Stage2 and Stage1 Granule match          START
       PSCI_CPU_ON: success  
       PSCI_CPU_ON: success  
       PSCI_CPU_ON: success  

       B_PE_20
                                       : Result:  PASS 
         END

  54 : Check for PMU counters                         START
       PSCI_CPU_ON: success  
       PSCI_CPU_ON: success  
       PSCI_CPU_ON: success  

       B_PE_21
                                       : Result:  PASS 
         END

  55 : Check VMID breakpoint number                   START
       PSCI_CPU_ON: success  
       PSCI_CPU_ON: success  
       PSCI_CPU_ON: success  

       B_PE_22
                                       : Result:  PASS 
         END


Platform Security View:
  76 : Check EL3 implementation                       START
       PSCI_CPU_ON: success  
       PSCI_CPU_ON: success  
       PSCI_CPU_ON: success  

       B_PE_23, B_PE_24
                                       : Result:  PASS 
         END


      All PE tests passed.

      ***  Starting Memory Map tests ***  
Operating System View:
 102 : Mem Access Response in finite time             START
Instance 0x2 not found for memory type 0x1000

       Error in getting dev mem for index 2  
       B_MEM_01
                                       : Result:  PASS 
         END

 103 : PE must access all NS addr space               START

       B_MEM_05
                                       : Result:  PASS 
         END


      All Memory tests passed.
  ITS Configure: LPI unsupported
  ITS Init failed: LPI Interrupt related test may not pass

      ***  Starting GIC tests ***  
       gic version from info table = 3 
Operating System View:
 203 : If PCIe, GICv3 then ITS, LPI                   START

       gic version from info table = 3 
       GICv3 and PCIe : LPI Not Supported
       Failed on PE -    0
       B_GIC_03
       Checkpoint --  2                           : Result:  FAIL 
         END

 204 : Check GICv3 Security States                    START

       gic version from info table = 3 
       B_GIC_04
                                       : Result:  PASS 
         END

 205 : Non-secure SGIs are implemented                START

       PE MPIDR 0x0       gicr_rdindex 0       gicrd_base 0x40080000

       PE RD base address 40080000  data 0x6C80FFFF
       B_GIC_05
                                       : Result:  PASS 
         END

 206 : Check PPI Assignments for OS                   START

       Received interrupt   
       Received interrupt   
       B_PPI_01
                                       : Result:  PASS 
         END


Hypervisor View:
 226 : Check NS EL2-Virt timer PPI Assignment         START

       NS EL2 Virtual timer interrupt 28 not received
       Failed on PE -    0
       B_PPI_02
       Checkpoint --  4                           : Result:  FAIL 
         END

 227 : Check NS EL2-Phy timer PPI Assignment          START

       Received interrupt     
       B_PPI_02
                                       : Result:  PASS 
         END

 228 : Check GIC Maintenance PPI Assignment           START

       gic version from info table = 3 
       gic version from info table = 3 
       gic version from info table = 3 
       gic version from info table = 3 
       Received GIC maintenance interrupt 
       B_PPI_02
                                       : Result:  PASS 
         END


       No GICv2m, Skipping all GICv2m tests 

      *** Starting DeviceID generation and ITS tests ***

Operating System View:
 276 : Check number of ITS blocks in a group          START

       Number of ITS groups = 1
       Number of ITS Blocks = 1              
       ITS_01
                                       : Result:  PASS 
         END

 277 : Check ITS block association with group         START

       Number of ITS groups = 1
       ITS_02
                                       : Result:  PASS 
         END

 278 : Check uniqueness of StreamID                   START

       No entries in BDF table
       ITS_DEV_2
       Checkpoint --  1                           : Result:  SKIPPED 
         END

 279 : Check Device's ReqID-DeviceID-StreamID         START

       ITS_DEV_7,ITS_DEV_8
       Checkpoint --  1                           : Result:  SKIPPED 
         END


      One or more GIC tests failed or were skipped.

      *** Starting System MMU tests ***  
Operating System View:
 301 : All SMMUs have same Arch Revision              START

       B_SMMU_01
                                       : Result:  PASS 
         END

 302 : Check SMMU Granule Support                     START

       B_SMMU_02
                                       : Result:  PASS 
         END

 305 : Check Large Physical Addr Support              START

       Large PA Not Supported by PE                          
       B_SMMU_06
       Checkpoint --  1                           : Result:  SKIPPED 
         END

 306 : SMMU revision and S-EL2 support                START

       B_SMMU_08
                                       : Result:  PASS 
         END


Hypervisor View:
 351 : Check Stage2 SMMU functionality                START

	 Detected SMMUv3 
	 Stage 2 Translation not supported 
       Failed on PE -    0
       B_SMMU_16, B_SMMU_17
       Checkpoint --  1                           : Result:  FAIL 
         END

 352 : SMMU Revision,S-EL2 support Hyp                START

       SMMUv3.1 not providing Stage2 functionality
       Failed on PE -    0
       B_SMMU_18
       Checkpoint --  2                           : Result:  FAIL 
         END

 353 : SMMUv2 unique intr per ctxt bank               START

       Not valid for SMMU v3             
       B_SMMU_19
       Checkpoint --  2                           : Result:  SKIPPED 
         END

 354 : SMMUv3 Integration compliance                  START

       B_SMMU_21, SMMU_01
                                       : Result:  PASS 
         END


      One or more SMMU tests failed or were skipped.

      *** Starting Timer tests ***  
Operating System View:
 401 : Check Counter Frequency                        START

       Counter frequency is 3B9ACA0     
       B_TIME_01, B_TIME_02
                                       : Result:  PASS 
         END

 402 : SYS Timer if PE Timer not ON                   START

 Physical EL1 timer flag = 6
 Physical EL2 timer flag = 6
 Virtual EL1 timer flag  = 6
       B_TIME_06
                                       : Result:  PASS 
         END

 403 : Memory mapped timer check                      START

       No System timers are defined  
       B_TIME_07, B_TIME_10
       Checkpoint --  1                           : Result:  SKIPPED 
         END

 404 : Generate Mem Mapped SYS Timer Intr             START

       No System timers are defined  
       B_TIME_08
       Checkpoint --  1                           : Result:  SKIPPED 
         END

 405 : Restore PE timer on PE wake up                 START

       No non-secure systimer implemented
       B_TIME_09
       Checkpoint --  1                           : Result:  SKIPPED 
         END


      One or more Timer tests failed or were skipped.

      *** Starting Power and Wakeup semantic tests ***  
Operating System View:
 501 : Wake from EL1 PHY Timer Int                    START
       Received EL1 PHY interrupt       

       B_WAK_01, B_WAK_02, B_WAK_03, B_WAK_04, B_WAK_05                     
       B_WAK_06, B_WAK_07, B_WAK_10, B_WAK_11
                                       : Result:  PASS 
         END

 502 : Wake from EL1 VIR Timer Int                    START
       Received EL1 VIRT interrupt      

       B_WAK_01, B_WAK_02, B_WAK_03, B_WAK_04, B_WAK_05                     
       B_WAK_06, B_WAK_07, B_WAK_10, B_WAK_11
                                       : Result:  PASS 
         END

 503 : Wake from EL2 PHY Timer Int                    START
       Received EL2 Physical interrupt  

       B_WAK_01, B_WAK_02, B_WAK_03, B_WAK_04, B_WAK_05                     
       B_WAK_06, B_WAK_07, B_WAK_10, B_WAK_11
                                       : Result:  PASS 
         END

 504 : Wake from Watchdog WS0 Int                     START

       Setting Trigger type as 1         Received WS0 interrupt          

       B_WAK_01, B_WAK_02, B_WAK_03, B_WAK_04, B_WAK_05                     
       B_WAK_06, B_WAK_07, B_WAK_10, B_WAK_11
                                       : Result:  PASS 
         END

 505 : Wake from System Timer Int                     START

       No system timers implemented
       B_WAK_01, B_WAK_02, B_WAK_03, B_WAK_04, B_WAK_05                     
       B_WAK_06, B_WAK_07, B_WAK_10, B_WAK_11
       Checkpoint --  1                           : Result:  SKIPPED 
         END


      One or more Wakeup tests failed or were skipped.

      *** Starting Peripheral tests ***  
Operating System View:
 601 : USB CTRL Interface                             START

       B_PER_01, B_PER_02
       Checkpoint --  1                           : Result:  SKIPPED 
         END

 602 : Check SATA CTRL Interface                      START

       Read PCIe_CFG: ECAM Base is zero FF000000       WARN: SATA CTRL ECAM acce
ss failed 0 
       Re-checking SATA CTRL using PciIo protocol

       B_PER_03
                                       : Result:  PASS 
         END

 603 : Check Arm BSA UART register offsets            START
 
       B_PER_05
                                       : Result:  PASS 
         END

 604 : Check Arm GENERIC UART Interrupt               START

       Received interrupt on 33     
    Test Message  
       B_PER_06, B_PER_07
                                       : Result:  PASS 
         END

 606 : 16550 compatible UART                          START

       B_PER_05
       Checkpoint --  2                           : Result:  SKIPPED 
         END


      One or more Peripheral tests failed or were skipped.

      *** Starting Watchdog tests ***  
Operating System View:
 701 : Non Secure Watchdog Access                     START

       Found 1 watchdogs in table             
       Watchdog Refresh base is 50010000 
       Watchdog CTRL base is  50011000      
       B_WD_01, B_WD_02, S_L3WD_01
                                       : Result:  PASS 
         END

 702 : Check Watchdog WS0 interrupt                   START

       WS0 Interrupt id  48        
       Setting Trigger type as 1  
       Received WS0 interrupt                
       B_WD_03, S_L3WD_01
                                       : Result:  PASS 
         END


      All Watchdog tests passed.

      *** Starting PCIe tests ***  
Operating System View:
 801 : Check ECAM Presence                            START

       PCI_IN_01
                                       : Result:  PASS 
         END


       No PCIe Devices Found, Skipping PCIe tests...

      *** Starting PCIe Exerciser tests ***  
       exerciser cards in the system 0 

       No Exerciser Devices Found, Skipping tests...

     ------------------------------------------------------- 
     Total Tests run  =   57  Tests Passed  =   43  Tests Failed =    4
     ------------------------------------------------------- 

      *** BSA tests complete. Reset the system. *** 

[1m[33m[40mShell> [0m[37m[40mreset -c
INFO:    PSCI Power Domain Map:
INFO:      Domain Node : Level 1, parent_node 4294967295, State ON (0x0)
INFO:      Domain Node : Level 1, parent_node 4294967295, State OFF (0x2)
INFO:      Domain Node : Level 1, parent_node 4294967295, State OFF (0x2)
INFO:      Domain Node : Level 1, parent_node 4294967295, State OFF (0x2)
INFO:      Domain Node : Level 1, parent_node 4294967295, State OFF (0x2)
INFO:      Domain Node : Level 1, parent_node 4294967295, State OFF (0x2)
INFO:      Domain Node : Level 1, parent_node 4294967295, State OFF (0x2)
INFO:      Domain Node : Level 1, parent_node 4294967295, State OFF (0x2)
INFO:      Domain Node : Level 1, parent_node 4294967295, State OFF (0x2)
INFO:      Domain Node : Level 1, parent_node 4294967295, State OFF (0x2)
INFO:      Domain Node : Level 1, parent_node 4294967295, State OFF (0x2)
INFO:      Domain Node : Level 1, parent_node 4294967295, State OFF (0x2)
INFO:      Domain Node : Level 1, parent_node 4294967295, State OFF (0x2)
INFO:      Domain Node : Level 1, parent_node 4294967295, State OFF (0x2)
INFO:      Domain Node : Level 1, parent_node 4294967295, State OFF (0x2)
INFO:      Domain Node : Level 1, parent_node 4294967295, State OFF (0x2)
INFO:      Domain Node : Level 1, parent_node 4294967295, State OFF (0x2)
INFO:      Domain Node : Level 1, parent_node 4294967295, State OFF (0x2)
INFO:      Domain Node : Level 1, parent_node 4294967295, State OFF (0x2)
INFO:      Domain Node : Level 1, parent_node 4294967295, State OFF (0x2)
INFO:      Domain Node : Level 1, parent_node 4294967295, State OFF (0x2)
INFO:      Domain Node : Level 1, parent_node 4294967295, State OFF (0x2)
INFO:      Domain Node : Level 1, parent_node 4294967295, State OFF (0x2)
INFO:      Domain Node : Level 1, parent_node 4294967295, State OFF (0x2)
INFO:      Domain Node : Level 1, parent_node 4294967295, State OFF (0x2)
INFO:      Domain Node : Level 1, parent_node 4294967295, State OFF (0x2)
INFO:      Domain Node : Level 1, parent_node 4294967295, State OFF (0x2)
INFO:      Domain Node : Level 1, parent_node 4294967295, State OFF (0x2)
INFO:      Domain Node : Level 1, parent_node 4294967295, State OFF (0x2)
INFO:      Domain Node : Level 1, parent_node 4294967295, State OFF (0x2)
INFO:      Domain Node : Level 1, parent_node 4294967295, State OFF (0x2)
INFO:      Domain Node : Level 1, parent_node 4294967295, State OFF (0x2)
INFO:      Domain Node : Level 1, parent_node 4294967295, State OFF (0x2)
INFO:      Domain Node : Level 1, parent_node 4294967295, State OFF (0x2)
INFO:      Domain Node : Level 1, parent_node 4294967295, State OFF (0x2)
INFO:      Domain Node : Level 1, parent_node 4294967295, State OFF (0x2)
INFO:      Domain Node : Level 1, parent_node 4294967295, State OFF (0x2)
INFO:      Domain Node : Level 1, parent_node 4294967295, State OFF (0x2)
INFO:      Domain Node : Level 1, parent_node 4294967295, State OFF (0x2)
INFO:      Domain Node : Level 1, parent_node 4294967295, State OFF (0x2)
INFO:      Domain Node : Level 1, parent_node 4294967295, State OFF (0x2)
INFO:      Domain Node : Level 1, parent_node 4294967295, State OFF (0x2)
INFO:      Domain Node : Level 1, parent_node 4294967295, State OFF (0x2)
INFO:      Domain Node : Level 1, parent_node 4294967295, State OFF (0x2)
INFO:      Domain Node : Level 1, parent_node 4294967295, State OFF (0x2)
INFO:      Domain Node : Level 1, parent_node 4294967295, State OFF (0x2)
INFO:      Domain Node : Level 1, parent_node 4294967295, State OFF (0x2)
INFO:      Domain Node : Level 1, parent_node 4294967295, State OFF (0x2)
INFO:      Domain Node : Level 1, parent_node 4294967295, State OFF (0x2)
INFO:      Domain Node : Level 1, parent_node 4294967295, State OFF (0x2)
INFO:      Domain Node : Level 1, parent_node 4294967295, State OFF (0x2)
INFO:      Domain Node : Level 1, parent_node 4294967295, State OFF (0x2)
INFO:      Domain Node : Level 1, parent_node 4294967295, State OFF (0x2)
INFO:      Domain Node : Level 1, parent_node 4294967295, State OFF (0x2)
INFO:      Domain Node : Level 1, parent_node 4294967295, State OFF (0x2)
INFO:      Domain Node : Level 1, parent_node 4294967295, State OFF (0x2)
INFO:      Domain Node : Level 1, parent_node 4294967295, State OFF (0x2)
INFO:      Domain Node : Level 1, parent_node 4294967295, State OFF (0x2)
INFO:      Domain Node : Level 1, parent_node 4294967295, State OFF (0x2)
INFO:      Domain Node : Level 1, parent_node 4294967295, State OFF (0x2)
INFO:      Domain Node : Level 1, parent_node 4294967295, State OFF (0x2)
INFO:      Domain Node : Level 1, parent_node 4294967295, State OFF (0x2)
INFO:      Domain Node : Level 1, parent_node 4294967295, State OFF (0x2)
INFO:      Domain Node : Level 1, parent_node 4294967295, State OFF (0x2)
INFO:      CPU Node : MPID 0x0, parent_node 0, State ON (0x0)
INFO:      CPU Node : MPID 0x1, parent_node 0, State OFF (0x2)
INFO:      CPU Node : MPID 0x2, parent_node 0, State OFF (0x2)
INFO:      CPU Node : MPID 0x3, parent_node 0, State OFF (0x2)
INFO:      CPU Node : MPID 0xffffffffffffffff, parent_node 0, State OFF (0x2)
INFO:      CPU Node : MPID 0xffffffffffffffff, parent_node 0, State OFF (0x2)
INFO:      CPU Node : MPID 0xffffffffffffffff, parent_node 0, State OFF (0x2)
INFO:      CPU Node : MPID 0xffffffffffffffff, parent_node 0, State OFF (0x2)
INFO:      CPU Node : MPID 0xffffffffffffffff, parent_node 1, State OFF (0x2)
INFO:      CPU Node : MPID 0xffffffffffffffff, parent_node 1, State OFF (0x2)
INFO:      CPU Node : MPID 0xffffffffffffffff, parent_node 1, State OFF (0x2)
INFO:      CPU Node : MPID 0xffffffffffffffff, parent_node 1, State OFF (0x2)
INFO:      CPU Node : MPID 0xffffffffffffffff, parent_node 1, State OFF (0x2)
INFO:      CPU Node : MPID 0xffffffffffffffff, parent_node 1, State OFF (0x2)
INFO:      CPU Node : MPID 0xffffffffffffffff, parent_node 1, State OFF (0x2)
INFO:      CPU Node : MPID 0xffffffffffffffff, parent_node 1, State OFF (0x2)
INFO:      CPU Node : MPID 0xffffffffffffffff, parent_node 2, State OFF (0x2)
INFO:      CPU Node : MPID 0xffffffffffffffff, parent_node 2, State OFF (0x2)
INFO:      CPU Node : MPID 0xffffffffffffffff, parent_node 2, State OFF (0x2)
INFO:      CPU Node : MPID 0xffffffffffffffff, parent_node 2, State OFF (0x2)
INFO:      CPU Node : MPID 0xffffffffffffffff, parent_node 2, State OFF (0x2)
INFO:      CPU Node : MPID 0xffffffffffffffff, parent_node 2, State OFF (0x2)
INFO:      CPU Node : MPID 0xffffffffffffffff, parent_node 2, State OFF (0x2)
INFO:      CPU Node : MPID 0xffffffffffffffff, parent_node 2, State OFF (0x2)
INFO:      CPU Node : MPID 0xffffffffffffffff, parent_node 3, State OFF (0x2)
INFO:      CPU Node : MPID 0xffffffffffffffff, parent_node 3, State OFF (0x2)
INFO:      CPU Node : MPID 0xffffffffffffffff, parent_node 3, State OFF (0x2)
INFO:      CPU Node : MPID 0xffffffffffffffff, parent_node 3, State OFF (0x2)
INFO:      CPU Node : MPID 0xffffffffffffffff, parent_node 3, State OFF (0x2)
INFO:      CPU Node : MPID 0xffffffffffffffff, parent_node 3, State OFF (0x2)
INFO:      CPU Node : MPID 0xffffffffffffffff, parent_node 3, State OFF (0x2)
INFO:      CPU Node : MPID 0xffffffffffffffff, parent_node 3, State OFF (0x2)
INFO:      CPU Node : MPID 0xffffffffffffffff, parent_node 4, State OFF (0x2)
INFO:      CPU Node : MPID 0xffffffffffffffff, parent_node 4, State OFF (0x2)
INFO:      CPU Node : MPID 0xffffffffffffffff, parent_node 4, State OFF (0x2)
INFO:      CPU Node : MPID 0xffffffffffffffff, parent_node 4, State OFF (0x2)
INFO:      CPU Node : MPID 0xffffffffffffffff, parent_node 4, State OFF (0x2)
INFO:      CPU Node : MPID 0xffffffffffffffff, parent_node 4, State OFF (0x2)
INFO:      CPU Node : MPID 0xffffffffffffffff, parent_node 4, State OFF (0x2)
INFO:      CPU Node : MPID 0xffffffffffffffff, parent_node 4, State OFF (0x2)
INFO:      CPU Node : MPID 0xffffffffffffffff, parent_node 5, State OFF (0x2)
INFO:      CPU Node : MPID 0xffffffffffffffff, parent_node 5, State OFF (0x2)
INFO:      CPU Node : MPID 0xffffffffffffffff, parent_node 5, State OFF (0x2)
INFO:      CPU Node : MPID 0xffffffffffffffff, parent_node 5, State OFF (0x2)
INFO:      CPU Node : MPID 0xffffffffffffffff, parent_node 5, State OFF (0x2)
INFO:      CPU Node : MPID 0xffffffffffffffff, parent_node 5, State OFF (0x2)
INFO:      CPU Node : MPID 0xffffffffffffffff, parent_node 5, State OFF (0x2)
INFO:      CPU Node : MPID 0xffffffffffffffff, parent_node 5, State OFF (0x2)
INFO:      CPU Node : MPID 0xffffffffffffffff, parent_node 6, State OFF (0x2)
INFO:      CPU Node : MPID 0xffffffffffffffff, parent_node 6, State OFF (0x2)
INFO:      CPU Node : MPID 0xffffffffffffffff, parent_node 6, State OFF (0x2)
INFO:      CPU Node : MPID 0xffffffffffffffff, parent_node 6, State OFF (0x2)
INFO:      CPU Node : MPID 0xffffffffffffffff, parent_node 6, State OFF (0x2)
INFO:      CPU Node : MPID 0xffffffffffffffff, parent_node 6, State OFF (0x2)
INFO:      CPU Node : MPID 0xffffffffffffffff, parent_node 6, State OFF (0x2)
INFO:      CPU Node : MPID 0xffffffffffffffff, parent_node 6, State OFF (0x2)
INFO:      CPU Node : MPID 0xffffffffffffffff, parent_node 7, State OFF (0x2)
INFO:      CPU Node : MPID 0xffffffffffffffff, parent_node 7, State OFF (0x2)
INFO:      CPU Node : MPID 0xffffffffffffffff, parent_node 7, State OFF (0x2)
INFO:      CPU Node : MPID 0xffffffffffffffff, parent_node 7, State OFF (0x2)
INFO:      CPU Node : MPID 0xffffffffffffffff, parent_node 7, State OFF (0x2)
INFO:      CPU Node : MPID 0xffffffffffffffff, parent_node 7, State OFF (0x2)
INFO:      CPU Node : MPID 0xffffffffffffffff, parent_node 7, State OFF (0x2)
INFO:      CPU Node : MPID 0xffffffffffffffff, parent_node 7, State OFF (0x2)
INFO:      CPU Node : MPID 0xffffffffffffffff, parent_node 8, State OFF (0x2)
INFO:      CPU Node : MPID 0xffffffffffffffff, parent_node 8, State OFF (0x2)
INFO:      CPU Node : MPID 0xffffffffffffffff, parent_node 8, State OFF (0x2)
INFO:      CPU Node : MPID 0xffffffffffffffff, parent_node 8, State OFF (0x2)
INFO:      CPU Node : MPID 0xffffffffffffffff, parent_node 8, State OFF (0x2)
INFO:      CPU Node : MPID 0xffffffffffffffff, parent_node 8, State OFF (0x2)
INFO:      CPU Node : MPID 0xffffffffffffffff, parent_node 8, State OFF (0x2)
INFO:      CPU Node : MPID 0xffffffffffffffff, parent_node 8, State OFF (0x2)
INFO:      CPU Node : MPID 0xffffffffffffffff, parent_node 9, State OFF (0x2)
INFO:      CPU Node : MPID 0xffffffffffffffff, parent_node 9, State OFF (0x2)
INFO:      CPU Node : MPID 0xffffffffffffffff, parent_node 9, State OFF (0x2)
INFO:      CPU Node : MPID 0xffffffffffffffff, parent_node 9, State OFF (0x2)
INFO:      CPU Node : MPID 0xffffffffffffffff, parent_node 9, State OFF (0x2)
INFO:      CPU Node : MPID 0xffffffffffffffff, parent_node 9, State OFF (0x2)
INFO:      CPU Node : MPID 0xffffffffffffffff, parent_node 9, State OFF (0x2)
INFO:      CPU Node : MPID 0xffffffffffffffff, parent_node 9, State OFF (0x2)
INFO:      CPU Node : MPID 0xffffffffffffffff, parent_node 10, State OFF (0x2)
INFO:      CPU Node : MPID 0xffffffffffffffff, parent_node 10, State OFF (0x2)
INFO:      CPU Node : MPID 0xffffffffffffffff, parent_node 10, State OFF (0x2)
INFO:      CPU Node : MPID 0xffffffffffffffff, parent_node 10, State OFF (0x2)
INFO:      CPU Node : MPID 0xffffffffffffffff, parent_node 10, State OFF (0x2)
INFO:      CPU Node : MPID 0xffffffffffffffff, parent_node 10, State OFF (0x2)
INFO:      CPU Node : MPID 0xffffffffffffffff, parent_node 10, State OFF (0x2)
INFO:      CPU Node : MPID 0xffffffffffffffff, parent_node 10, State OFF (0x2)
INFO:      CPU Node : MPID 0xffffffffffffffff, parent_node 11, State OFF (0x2)
INFO:      CPU Node : MPID 0xffffffffffffffff, parent_node 11, State OFF (0x2)
INFO:      CPU Node : MPID 0xffffffffffffffff, parent_node 11, State OFF (0x2)
INFO:      CPU Node : MPID 0xffffffffffffffff, parent_node 11, State OFF (0x2)
INFO:      CPU Node : MPID 0xffffffffffffffff, parent_node 11, State OFF (0x2)
INFO:      CPU Node : MPID 0xffffffffffffffff, parent_node 11, State OFF (0x2)
INFO:      CPU Node : MPID 0xffffffffffffffff, parent_node 11, State OFF (0x2)
INFO:      CPU Node : MPID 0xffffffffffffffff, parent_node 11, State OFF (0x2)
INFO:      CPU Node : MPID 0xffffffffffffffff, parent_node 12, State OFF (0x2)
INFO:      CPU Node : MPID 0xffffffffffffffff, parent_node 12, State OFF (0x2)
INFO:      CPU Node : MPID 0xffffffffffffffff, parent_node 12, State OFF (0x2)
INFO:      CPU Node : MPID 0xffffffffffffffff, parent_node 12, State OFF (0x2)
INFO:      CPU Node : MPID 0xffffffffffffffff, parent_node 12, State OFF (0x2)
INFO:      CPU Node : MPID 0xffffffffffffffff, parent_node 12, State OFF (0x2)
INFO:      CPU Node : MPID 0xffffffffffffffff, parent_node 12, State OFF (0x2)
INFO:      CPU Node : MPID 0xffffffffffffffff, parent_node 12, State OFF (0x2)
INFO:      CPU Node : MPID 0xffffffffffffffff, parent_node 13, State OFF (0x2)
INFO:      CPU Node : MPID 0xffffffffffffffff, parent_node 13, State OFF (0x2)
INFO:      CPU Node : MPID 0xffffffffffffffff, parent_node 13, State OFF (0x2)
INFO:      CPU Node : MPID 0xffffffffffffffff, parent_node 13, State OFF (0x2)
INFO:      CPU Node : MPID 0xffffffffffffffff, parent_node 13, State OFF (0x2)
INFO:      CPU Node : MPID 0xffffffffffffffff, parent_node 13, State OFF (0x2)
INFO:      CPU Node : MPID 0xffffffffffffffff, parent_node 13, State OFF (0x2)
INFO:      CPU Node : MPID 0xffffffffffffffff, parent_node 13, State OFF (0x2)
INFO:      CPU Node : MPID 0xffffffffffffffff, parent_node 14, State OFF (0x2)
INFO:      CPU Node : MPID 0xffffffffffffffff, parent_node 14, State OFF (0x2)
INFO:      CPU Node : MPID 0xffffffffffffffff, parent_node 14, State OFF (0x2)
INFO:      CPU Node : MPID 0xffffffffffffffff, parent_node 14, State OFF (0x2)
INFO:      CPU Node : MPID 0xffffffffffffffff, parent_node 14, State OFF (0x2)
INFO:      CPU Node : MPID 0xffffffffffffffff, parent_node 14, State OFF (0x2)
INFO:      CPU Node : MPID 0xffffffffffffffff, parent_node 14, State OFF (0x2)
INFO:      CPU Node : MPID 0xffffffffffffffff, parent_node 14, State OFF (0x2)
INFO:      CPU Node : MPID 0xffffffffffffffff, parent_node 15, State OFF (0x2)
INFO:      CPU Node : MPID 0xffffffffffffffff, parent_node 15, State OFF (0x2)
INFO:      CPU Node : MPID 0xffffffffffffffff, parent_node 15, State OFF (0x2)
INFO:      CPU Node : MPID 0xffffffffffffffff, parent_node 15, State OFF (0x2)
INFO:      CPU Node : MPID 0xffffffffffffffff, parent_node 15, State OFF (0x2)
INFO:      CPU Node : MPID 0xffffffffffffffff, parent_node 15, State OFF (0x2)
INFO:      CPU Node : MPID 0xffffffffffffffff, parent_node 15, State OFF (0x2)
INFO:      CPU Node : MPID 0xffffffffffffffff, parent_node 15, State OFF (0x2)
INFO:      CPU Node : MPID 0xffffffffffffffff, parent_node 16, State OFF (0x2)
INFO:      CPU Node : MPID 0xffffffffffffffff, parent_node 16, State OFF (0x2)
INFO:      CPU Node : MPID 0xffffffffffffffff, parent_node 16, State OFF (0x2)
INFO:      CPU Node : MPID 0xffffffffffffffff, parent_node 16, State OFF (0x2)
INFO:      CPU Node : MPID 0xffffffffffffffff, parent_node 16, State OFF (0x2)
INFO:      CPU Node : MPID 0xffffffffffffffff, parent_node 16, State OFF (0x2)
INFO:      CPU Node : MPID 0xffffffffffffffff, parent_node 16, State OFF (0x2)
INFO:      CPU Node : MPID 0xffffffffffffffff, parent_node 16, State OFF (0x2)
INFO:      CPU Node : MPID 0xffffffffffffffff, parent_node 17, State OFF (0x2)
INFO:      CPU Node : MPID 0xffffffffffffffff, parent_node 17, State OFF (0x2)
INFO:      CPU Node : MPID 0xffffffffffffffff, parent_node 17, State OFF (0x2)
INFO:      CPU Node : MPID 0xffffffffffffffff, parent_node 17, State OFF (0x2)
INFO:      CPU Node : MPID 0xffffffffffffffff, parent_node 17, State OFF (0x2)
INFO:      CPU Node : MPID 0xffffffffffffffff, parent_node 17, State OFF (0x2)
INFO:      CPU Node : MPID 0xffffffffffffffff, parent_node 17, State OFF (0x2)
INFO:      CPU Node : MPID 0xffffffffffffffff, parent_node 17, State OFF (0x2)
INFO:      CPU Node : MPID 0xffffffffffffffff, parent_node 18, State OFF (0x2)
INFO:      CPU Node : MPID 0xffffffffffffffff, parent_node 18, State OFF (0x2)
INFO:      CPU Node : MPID 0xffffffffffffffff, parent_node 18, State OFF (0x2)
INFO:      CPU Node : MPID 0xffffffffffffffff, parent_node 18, State OFF (0x2)
INFO:      CPU Node : MPID 0xffffffffffffffff, parent_node 18, State OFF (0x2)
INFO:      CPU Node : MPID 0xffffffffffffffff, parent_node 18, State OFF (0x2)
INFO:      CPU Node : MPID 0xffffffffffffffff, parent_node 18, State OFF (0x2)
INFO:      CPU Node : MPID 0xffffffffffffffff, parent_node 18, State OFF (0x2)
INFO:      CPU Node : MPID 0xffffffffffffffff, parent_node 19, State OFF (0x2)
INFO:      CPU Node : MPID 0xffffffffffffffff, parent_node 19, State OFF (0x2)
INFO:      CPU Node : MPID 0xffffffffffffffff, parent_node 19, State OFF (0x2)
INFO:      CPU Node : MPID 0xffffffffffffffff, parent_node 19, State OFF (0x2)
INFO:      CPU Node : MPID 0xffffffffffffffff, parent_node 19, State OFF (0x2)
INFO:      CPU Node : MPID 0xffffffffffffffff, parent_node 19, State OFF (0x2)
INFO:      CPU Node : MPID 0xffffffffffffffff, parent_node 19, State OFF (0x2)
INFO:      CPU Node : MPID 0xffffffffffffffff, parent_node 19, State OFF (0x2)
INFO:      CPU Node : MPID 0xffffffffffffffff, parent_node 20, State OFF (0x2)
INFO:      CPU Node : MPID 0xffffffffffffffff, parent_node 20, State OFF (0x2)
INFO:      CPU Node : MPID 0xffffffffffffffff, parent_node 20, State OFF (0x2)
INFO:      CPU Node : MPID 0xffffffffffffffff, parent_node 20, State OFF (0x2)
INFO:      CPU Node : MPID 0xffffffffffffffff, parent_node 20, State OFF (0x2)
INFO:      CPU Node : MPID 0xffffffffffffffff, parent_node 20, State OFF (0x2)
INFO:      CPU Node : MPID 0xffffffffffffffff, parent_node 20, State OFF (0x2)
INFO:      CPU Node : MPID 0xffffffffffffffff, parent_node 20, State OFF (0x2)
INFO:      CPU Node : MPID 0xffffffffffffffff, parent_node 21, State OFF (0x2)
INFO:      CPU Node : MPID 0xffffffffffffffff, parent_node 21, State OFF (0x2)
INFO:      CPU Node : MPID 0xffffffffffffffff, parent_node 21, State OFF (0x2)
INFO:      CPU Node : MPID 0xffffffffffffffff, parent_node 21, State OFF (0x2)
INFO:      CPU Node : MPID 0xffffffffffffffff, parent_node 21, State OFF (0x2)
INFO:      CPU Node : MPID 0xffffffffffffffff, parent_node 21, State OFF (0x2)
INFO:      CPU Node : MPID 0xffffffffffffffff, parent_node 21, State OFF (0x2)
INFO:      CPU Node : MPID 0xffffffffffffffff, parent_node 21, State OFF (0x2)
INFO:      CPU Node : MPID 0xffffffffffffffff, parent_node 22, State OFF (0x2)
INFO:      CPU Node : MPID 0xffffffffffffffff, parent_node 22, State OFF (0x2)
INFO:      CPU Node : MPID 0xffffffffffffffff, parent_node 22, State OFF (0x2)
INFO:      CPU Node : MPID 0xffffffffffffffff, parent_node 22, State OFF (0x2)
INFO:      CPU Node : MPID 0xffffffffffffffff, parent_node 22, State OFF (0x2)
INFO:      CPU Node : MPID 0xffffffffffffffff, parent_node 22, State OFF (0x2)
INFO:      CPU Node : MPID 0xffffffffffffffff, parent_node 22, State OFF (0x2)
INFO:      CPU Node : MPID 0xffffffffffffffff, parent_node 22, State OFF (0x2)
INFO:      CPU Node : MPID 0xffffffffffffffff, parent_node 23, State OFF (0x2)
INFO:      CPU Node : MPID 0xffffffffffffffff, parent_node 23, State OFF (0x2)
INFO:      CPU Node : MPID 0xffffffffffffffff, parent_node 23, State OFF (0x2)
INFO:      CPU Node : MPID 0xffffffffffffffff, parent_node 23, State OFF (0x2)
INFO:      CPU Node : MPID 0xffffffffffffffff, parent_node 23, State OFF (0x2)
INFO:      CPU Node : MPID 0xffffffffffffffff, parent_node 23, State OFF (0x2)
INFO:      CPU Node : MPID 0xffffffffffffffff, parent_node 23, State OFF (0x2)
INFO:      CPU Node : MPID 0xffffffffffffffff, parent_node 23, State OFF (0x2)
INFO:      CPU Node : MPID 0xffffffffffffffff, parent_node 24, State OFF (0x2)
INFO:      CPU Node : MPID 0xffffffffffffffff, parent_node 24, State OFF (0x2)
INFO:      CPU Node : MPID 0xffffffffffffffff, parent_node 24, State OFF (0x2)
INFO:      CPU Node : MPID 0xffffffffffffffff, parent_node 24, State OFF (0x2)
INFO:      CPU Node : MPID 0xffffffffffffffff, parent_node 24, State OFF (0x2)
INFO:      CPU Node : MPID 0xffffffffffffffff, parent_node 24, State OFF (0x2)
INFO:      CPU Node : MPID 0xffffffffffffffff, parent_node 24, State OFF (0x2)
INFO:      CPU Node : MPID 0xffffffffffffffff, parent_node 24, State OFF (0x2)
INFO:      CPU Node : MPID 0xffffffffffffffff, parent_node 25, State OFF (0x2)
INFO:      CPU Node : MPID 0xffffffffffffffff, parent_node 25, State OFF (0x2)
INFO:      CPU Node : MPID 0xffffffffffffffff, parent_node 25, State OFF (0x2)
INFO:      CPU Node : MPID 0xffffffffffffffff, parent_node 25, State OFF (0x2)
INFO:      CPU Node : MPID 0xffffffffffffffff, parent_node 25, State OFF (0x2)
INFO:      CPU Node : MPID 0xffffffffffffffff, parent_node 25, State OFF (0x2)
INFO:      CPU Node : MPID 0xffffffffffffffff, parent_node 25, State OFF (0x2)
INFO:      CPU Node : MPID 0xffffffffffffffff, parent_node 25, State OFF (0x2)
INFO:      CPU Node : MPID 0xffffffffffffffff, parent_node 26, State OFF (0x2)
INFO:      CPU Node : MPID 0xffffffffffffffff, parent_node 26, State OFF (0x2)
INFO:      CPU Node : MPID 0xffffffffffffffff, parent_node 26, State OFF (0x2)
INFO:      CPU Node : MPID 0xffffffffffffffff, parent_node 26, State OFF (0x2)
INFO:      CPU Node : MPID 0xffffffffffffffff, parent_node 26, State OFF (0x2)
INFO:      CPU Node : MPID 0xffffffffffffffff, parent_node 26, State OFF (0x2)
INFO:      CPU Node : MPID 0xffffffffffffffff, parent_node 26, State OFF (0x2)
INFO:      CPU Node : MPID 0xffffffffffffffff, parent_node 26, State OFF (0x2)
INFO:      CPU Node : MPID 0xffffffffffffffff, parent_node 27, State OFF (0x2)
INFO:      CPU Node : MPID 0xffffffffffffffff, parent_node 27, State OFF (0x2)
INFO:      CPU Node : MPID 0xffffffffffffffff, parent_node 27, State OFF (0x2)
INFO:      CPU Node : MPID 0xffffffffffffffff, parent_node 27, State OFF (0x2)
INFO:      CPU Node : MPID 0xffffffffffffffff, parent_node 27, State OFF (0x2)
INFO:      CPU Node : MPID 0xffffffffffffffff, parent_node 27, State OFF (0x2)
INFO:      CPU Node : MPID 0xffffffffffffffff, parent_node 27, State OFF (0x2)
INFO:      CPU Node : MPID 0xffffffffffffffff, parent_node 27, State OFF (0x2)
INFO:      CPU Node : MPID 0xffffffffffffffff, parent_node 28, State OFF (0x2)
INFO:      CPU Node : MPID 0xffffffffffffffff, parent_node 28, State OFF (0x2)
INFO:      CPU Node : MPID 0xffffffffffffffff, parent_node 28, State OFF (0x2)
INFO:      CPU Node : MPID 0xffffffffffffffff, parent_node 28, State OFF (0x2)
INFO:      CPU Node : MPID 0xffffffffffffffff, parent_node 28, State OFF (0x2)
INFO:      CPU Node : MPID 0xffffffffffffffff, parent_node 28, State OFF (0x2)
INFO:      CPU Node : MPID 0xffffffffffffffff, parent_node 28, State OFF (0x2)
INFO:      CPU Node : MPID 0xffffffffffffffff, parent_node 28, State OFF (0x2)
INFO:      CPU Node : MPID 0xffffffffffffffff, parent_node 29, State OFF (0x2)
INFO:      CPU Node : MPID 0xffffffffffffffff, parent_node 29, State OFF (0x2)
INFO:      CPU Node : MPID 0xffffffffffffffff, parent_node 29, State OFF (0x2)
INFO:      CPU Node : MPID 0xffffffffffffffff, parent_node 29, State OFF (0x2)
INFO:      CPU Node : MPID 0xffffffffffffffff, parent_node 29, State OFF (0x2)
INFO:      CPU Node : MPID 0xffffffffffffffff, parent_node 29, State OFF (0x2)
INFO:      CPU Node : MPID 0xffffffffffffffff, parent_node 29, State OFF (0x2)
INFO:      CPU Node : MPID 0xffffffffffffffff, parent_node 29, State OFF (0x2)
INFO:      CPU Node : MPID 0xffffffffffffffff, parent_node 30, State OFF (0x2)
INFO:      CPU Node : MPID 0xffffffffffffffff, parent_node 30, State OFF (0x2)
INFO:      CPU Node : MPID 0xffffffffffffffff, parent_node 30, State OFF (0x2)
INFO:      CPU Node : MPID 0xffffffffffffffff, parent_node 30, State OFF (0x2)
INFO:      CPU Node : MPID 0xffffffffffffffff, parent_node 30, State OFF (0x2)
INFO:      CPU Node : MPID 0xffffffffffffffff, parent_node 30, State OFF (0x2)
INFO:      CPU Node : MPID 0xffffffffffffffff, parent_node 30, State OFF (0x2)
INFO:      CPU Node : MPID 0xffffffffffffffff, parent_node 30, State OFF (0x2)
INFO:      CPU Node : MPID 0xffffffffffffffff, parent_node 31, State OFF (0x2)
INFO:      CPU Node : MPID 0xffffffffffffffff, parent_node 31, State OFF (0x2)
INFO:      CPU Node : MPID 0xffffffffffffffff, parent_node 31, State OFF (0x2)
INFO:      CPU Node : MPID 0xffffffffffffffff, parent_node 31, State OFF (0x2)
INFO:      CPU Node : MPID 0xffffffffffffffff, parent_node 31, State OFF (0x2)
INFO:      CPU Node : MPID 0xffffffffffffffff, parent_node 31, State OFF (0x2)
INFO:      CPU Node : MPID 0xffffffffffffffff, parent_node 31, State OFF (0x2)
INFO:      CPU Node : MPID 0xffffffffffffffff, parent_node 31, State OFF (0x2)
INFO:      CPU Node : MPID 0xffffffffffffffff, parent_node 32, State OFF (0x2)
INFO:      CPU Node : MPID 0xffffffffffffffff, parent_node 32, State OFF (0x2)
INFO:      CPU Node : MPID 0xffffffffffffffff, parent_node 32, State OFF (0x2)
INFO:      CPU Node : MPID 0xffffffffffffffff, parent_node 32, State OFF (0x2)
INFO:      CPU Node : MPID 0xffffffffffffffff, parent_node 32, State OFF (0x2)
INFO:      CPU Node : MPID 0xffffffffffffffff, parent_node 32, State OFF (0x2)
INFO:      CPU Node : MPID 0xffffffffffffffff, parent_node 32, State OFF (0x2)
INFO:      CPU Node : MPID 0xffffffffffffffff, parent_node 32, State OFF (0x2)
INFO:      CPU Node : MPID 0xffffffffffffffff, parent_node 33, State OFF (0x2)
INFO:      CPU Node : MPID 0xffffffffffffffff, parent_node 33, State OFF (0x2)
INFO:      CPU Node : MPID 0xffffffffffffffff, parent_node 33, State OFF (0x2)
INFO:      CPU Node : MPID 0xffffffffffffffff, parent_node 33, State OFF (0x2)
INFO:      CPU Node : MPID 0xffffffffffffffff, parent_node 33, State OFF (0x2)
INFO:      CPU Node : MPID 0xffffffffffffffff, parent_node 33, State OFF (0x2)
INFO:      CPU Node : MPID 0xffffffffffffffff, parent_node 33, State OFF (0x2)
INFO:      CPU Node : MPID 0xffffffffffffffff, parent_node 33, State OFF (0x2)
INFO:      CPU Node : MPID 0xffffffffffffffff, parent_node 34, State OFF (0x2)
INFO:      CPU Node : MPID 0xffffffffffffffff, parent_node 34, State OFF (0x2)
INFO:      CPU Node : MPID 0xffffffffffffffff, parent_node 34, State OFF (0x2)
INFO:      CPU Node : MPID 0xffffffffffffffff, parent_node 34, State OFF (0x2)
INFO:      CPU Node : MPID 0xffffffffffffffff, parent_node 34, State OFF (0x2)
INFO:      CPU Node : MPID 0xffffffffffffffff, parent_node 34, State OFF (0x2)
INFO:      CPU Node : MPID 0xffffffffffffffff, parent_node 34, State OFF (0x2)
INFO:      CPU Node : MPID 0xffffffffffffffff, parent_node 34, State OFF (0x2)
INFO:      CPU Node : MPID 0xffffffffffffffff, parent_node 35, State OFF (0x2)
INFO:      CPU Node : MPID 0xffffffffffffffff, parent_node 35, State OFF (0x2)
INFO:      CPU Node : MPID 0xffffffffffffffff, parent_node 35, State OFF (0x2)
INFO:      CPU Node : MPID 0xffffffffffffffff, parent_node 35, State OFF (0x2)
INFO:      CPU Node : MPID 0xffffffffffffffff, parent_node 35, State OFF (0x2)
INFO:      CPU Node : MPID 0xffffffffffffffff, parent_node 35, State OFF (0x2)
INFO:      CPU Node : MPID 0xffffffffffffffff, parent_node 35, State OFF (0x2)
INFO:      CPU Node : MPID 0xffffffffffffffff, parent_node 35, State OFF (0x2)
INFO:      CPU Node : MPID 0xffffffffffffffff, parent_node 36, State OFF (0x2)
INFO:      CPU Node : MPID 0xffffffffffffffff, parent_node 36, State OFF (0x2)
INFO:      CPU Node : MPID 0xffffffffffffffff, parent_node 36, State OFF (0x2)
INFO:      CPU Node : MPID 0xffffffffffffffff, parent_node 36, State OFF (0x2)
INFO:      CPU Node : MPID 0xffffffffffffffff, parent_node 36, State OFF (0x2)
INFO:      CPU Node : MPID 0xffffffffffffffff, parent_node 36, State OFF (0x2)
INFO:      CPU Node : MPID 0xffffffffffffffff, parent_node 36, State OFF (0x2)
INFO:      CPU Node : MPID 0xffffffffffffffff, parent_node 36, State OFF (0x2)
INFO:      CPU Node : MPID 0xffffffffffffffff, parent_node 37, State OFF (0x2)
INFO:      CPU Node : MPID 0xffffffffffffffff, parent_node 37, State OFF (0x2)
INFO:      CPU Node : MPID 0xffffffffffffffff, parent_node 37, State OFF (0x2)
INFO:      CPU Node : MPID 0xffffffffffffffff, parent_node 37, State OFF (0x2)
INFO:      CPU Node : MPID 0xffffffffffffffff, parent_node 37, State OFF (0x2)
INFO:      CPU Node : MPID 0xffffffffffffffff, parent_node 37, State OFF (0x2)
INFO:      CPU Node : MPID 0xffffffffffffffff, parent_node 37, State OFF (0x2)
INFO:      CPU Node : MPID 0xffffffffffffffff, parent_node 37, State OFF (0x2)
INFO:      CPU Node : MPID 0xffffffffffffffff, parent_node 38, State OFF (0x2)
INFO:      CPU Node : MPID 0xffffffffffffffff, parent_node 38, State OFF (0x2)
INFO:      CPU Node : MPID 0xffffffffffffffff, parent_node 38, State OFF (0x2)
INFO:      CPU Node : MPID 0xffffffffffffffff, parent_node 38, State OFF (0x2)
INFO:      CPU Node : MPID 0xffffffffffffffff, parent_node 38, State OFF (0x2)
INFO:      CPU Node : MPID 0xffffffffffffffff, parent_node 38, State OFF (0x2)
INFO:      CPU Node : MPID 0xffffffffffffffff, parent_node 38, State OFF (0x2)
INFO:      CPU Node : MPID 0xffffffffffffffff, parent_node 38, State OFF (0x2)
INFO:      CPU Node : MPID 0xffffffffffffffff, parent_node 39, State OFF (0x2)
INFO:      CPU Node : MPID 0xffffffffffffffff, parent_node 39, State OFF (0x2)
INFO:      CPU Node : MPID 0xffffffffffffffff, parent_node 39, State OFF (0x2)
INFO:      CPU Node : MPID 0xffffffffffffffff, parent_node 39, State OFF (0x2)
INFO:      CPU Node : MPID 0xffffffffffffffff, parent_node 39, State OFF (0x2)
INFO:      CPU Node : MPID 0xffffffffffffffff, parent_node 39, State OFF (0x2)
INFO:      CPU Node : MPID 0xffffffffffffffff, parent_node 39, State OFF (0x2)
INFO:      CPU Node : MPID 0xffffffffffffffff, parent_node 39, State OFF (0x2)
INFO:      CPU Node : MPID 0xffffffffffffffff, parent_node 40, State OFF (0x2)
INFO:      CPU Node : MPID 0xffffffffffffffff, parent_node 40, State OFF (0x2)
INFO:      CPU Node : MPID 0xffffffffffffffff, parent_node 40, State OFF (0x2)
INFO:      CPU Node : MPID 0xffffffffffffffff, parent_node 40, State OFF (0x2)
INFO:      CPU Node : MPID 0xffffffffffffffff, parent_node 40, State OFF (0x2)
INFO:      CPU Node : MPID 0xffffffffffffffff, parent_node 40, State OFF (0x2)
INFO:      CPU Node : MPID 0xffffffffffffffff, parent_node 40, State OFF (0x2)
INFO:      CPU Node : MPID 0xffffffffffffffff, parent_node 40, State OFF (0x2)
INFO:      CPU Node : MPID 0xffffffffffffffff, parent_node 41, State OFF (0x2)
INFO:      CPU Node : MPID 0xffffffffffffffff, parent_node 41, State OFF (0x2)
INFO:      CPU Node : MPID 0xffffffffffffffff, parent_node 41, State OFF (0x2)
INFO:      CPU Node : MPID 0xffffffffffffffff, parent_node 41, State OFF (0x2)
INFO:      CPU Node : MPID 0xffffffffffffffff, parent_node 41, State OFF (0x2)
INFO:      CPU Node : MPID 0xffffffffffffffff, parent_node 41, State OFF (0x2)
INFO:      CPU Node : MPID 0xffffffffffffffff, parent_node 41, State OFF (0x2)
INFO:      CPU Node : MPID 0xffffffffffffffff, parent_node 41, State OFF (0x2)
INFO:      CPU Node : MPID 0xffffffffffffffff, parent_node 42, State OFF (0x2)
INFO:      CPU Node : MPID 0xffffffffffffffff, parent_node 42, State OFF (0x2)
INFO:      CPU Node : MPID 0xffffffffffffffff, parent_node 42, State OFF (0x2)
INFO:      CPU Node : MPID 0xffffffffffffffff, parent_node 42, State OFF (0x2)
INFO:      CPU Node : MPID 0xffffffffffffffff, parent_node 42, State OFF (0x2)
INFO:      CPU Node : MPID 0xffffffffffffffff, parent_node 42, State OFF (0x2)
INFO:      CPU Node : MPID 0xffffffffffffffff, parent_node 42, State OFF (0x2)
INFO:      CPU Node : MPID 0xffffffffffffffff, parent_node 42, State OFF (0x2)
INFO:      CPU Node : MPID 0xffffffffffffffff, parent_node 43, State OFF (0x2)
INFO:      CPU Node : MPID 0xffffffffffffffff, parent_node 43, State OFF (0x2)
INFO:      CPU Node : MPID 0xffffffffffffffff, parent_node 43, State OFF (0x2)
INFO:      CPU Node : MPID 0xffffffffffffffff, parent_node 43, State OFF (0x2)
INFO:      CPU Node : MPID 0xffffffffffffffff, parent_node 43, State OFF (0x2)
INFO:      CPU Node : MPID 0xffffffffffffffff, parent_node 43, State OFF (0x2)
INFO:      CPU Node : MPID 0xffffffffffffffff, parent_node 43, State OFF (0x2)
INFO:      CPU Node : MPID 0xffffffffffffffff, parent_node 43, State OFF (0x2)
INFO:      CPU Node : MPID 0xffffffffffffffff, parent_node 44, State OFF (0x2)
INFO:      CPU Node : MPID 0xffffffffffffffff, parent_node 44, State OFF (0x2)
INFO:      CPU Node : MPID 0xffffffffffffffff, parent_node 44, State OFF (0x2)
INFO:      CPU Node : MPID 0xffffffffffffffff, parent_node 44, State OFF (0x2)
INFO:      CPU Node : MPID 0xffffffffffffffff, parent_node 44, State OFF (0x2)
INFO:      CPU Node : MPID 0xffffffffffffffff, parent_node 44, State OFF (0x2)
INFO:      CPU Node : MPID 0xffffffffffffffff, parent_node 44, State OFF (0x2)
INFO:      CPU Node : MPID 0xffffffffffffffff, parent_node 44, State OFF (0x2)
INFO:      CPU Node : MPID 0xffffffffffffffff, parent_node 45, State OFF (0x2)
INFO:      CPU Node : MPID 0xffffffffffffffff, parent_node 45, State OFF (0x2)
INFO:      CPU Node : MPID 0xffffffffffffffff, parent_node 45, State OFF (0x2)
INFO:      CPU Node : MPID 0xffffffffffffffff, parent_node 45, State OFF (0x2)
INFO:      CPU Node : MPID 0xffffffffffffffff, parent_node 45, State OFF (0x2)
INFO:      CPU Node : MPID 0xffffffffffffffff, parent_node 45, State OFF (0x2)
INFO:      CPU Node : MPID 0xffffffffffffffff, parent_node 45, State OFF (0x2)
INFO:      CPU Node : MPID 0xffffffffffffffff, parent_node 45, State OFF (0x2)
INFO:      CPU Node : MPID 0xffffffffffffffff, parent_node 46, State OFF (0x2)
INFO:      CPU Node : MPID 0xffffffffffffffff, parent_node 46, State OFF (0x2)
INFO:      CPU Node : MPID 0xffffffffffffffff, parent_node 46, State OFF (0x2)
INFO:      CPU Node : MPID 0xffffffffffffffff, parent_node 46, State OFF (0x2)
INFO:      CPU Node : MPID 0xffffffffffffffff, parent_node 46, State OFF (0x2)
INFO:      CPU Node : MPID 0xffffffffffffffff, parent_node 46, State OFF (0x2)
INFO:      CPU Node : MPID 0xffffffffffffffff, parent_node 46, State OFF (0x2)
INFO:      CPU Node : MPID 0xffffffffffffffff, parent_node 46, State OFF (0x2)
INFO:      CPU Node : MPID 0xffffffffffffffff, parent_node 47, State OFF (0x2)
INFO:      CPU Node : MPID 0xffffffffffffffff, parent_node 47, State OFF (0x2)
INFO:      CPU Node : MPID 0xffffffffffffffff, parent_node 47, State OFF (0x2)
INFO:      CPU Node : MPID 0xffffffffffffffff, parent_node 47, State OFF (0x2)
INFO:      CPU Node : MPID 0xffffffffffffffff, parent_node 47, State OFF (0x2)
INFO:      CPU Node : MPID 0xffffffffffffffff, parent_node 47, State OFF (0x2)
INFO:      CPU Node : MPID 0xffffffffffffffff, parent_node 47, State OFF (0x2)
INFO:      CPU Node : MPID 0xffffffffffffffff, parent_node 47, State OFF (0x2)
INFO:      CPU Node : MPID 0xffffffffffffffff, parent_node 48, State OFF (0x2)
INFO:      CPU Node : MPID 0xffffffffffffffff, parent_node 48, State OFF (0x2)
INFO:      CPU Node : MPID 0xffffffffffffffff, parent_node 48, State OFF (0x2)
INFO:      CPU Node : MPID 0xffffffffffffffff, parent_node 48, State OFF (0x2)
INFO:      CPU Node : MPID 0xffffffffffffffff, parent_node 48, State OFF (0x2)
INFO:      CPU Node : MPID 0xffffffffffffffff, parent_node 48, State OFF (0x2)
INFO:      CPU Node : MPID 0xffffffffffffffff, parent_node 48, State OFF (0x2)
INFO:      CPU Node : MPID 0xffffffffffffffff, parent_node 48, State OFF (0x2)
INFO:      CPU Node : MPID 0xffffffffffffffff, parent_node 49, State OFF (0x2)
INFO:      CPU Node : MPID 0xffffffffffffffff, parent_node 49, State OFF (0x2)
INFO:      CPU Node : MPID 0xffffffffffffffff, parent_node 49, State OFF (0x2)
INFO:      CPU Node : MPID 0xffffffffffffffff, parent_node 49, State OFF (0x2)
INFO:      CPU Node : MPID 0xffffffffffffffff, parent_node 49, State OFF (0x2)
INFO:      CPU Node : MPID 0xffffffffffffffff, parent_node 49, State OFF (0x2)
INFO:      CPU Node : MPID 0xffffffffffffffff, parent_node 49, State OFF (0x2)
INFO:      CPU Node : MPID 0xffffffffffffffff, parent_node 49, State OFF (0x2)
INFO:      CPU Node : MPID 0xffffffffffffffff, parent_node 50, State OFF (0x2)
INFO:      CPU Node : MPID 0xffffffffffffffff, parent_node 50, State OFF (0x2)
INFO:      CPU Node : MPID 0xffffffffffffffff, parent_node 50, State OFF (0x2)
INFO:      CPU Node : MPID 0xffffffffffffffff, parent_node 50, State OFF (0x2)
INFO:      CPU Node : MPID 0xffffffffffffffff, parent_node 50, State OFF (0x2)
INFO:      CPU Node : MPID 0xffffffffffffffff, parent_node 50, State OFF (0x2)
INFO:      CPU Node : MPID 0xffffffffffffffff, parent_node 50, State OFF (0x2)
INFO:      CPU Node : MPID 0xffffffffffffffff, parent_node 50, State OFF (0x2)
INFO:      CPU Node : MPID 0xffffffffffffffff, parent_node 51, State OFF (0x2)
INFO:      CPU Node : MPID 0xffffffffffffffff, parent_node 51, State OFF (0x2)
INFO:      CPU Node : MPID 0xffffffffffffffff, parent_node 51, State OFF (0x2)
INFO:      CPU Node : MPID 0xffffffffffffffff, parent_node 51, State OFF (0x2)
INFO:      CPU Node : MPID 0xffffffffffffffff, parent_node 51, State OFF (0x2)
INFO:      CPU Node : MPID 0xffffffffffffffff, parent_node 51, State OFF (0x2)
INFO:      CPU Node : MPID 0xffffffffffffffff, parent_node 51, State OFF (0x2)
INFO:      CPU Node : MPID 0xffffffffffffffff, parent_node 51, State OFF (0x2)
INFO:      CPU Node : MPID 0xffffffffffffffff, parent_node 52, State OFF (0x2)
INFO:      CPU Node : MPID 0xffffffffffffffff, parent_node 52, State OFF (0x2)
INFO:      CPU Node : MPID 0xffffffffffffffff, parent_node 52, State OFF (0x2)
INFO:      CPU Node : MPID 0xffffffffffffffff, parent_node 52, State OFF (0x2)
INFO:      CPU Node : MPID 0xffffffffffffffff, parent_node 52, State OFF (0x2)
INFO:      CPU Node : MPID 0xffffffffffffffff, parent_node 52, State OFF (0x2)
INFO:      CPU Node : MPID 0xffffffffffffffff, parent_node 52, State OFF (0x2)
INFO:      CPU Node : MPID 0xffffffffffffffff, parent_node 52, State OFF (0x2)
INFO:      CPU Node : MPID 0xffffffffffffffff, parent_node 53, State OFF (0x2)
INFO:      CPU Node : MPID 0xffffffffffffffff, parent_node 53, State OFF (0x2)
INFO:      CPU Node : MPID 0xffffffffffffffff, parent_node 53, State OFF (0x2)
INFO:      CPU Node : MPID 0xffffffffffffffff, parent_node 53, State OFF (0x2)
INFO:      CPU Node : MPID 0xffffffffffffffff, parent_node 53, State OFF (0x2)
INFO:      CPU Node : MPID 0xffffffffffffffff, parent_node 53, State OFF (0x2)
INFO:      CPU Node : MPID 0xffffffffffffffff, parent_node 53, State OFF (0x2)
INFO:      CPU Node : MPID 0xffffffffffffffff, parent_node 53, State OFF (0x2)
INFO:      CPU Node : MPID 0xffffffffffffffff, parent_node 54, State OFF (0x2)
INFO:      CPU Node : MPID 0xffffffffffffffff, parent_node 54, State OFF (0x2)
INFO:      CPU Node : MPID 0xffffffffffffffff, parent_node 54, State OFF (0x2)
INFO:      CPU Node : MPID 0xffffffffffffffff, parent_node 54, State OFF (0x2)
INFO:      CPU Node : MPID 0xffffffffffffffff, parent_node 54, State OFF (0x2)
INFO:      CPU Node : MPID 0xffffffffffffffff, parent_node 54, State OFF (0x2)
INFO:      CPU Node : MPID 0xffffffffffffffff, parent_node 54, State OFF (0x2)
INFO:      CPU Node : MPID 0xffffffffffffffff, parent_node 54, State OFF (0x2)
INFO:      CPU Node : MPID 0xffffffffffffffff, parent_node 55, State OFF (0x2)
INFO:      CPU Node : MPID 0xffffffffffffffff, parent_node 55, State OFF (0x2)
INFO:      CPU Node : MPID 0xffffffffffffffff, parent_node 55, State OFF (0x2)
INFO:      CPU Node : MPID 0xffffffffffffffff, parent_node 55, State OFF (0x2)
INFO:      CPU Node : MPID 0xffffffffffffffff, parent_node 55, State OFF (0x2)
INFO:      CPU Node : MPID 0xffffffffffffffff, parent_node 55, State OFF (0x2)
INFO:      CPU Node : MPID 0xffffffffffffffff, parent_node 55, State OFF (0x2)
INFO:      CPU Node : MPID 0xffffffffffffffff, parent_node 55, State OFF (0x2)
INFO:      CPU Node : MPID 0xffffffffffffffff, parent_node 56, State OFF (0x2)
INFO:      CPU Node : MPID 0xffffffffffffffff, parent_node 56, State OFF (0x2)
INFO:      CPU Node : MPID 0xffffffffffffffff, parent_node 56, State OFF (0x2)
INFO:      CPU Node : MPID 0xffffffffffffffff, parent_node 56, State OFF (0x2)
INFO:      CPU Node : MPID 0xffffffffffffffff, parent_node 56, State OFF (0x2)
INFO:      CPU Node : MPID 0xffffffffffffffff, parent_node 56, State OFF (0x2)
INFO:      CPU Node : MPID 0xffffffffffffffff, parent_node 56, State OFF (0x2)
INFO:      CPU Node : MPID 0xffffffffffffffff, parent_node 56, State OFF (0x2)
INFO:      CPU Node : MPID 0xffffffffffffffff, parent_node 57, State OFF (0x2)
INFO:      CPU Node : MPID 0xffffffffffffffff, parent_node 57, State OFF (0x2)
INFO:      CPU Node : MPID 0xffffffffffffffff, parent_node 57, State OFF (0x2)
INFO:      CPU Node : MPID 0xffffffffffffffff, parent_node 57, State OFF (0x2)
INFO:      CPU Node : MPID 0xffffffffffffffff, parent_node 57, State OFF (0x2)
INFO:      CPU Node : MPID 0xffffffffffffffff, parent_node 57, State OFF (0x2)
INFO:      CPU Node : MPID 0xffffffffffffffff, parent_node 57, State OFF (0x2)
INFO:      CPU Node : MPID 0xffffffffffffffff, parent_node 57, State OFF (0x2)
INFO:      CPU Node : MPID 0xffffffffffffffff, parent_node 58, State OFF (0x2)
INFO:      CPU Node : MPID 0xffffffffffffffff, parent_node 58, State OFF (0x2)
INFO:      CPU Node : MPID 0xffffffffffffffff, parent_node 58, State OFF (0x2)
INFO:      CPU Node : MPID 0xffffffffffffffff, parent_node 58, State OFF (0x2)
INFO:      CPU Node : MPID 0xffffffffffffffff, parent_node 58, State OFF (0x2)
INFO:      CPU Node : MPID 0xffffffffffffffff, parent_node 58, State OFF (0x2)
INFO:      CPU Node : MPID 0xffffffffffffffff, parent_node 58, State OFF (0x2)
INFO:      CPU Node : MPID 0xffffffffffffffff, parent_node 58, State OFF (0x2)
INFO:      CPU Node : MPID 0xffffffffffffffff, parent_node 59, State OFF (0x2)
INFO:      CPU Node : MPID 0xffffffffffffffff, parent_node 59, State OFF (0x2)
INFO:      CPU Node : MPID 0xffffffffffffffff, parent_node 59, State OFF (0x2)
INFO:      CPU Node : MPID 0xffffffffffffffff, parent_node 59, State OFF (0x2)
INFO:      CPU Node : MPID 0xffffffffffffffff, parent_node 59, State OFF (0x2)
INFO:      CPU Node : MPID 0xffffffffffffffff, parent_node 59, State OFF (0x2)
INFO:      CPU Node : MPID 0xffffffffffffffff, parent_node 59, State OFF (0x2)
INFO:      CPU Node : MPID 0xffffffffffffffff, parent_node 59, State OFF (0x2)
INFO:      CPU Node : MPID 0xffffffffffffffff, parent_node 60, State OFF (0x2)
INFO:      CPU Node : MPID 0xffffffffffffffff, parent_node 60, State OFF (0x2)
INFO:      CPU Node : MPID 0xffffffffffffffff, parent_node 60, State OFF (0x2)
INFO:      CPU Node : MPID 0xffffffffffffffff, parent_node 60, State OFF (0x2)
INFO:      CPU Node : MPID 0xffffffffffffffff, parent_node 60, State OFF (0x2)
INFO:      CPU Node : MPID 0xffffffffffffffff, parent_node 60, State OFF (0x2)
INFO:      CPU Node : MPID 0xffffffffffffffff, parent_node 60, State OFF (0x2)
INFO:      CPU Node : MPID 0xffffffffffffffff, parent_node 60, State OFF (0x2)
INFO:      CPU Node : MPID 0xffffffffffffffff, parent_node 61, State OFF (0x2)
INFO:      CPU Node : MPID 0xffffffffffffffff, parent_node 61, State OFF (0x2)
INFO:      CPU Node : MPID 0xffffffffffffffff, parent_node 61, State OFF (0x2)
INFO:      CPU Node : MPID 0xffffffffffffffff, parent_node 61, State OFF (0x2)
INFO:      CPU Node : MPID 0xffffffffffffffff, parent_node 61, State OFF (0x2)
INFO:      CPU Node : MPID 0xffffffffffffffff, parent_node 61, State OFF (0x2)
INFO:      CPU Node : MPID 0xffffffffffffffff, parent_node 61, State OFF (0x2)
INFO:      CPU Node : MPID 0xffffffffffffffff, parent_node 61, State OFF (0x2)
INFO:      CPU Node : MPID 0xffffffffffffffff, parent_node 62, State OFF (0x2)
INFO:      CPU Node : MPID 0xffffffffffffffff, parent_node 62, State OFF (0x2)
INFO:      CPU Node : MPID 0xffffffffffffffff, parent_node 62, State OFF (0x2)
INFO:      CPU Node : MPID 0xffffffffffffffff, parent_node 62, State OFF (0x2)
INFO:      CPU Node : MPID 0xffffffffffffffff, parent_node 62, State OFF (0x2)
INFO:      CPU Node : MPID 0xffffffffffffffff, parent_node 62, State OFF (0x2)
INFO:      CPU Node : MPID 0xffffffffffffffff, parent_node 62, State OFF (0x2)
INFO:      CPU Node : MPID 0xffffffffffffffff, parent_node 62, State OFF (0x2)
INFO:      CPU Node : MPID 0xffffffffffffffff, parent_node 63, State OFF (0x2)
INFO:      CPU Node : MPID 0xffffffffffffffff, parent_node 63, State OFF (0x2)
INFO:      CPU Node : MPID 0xffffffffffffffff, parent_node 63, State OFF (0x2)
INFO:      CPU Node : MPID 0xffffffffffffffff, parent_node 63, State OFF (0x2)
INFO:      CPU Node : MPID 0xffffffffffffffff, parent_node 63, State OFF (0x2)
INFO:      CPU Node : MPID 0xffffffffffffffff, parent_node 63, State OFF (0x2)
INFO:      CPU Node : MPID 0xffffffffffffffff, parent_node 63, State OFF (0x2)
INFO:      CPU Node : MPID 0xffffffffffffffff, parent_node 63, State OFF (0x2)
