QEMU command line arguments:
-machine sbsa-ref
-m 4096
-smp 2
-cpu neoverse-n1
-drive if=pflash,file=firmware/SBSA_FLASH0.fd,format=raw
-drive if=pflash,file=firmware/SBSA_FLASH1.fd,format=raw
-drive file=fat:rw:/home/marcin/devel/linaro/sbsa-qemu/sbsa-ref-status/disks/virtual/,format=raw
-usb
-device usb-kbd
-device usb-tablet
-nographic
-watchdog-action none
-no-reboot
-monitor telnet::45454,server,nowait
-serial stdio
-device pcie-root-port,id=root_port_for_switch1,chassis=1,slot=12
-device x3130-upstream,id=upstream_port1,bus=root_port_for_switch1
-device xio3130-downstream,id=downstream_port1,bus=upstream_port1,chassis=1,slot=20
-device ac97,bus=downstream_port1
-device pcie-root-port,id=root_port_for_nvme1,chassis=1,slot=1
-device nvme,serial=deadbeef,bus=root_port_for_nvme1
-device pcie-root-port,id=root_port_for_igb,chassis=1,slot=2
-device igb,bus=root_port_for_igb
-device pcie-root-port,id=root_port_for_xhci,chassis=1,slot=3
-device qemu-xhci,bus=root_port_for_xhci
-device pcie-root-port,id=root_port_for_ac97,chassis=1,slot=97
-device ac97,bus=root_port_for_ac97
-device pcie-root-port,id=root_port_for_pci,chassis=1
-device pcie-pci-bridge,id=pci,bus=root_port_for_pci
-device virtio-rng-pci,bus=pci,addr=8

EFI startup script:
mode 100 31
pci
acpiview
reset -c

NOTICE:  Booting Trusted Firmware
NOTICE:  BL1: v2.10.0(release):hrw-2024-02-28-1054-dirty
NOTICE:  BL1: Built : 11:39:00, Feb 28 2024
NOTICE:  BL1: Booting BL2
NOTICE:  BL2: v2.10.0(release):hrw-2024-02-28-1054-dirty
NOTICE:  BL2: Built : 11:39:00, Feb 28 2024
NOTICE:  BL1: Booting BL31
NOTICE:  BL31: v2.10.0(release):hrw-2024-02-28-1054-dirty
NOTICE:  BL31: Built : 11:39:00, Feb 28 2024
UEFI firmware (version 1.0 built at 13:55:51 on Feb 21 2024)
[2J[04D[=3h[2J[09D[2J[04DUEFI Interactive Shell v2.2
EDK II
UEFI v2.70 (EFI Development Kit II / SbsaQemu, 0x00010000)
[1m[33m[40mMapping table[0m[37m[40m
[1m[33m[40m      FS0:[0m[37m[40m [1m[37m[40mAlias(s):[0m[37m[40mHD0a65535a1:;BLK1:
          VenHw(0D51905B-B77E-452A-A2C0-ECA0CC8D514A,000010600000000000)/Sata(0x
0,0xFFFF,0x0)/HD(1,MBR,0xBE1AFDFA,0x3F,0xFBFC1)
[1m[33m[40m     BLK0:[0m[37m[40m [1m[37m[40mAlias(s):[0m[37m[40m
          VenHw(0D51905B-B77E-452A-A2C0-ECA0CC8D514A,000010600000000000)/Sata(0x
0,0xFFFF,0x0)
Press [1m[37m[40mESC[0m[37m[40m in 5 seconds to skip [1m[33m[40mstartup.nsh[0m[37m[40m or any other key to continue.[72DPress [1m[37m[40mESC[0m[37m[40m in 4 seconds to skip [1m[33m[40mstartup.nsh[0m[37m[40m or any other key to continue.[72DPress [1m[37m[40mESC[0m[37m[40m in 3 seconds to skip [1m[33m[40mstartup.nsh[0m[37m[40m or any other key to continue.[72DPress [1m[37m[40mESC[0m[37m[40m in 2 seconds to skip [1m[33m[40mstartup.nsh[0m[37m[40m or any other key to continue.[72DPress [1m[37m[40mESC[0m[37m[40m in 1 seconds to skip [1m[33m[40mstartup.nsh[0m[37m[40m or any other key to continue.
[1m[33m[40mShell> [0m[37m[40mmode 100 31
[2J[01;01H[=3h[2J[09D[2J[04D[1m[33m[40mShell> [0m[37m[40mpci
   Seg  Bus  Dev  Func
   ---  ---  ---  ----
    [1m[33m[40m00   00   00    00 ==> [0m[37m[40mBridge Device - Host/PCI bridge
             Vendor 1B36 Device 0008 Prog Interface 0
    [1m[33m[40m00   00   01    00 ==> [0m[37m[40mNetwork Controller - Ethernet controller
             Vendor 8086 Device 10D3 Prog Interface 0
    [1m[33m[40m00   00   02    00 ==> [0m[37m[40mDisplay Controller - Other display controller
             Vendor 1234 Device 1111 Prog Interface 0
    [1m[33m[40m00   00   03    00 ==> [0m[37m[40mBridge Device - PCI/PCI bridge
             Vendor 1B36 Device 000C Prog Interface 0
    [1m[33m[40m00   00   04    00 ==> [0m[37m[40mBridge Device - PCI/PCI bridge
             Vendor 1B36 Device 000C Prog Interface 0
    [1m[33m[40m00   00   05    00 ==> [0m[37m[40mBridge Device - PCI/PCI bridge
             Vendor 1B36 Device 000C Prog Interface 0
    [1m[33m[40m00   00   06    00 ==> [0m[37m[40mBridge Device - PCI/PCI bridge
             Vendor 1B36 Device 000C Prog Interface 0
    [1m[33m[40m00   00   07    00 ==> [0m[37m[40mBridge Device - PCI/PCI bridge
             Vendor 1B36 Device 000C Prog Interface 0
    [1m[33m[40m00   00   08    00 ==> [0m[37m[40mBridge Device - PCI/PCI bridge
             Vendor 1B36 Device 000C Prog Interface 0
    [1m[33m[40m00   01   00    00 ==> [0m[37m[40mBridge Device - PCI/PCI bridge
             Vendor 104C Device 8232 Prog Interface 0
    [1m[33m[40m00   02   00    00 ==> [0m[37m[40mBridge Device - PCI/PCI bridge
             Vendor 104C Device 8233 Prog Interface 0
    [1m[33m[40m00   03   00    00 ==> [0m[37m[40mMultimedia Device - Audio device
             Vendor 8086 Device 2415 Prog Interface 0
    [1m[33m[40m00   04   00    00 ==> [0m[37m[40mMass Storage Controller - Non-volatile memory subsystem
             Vendor 1B36 Device 0010 Prog Interface 2
    [1m[33m[40m00   05   00    00 ==> [0m[37m[40mNetwork Controller - Ethernet controller
             Vendor 8086 Device 10C9 Prog Interface 0
    [1m[33m[40m00   06   00    00 ==> [0m[37m[40mSerial Bus Controllers - USB
             Vendor 1B36 Device 000D Prog Interface 30
    [1m[33m[40m00   07   00    00 ==> [0m[37m[40mMultimedia Device - Audio device
             Vendor 8086 Device 2415 Prog Interface 0
    [1m[33m[40m00   08   00    00 ==> [0m[37m[40mBridge Device - PCI/PCI bridge
             Vendor 1B36 Device 000E Prog Interface 0
    [1m[33m[40m00   09   08    00 ==> [0m[37m[40mPre 2.0 device - UNDEFINED
             Vendor 1AF4 Device 1005 Prog Interface 0
[1m[33m[40mShell> [0m[37m[40macpiview


 --------------- RSDP Table --------------- 

Address  : 0x100FBF80018
Length   : 36
  
00000000 : 52 53 44 20 50 54 52 20 - 1A 4C 49 4E 41 52 4F 02   RSD PTR .LINARO.
00000010 : 00 00 00 00 24 00 00 00 - 98 FE F8 FB 00 01 00 00   ....$...........
00000020 : 52 00 00 00                                         R...

Table Checksum : OK

RSDP                                 :
  Signature                          : RSD PTR 
  Checksum                           : 0x1A
  Oem ID                             : LINARO
  Revision                           : 2
  RSDT Address                       : 0x0
  Length                             : 36
  XSDT Address                       : 0x100FBF8FE98
  Extended Checksum                  : 0x52
  Reserved                           : 0 0 0


 --------------- XSDT Table --------------- 

Address  : 0x100FBF8FE98
Length   : 124
  
00000000 : 58 53 44 54 7C 00 00 00 - 01 9D 4C 49 4E 41 52 4F   XSDT|.....LINARO
00000010 : 53 42 53 41 51 45 4D 55 - 10 08 20 20 4C 4E 52 4F   SBSAQEMU..  LNRO
00000020 : 01 00 00 00 98 FB F8 FB - 00 01 00 00 98 FA F8 FB   ................
00000030 : 00 01 00 00 18 FE F8 FB - 00 01 00 00 98 FF F8 FB   ................
00000040 : 00 01 00 00 18 75 F8 FB - 00 01 00 00 98 E4 F8 FB   .....u..........
00000050 : 00 01 00 00 98 E8 F8 FB - 00 01 00 00 18 FD F8 FB   ................
00000060 : 00 01 00 00 18 E6 F8 FB - 00 01 00 00 18 E7 F8 FB   ................
00000070 : 00 01 00 00 18 E8 F8 FB - 00 01 00 00               ............

Table Checksum : OK

XSDT                                 :
  Signature                          : XSDT
  Length                             : 124
  Revision                           : 1
  Checksum                           : 0x9D
  Oem ID                             : LINARO
  Oem Table ID                       : SBSAQEMU
  Oem Revision                       : 0x20200810
  Creator ID                         : LNRO
  Creator Revision                   : 0x1
  Entry[0] - FACP                    : 0x100FBF8FB98
  Entry[1] - DBG2                    : 0x100FBF8FA98
  Entry[2] - MCFG                    : 0x100FBF8FE18
  Entry[3] - SPCR                    : 0x100FBF8FF98
  Entry[4] - IORT                    : 0x100FBF87518
  Entry[5] - APIC                    : 0x100FBF8E498
  Entry[6] - SSDT                    : 0x100FBF8E898
  Entry[7] - PPTT                    : 0x100FBF8FD18
  Entry[8] - SRAT                    : 0x100FBF8E618
  Entry[9] - GTDT                    : 0x100FBF8E718
  Entry[10] - BGRT                   : 0x100FBF8E818


 --------------- FACP Table --------------- 

Address  : 0x100FBF8FB98
Length   : 276
  
00000000 : 46 41 43 50 14 01 00 00 - 06 67 4C 49 4E 41 52 4F   FACP.....gLINARO
00000010 : 53 42 53 41 51 45 4D 55 - 10 08 20 20 4C 4E 52 4F   SBSAQEMU..  LNRO
00000020 : 01 00 00 00 00 00 00 00 - 00 00 00 00 00 04 00 00   ................
00000030 : 00 00 00 00 00 00 00 00 - 00 00 00 00 00 00 00 00   ................
00000040 : 00 00 00 00 00 00 00 00 - 00 00 00 00 00 00 00 00   ................
00000050 : 00 00 00 00 00 00 00 00 - 00 00 00 00 00 00 00 00   ................
00000060 : 00 00 00 00 00 00 00 00 - 00 00 00 00 00 00 00 00   ................
00000070 : 00 00 30 00 00 00 00 00 - 00 00 00 00 00 00 00 00   ..0.............
00000080 : 00 01 00 00 00 00 00 00 - 00 00 00 00 98 E9 F8 FB   ................
00000090 : 00 01 00 00 00 00 00 00 - 00 00 00 00 00 00 00 00   ................
000000A0 : 00 00 00 00 00 00 00 00 - 00 00 00 00 00 00 00 00   ................
000000B0 : 00 00 00 00 00 00 00 00 - 00 00 00 00 00 00 00 00   ................
000000C0 : 00 00 00 00 00 00 00 00 - 00 00 00 00 00 00 00 00   ................
000000D0 : 00 00 00 00 00 00 00 00 - 00 00 00 00 00 00 00 00   ................
000000E0 : 00 00 00 00 00 00 00 00 - 00 00 00 00 00 00 00 00   ................
000000F0 : 00 00 00 00 00 00 00 00 - 00 00 00 00 00 00 00 00   ................
00000100 : 00 00 00 00 00 00 00 00 - 00 00 00 00 00 00 00 00   ................
00000110 : 00 00 00 00                                         ....

Table Checksum : OK

FADT                                 :
  Signature                          : FACP
  Length                             : 276
  Revision                           : 6
  Checksum                           : 0x67
  Oem ID                             : LINARO
  Oem Table ID                       : SBSAQEMU
  Oem Revision                       : 0x20200810
  Creator ID                         : LNRO
  Creator Revision                   : 0x1
  FIRMWARE_CTRL                      : 0x0
  DSDT                               : 0x0
  Reserved                           : 0
  Preferred_PM_Profile               : 0x4
  SCI_INT                            : 0x0
  SMI_CMD                            : 0x0
  ACPI_ENABLE                        : 0x0
  ACPI_DISABLE                       : 0x0
  S4BIOS_REQ                         : 0x0
  PSTATE_CNT                         : 0x0
  PM1a_EVT_BLK                       : 0x0
  PM1b_EVT_BLK                       : 0x0
  PM1a_CNT_BLK                       : 0x0
  PM1b_CNT_BLK                       : 0x0
  PM2_CNT_BLK                        : 0x0
  PM_TMR_BLK                         : 0x0
  GPE0_BLK                           : 0x0
  GPE1_BLK                           : 0x0
  PM1_EVT_LEN                        : 0x0
  PM1_CNT_LEN                        : 0x0
  PM2_CNT_LEN                        : 0x0
  PM_TMR_LEN                         : 0x0
  GPE0_BLK_LEN                       : 0x0
  GPE1_BLK_LEN                       : 0x0
  GPE1_BASE                          : 0x0
  CST_CNT                            : 0x0
  P_LVL2_LAT                         : 0x0
  P_LVL3_LAT                         : 0x0
  FLUSH_SIZE                         : 0x0
  FLUSH_STRIDE                       : 0x0
  DUTY_OFFSET                        : 0x0
  DUTY_WIDTH                         : 0x0
  DAY_ALRM                           : 0x0
  MON_ALRM                           : 0x0
  CENTURY                            : 0x0
  IAPC_BOOT_ARCH                     : 0x0
  Reserved                           : 0x0
  Flags                              : 0x300000
    WBINVD                           : 0
    WBINVD_FLUSH                     : 0
    PROC_C1                          : 0
    P_LVL2_UP                        : 0
    PWR_BUTTON                       : 0
    SLP_BUTTON                       : 0
    FIX_RTC                          : 0
    RTC_S4                           : 0
    TMR_VAL_EXT                      : 0
    DCK_CAP                          : 0
    RESET_REG_SUP                    : 0
    SEALED_CASE                      : 0
    HEADLESS                         : 0
    CPU_SW_SLP                       : 0
    PCI_EXP_WAK                      : 0
    USE_PLATFORM_CLOCK               : 0
    S4_RTC_STS_VALID                 : 0
    REMOTE_POWER_ON_CAPABLE          : 0
    FORCE_APIC_CLUSTER_MODEL         : 0
    FORCE_APIC_PHYSICAL_DESTINATION_MODE : 0
    HW_REDUCED_ACPI                  : 1
    LOW_POWER_S0_IDLE_CAPABLE        : 1
    Reserved                         : 0

  RESET_REG                          : 
    Address Space ID                 : 0x0
    Register Bit Width               : 0x0
    Register Bit Offset              : 0x0
    Access Size                      : 0x0
    Address                          : 0x0

  RESET_VALUE                        : 0x0
  ARM_BOOT_ARCH                      : 0x1
  FADT Minor Version                 : 0x0
  X_FIRMWARE_CTRL                    : 0x0
  X_DSDT                             : 0x100FBF8E998
  X_PM1a_EVT_BLK                     : 
    Address Space ID                 : 0x0
    Register Bit Width               : 0x0
    Register Bit Offset              : 0x0
    Access Size                      : 0x0
    Address                          : 0x0

  X_PM1b_EVT_BLK                     : 
    Address Space ID                 : 0x0
    Register Bit Width               : 0x0
    Register Bit Offset              : 0x0
    Access Size                      : 0x0
    Address                          : 0x0

  X_PM1a_CNT_BLK                     : 
    Address Space ID                 : 0x0
    Register Bit Width               : 0x0
    Register Bit Offset              : 0x0
    Access Size                      : 0x0
    Address                          : 0x0

  X_PM1b_CNT_BLK                     : 
    Address Space ID                 : 0x0
    Register Bit Width               : 0x0
    Register Bit Offset              : 0x0
    Access Size                      : 0x0
    Address                          : 0x0

  X_PM2_CNT_BLK                      : 
    Address Space ID                 : 0x0
    Register Bit Width               : 0x0
    Register Bit Offset              : 0x0
    Access Size                      : 0x0
    Address                          : 0x0

  X_PM_TMR_BLK                       : 
    Address Space ID                 : 0x0
    Register Bit Width               : 0x0
    Register Bit Offset              : 0x0
    Access Size                      : 0x0
    Address                          : 0x0

  X_GPE0_BLK                         : 
    Address Space ID                 : 0x0
    Register Bit Width               : 0x0
    Register Bit Offset              : 0x0
    Access Size                      : 0x0
    Address                          : 0x0

  X_GPE1_BLK                         : 
    Address Space ID                 : 0x0
    Register Bit Width               : 0x0
    Register Bit Offset              : 0x0
    Access Size                      : 0x0
    Address                          : 0x0

  SLEEP_CONTROL_REG                  : 
    Address Space ID                 : 0x0
    Register Bit Width               : 0x0
    Register Bit Offset              : 0x0
    Access Size                      : 0x0
    Address                          : 0x0

  SLEEP_STATUS_REG                   : 
    Address Space ID                 : 0x0
    Register Bit Width               : 0x0
    Register Bit Offset              : 0x0
    Access Size                      : 0x0
    Address                          : 0x0

  Hypervisor VendorIdentity          : 0

Summary:
  FADT Version                       : 6.0


 --------------- DSDT Table --------------- 

Address  : 0x100FBF8E998
Length   : 3291
  
00000000 : 44 53 44 54 DB 0C 00 00 - 02 6B 4C 49 4E 41 52 4F   DSDT.....kLINARO
00000010 : 53 42 53 41 51 45 4D 55 - 10 08 20 20 49 4E 54 4C   SBSAQEMU..  INTL
00000020 : 31 03 22 20 10 46 CB 5F - 53 42 5F 5B 82 45 04 43   1." .F._SB_[.E.C
00000030 : 4F 4D 30 08 5F 48 49 44 - 0D 41 52 4D 48 30 30 31   OM0._HID.ARMH001
00000040 : 31 00 08 5F 55 49 44 00 - 08 5F 43 52 53 11 1A 0A   1.._UID.._CRS...
00000050 : 17 86 09 00 01 00 00 00 - 60 00 10 00 00 89 06 00   ........`.......
00000060 : 01 01 21 00 00 00 79 00 - 14 09 5F 53 54 41 00 A4   ..!...y..._STA..
00000070 : 0A 0F 5B 82 41 05 41 48 - 43 30 08 5F 48 49 44 0D   ..[.A.AHC0._HID.
00000080 : 4C 4E 52 4F 30 30 31 45 - 00 08 5F 43 4C 53 12 06   LNRO001E.._CLS..
00000090 : 03 01 0A 06 01 08 5F 43 - 43 41 01 08 5F 43 52 53   ......_CCA.._CRS
000000A0 : 11 1A 0A 17 86 09 00 01 - 00 00 10 60 00 00 01 00   ...........`....
000000B0 : 89 06 00 01 01 2A 00 00 - 00 79 00 14 09 5F 53 54   .....*...y..._ST
000000C0 : 41 00 A4 0A 0F 5B 82 43 - 1A 55 53 42 30 08 5F 48   A....[.C.USB0._H
000000D0 : 49 44 0D 50 4E 50 30 44 - 31 30 00 08 5F 55 49 44   ID.PNP0D10.._UID
000000E0 : 00 08 5F 43 43 41 01 08 - 58 48 43 49 0A 0F 14 0B   .._CCA..XHCI....
000000F0 : 5F 53 54 41 00 A4 58 48 - 43 49 14 2B 5F 43 52 53   _STA..XHCI.+_CRS
00000100 : 08 08 52 42 55 46 11 1A - 0A 17 86 09 00 01 00 00   ..RBUF..........
00000110 : 11 60 00 00 01 00 89 06 - 00 01 01 2B 00 00 00 79   .`.........+...y
00000120 : 00 A4 52 42 55 46 5B 82 - 42 14 52 48 55 42 08 5F   ..RBUF[.B.RHUB._
00000130 : 41 44 52 00 14 09 5F 53 - 54 41 00 A4 0A 0F 5B 82   ADR..._STA....[.
00000140 : 4A 12 48 55 42 31 08 5F - 41 44 52 01 08 5F 55 50   J.HUB1._ADR.._UP
00000150 : 43 12 07 04 00 0A FF 00 - 00 14 09 5F 53 54 41 00   C.........._STA.
00000160 : A4 0A 0F 5B 82 3E 50 52 - 54 31 08 5F 41 44 52 01   ...[.>PRT1._ADR.
00000170 : 08 5F 55 50 43 12 07 04 - 0A FF 00 00 00 08 5F 50   ._UPC........._P
00000180 : 4C 44 12 16 01 11 13 0A - 10 81 00 00 00 00 00 00   LD..............
00000190 : 00 31 1C 00 00 00 00 00 - 00 14 09 5F 53 54 41 00   .1........._STA.
000001A0 : A4 0A 0F 5B 82 3F 50 52 - 54 32 08 5F 41 44 52 0A   ...[.?PRT2._ADR.
000001B0 : 02 08 5F 55 50 43 12 07 - 04 0A FF 00 00 00 08 5F   .._UPC........._
000001C0 : 50 4C 44 12 16 01 11 13 - 0A 10 81 00 00 00 00 00   PLD.............
000001D0 : 00 00 31 1C 00 00 00 00 - 00 00 14 09 5F 53 54 41   ..1........._STA
000001E0 : 00 A4 0A 0F 5B 82 41 04 - 50 52 54 33 08 5F 41 44   ....[.A.PRT3._AD
000001F0 : 52 0A 03 08 5F 55 50 43 - 12 08 04 0A FF 0A 09 00   R..._UPC........
00000200 : 00 08 5F 50 4C 44 12 16 - 01 11 13 0A 10 81 00 00   .._PLD..........
00000210 : 00 00 00 00 00 31 1C 00 - 00 00 00 00 00 14 09 5F   .....1........._
00000220 : 53 54 41 00 A4 0A 0F 5B - 82 41 04 50 52 54 34 08   STA....[.A.PRT4.
00000230 : 5F 41 44 52 0A 04 08 5F - 55 50 43 12 08 04 0A FF   _ADR..._UPC.....
00000240 : 0A 09 00 00 08 5F 50 4C - 44 12 16 01 11 13 0A 10   ....._PLD.......
00000250 : 81 00 00 00 00 00 00 00 - 31 1C 00 00 00 00 00 00   ........1.......
00000260 : 14 09 5F 53 54 41 00 A4 - 0A 0F 5B 82 4F A6 50 43   .._STA....[.O.PC
00000270 : 49 30 08 5F 48 49 44 0C - 41 D0 0A 08 08 5F 43 49   I0._HID.A...._CI
00000280 : 44 0C 41 D0 0A 03 08 5F - 53 45 47 00 08 5F 42 42   D.A...._SEG.._BB
00000290 : 4E 00 08 5F 55 49 44 0D - 50 43 49 30 00 08 5F 43   N.._UID.PCI0.._C
000002A0 : 43 41 01 14 09 5F 53 54 - 41 00 A4 0A 0F 14 0C 5F   CA..._STA......_
000002B0 : 43 42 41 00 A4 0C 00 00 - 00 F0 5B 82 4E 04 47 53   CBA.......[.N.GS
000002C0 : 49 30 08 5F 48 49 44 0C - 41 D0 0C 0F 08 5F 55 49   I0._HID.A...._UI
000002D0 : 44 00 08 5F 50 52 53 11 - 0E 0A 0B 89 06 00 00 01   D.._PRS.........
000002E0 : 23 00 00 00 79 00 14 09 - 5F 53 54 41 00 A4 0A 0F   #...y..._STA....
000002F0 : 14 0B 5F 43 52 53 00 A4 - 5F 50 52 53 14 06 5F 53   .._CRS.._PRS.._S
00000300 : 52 53 01 14 06 5F 44 49 - 53 00 5B 82 4E 04 47 53   RS..._DIS.[.N.GS
00000310 : 49 31 08 5F 48 49 44 0C - 41 D0 0C 0F 08 5F 55 49   I1._HID.A...._UI
00000320 : 44 01 08 5F 50 52 53 11 - 0E 0A 0B 89 06 00 00 01   D.._PRS.........
00000330 : 24 00 00 00 79 00 14 09 - 5F 53 54 41 00 A4 0A 0F   $...y..._STA....
00000340 : 14 0B 5F 43 52 53 00 A4 - 5F 50 52 53 14 06 5F 53   .._CRS.._PRS.._S
00000350 : 52 53 01 14 06 5F 44 49 - 53 00 5B 82 4F 04 47 53   RS..._DIS.[.O.GS
00000360 : 49 32 08 5F 48 49 44 0C - 41 D0 0C 0F 08 5F 55 49   I2._HID.A...._UI
00000370 : 44 0A 02 08 5F 50 52 53 - 11 0E 0A 0B 89 06 00 00   D..._PRS........
00000380 : 01 25 00 00 00 79 00 14 - 09 5F 53 54 41 00 A4 0A   .%...y..._STA...
00000390 : 0F 14 0B 5F 43 52 53 00 - A4 5F 50 52 53 14 06 5F   ..._CRS.._PRS.._
000003A0 : 53 52 53 01 14 06 5F 44 - 49 53 00 5B 82 4F 04 47   SRS..._DIS.[.O.G
000003B0 : 53 49 33 08 5F 48 49 44 - 0C 41 D0 0C 0F 08 5F 55   SI3._HID.A...._U
000003C0 : 49 44 0A 03 08 5F 50 52 - 53 11 0E 0A 0B 89 06 00   ID..._PRS.......
000003D0 : 00 01 26 00 00 00 79 00 - 14 09 5F 53 54 41 00 A4   ..&...y..._STA..
000003E0 : 0A 0F 14 0B 5F 43 52 53 - 00 A4 5F 50 52 53 14 06   ...._CRS.._PRS..
000003F0 : 5F 53 52 53 01 14 06 5F - 44 49 53 00 08 5F 50 52   _SRS..._DIS.._PR
00000400 : 54 12 49 73 80 12 0B 04 - 0B FF FF 00 47 53 49 30   T.Is........GSI0
00000410 : 00 12 0B 04 0B FF FF 00 - 47 53 49 31 00 12 0B 04   ........GSI1....
00000420 : 0B FF FF 00 47 53 49 32 - 00 12 0B 04 0B FF FF 00   ....GSI2........
00000430 : 47 53 49 33 00 12 0D 04 - 0C FF FF 01 00 00 47 53   GSI3..........GS
00000440 : 49 31 00 12 0D 04 0C FF - FF 01 00 01 47 53 49 32   I1..........GSI2
00000450 : 00 12 0E 04 0C FF FF 01 - 00 0A 02 47 53 49 33 00   ...........GSI3.
00000460 : 12 0E 04 0C FF FF 01 00 - 0A 03 47 53 49 30 00 12   ..........GSI0..
00000470 : 0D 04 0C FF FF 02 00 00 - 47 53 49 32 00 12 0D 04   ........GSI2....
00000480 : 0C FF FF 02 00 01 47 53 - 49 33 00 12 0E 04 0C FF   ......GSI3......
00000490 : FF 02 00 0A 02 47 53 49 - 30 00 12 0E 04 0C FF FF   .....GSI0.......
000004A0 : 02 00 0A 03 47 53 49 31 - 00 12 0D 04 0C FF FF 03   ....GSI1........
000004B0 : 00 00 47 53 49 33 00 12 - 0D 04 0C FF FF 03 00 01   ..GSI3..........
000004C0 : 47 53 49 30 00 12 0E 04 - 0C FF FF 03 00 0A 02 47   GSI0...........G
000004D0 : 53 49 31 00 12 0E 04 0C - FF FF 03 00 0A 03 47 53   SI1...........GS
000004E0 : 49 32 00 12 0D 04 0C FF - FF 04 00 00 47 53 49 30   I2..........GSI0
000004F0 : 00 12 0D 04 0C FF FF 04 - 00 01 47 53 49 31 00 12   ..........GSI1..
00000500 : 0E 04 0C FF FF 04 00 0A - 02 47 53 49 32 00 12 0E   .........GSI2...
00000510 : 04 0C FF FF 04 00 0A 03 - 47 53 49 33 00 12 0D 04   ........GSI3....
00000520 : 0C FF FF 05 00 00 47 53 - 49 31 00 12 0D 04 0C FF   ......GSI1......
00000530 : FF 05 00 01 47 53 49 32 - 00 12 0E 04 0C FF FF 05   ....GSI2........
00000540 : 00 0A 02 47 53 49 33 00 - 12 0E 04 0C FF FF 05 00   ...GSI3.........
00000550 : 0A 03 47 53 49 30 00 12 - 0D 04 0C FF FF 06 00 00   ..GSI0..........
00000560 : 47 53 49 32 00 12 0D 04 - 0C FF FF 06 00 01 47 53   GSI2..........GS
00000570 : 49 33 00 12 0E 04 0C FF - FF 06 00 0A 02 47 53 49   I3...........GSI
00000580 : 30 00 12 0E 04 0C FF FF - 06 00 0A 03 47 53 49 31   0...........GSI1
00000590 : 00 12 0D 04 0C FF FF 07 - 00 00 47 53 49 33 00 12   ..........GSI3..
000005A0 : 0D 04 0C FF FF 07 00 01 - 47 53 49 30 00 12 0E 04   ........GSI0....
000005B0 : 0C FF FF 07 00 0A 02 47 - 53 49 31 00 12 0E 04 0C   .......GSI1.....
000005C0 : FF FF 07 00 0A 03 47 53 - 49 32 00 12 0D 04 0C FF   ......GSI2......
000005D0 : FF 08 00 00 47 53 49 30 - 00 12 0D 04 0C FF FF 08   ....GSI0........
000005E0 : 00 01 47 53 49 31 00 12 - 0E 04 0C FF FF 08 00 0A   ..GSI1..........
000005F0 : 02 47 53 49 32 00 12 0E - 04 0C FF FF 08 00 0A 03   .GSI2...........
00000600 : 47 53 49 33 00 12 0D 04 - 0C FF FF 09 00 00 47 53   GSI3..........GS
00000610 : 49 31 00 12 0D 04 0C FF - FF 09 00 01 47 53 49 32   I1..........GSI2
00000620 : 00 12 0E 04 0C FF FF 09 - 00 0A 02 47 53 49 33 00   ...........GSI3.
00000630 : 12 0E 04 0C FF FF 09 00 - 0A 03 47 53 49 30 00 12   ..........GSI0..
00000640 : 0D 04 0C FF FF 0A 00 00 - 47 53 49 32 00 12 0D 04   ........GSI2....
00000650 : 0C FF FF 0A 00 01 47 53 - 49 33 00 12 0E 04 0C FF   ......GSI3......
00000660 : FF 0A 00 0A 02 47 53 49 - 30 00 12 0E 04 0C FF FF   .....GSI0.......
00000670 : 0A 00 0A 03 47 53 49 31 - 00 12 0D 04 0C FF FF 0B   ....GSI1........
00000680 : 00 00 47 53 49 33 00 12 - 0D 04 0C FF FF 0B 00 01   ..GSI3..........
00000690 : 47 53 49 30 00 12 0E 04 - 0C FF FF 0B 00 0A 02 47   GSI0...........G
000006A0 : 53 49 31 00 12 0E 04 0C - FF FF 0B 00 0A 03 47 53   SI1...........GS
000006B0 : 49 32 00 12 0D 04 0C FF - FF 0C 00 00 47 53 49 30   I2..........GSI0
000006C0 : 00 12 0D 04 0C FF FF 0C - 00 01 47 53 49 31 00 12   ..........GSI1..
000006D0 : 0E 04 0C FF FF 0C 00 0A - 02 47 53 49 32 00 12 0E   .........GSI2...
000006E0 : 04 0C FF FF 0C 00 0A 03 - 47 53 49 33 00 12 0D 04   ........GSI3....
000006F0 : 0C FF FF 0D 00 00 47 53 - 49 31 00 12 0D 04 0C FF   ......GSI1......
00000700 : FF 0D 00 01 47 53 49 32 - 00 12 0E 04 0C FF FF 0D   ....GSI2........
00000710 : 00 0A 02 47 53 49 33 00 - 12 0E 04 0C FF FF 0D 00   ...GSI3.........
00000720 : 0A 03 47 53 49 30 00 12 - 0D 04 0C FF FF 0E 00 00   ..GSI0..........
00000730 : 47 53 49 32 00 12 0D 04 - 0C FF FF 0E 00 01 47 53   GSI2..........GS
00000740 : 49 33 00 12 0E 04 0C FF - FF 0E 00 0A 02 47 53 49   I3...........GSI
00000750 : 30 00 12 0E 04 0C FF FF - 0E 00 0A 03 47 53 49 31   0...........GSI1
00000760 : 00 12 0D 04 0C FF FF 0F - 00 00 47 53 49 33 00 12   ..........GSI3..
00000770 : 0D 04 0C FF FF 0F 00 01 - 47 53 49 30 00 12 0E 04   ........GSI0....
00000780 : 0C FF FF 0F 00 0A 02 47 - 53 49 31 00 12 0E 04 0C   .......GSI1.....
00000790 : FF FF 0F 00 0A 03 47 53 - 49 32 00 12 0D 04 0C FF   ......GSI2......
000007A0 : FF 10 00 00 47 53 49 30 - 00 12 0D 04 0C FF FF 10   ....GSI0........
000007B0 : 00 01 47 53 49 31 00 12 - 0E 04 0C FF FF 10 00 0A   ..GSI1..........
000007C0 : 02 47 53 49 32 00 12 0E - 04 0C FF FF 10 00 0A 03   .GSI2...........
000007D0 : 47 53 49 33 00 12 0D 04 - 0C FF FF 11 00 00 47 53   GSI3..........GS
000007E0 : 49 31 00 12 0D 04 0C FF - FF 11 00 01 47 53 49 32   I1..........GSI2
000007F0 : 00 12 0E 04 0C FF FF 11 - 00 0A 02 47 53 49 33 00   ...........GSI3.
00000800 : 12 0E 04 0C FF FF 11 00 - 0A 03 47 53 49 30 00 12   ..........GSI0..
00000810 : 0D 04 0C FF FF 12 00 00 - 47 53 49 32 00 12 0D 04   ........GSI2....
00000820 : 0C FF FF 12 00 01 47 53 - 49 33 00 12 0E 04 0C FF   ......GSI3......
00000830 : FF 12 00 0A 02 47 53 49 - 30 00 12 0E 04 0C FF FF   .....GSI0.......
00000840 : 12 00 0A 03 47 53 49 31 - 00 12 0D 04 0C FF FF 13   ....GSI1........
00000850 : 00 00 47 53 49 33 00 12 - 0D 04 0C FF FF 13 00 01   ..GSI3..........
00000860 : 47 53 49 30 00 12 0E 04 - 0C FF FF 13 00 0A 02 47   GSI0...........G
00000870 : 53 49 31 00 12 0E 04 0C - FF FF 13 00 0A 03 47 53   SI1...........GS
00000880 : 49 32 00 12 0D 04 0C FF - FF 14 00 00 47 53 49 30   I2..........GSI0
00000890 : 00 12 0D 04 0C FF FF 14 - 00 01 47 53 49 31 00 12   ..........GSI1..
000008A0 : 0E 04 0C FF FF 14 00 0A - 02 47 53 49 32 00 12 0E   .........GSI2...
000008B0 : 04 0C FF FF 14 00 0A 03 - 47 53 49 33 00 12 0D 04   ........GSI3....
000008C0 : 0C FF FF 15 00 00 47 53 - 49 31 00 12 0D 04 0C FF   ......GSI1......
000008D0 : FF 15 00 01 47 53 49 32 - 00 12 0E 04 0C FF FF 15   ....GSI2........
000008E0 : 00 0A 02 47 53 49 33 00 - 12 0E 04 0C FF FF 15 00   ...GSI3.........
000008F0 : 0A 03 47 53 49 30 00 12 - 0D 04 0C FF FF 16 00 00   ..GSI0..........
00000900 : 47 53 49 32 00 12 0D 04 - 0C FF FF 16 00 01 47 53   GSI2..........GS
00000910 : 49 33 00 12 0E 04 0C FF - FF 16 00 0A 02 47 53 49   I3...........GSI
00000920 : 30 00 12 0E 04 0C FF FF - 16 00 0A 03 47 53 49 31   0...........GSI1
00000930 : 00 12 0D 04 0C FF FF 17 - 00 00 47 53 49 33 00 12   ..........GSI3..
00000940 : 0D 04 0C FF FF 17 00 01 - 47 53 49 30 00 12 0E 04   ........GSI0....
00000950 : 0C FF FF 17 00 0A 02 47 - 53 49 31 00 12 0E 04 0C   .......GSI1.....
00000960 : FF FF 17 00 0A 03 47 53 - 49 32 00 12 0D 04 0C FF   ......GSI2......
00000970 : FF 18 00 00 47 53 49 30 - 00 12 0D 04 0C FF FF 18   ....GSI0........
00000980 : 00 01 47 53 49 31 00 12 - 0E 04 0C FF FF 18 00 0A   ..GSI1..........
00000990 : 02 47 53 49 32 00 12 0E - 04 0C FF FF 18 00 0A 03   .GSI2...........
000009A0 : 47 53 49 33 00 12 0D 04 - 0C FF FF 19 00 00 47 53   GSI3..........GS
000009B0 : 49 31 00 12 0D 04 0C FF - FF 19 00 01 47 53 49 32   I1..........GSI2
000009C0 : 00 12 0E 04 0C FF FF 19 - 00 0A 02 47 53 49 33 00   ...........GSI3.
000009D0 : 12 0E 04 0C FF FF 19 00 - 0A 03 47 53 49 30 00 12   ..........GSI0..
000009E0 : 0D 04 0C FF FF 1A 00 00 - 47 53 49 32 00 12 0D 04   ........GSI2....
000009F0 : 0C FF FF 1A 00 01 47 53 - 49 33 00 12 0E 04 0C FF   ......GSI3......
00000A00 : FF 1A 00 0A 02 47 53 49 - 30 00 12 0E 04 0C FF FF   .....GSI0.......
00000A10 : 1A 00 0A 03 47 53 49 31 - 00 12 0D 04 0C FF FF 1B   ....GSI1........
00000A20 : 00 00 47 53 49 33 00 12 - 0D 04 0C FF FF 1B 00 01   ..GSI3..........
00000A30 : 47 53 49 30 00 12 0E 04 - 0C FF FF 1B 00 0A 02 47   GSI0...........G
00000A40 : 53 49 31 00 12 0E 04 0C - FF FF 1B 00 0A 03 47 53   SI1...........GS
00000A50 : 49 32 00 12 0D 04 0C FF - FF 1C 00 00 47 53 49 30   I2..........GSI0
00000A60 : 00 12 0D 04 0C FF FF 1C - 00 01 47 53 49 31 00 12   ..........GSI1..
00000A70 : 0E 04 0C FF FF 1C 00 0A - 02 47 53 49 32 00 12 0E   .........GSI2...
00000A80 : 04 0C FF FF 1C 00 0A 03 - 47 53 49 33 00 12 0D 04   ........GSI3....
00000A90 : 0C FF FF 1D 00 00 47 53 - 49 31 00 12 0D 04 0C FF   ......GSI1......
00000AA0 : FF 1D 00 01 47 53 49 32 - 00 12 0E 04 0C FF FF 1D   ....GSI2........
00000AB0 : 00 0A 02 47 53 49 33 00 - 12 0E 04 0C FF FF 1D 00   ...GSI3.........
00000AC0 : 0A 03 47 53 49 30 00 12 - 0D 04 0C FF FF 1E 00 00   ..GSI0..........
00000AD0 : 47 53 49 32 00 12 0D 04 - 0C FF FF 1E 00 01 47 53   GSI2..........GS
00000AE0 : 49 33 00 12 0E 04 0C FF - FF 1E 00 0A 02 47 53 49   I3...........GSI
00000AF0 : 30 00 12 0E 04 0C FF FF - 1E 00 0A 03 47 53 49 31   0...........GSI1
00000B00 : 00 12 0D 04 0C FF FF 1F - 00 00 47 53 49 33 00 12   ..........GSI3..
00000B10 : 0D 04 0C FF FF 1F 00 01 - 47 53 49 30 00 12 0E 04   ........GSI0....
00000B20 : 0C FF FF 1F 00 0A 02 47 - 53 49 31 00 12 0E 04 0C   .......GSI1.....
00000B30 : FF FF 1F 00 0A 03 47 53 - 49 32 00 14 4A 08 5F 43   ......GSI2..J._C
00000B40 : 52 53 08 08 52 42 55 46 - 11 48 07 0A 74 88 0D 00   RS..RBUF.H..t...
00000B50 : 02 0C 00 00 00 00 00 FF - 00 00 00 00 01 87 17 00   ................
00000B60 : 00 0C 03 00 00 00 00 00 - 00 00 80 FF FF FF EF 00   ................
00000B70 : 00 00 00 00 00 00 70 8A - 2B 00 00 0C 03 00 00 00   ......p.+.......
00000B80 : 00 00 00 00 00 00 00 00 - 00 01 00 00 00 FF FF FF   ................
00000B90 : FF FF 00 00 00 00 00 00 - 00 00 00 00 00 00 00 00   ................
00000BA0 : 00 FF 00 00 00 87 17 00 - 01 0C 13 00 00 00 00 00   ................
00000BB0 : 00 00 00 FF FF 00 00 00 - 00 FF 7F 00 00 01 00 79   ...............y
00000BC0 : 00 A4 52 42 55 46 5B 82 - 47 05 52 45 53 30 08 5F   ..RBUF[.G.RES0._
00000BD0 : 48 49 44 0D 50 4E 50 30 - 43 30 32 00 08 5F 43 52   HID.PNP0C02.._CR
00000BE0 : 53 11 33 0A 30 8A 2B 00 - 00 0C 01 00 00 00 00 00   S.3.0.+.........
00000BF0 : 00 00 00 00 00 00 F0 00 - 00 00 00 FF FF FF FF 00   ................
00000C00 : 00 00 00 00 00 00 00 00 - 00 00 00 00 00 00 10 00   ................
00000C10 : 00 00 00 79 00 14 09 5F - 53 54 41 00 A4 0A 0F 08   ...y..._STA.....
00000C20 : 53 55 50 50 00 08 43 54 - 52 4C 00 14 4F 0A 5F 4F   SUPP..CTRL..O._O
00000C30 : 53 43 04 A0 48 09 93 68 - 11 13 0A 10 5B 4D DB 33   SC..H..h....[M.3
00000C40 : F7 1F 1C 40 96 57 74 41 - C0 3D D7 66 8A 6B 00 43   ...@.WtA.=.f.k.C
00000C50 : 44 57 31 8A 6B 0A 04 43 - 44 57 32 8A 6B 0A 08 43   DW1.k..CDW2.k..C
00000C60 : 44 57 33 70 43 44 57 32 - 53 55 50 50 70 43 44 57   DW3pCDW2SUPPpCDW
00000C70 : 33 43 54 52 4C A0 18 92 - 93 7B 53 55 50 50 0A 16   3CTRL....{SUPP..
00000C80 : 00 0A 16 7B 43 54 52 4C - 0A 1E 43 54 52 4C 7B 43   ...{CTRL..CTRL{C
00000C90 : 54 52 4C 0A 1D 43 54 52 - 4C A0 10 92 93 69 01 7D   TRL..CTRL....i.}
00000CA0 : 43 44 57 31 0A 08 43 44 - 57 31 A0 16 92 93 43 44   CDW1..CDW1....CD
00000CB0 : 57 33 43 54 52 4C 7D 43 - 44 57 31 0A 10 43 44 57   W3CTRL}CDW1..CDW
00000CC0 : 31 70 43 54 52 4C 43 44 - 57 33 A4 6B A1 0E 7D 43   1pCTRLCDW3.k..}C
00000CD0 : 44 57 31 0A 04 43 44 57 - 31 A4 6B                  DW1..CDW1.k

Table Checksum : OK

ACPI Table Header                    :
  Signature                          : DSDT
  Length                             : 3291
  Revision                           : 2
  Checksum                           : 0x6B
  Oem ID                             : LINARO
  Oem Table ID                       : SBSAQEMU
  Oem Revision                       : 0x20200810
  Creator ID                         : INTL
  Creator Revision                   : 0x20220331


 --------------- DBG2 Table --------------- 

Address  : 0x100FBF8FA98
Length   : 92
  
00000000 : 44 42 47 32 5C 00 00 00 - 00 82 4C 49 4E 41 52 4F   DBG2\.....LINARO
00000010 : 53 42 53 41 51 45 4D 55 - 10 08 20 20 4C 4E 52 4F   SBSAQEMU..  LNRO
00000020 : 01 00 00 00 2C 00 00 00 - 01 00 00 00 00 30 00 01   ....,........0..
00000030 : 0A 00 26 00 00 00 00 00 - 00 80 03 00 00 00 16 00   ..&.............
00000040 : 22 00 00 20 00 03 00 00 - 00 60 00 00 00 00 00 10   ".. .....`......
00000050 : 00 00 5C 5F 53 42 2E 43 - 4F 4D 30 00               ..\_SB.COM0.

Table Checksum : OK

DBG2                                 :
  Signature                          : DBG2
  Length                             : 92
  Revision                           : 0
  Checksum                           : 0x82
  Oem ID                             : LINARO
  Oem Table ID                       : SBSAQEMU
  Oem Revision                       : 0x20200810
  Creator ID                         : LNRO
  Creator Revision                   : 0x1
  OffsetDbgDeviceInfo                : 0x2C
  NumberDbgDeviceInfo                : 1
  Debug Device Info                  :
    Revision                         : 0x0
    Length                           : 48
    Generic Address Registers Count  : 0x1
    NameSpace String Length          : 10
    NameSpace String Offset          : 0x26
    OEM Data Length                  : 0
    OEM Data Offset                  : 0x0
    Port Type                        : 0x8000
    Port SubType                     : 0x3
    Reserved                         : 0
    Base Address Register Offset     : 0x16
    Address Size Offset              : 0x22
    BaseAddressRegister              : 
      Address Space ID               : 0x0
      Register Bit Width             : 0x20
      Register Bit Offset            : 0x0
      Access Size                    : 0x3
      Address                        : 0x60000000
    Address Size                     : 0x1000
    NameSpace String                 : \_SB.COM0 


 --------------- MCFG Table --------------- 

Address  : 0x100FBF8FE18
Length   : 60
  
00000000 : 4D 43 46 47 3C 00 00 00 - 01 FD 4C 49 4E 41 52 4F   MCFG<.....LINARO
00000010 : 53 42 53 41 51 45 4D 55 - 10 08 20 20 4C 4E 52 4F   SBSAQEMU..  LNRO
00000020 : 01 00 00 00 00 00 00 00 - 00 00 00 00 00 00 00 F0   ................
00000030 : 00 00 00 00 00 00 00 FF - 00 00 00 00               ............

Table Checksum : OK

MCFG                                 :
  Signature                          : MCFG
  Length                             : 60
  Revision                           : 1
  Checksum                           : 0xFD
  Oem ID                             : LINARO
  Oem Table ID                       : SBSAQEMU
  Oem Revision                       : 0x20200810
  Creator ID                         : LNRO
  Creator Revision                   : 0x1
  Reserved                           : 0x0
  PCI Configuration Space            :
    Base Address                     : 0xF0000000
    PCI Segment Group No.            : 0x0
    Start Bus No.                    : 0x0
    End Bus No.                      : 0xFF
    Reserved                         : 0x0


 --------------- SPCR Table --------------- 

Address  : 0x100FBF8FF98
Length   : 80
  
00000000 : 53 50 43 52 50 00 00 00 - 02 06 4C 49 4E 41 52 4F   SPCRP.....LINARO
00000010 : 53 42 53 41 51 45 4D 55 - 10 08 20 20 4C 4E 52 4F   SBSAQEMU..  LNRO
00000020 : 01 00 00 00 03 00 00 00 - 00 20 00 03 00 00 00 60   ......... .....`
00000030 : 00 00 00 00 08 00 21 00 - 00 00 07 00 01 00 03 00   ......!.........
00000040 : FF FF FF FF 00 00 00 00 - 00 00 00 00 00 00 00 00   ................

Table Checksum : OK

SPCR                                 :
  Signature                          : SPCR
  Length                             : 80
  Revision                           : 2
  Checksum                           : 0x6
  Oem ID                             : LINARO
  Oem Table ID                       : SBSAQEMU
  Oem Revision                       : 0x20200810
  Creator ID                         : LNRO
  Creator Revision                   : 0x1
  Interface Type                     : 3
  Reserved                           : 0 0 0
  Base Address                       : 
    Address Space ID                 : 0x0
    Register Bit Width               : 0x20
    Register Bit Offset              : 0x0
    Access Size                      : 0x3
    Address                          : 0x60000000

  Interrupt Type                     : 8
  IRQ                                : 0
  Global System Interrupt            : 0x21
  Baud Rate                          : 7
  Parity                             : 0
  Stop Bits                          : 1
  Flow Control                       : 0x0
  Terminal Type                      : 3
  Reserved                           : 0
  PCI Device ID                      : 0xFFFF
  PCI Vendor ID                      : 0xFFFF
  PCI Bus Number                     : 0x0
  PCI Device Number                  : 0x0
  PCI Function Number                : 0x0
  PCI Flags                          : 0x0
  PCI Segment                        : 0x0
  Reserved                           : 0


 --------------- IORT Table --------------- 

Address  : 0x100FBF87518
Length   : 220
  
00000000 : 49 4F 52 54 DC 00 00 00 - 00 CC 4C 49 4E 41 52 4F   IORT......LINARO
00000010 : 53 42 53 41 51 45 4D 55 - 10 08 20 20 4C 4E 52 4F   SBSAQEMU..  LNRO
00000020 : 01 00 00 00 03 00 00 00 - 30 00 00 00 00 00 00 00   ........0.......
00000030 : 00 18 00 00 00 00 00 00 - 00 00 00 00 00 00 00 00   ................
00000040 : 01 00 00 00 00 00 00 00 - 04 58 00 02 00 00 00 00   .........X......
00000050 : 01 00 00 00 44 00 00 00 - 00 00 05 60 00 00 00 00   ....D......`....
00000060 : 01 00 00 00 00 00 00 00 - 00 00 00 00 00 00 00 00   ................
00000070 : 00 00 00 00 4A 00 00 00 - 4B 00 00 00 4D 00 00 00   ....J...K...M...
00000080 : 4C 00 00 00 00 00 00 00 - 01 00 00 00 00 00 00 00   L...............
00000090 : FF FF 00 00 00 00 00 00 - 30 00 00 00 00 00 00 00   ........0.......
000000A0 : 02 3C 00 00 00 00 00 00 - 01 00 00 00 28 00 00 00   .<..........(...
000000B0 : 01 00 00 00 00 00 00 00 - 00 00 00 00 00 00 00 00   ................
000000C0 : 00 00 00 00 00 00 00 00 - 00 00 00 00 FF FF 00 00   ................
000000D0 : 00 00 00 00 48 00 00 00 - 00 00 00 00               ....H.......

Table Checksum : OK

IORT                                 :
  Signature                          : IORT
  Length                             : 220
  Revision                           : 0
  Checksum                           : 0xCC
  Oem ID                             : LINARO
  Oem Table ID                       : SBSAQEMU
  Oem Revision                       : 0x20200810
  Creator ID                         : LNRO
  Creator Revision                   : 0x1
  Number of IORT Nodes               : 3
  Offset to Array of IORT Nodes      : 0x30
  Reserved                           : 0x0
  * Node Offset *                    : 0x30
  ITS Node                           :
    Type                             : 0
    Length                           : 24
    Revision                         : 0
    Reserved                         : 0x0
    Number of ID mappings            : 0
    Reference to ID Array            : 0x0
    Number of ITSs                   : 1
    GIC ITS Identifier Array [0]     :
      GIC ITS Identifier             : 0
  * Node Offset *                    : 0x48
  SMMUV3 Node                        :
    Type                             : 4
    Length                           : 88
    Revision                         : 2
    Reserved                         : 0x0
    Number of ID mappings            : 1
    Reference to ID Array            : 0x44
    Base Address                     : 0x60050000
    Flags                            : 0x1
    Reserved                         : 0x0
    VATOS Address                    : 0x0
    Model                            : 0
    Event                            : 0x4A
    PRI                              : 0x4B
    GERR                             : 0x4D
    Sync                             : 0x4C
    Proximity domain                 : 0x0
    Device ID mapping index          : 1
    ID Mapping [0]                   :
      Input base                     : 0x0
      Number of IDs                  : 0xFFFF
      Output base                    : 0x0
      Output reference               : 0x30
      Flags                          : 0x0
  * Node Offset *                    : 0xA0
  Root Complex Node                  :
    Type                             : 2
    Length                           : 60
    Revision                         : 0
    Reserved                         : 0x0
    Number of ID mappings            : 1
    Reference to ID Array            : 0x28
    Memory access properties         : 0x1
    ATS Attribute                    : 0x0
    PCI Segment number               : 0x0
    Memory access size limit         : 0x0
    Reserved                         : 0 0 0
    ID Mapping [0]                   :
      Input base                     : 0x0
      Number of IDs                  : 0xFFFF
      Output base                    : 0x0
      Output reference               : 0x48
      Flags                          : 0x0


 --------------- APIC Table --------------- 

Address  : 0x100FBF8E498
Length   : 264
  
00000000 : 41 50 49 43 08 01 00 00 - 04 F6 4C 49 4E 41 52 4F   APIC......LINARO
00000010 : 53 42 53 41 51 45 4D 55 - 10 08 20 20 4C 4E 52 4F   SBSAQEMU..  LNRO
00000020 : 01 00 00 00 00 00 00 00 - 00 00 00 00 0B 50 00 00   .............P..
00000030 : 00 00 00 00 00 00 00 00 - 01 00 00 00 00 00 00 00   ................
00000040 : 17 00 00 00 00 00 00 00 - 00 00 00 00 00 00 00 00   ................
00000050 : 00 00 00 00 00 00 02 2C - 00 00 00 00 00 00 01 2C   .......,.......,
00000060 : 00 00 00 00 19 00 00 00 - 00 00 00 00 00 00 00 00   ................
00000070 : 00 00 00 00 00 00 00 00 - 00 00 00 00 0B 50 00 00   .............P..
00000080 : 00 00 00 00 01 00 00 00 - 01 00 00 00 00 00 00 00   ................
00000090 : 17 00 00 00 00 00 00 00 - 00 00 00 00 00 00 00 00   ................
000000A0 : 00 00 00 00 00 00 02 2C - 00 00 00 00 00 00 01 2C   .......,.......,
000000B0 : 00 00 00 00 19 00 00 00 - 00 00 00 00 00 00 00 00   ................
000000C0 : 01 00 00 00 00 00 00 00 - 00 00 00 00 0C 18 00 00   ................
000000D0 : 00 00 00 00 00 00 06 40 - 00 00 00 00 00 00 00 00   .......@........
000000E0 : 03 00 00 00 0E 10 00 00 - 00 00 08 40 00 00 00 00   ...........@....
000000F0 : 00 00 00 04 0F 14 00 00 - 00 00 00 00 00 10 08 44   ...............D
00000100 : 00 00 00 00 00 00 00 00                             ........

Table Checksum : OK

MADT                                 :
  Signature                          : APIC
  Length                             : 264
  Revision                           : 4
  Checksum                           : 0xF6
  Oem ID                             : LINARO
  Oem Table ID                       : SBSAQEMU
  Oem Revision                       : 0x20200810
  Creator ID                         : LNRO
  Creator Revision                   : 0x1
  Local Interrupt Controller Address : 0x0
  Flags                              : 0x0
  GICC                               :
    Type                             : 0xB
    Length                           : 80
    Reserved                         : 0x0
    CPU Interface Number             : 0x0
    ACPI Processor UID               : 0x0
    Flags                            : 0x1
    Parking Protocol Version         : 0x0
    Performance Interrupt GSIV       : 0x17
    Parked Address                   : 0x0
    Physical Base Address            : 0x0
    GICV                             : 0x2C020000
    GICH                             : 0x2C010000
    VGIC Maintenance interrupt       : 0x19
    GICR Base Address                : 0x0
    MPIDR                            : 0x0
    Processor Power Efficiency Class : 0x0
    Reserved                         : 0x0
    SPE overflow Interrupt           : 0x0
  GICC                               :
    Type                             : 0xB
    Length                           : 80
    Reserved                         : 0x0
    CPU Interface Number             : 0x0
    ACPI Processor UID               : 0x1
    Flags                            : 0x1
    Parking Protocol Version         : 0x0
    Performance Interrupt GSIV       : 0x17
    Parked Address                   : 0x0
    Physical Base Address            : 0x0
    GICV                             : 0x2C020000
    GICH                             : 0x2C010000
    VGIC Maintenance interrupt       : 0x19
    GICR Base Address                : 0x0
    MPIDR                            : 0x1
    Processor Power Efficiency Class : 0x0
    Reserved                         : 0x0
    SPE overflow Interrupt           : 0x0
  GICD                               :
    Type                             : 0xC
    Length                           : 24
    Reserved                         : 0x0
    GIC ID                           : 0x0
    Physical Base Address            : 0x40060000
    System Vector Base               : 0x0
    GIC Version                      : 3
    Reserved                         : 0 0 0
  GICR                               :
    Type                             : 0xE
    Length                           : 16
    Reserved                         : 0x0
    Discovery Range Base Address     : 0x40080000
    Discovery Range Length           : 0x4000000
  GIC ITS                            :
    Type                             : 0xF
    Length                           : 20
    Reserved                         : 0x0
    GIC ITS ID                       : 0x0
    Physical Base Address            : 0x44081000
    Reserved                         : 0x0


 --------------- SSDT Table --------------- 

Address  : 0x100FBF8E898
Length   : 103
  
00000000 : 53 53 44 54 67 00 00 00 - 02 5A 4C 49 4E 41 52 4F   SSDTg....ZLINARO
00000010 : 53 42 53 41 51 45 4D 55 - 10 08 20 20 4C 4E 52 4F   SBSAQEMU..  LNRO
00000020 : 01 00 00 00 10 42 04 5F - 53 42 5F 5B 82 1C 43 30   .....B._SB_[..C0
00000030 : 30 30 08 5F 48 49 44 0D - 41 43 50 49 30 30 30 37   00._HID.ACPI0007
00000040 : 00 08 5F 55 49 44 0B 00 - 00 5B 82 1C 43 30 30 31   .._UID...[..C001
00000050 : 08 5F 48 49 44 0D 41 43 - 50 49 30 30 30 37 00 08   ._HID.ACPI0007..
00000060 : 5F 55 49 44 0B 01 00                                _UID...

Table Checksum : OK

ACPI Table Header                    :
  Signature                          : SSDT
  Length                             : 103
  Revision                           : 2
  Checksum                           : 0x5A
  Oem ID                             : LINARO
  Oem Table ID                       : SBSAQEMU
  Oem Revision                       : 0x20200810
  Creator ID                         : LNRO
  Creator Revision                   : 0x1


 --------------- PPTT Table --------------- 

Address  : 0x100FBF8FD18
Length   : 184
  
00000000 : 50 50 54 54 B8 00 00 00 - 02 D4 4C 49 4E 41 52 4F   PPTT......LINARO
00000010 : 53 42 53 41 51 45 4D 55 - 10 08 20 20 4C 4E 52 4F   SBSAQEMU..  LNRO
00000020 : 01 00 00 00 00 14 00 00 - 11 00 00 00 00 00 00 00   ................
00000030 : 00 00 00 00 00 00 00 00 - 01 18 00 00 7F 00 00 00   ................
00000040 : 68 00 00 00 00 80 00 00 - 00 01 00 00 02 02 40 00   h.............@.
00000050 : 01 18 00 00 7F 00 00 00 - 68 00 00 00 00 80 00 00   ........h.......
00000060 : 00 01 00 00 02 04 40 00 - 01 18 00 00 7F 00 00 00   ......@.........
00000070 : 00 00 00 00 00 00 08 00 - 00 04 00 00 08 0A 40 00   ..............@.
00000080 : 00 1C 00 00 1A 00 00 00 - 24 00 00 00 00 00 00 00   ........$.......
00000090 : 02 00 00 00 38 00 00 00 - 50 00 00 00 00 1C 00 00   ....8...P.......
000000A0 : 1A 00 00 00 24 00 00 00 - 01 00 00 00 02 00 00 00   ....$...........
000000B0 : 38 00 00 00 50 00 00 00                             8...P...

Table Checksum : OK

PPTT                                 :
  Signature                          : PPTT
  Length                             : 184
  Revision                           : 2
  Checksum                           : 0xD4
  Oem ID                             : LINARO
  Oem Table ID                       : SBSAQEMU
  Oem Revision                       : 0x20200810
  Creator ID                         : LNRO
  Creator Revision                   : 0x1
  * Structure Offset *               : 0x24
  Processor Hierarchy Node Structure :
    Type                             : 0x0
    Length                           : 20
    Reserved                         : 0x0
    Flags                            : 0x11
    Parent                           : 0x0
    ACPI Processor ID                : 0x0
    Number of private resources      : 0
  * Structure Offset *               : 0x38
  Cache Type Structure               :
    Type                             : 0x1
    Length                           : 24
    Reserved                         : 0x0
    Flags                            : 0x7F
    Next Level of Cache              : 0x68
    Size                             : 0x8000
    Number of sets                   : 256
    Associativity                    : 2
    Attributes                       : 0x2
    Line size                        : 64
  * Structure Offset *               : 0x50
  Cache Type Structure               :
    Type                             : 0x1
    Length                           : 24
    Reserved                         : 0x0
    Flags                            : 0x7F
    Next Level of Cache              : 0x68
    Size                             : 0x8000
    Number of sets                   : 256
    Associativity                    : 2
    Attributes                       : 0x4
    Line size                        : 64
  * Structure Offset *               : 0x68
  Cache Type Structure               :
    Type                             : 0x1
    Length                           : 24
    Reserved                         : 0x0
    Flags                            : 0x7F
    Next Level of Cache              : 0x0
    Size                             : 0x80000
    Number of sets                   : 1024
    Associativity                    : 8
    Attributes                       : 0xA
    Line size                        : 64
  * Structure Offset *               : 0x80
  Processor Hierarchy Node Structure :
    Type                             : 0x0
    Length                           : 28
    Reserved                         : 0x0
    Flags                            : 0x1A
    Parent                           : 0x24
    ACPI Processor ID                : 0x0
    Number of private resources      : 2
    Private resources [0]            : 0x38
    Private resources [1]            : 0x50
  * Structure Offset *               : 0x9C
  Processor Hierarchy Node Structure :
    Type                             : 0x0
    Length                           : 28
    Reserved                         : 0x0
    Flags                            : 0x1A
    Parent                           : 0x24
    ACPI Processor ID                : 0x1
    Number of private resources      : 2
    Private resources [0]            : 0x38
    Private resources [1]            : 0x50


 --------------- SRAT Table --------------- 

Address  : 0x100FBF8E618
Length   : 124
  
00000000 : 53 52 41 54 7C 00 00 00 - 03 33 4C 49 4E 41 52 4F   SRAT|....3LINARO
00000010 : 53 42 53 41 51 45 4D 55 - 10 08 20 20 4C 4E 52 4F   SBSAQEMU..  LNRO
00000020 : 01 00 00 00 01 00 00 00 - 00 00 00 00 00 00 00 00   ................
00000030 : 01 28 00 00 00 00 00 00 - 00 00 00 00 00 01 00 00   .(..............
00000040 : 00 00 00 00 01 00 00 00 - 00 00 00 00 01 00 00 00   ................
00000050 : 00 00 00 00 00 00 00 00 - 03 12 00 00 00 00 00 00   ................
00000060 : 00 00 01 00 00 00 00 00 - 00 00 03 12 00 00 00 00   ................
00000070 : 01 00 00 00 01 00 00 00 - 00 00 00 00               ............

Table Checksum : OK

SRAT                                 :
  Signature                          : SRAT
  Length                             : 124
  Revision                           : 3
  Checksum                           : 0x33
  Oem ID                             : LINARO
  Oem Table ID                       : SBSAQEMU
  Oem Revision                       : 0x20200810
  Creator ID                         : LNRO
  Creator Revision                   : 0x1
  Reserved                           : 0x1
  Reserved                           : 0x0
  Memory Affinity Structure [0]      :
    Type                             : 0x1
    Length                           : 0x28
    Proximity Domain                 : 0x0
    Reserved                         : 0x0
    Base Address Low                 : 0x0
    Base Address High                : 0x100
    Length Low                       : 0x0
    Length High                      : 0x1
    Reserved                         : 0x0
    Flags                            : 0x1
    Reserved                         : 0x0
  GICC Affinity Structure [0]        :
    Type                             : 0x3
    Length                           : 0x12
    Proximity Domain                 : 0x0
    ACPI Processor UID               : 0x0
    Flags                            : 0x1
    Clock Domain                     : 0x0
  GICC Affinity Structure [1]        :
    Type                             : 0x3
    Length                           : 0x12
    Proximity Domain                 : 0x0
    ACPI Processor UID               : 0x1
    Flags                            : 0x1
    Clock Domain                     : 0x0


 --------------- GTDT Table --------------- 

Address  : 0x100FBF8E718
Length   : 132
  
00000000 : 47 54 44 54 84 00 00 00 - 03 8A 4C 49 4E 41 52 4F   GTDT......LINARO
00000010 : 53 42 53 41 51 45 4D 55 - 10 08 20 20 4C 4E 52 4F   SBSAQEMU..  LNRO
00000020 : 01 00 00 00 FF FF FF FF - FF FF FF FF 00 00 00 00   ................
00000030 : 1D 00 00 00 06 00 00 00 - 1E 00 00 00 06 00 00 00   ................
00000040 : 1B 00 00 00 06 00 00 00 - 1A 00 00 00 06 00 00 00   ................
00000050 : FF FF FF FF FF FF FF FF - 01 00 00 00 68 00 00 00   ............h...
00000060 : 1C 00 00 00 06 00 00 00 - 01 1C 00 00 00 00 01 50   ...............P
00000070 : 00 00 00 00 00 10 01 50 - 00 00 00 00 30 00 00 00   .......P....0...
00000080 : 00 00 00 00                                         ....

Table Checksum : OK

GTDT                                 :
  Signature                          : GTDT
  Length                             : 132
  Revision                           : 3
  Checksum                           : 0x8A
  Oem ID                             : LINARO
  Oem Table ID                       : SBSAQEMU
  Oem Revision                       : 0x20200810
  Creator ID                         : LNRO
  Creator Revision                   : 0x1
  CntControlBase Physical Address    : 0xFFFFFFFFFFFFFFFF
  Reserved                           : 0x0
  Secure EL1 timer GSIV              : 0x1D
  Secure EL1 timer FLAGS             : 0x6
  Non-Secure EL1 timer GSIV          : 0x1E
  Non-Secure EL1 timer FLAGS         : 0x6
  Virtual timer GSIV                 : 0x1B
  Virtual timer FLAGS                : 0x6
  Non-Secure EL2 timer GSIV          : 0x1A
  Non-Secure EL2 timer FLAGS         : 0x6
  CntReadBase Physical address       : 0xFFFFFFFFFFFFFFFF
  Platform Timer Count               : 1
  Platform Timer Offset              : 0x68
  Virtual EL2 Timer GSIV             : 0x1C
  Virtual EL2 Timer Flags            : 0x6
  Arm Generic Watchdog               :
    Type                             : 1
    Length                           : 28
    Reserved                         : 0
    RefreshFrame Physical address    : 0x50010000
    ControlFrame Physical address    : 0x50011000
    Watchdog Timer GSIV              : 0x30
    Watchdog Timer Flags             : 0x0


 --------------- BGRT Table --------------- 

Address  : 0x100FBF8E818
Length   : 56
  
00000000 : 42 47 52 54 38 00 00 00 - 01 BC 4C 49 4E 41 52 4F   BGRT8.....LINARO
00000010 : 53 42 53 41 51 45 4D 55 - 10 08 20 20 4C 4E 52 4F   SBSAQEMU..  LNRO
00000020 : 01 00 00 00 01 00 01 00 - 18 10 64 FE 00 01 00 00   ..........d.....
00000030 : 1F 02 00 00 73 01 00 00                             ....s...

Table Checksum : OK

BGRT                                 :
  Signature                          : BGRT
  Length                             : 56
  Revision                           : 1
  Checksum                           : 0xBC
  Oem ID                             : LINARO
  Oem Table ID                       : SBSAQEMU
  Oem Revision                       : 0x20200810
  Creator ID                         : LNRO
  Creator Revision                   : 0x1
  Version                            : 0x1
  Status                             : 0x1
  Image Type                         : 0x0
  Image Address                      : 0x100FE641018
  Image Offset X                     : 543
  Image Offset Y                     : 371

Table Statistics:
	0 Error(s)
	0 Warning(s)
[1m[33m[40mShell> [0m[37m[40mreset -c
