QEMU command arguments:

../code/qemu/build/qemu-system-aarch64
-monitor telnet::45454,server,nowait
-serial stdio
-drive file=firmware/SBSA_FLASH0.fd,format=raw,if=pflash
-drive file=firmware/SBSA_FLASH1.fd,format=raw,if=pflash
-machine sbsa-ref
-device pcie-root-port,id=kuPXy,slot=0,chassis=0
-device nvme,drive=qGvbs,serial=qGvbs,bus=kuPXy
-drive file=disks/nvme.img,format=raw,if=none,id=qGvbs
-cpu cortex-a72
-smp 4
-m 8G
-device usb-kbd
-device usb-tablet
-device usb-mouse
-nographic
-drive file=fat:rw:disks/virtual,format=raw

EFI startup script:

              mode 100 31
              pci
              acpiview
              reset -c

NOTICE:  Booting Trusted Firmware
NOTICE:  BL1: v2.11.0(release):hrw-2024-10-07-1044-55-g75b0d5756
NOTICE:  BL1: Built : 10:33:51, Oct 14 2024
NOTICE:  BL1: Booting BL2
NOTICE:  BL2: v2.11.0(release):hrw-2024-10-07-1044-55-g75b0d5756
NOTICE:  BL2: Built : 10:33:52, Oct 14 2024
NOTICE:  BL1: Booting BL31
NOTICE:  BL31: v2.11.0(release):hrw-2024-10-07-1044-55-g75b0d5756
NOTICE:  BL31: Built : 10:33:52, Oct 14 2024
UEFI firmware (version 1.0 built at 10:34:00 on Oct 14 2024)
[2J[04D[=3h[2J[09D[2J[04DUEFI Interactive Shell v2.2
EDK II
UEFI v2.70 (EFI Development Kit II / SbsaQemu, 0x00010000)
[1m[33m[40mMapping table[0m[37m[40m
[1m[33m[40m      FS1:[0m[37m[40m [1m[37m[40mAlias(s):[0m[37m[40mHD1a65535a1:;BLK4:
          VenHw(0D51905B-B77E-452A-A2C0-ECA0CC8D514A,000010600000000000)/Sata(0x
0,0xFFFF,0x0)/HD(1,MBR,0xBE1AFDFA,0x3F,0xFBFC1)
[1m[33m[40m      FS0:[0m[37m[40m [1m[37m[40mAlias(s):[0m[37m[40mHD0b:;BLK1:
          PciRoot(0x0)/Pci(0x3,0x0)/Pci(0x0,0x0)/NVMe(0x1,00-00-00-00-00-00-00-0
0)/HD(1,GPT,E18266A2-C5EF-4299-AF15-636D414978CD,0x800,0x100000)
[1m[33m[40m     BLK3:[0m[37m[40m [1m[37m[40mAlias(s):[0m[37m[40m
          VenHw(0D51905B-B77E-452A-A2C0-ECA0CC8D514A,000010600000000000)/Sata(0x
0,0xFFFF,0x0)
[1m[33m[40m     BLK0:[0m[37m[40m [1m[37m[40mAlias(s):[0m[37m[40m
          PciRoot(0x0)/Pci(0x3,0x0)/Pci(0x0,0x0)/NVMe(0x1,00-00-00-00-00-00-00-0
0)
[1m[33m[40m     BLK2:[0m[37m[40m [1m[37m[40mAlias(s):[0m[37m[40m
          PciRoot(0x0)/Pci(0x3,0x0)/Pci(0x0,0x0)/NVMe(0x1,00-00-00-00-00-00-00-0
0)/HD(2,GPT,01B58A9B-C015-4D10-9B69-79C1A4BE1BBE,0x100800,0xEFF7DF)
Press [1m[37m[40mESC[0m[37m[40m in 5 seconds to skip [1m[33m[40mstartup.nsh[0m[37m[40m or any other key to continue.[72DPress [1m[37m[40mESC[0m[37m[40m in 4 seconds to skip [1m[33m[40mstartup.nsh[0m[37m[40m or any other key to continue.[72DPress [1m[37m[40mESC[0m[37m[40m in 3 seconds to skip [1m[33m[40mstartup.nsh[0m[37m[40m or any other key to continue.[72DPress [1m[37m[40mESC[0m[37m[40m in 2 seconds to skip [1m[33m[40mstartup.nsh[0m[37m[40m or any other key to continue.[72DPress [1m[37m[40mESC[0m[37m[40m in 1 seconds to skip [1m[33m[40mstartup.nsh[0m[37m[40m or any other key to continue.
[1m[33m[40mShell> [0m[37m[40m              mode 100 31
[2J[01;01H[=3h[2J[09D[2J[04D[1m[33m[40mShell> [0m[37m[40m              pci
   Seg  Bus  Dev  Func
   ---  ---  ---  ----
    [1m[33m[40m00   00   00    00 ==> [0m[37m[40mBridge Device - Host/PCI bridge
             Vendor 1B36 Device 0008 Prog Interface 0
    [1m[33m[40m00   00   01    00 ==> [0m[37m[40mNetwork Controller - Ethernet controller
             Vendor 8086 Device 10D3 Prog Interface 0
    [1m[33m[40m00   00   02    00 ==> [0m[37m[40mDisplay Controller - Other display controller
             Vendor 1234 Device 1111 Prog Interface 0
    [1m[33m[40m00   00   03    00 ==> [0m[37m[40mBridge Device - PCI/PCI bridge
             Vendor 1B36 Device 000C Prog Interface 0
    [1m[33m[40m00   01   00    00 ==> [0m[37m[40mMass Storage Controller - Non-volatile memory subsystem
             Vendor 1B36 Device 0010 Prog Interface 2
[1m[33m[40mShell> [0m[37m[40m              acpiview


 --------------- RSDP Table --------------- 

Address  : 0x101F86DF018
Length   : 36
  
00000000 : 52 53 44 20 50 54 52 20 - 1A 4C 49 4E 41 52 4F 02   RSD PTR .LINARO.
00000010 : 00 00 00 00 24 00 00 00 - 18 FF 6D F8 01 01 00 00   ....$.....m.....
00000020 : 5E 00 00 00                                         ^...

Table Checksum : OK

RSDP                                 :
  Signature                          : RSD PTR 
  Checksum                           : 0x1A
  Oem ID                             : LINARO
  Revision                           : 2
  RSDT Address                       : 0x0
  Length                             : 36
  XSDT Address                       : 0x101F86DFF18
  Extended Checksum                  : 0x5E
  Reserved                           : 0 0 0


 --------------- XSDT Table --------------- 

Address  : 0x101F86DFF18
Length   : 116
  
00000000 : 58 53 44 54 74 00 00 00 - 01 D7 4C 49 4E 41 52 4F   XSDTt.....LINARO
00000010 : 53 42 53 41 51 45 4D 55 - 25 06 24 20 4C 4E 52 4F   SBSAQEMU%.$ LNRO
00000020 : 01 00 00 00 18 FC 6D F8 - 01 01 00 00 18 FB 6D F8   ......m.......m.
00000030 : 01 01 00 00 98 FE 6D F8 - 01 01 00 00 98 FD 6D F8   ......m.......m.
00000040 : 01 01 00 00 98 F0 6D F8 - 01 01 00 00 98 F8 6D F8   ......m.......m.
00000050 : 01 01 00 00 18 F2 6D F8 - 01 01 00 00 18 F3 6D F8   ......m.......m.
00000060 : 01 01 00 00 98 F5 6D F8 - 01 01 00 00 98 F6 6D F8   ......m.......m.
00000070 : 01 01 00 00                                         ....

Table Checksum : OK

XSDT                                 :
  Signature                          : XSDT
  Length                             : 116
  Revision                           : 1
  Checksum                           : 0xD7
  Oem ID                             : LINARO
  Oem Table ID                       : SBSAQEMU
  Oem Revision                       : 0x20240625
  Creator ID                         : LNRO
  Creator Revision                   : 0x1
  Entry[0] - FACP                    : 0x101F86DFC18
  Entry[1] - DBG2                    : 0x101F86DFB18
  Entry[2] - MCFG                    : 0x101F86DFE98
  Entry[3] - SPCR                    : 0x101F86DFD98
  Entry[4] - IORT                    : 0x101F86DF098
  Entry[5] - APIC                    : 0x101F86DF898
  Entry[6] - SSDT                    : 0x101F86DF218
  Entry[7] - PPTT                    : 0x101F86DF318
  Entry[8] - GTDT                    : 0x101F86DF598
  Entry[9] - BGRT                    : 0x101F86DF698


 --------------- FACP Table --------------- 

Address  : 0x101F86DFC18
Length   : 276
  
00000000 : 46 41 43 50 14 01 00 00 - 06 66 4C 49 4E 41 52 4F   FACP.....fLINARO
00000010 : 53 42 53 41 51 45 4D 55 - 25 06 24 20 4C 4E 52 4F   SBSAQEMU%.$ LNRO
00000020 : 01 00 00 00 00 00 00 00 - 00 00 00 00 00 04 00 00   ................
00000030 : 00 00 00 00 00 00 00 00 - 00 00 00 00 00 00 00 00   ................
00000040 : 00 00 00 00 00 00 00 00 - 00 00 00 00 00 00 00 00   ................
00000050 : 00 00 00 00 00 00 00 00 - 00 00 00 00 00 00 00 00   ................
00000060 : 00 00 00 00 00 00 00 00 - 00 00 00 00 00 00 00 00   ................
00000070 : 00 00 30 00 00 00 00 00 - 00 00 00 00 00 00 00 00   ..0.............
00000080 : 00 01 00 00 00 00 00 00 - 00 00 00 00 18 E0 6D F8   ..............m.
00000090 : 01 01 00 00 00 00 00 00 - 00 00 00 00 00 00 00 00   ................
000000A0 : 00 00 00 00 00 00 00 00 - 00 00 00 00 00 00 00 00   ................
000000B0 : 00 00 00 00 00 00 00 00 - 00 00 00 00 00 00 00 00   ................
000000C0 : 00 00 00 00 00 00 00 00 - 00 00 00 00 00 00 00 00   ................
000000D0 : 00 00 00 00 00 00 00 00 - 00 00 00 00 00 00 00 00   ................
000000E0 : 00 00 00 00 00 00 00 00 - 00 00 00 00 00 00 00 00   ................
000000F0 : 00 00 00 00 00 00 00 00 - 00 00 00 00 00 00 00 00   ................
00000100 : 00 00 00 00 00 00 00 00 - 00 00 00 00 00 00 00 00   ................
00000110 : 00 00 00 00                                         ....

Table Checksum : OK

FADT                                 :
  Signature                          : FACP
  Length                             : 276
  Revision                           : 6
  Checksum                           : 0x66
  Oem ID                             : LINARO
  Oem Table ID                       : SBSAQEMU
  Oem Revision                       : 0x20240625
  Creator ID                         : LNRO
  Creator Revision                   : 0x1
  FIRMWARE_CTRL                      : 0x0
  DSDT                               : 0x0
  Reserved                           : 0
  Preferred_PM_Profile               : 0x4
  SCI_INT                            : 0x0
  SMI_CMD                            : 0x0
  ACPI_ENABLE                        : 0x0
  ACPI_DISABLE                       : 0x0
  S4BIOS_REQ                         : 0x0
  PSTATE_CNT                         : 0x0
  PM1a_EVT_BLK                       : 0x0
  PM1b_EVT_BLK                       : 0x0
  PM1a_CNT_BLK                       : 0x0
  PM1b_CNT_BLK                       : 0x0
  PM2_CNT_BLK                        : 0x0
  PM_TMR_BLK                         : 0x0
  GPE0_BLK                           : 0x0
  GPE1_BLK                           : 0x0
  PM1_EVT_LEN                        : 0x0
  PM1_CNT_LEN                        : 0x0
  PM2_CNT_LEN                        : 0x0
  PM_TMR_LEN                         : 0x0
  GPE0_BLK_LEN                       : 0x0
  GPE1_BLK_LEN                       : 0x0
  GPE1_BASE                          : 0x0
  CST_CNT                            : 0x0
  P_LVL2_LAT                         : 0x0
  P_LVL3_LAT                         : 0x0
  FLUSH_SIZE                         : 0x0
  FLUSH_STRIDE                       : 0x0
  DUTY_OFFSET                        : 0x0
  DUTY_WIDTH                         : 0x0
  DAY_ALRM                           : 0x0
  MON_ALRM                           : 0x0
  CENTURY                            : 0x0
  IAPC_BOOT_ARCH                     : 0x0
  Reserved                           : 0x0
  Flags                              : 0x300000
    WBINVD                           : 0
    WBINVD_FLUSH                     : 0
    PROC_C1                          : 0
    P_LVL2_UP                        : 0
    PWR_BUTTON                       : 0
    SLP_BUTTON                       : 0
    FIX_RTC                          : 0
    RTC_S4                           : 0
    TMR_VAL_EXT                      : 0
    DCK_CAP                          : 0
    RESET_REG_SUP                    : 0
    SEALED_CASE                      : 0
    HEADLESS                         : 0
    CPU_SW_SLP                       : 0
    PCI_EXP_WAK                      : 0
    USE_PLATFORM_CLOCK               : 0
    S4_RTC_STS_VALID                 : 0
    REMOTE_POWER_ON_CAPABLE          : 0
    FORCE_APIC_CLUSTER_MODEL         : 0
    FORCE_APIC_PHYSICAL_DESTINATION_MODE : 0
    HW_REDUCED_ACPI                  : 1
    LOW_POWER_S0_IDLE_CAPABLE        : 1
    Reserved                         : 0

  RESET_REG                          : 
    Address Space ID                 : 0x0
    Register Bit Width               : 0x0
    Register Bit Offset              : 0x0
    Access Size                      : 0x0
    Address                          : 0x0

  RESET_VALUE                        : 0x0
  ARM_BOOT_ARCH                      : 0x1
  FADT Minor Version                 : 0x0
  X_FIRMWARE_CTRL                    : 0x0
  X_DSDT                             : 0x101F86DE018
  X_PM1a_EVT_BLK                     : 
    Address Space ID                 : 0x0
    Register Bit Width               : 0x0
    Register Bit Offset              : 0x0
    Access Size                      : 0x0
    Address                          : 0x0

  X_PM1b_EVT_BLK                     : 
    Address Space ID                 : 0x0
    Register Bit Width               : 0x0
    Register Bit Offset              : 0x0
    Access Size                      : 0x0
    Address                          : 0x0

  X_PM1a_CNT_BLK                     : 
    Address Space ID                 : 0x0
    Register Bit Width               : 0x0
    Register Bit Offset              : 0x0
    Access Size                      : 0x0
    Address                          : 0x0

  X_PM1b_CNT_BLK                     : 
    Address Space ID                 : 0x0
    Register Bit Width               : 0x0
    Register Bit Offset              : 0x0
    Access Size                      : 0x0
    Address                          : 0x0

  X_PM2_CNT_BLK                      : 
    Address Space ID                 : 0x0
    Register Bit Width               : 0x0
    Register Bit Offset              : 0x0
    Access Size                      : 0x0
    Address                          : 0x0

  X_PM_TMR_BLK                       : 
    Address Space ID                 : 0x0
    Register Bit Width               : 0x0
    Register Bit Offset              : 0x0
    Access Size                      : 0x0
    Address                          : 0x0

  X_GPE0_BLK                         : 
    Address Space ID                 : 0x0
    Register Bit Width               : 0x0
    Register Bit Offset              : 0x0
    Access Size                      : 0x0
    Address                          : 0x0

  X_GPE1_BLK                         : 
    Address Space ID                 : 0x0
    Register Bit Width               : 0x0
    Register Bit Offset              : 0x0
    Access Size                      : 0x0
    Address                          : 0x0

  SLEEP_CONTROL_REG                  : 
    Address Space ID                 : 0x0
    Register Bit Width               : 0x0
    Register Bit Offset              : 0x0
    Access Size                      : 0x0
    Address                          : 0x0

  SLEEP_STATUS_REG                   : 
    Address Space ID                 : 0x0
    Register Bit Width               : 0x0
    Register Bit Offset              : 0x0
    Access Size                      : 0x0
    Address                          : 0x0

  Hypervisor VendorIdentity          : 0

Summary:
  FADT Version                       : 6.0


 --------------- DSDT Table --------------- 

Address  : 0x101F86DE018
Length   : 3266
  
00000000 : 44 53 44 54 C2 0C 00 00 - 02 2B 4C 49 4E 41 52 4F   DSDT.....+LINARO
00000010 : 53 42 53 41 51 45 4D 55 - 25 06 24 20 49 4E 54 4C   SBSAQEMU%.$ INTL
00000020 : 31 03 22 20 10 4D C9 5F - 53 42 5F 5B 82 45 04 43   1." .M._SB_[.E.C
00000030 : 4F 4D 30 08 5F 48 49 44 - 0D 41 52 4D 48 30 30 31   OM0._HID.ARMH001
00000040 : 31 00 08 5F 55 49 44 00 - 08 5F 43 52 53 11 1A 0A   1.._UID.._CRS...
00000050 : 17 86 09 00 01 00 00 00 - 60 00 10 00 00 89 06 00   ........`.......
00000060 : 01 01 21 00 00 00 79 00 - 14 09 5F 53 54 41 00 A4   ..!...y..._STA..
00000070 : 0A 0F 5B 82 41 05 41 48 - 43 30 08 5F 48 49 44 0D   ..[.A.AHC0._HID.
00000080 : 4C 4E 52 4F 30 30 31 45 - 00 08 5F 43 4C 53 12 06   LNRO001E.._CLS..
00000090 : 03 01 0A 06 01 08 5F 43 - 43 41 01 08 5F 43 52 53   ......_CCA.._CRS
000000A0 : 11 1A 0A 17 86 09 00 01 - 00 00 10 60 00 00 01 00   ...........`....
000000B0 : 89 06 00 01 01 2A 00 00 - 00 79 00 14 09 5F 53 54   .....*...y..._ST
000000C0 : 41 00 A4 0A 0F 5B 82 47 - 19 55 53 42 30 08 5F 48   A....[.G.USB0._H
000000D0 : 49 44 0D 50 4E 50 30 44 - 31 30 00 08 5F 55 49 44   ID.PNP0D10.._UID
000000E0 : 00 08 5F 43 43 41 01 08 - 58 48 43 49 0A 0F 14 0B   .._CCA..XHCI....
000000F0 : 5F 53 54 41 00 A4 58 48 - 43 49 08 5F 43 52 53 11   _STA..XHCI._CRS.
00000100 : 1A 0A 17 86 09 00 01 00 - 00 11 60 00 00 01 00 89   ..........`.....
00000110 : 06 00 01 01 2B 00 00 00 - 79 00 5B 82 42 14 52 48   ....+...y.[.B.RH
00000120 : 55 42 08 5F 41 44 52 00 - 14 09 5F 53 54 41 00 A4   UB._ADR..._STA..
00000130 : 0A 0F 5B 82 4A 12 48 55 - 42 31 08 5F 41 44 52 01   ..[.J.HUB1._ADR.
00000140 : 08 5F 55 50 43 12 07 04 - 00 0A FF 00 00 14 09 5F   ._UPC.........._
00000150 : 53 54 41 00 A4 0A 0F 5B - 82 3E 50 52 54 31 08 5F   STA....[.>PRT1._
00000160 : 41 44 52 01 08 5F 55 50 - 43 12 07 04 0A FF 00 00   ADR.._UPC.......
00000170 : 00 08 5F 50 4C 44 12 16 - 01 11 13 0A 10 81 00 00   .._PLD..........
00000180 : 00 00 00 00 00 31 1C 00 - 00 00 00 00 00 14 09 5F   .....1........._
00000190 : 53 54 41 00 A4 0A 0F 5B - 82 3F 50 52 54 32 08 5F   STA....[.?PRT2._
000001A0 : 41 44 52 0A 02 08 5F 55 - 50 43 12 07 04 0A FF 00   ADR..._UPC......
000001B0 : 00 00 08 5F 50 4C 44 12 - 16 01 11 13 0A 10 81 00   ..._PLD.........
000001C0 : 00 00 00 00 00 00 31 1C - 00 00 00 00 00 00 14 09   ......1.........
000001D0 : 5F 53 54 41 00 A4 0A 0F - 5B 82 41 04 50 52 54 33   _STA....[.A.PRT3
000001E0 : 08 5F 41 44 52 0A 03 08 - 5F 55 50 43 12 08 04 0A   ._ADR..._UPC....
000001F0 : FF 0A 09 00 00 08 5F 50 - 4C 44 12 16 01 11 13 0A   ......_PLD......
00000200 : 10 81 00 00 00 00 00 00 - 00 31 1C 00 00 00 00 00   .........1......
00000210 : 00 14 09 5F 53 54 41 00 - A4 0A 0F 5B 82 41 04 50   ..._STA....[.A.P
00000220 : 52 54 34 08 5F 41 44 52 - 0A 04 08 5F 55 50 43 12   RT4._ADR..._UPC.
00000230 : 08 04 0A FF 0A 09 00 00 - 08 5F 50 4C 44 12 16 01   ........._PLD...
00000240 : 11 13 0A 10 81 00 00 00 - 00 00 00 00 31 1C 00 00   ............1...
00000250 : 00 00 00 00 14 09 5F 53 - 54 41 00 A4 0A 0F 5B 82   ......_STA....[.
00000260 : 42 A6 50 43 49 30 08 5F - 48 49 44 0C 41 D0 0A 08   B.PCI0._HID.A...
00000270 : 08 5F 43 49 44 0C 41 D0 - 0A 03 08 5F 53 45 47 00   ._CID.A...._SEG.
00000280 : 08 5F 42 42 4E 00 08 5F - 55 49 44 0D 50 43 49 30   ._BBN.._UID.PCI0
00000290 : 00 08 5F 43 43 41 01 14 - 09 5F 53 54 41 00 A4 0A   .._CCA..._STA...
000002A0 : 0F 14 0C 5F 43 42 41 00 - A4 0C 00 00 00 F0 5B 82   ..._CBA.......[.
000002B0 : 4E 04 47 53 49 30 08 5F - 48 49 44 0C 41 D0 0C 0F   N.GSI0._HID.A...
000002C0 : 08 5F 55 49 44 00 08 5F - 50 52 53 11 0E 0A 0B 89   ._UID.._PRS.....
000002D0 : 06 00 00 01 23 00 00 00 - 79 00 14 09 5F 53 54 41   ....#...y..._STA
000002E0 : 00 A4 0A 0F 14 0B 5F 43 - 52 53 00 A4 5F 50 52 53   ......_CRS.._PRS
000002F0 : 14 06 5F 53 52 53 01 14 - 06 5F 44 49 53 00 5B 82   .._SRS..._DIS.[.
00000300 : 4E 04 47 53 49 31 08 5F - 48 49 44 0C 41 D0 0C 0F   N.GSI1._HID.A...
00000310 : 08 5F 55 49 44 01 08 5F - 50 52 53 11 0E 0A 0B 89   ._UID.._PRS.....
00000320 : 06 00 00 01 24 00 00 00 - 79 00 14 09 5F 53 54 41   ....$...y..._STA
00000330 : 00 A4 0A 0F 14 0B 5F 43 - 52 53 00 A4 5F 50 52 53   ......_CRS.._PRS
00000340 : 14 06 5F 53 52 53 01 14 - 06 5F 44 49 53 00 5B 82   .._SRS..._DIS.[.
00000350 : 4F 04 47 53 49 32 08 5F - 48 49 44 0C 41 D0 0C 0F   O.GSI2._HID.A...
00000360 : 08 5F 55 49 44 0A 02 08 - 5F 50 52 53 11 0E 0A 0B   ._UID..._PRS....
00000370 : 89 06 00 00 01 25 00 00 - 00 79 00 14 09 5F 53 54   .....%...y..._ST
00000380 : 41 00 A4 0A 0F 14 0B 5F - 43 52 53 00 A4 5F 50 52   A......_CRS.._PR
00000390 : 53 14 06 5F 53 52 53 01 - 14 06 5F 44 49 53 00 5B   S.._SRS..._DIS.[
000003A0 : 82 4F 04 47 53 49 33 08 - 5F 48 49 44 0C 41 D0 0C   .O.GSI3._HID.A..
000003B0 : 0F 08 5F 55 49 44 0A 03 - 08 5F 50 52 53 11 0E 0A   .._UID..._PRS...
000003C0 : 0B 89 06 00 00 01 26 00 - 00 00 79 00 14 09 5F 53   ......&...y..._S
000003D0 : 54 41 00 A4 0A 0F 14 0B - 5F 43 52 53 00 A4 5F 50   TA......_CRS.._P
000003E0 : 52 53 14 06 5F 53 52 53 - 01 14 06 5F 44 49 53 00   RS.._SRS..._DIS.
000003F0 : 08 5F 50 52 54 12 49 73 - 80 12 0B 04 0B FF FF 00   ._PRT.Is........
00000400 : 47 53 49 30 00 12 0B 04 - 0B FF FF 00 47 53 49 31   GSI0........GSI1
00000410 : 00 12 0B 04 0B FF FF 00 - 47 53 49 32 00 12 0B 04   ........GSI2....
00000420 : 0B FF FF 00 47 53 49 33 - 00 12 0D 04 0C FF FF 01   ....GSI3........
00000430 : 00 00 47 53 49 31 00 12 - 0D 04 0C FF FF 01 00 01   ..GSI1..........
00000440 : 47 53 49 32 00 12 0E 04 - 0C FF FF 01 00 0A 02 47   GSI2...........G
00000450 : 53 49 33 00 12 0E 04 0C - FF FF 01 00 0A 03 47 53   SI3...........GS
00000460 : 49 30 00 12 0D 04 0C FF - FF 02 00 00 47 53 49 32   I0..........GSI2
00000470 : 00 12 0D 04 0C FF FF 02 - 00 01 47 53 49 33 00 12   ..........GSI3..
00000480 : 0E 04 0C FF FF 02 00 0A - 02 47 53 49 30 00 12 0E   .........GSI0...
00000490 : 04 0C FF FF 02 00 0A 03 - 47 53 49 31 00 12 0D 04   ........GSI1....
000004A0 : 0C FF FF 03 00 00 47 53 - 49 33 00 12 0D 04 0C FF   ......GSI3......
000004B0 : FF 03 00 01 47 53 49 30 - 00 12 0E 04 0C FF FF 03   ....GSI0........
000004C0 : 00 0A 02 47 53 49 31 00 - 12 0E 04 0C FF FF 03 00   ...GSI1.........
000004D0 : 0A 03 47 53 49 32 00 12 - 0D 04 0C FF FF 04 00 00   ..GSI2..........
000004E0 : 47 53 49 30 00 12 0D 04 - 0C FF FF 04 00 01 47 53   GSI0..........GS
000004F0 : 49 31 00 12 0E 04 0C FF - FF 04 00 0A 02 47 53 49   I1...........GSI
00000500 : 32 00 12 0E 04 0C FF FF - 04 00 0A 03 47 53 49 33   2...........GSI3
00000510 : 00 12 0D 04 0C FF FF 05 - 00 00 47 53 49 31 00 12   ..........GSI1..
00000520 : 0D 04 0C FF FF 05 00 01 - 47 53 49 32 00 12 0E 04   ........GSI2....
00000530 : 0C FF FF 05 00 0A 02 47 - 53 49 33 00 12 0E 04 0C   .......GSI3.....
00000540 : FF FF 05 00 0A 03 47 53 - 49 30 00 12 0D 04 0C FF   ......GSI0......
00000550 : FF 06 00 00 47 53 49 32 - 00 12 0D 04 0C FF FF 06   ....GSI2........
00000560 : 00 01 47 53 49 33 00 12 - 0E 04 0C FF FF 06 00 0A   ..GSI3..........
00000570 : 02 47 53 49 30 00 12 0E - 04 0C FF FF 06 00 0A 03   .GSI0...........
00000580 : 47 53 49 31 00 12 0D 04 - 0C FF FF 07 00 00 47 53   GSI1..........GS
00000590 : 49 33 00 12 0D 04 0C FF - FF 07 00 01 47 53 49 30   I3..........GSI0
000005A0 : 00 12 0E 04 0C FF FF 07 - 00 0A 02 47 53 49 31 00   ...........GSI1.
000005B0 : 12 0E 04 0C FF FF 07 00 - 0A 03 47 53 49 32 00 12   ..........GSI2..
000005C0 : 0D 04 0C FF FF 08 00 00 - 47 53 49 30 00 12 0D 04   ........GSI0....
000005D0 : 0C FF FF 08 00 01 47 53 - 49 31 00 12 0E 04 0C FF   ......GSI1......
000005E0 : FF 08 00 0A 02 47 53 49 - 32 00 12 0E 04 0C FF FF   .....GSI2.......
000005F0 : 08 00 0A 03 47 53 49 33 - 00 12 0D 04 0C FF FF 09   ....GSI3........
00000600 : 00 00 47 53 49 31 00 12 - 0D 04 0C FF FF 09 00 01   ..GSI1..........
00000610 : 47 53 49 32 00 12 0E 04 - 0C FF FF 09 00 0A 02 47   GSI2...........G
00000620 : 53 49 33 00 12 0E 04 0C - FF FF 09 00 0A 03 47 53   SI3...........GS
00000630 : 49 30 00 12 0D 04 0C FF - FF 0A 00 00 47 53 49 32   I0..........GSI2
00000640 : 00 12 0D 04 0C FF FF 0A - 00 01 47 53 49 33 00 12   ..........GSI3..
00000650 : 0E 04 0C FF FF 0A 00 0A - 02 47 53 49 30 00 12 0E   .........GSI0...
00000660 : 04 0C FF FF 0A 00 0A 03 - 47 53 49 31 00 12 0D 04   ........GSI1....
00000670 : 0C FF FF 0B 00 00 47 53 - 49 33 00 12 0D 04 0C FF   ......GSI3......
00000680 : FF 0B 00 01 47 53 49 30 - 00 12 0E 04 0C FF FF 0B   ....GSI0........
00000690 : 00 0A 02 47 53 49 31 00 - 12 0E 04 0C FF FF 0B 00   ...GSI1.........
000006A0 : 0A 03 47 53 49 32 00 12 - 0D 04 0C FF FF 0C 00 00   ..GSI2..........
000006B0 : 47 53 49 30 00 12 0D 04 - 0C FF FF 0C 00 01 47 53   GSI0..........GS
000006C0 : 49 31 00 12 0E 04 0C FF - FF 0C 00 0A 02 47 53 49   I1...........GSI
000006D0 : 32 00 12 0E 04 0C FF FF - 0C 00 0A 03 47 53 49 33   2...........GSI3
000006E0 : 00 12 0D 04 0C FF FF 0D - 00 00 47 53 49 31 00 12   ..........GSI1..
000006F0 : 0D 04 0C FF FF 0D 00 01 - 47 53 49 32 00 12 0E 04   ........GSI2....
00000700 : 0C FF FF 0D 00 0A 02 47 - 53 49 33 00 12 0E 04 0C   .......GSI3.....
00000710 : FF FF 0D 00 0A 03 47 53 - 49 30 00 12 0D 04 0C FF   ......GSI0......
00000720 : FF 0E 00 00 47 53 49 32 - 00 12 0D 04 0C FF FF 0E   ....GSI2........
00000730 : 00 01 47 53 49 33 00 12 - 0E 04 0C FF FF 0E 00 0A   ..GSI3..........
00000740 : 02 47 53 49 30 00 12 0E - 04 0C FF FF 0E 00 0A 03   .GSI0...........
00000750 : 47 53 49 31 00 12 0D 04 - 0C FF FF 0F 00 00 47 53   GSI1..........GS
00000760 : 49 33 00 12 0D 04 0C FF - FF 0F 00 01 47 53 49 30   I3..........GSI0
00000770 : 00 12 0E 04 0C FF FF 0F - 00 0A 02 47 53 49 31 00   ...........GSI1.
00000780 : 12 0E 04 0C FF FF 0F 00 - 0A 03 47 53 49 32 00 12   ..........GSI2..
00000790 : 0D 04 0C FF FF 10 00 00 - 47 53 49 30 00 12 0D 04   ........GSI0....
000007A0 : 0C FF FF 10 00 01 47 53 - 49 31 00 12 0E 04 0C FF   ......GSI1......
000007B0 : FF 10 00 0A 02 47 53 49 - 32 00 12 0E 04 0C FF FF   .....GSI2.......
000007C0 : 10 00 0A 03 47 53 49 33 - 00 12 0D 04 0C FF FF 11   ....GSI3........
000007D0 : 00 00 47 53 49 31 00 12 - 0D 04 0C FF FF 11 00 01   ..GSI1..........
000007E0 : 47 53 49 32 00 12 0E 04 - 0C FF FF 11 00 0A 02 47   GSI2...........G
000007F0 : 53 49 33 00 12 0E 04 0C - FF FF 11 00 0A 03 47 53   SI3...........GS
00000800 : 49 30 00 12 0D 04 0C FF - FF 12 00 00 47 53 49 32   I0..........GSI2
00000810 : 00 12 0D 04 0C FF FF 12 - 00 01 47 53 49 33 00 12   ..........GSI3..
00000820 : 0E 04 0C FF FF 12 00 0A - 02 47 53 49 30 00 12 0E   .........GSI0...
00000830 : 04 0C FF FF 12 00 0A 03 - 47 53 49 31 00 12 0D 04   ........GSI1....
00000840 : 0C FF FF 13 00 00 47 53 - 49 33 00 12 0D 04 0C FF   ......GSI3......
00000850 : FF 13 00 01 47 53 49 30 - 00 12 0E 04 0C FF FF 13   ....GSI0........
00000860 : 00 0A 02 47 53 49 31 00 - 12 0E 04 0C FF FF 13 00   ...GSI1.........
00000870 : 0A 03 47 53 49 32 00 12 - 0D 04 0C FF FF 14 00 00   ..GSI2..........
00000880 : 47 53 49 30 00 12 0D 04 - 0C FF FF 14 00 01 47 53   GSI0..........GS
00000890 : 49 31 00 12 0E 04 0C FF - FF 14 00 0A 02 47 53 49   I1...........GSI
000008A0 : 32 00 12 0E 04 0C FF FF - 14 00 0A 03 47 53 49 33   2...........GSI3
000008B0 : 00 12 0D 04 0C FF FF 15 - 00 00 47 53 49 31 00 12   ..........GSI1..
000008C0 : 0D 04 0C FF FF 15 00 01 - 47 53 49 32 00 12 0E 04   ........GSI2....
000008D0 : 0C FF FF 15 00 0A 02 47 - 53 49 33 00 12 0E 04 0C   .......GSI3.....
000008E0 : FF FF 15 00 0A 03 47 53 - 49 30 00 12 0D 04 0C FF   ......GSI0......
000008F0 : FF 16 00 00 47 53 49 32 - 00 12 0D 04 0C FF FF 16   ....GSI2........
00000900 : 00 01 47 53 49 33 00 12 - 0E 04 0C FF FF 16 00 0A   ..GSI3..........
00000910 : 02 47 53 49 30 00 12 0E - 04 0C FF FF 16 00 0A 03   .GSI0...........
00000920 : 47 53 49 31 00 12 0D 04 - 0C FF FF 17 00 00 47 53   GSI1..........GS
00000930 : 49 33 00 12 0D 04 0C FF - FF 17 00 01 47 53 49 30   I3..........GSI0
00000940 : 00 12 0E 04 0C FF FF 17 - 00 0A 02 47 53 49 31 00   ...........GSI1.
00000950 : 12 0E 04 0C FF FF 17 00 - 0A 03 47 53 49 32 00 12   ..........GSI2..
00000960 : 0D 04 0C FF FF 18 00 00 - 47 53 49 30 00 12 0D 04   ........GSI0....
00000970 : 0C FF FF 18 00 01 47 53 - 49 31 00 12 0E 04 0C FF   ......GSI1......
00000980 : FF 18 00 0A 02 47 53 49 - 32 00 12 0E 04 0C FF FF   .....GSI2.......
00000990 : 18 00 0A 03 47 53 49 33 - 00 12 0D 04 0C FF FF 19   ....GSI3........
000009A0 : 00 00 47 53 49 31 00 12 - 0D 04 0C FF FF 19 00 01   ..GSI1..........
000009B0 : 47 53 49 32 00 12 0E 04 - 0C FF FF 19 00 0A 02 47   GSI2...........G
000009C0 : 53 49 33 00 12 0E 04 0C - FF FF 19 00 0A 03 47 53   SI3...........GS
000009D0 : 49 30 00 12 0D 04 0C FF - FF 1A 00 00 47 53 49 32   I0..........GSI2
000009E0 : 00 12 0D 04 0C FF FF 1A - 00 01 47 53 49 33 00 12   ..........GSI3..
000009F0 : 0E 04 0C FF FF 1A 00 0A - 02 47 53 49 30 00 12 0E   .........GSI0...
00000A00 : 04 0C FF FF 1A 00 0A 03 - 47 53 49 31 00 12 0D 04   ........GSI1....
00000A10 : 0C FF FF 1B 00 00 47 53 - 49 33 00 12 0D 04 0C FF   ......GSI3......
00000A20 : FF 1B 00 01 47 53 49 30 - 00 12 0E 04 0C FF FF 1B   ....GSI0........
00000A30 : 00 0A 02 47 53 49 31 00 - 12 0E 04 0C FF FF 1B 00   ...GSI1.........
00000A40 : 0A 03 47 53 49 32 00 12 - 0D 04 0C FF FF 1C 00 00   ..GSI2..........
00000A50 : 47 53 49 30 00 12 0D 04 - 0C FF FF 1C 00 01 47 53   GSI0..........GS
00000A60 : 49 31 00 12 0E 04 0C FF - FF 1C 00 0A 02 47 53 49   I1...........GSI
00000A70 : 32 00 12 0E 04 0C FF FF - 1C 00 0A 03 47 53 49 33   2...........GSI3
00000A80 : 00 12 0D 04 0C FF FF 1D - 00 00 47 53 49 31 00 12   ..........GSI1..
00000A90 : 0D 04 0C FF FF 1D 00 01 - 47 53 49 32 00 12 0E 04   ........GSI2....
00000AA0 : 0C FF FF 1D 00 0A 02 47 - 53 49 33 00 12 0E 04 0C   .......GSI3.....
00000AB0 : FF FF 1D 00 0A 03 47 53 - 49 30 00 12 0D 04 0C FF   ......GSI0......
00000AC0 : FF 1E 00 00 47 53 49 32 - 00 12 0D 04 0C FF FF 1E   ....GSI2........
00000AD0 : 00 01 47 53 49 33 00 12 - 0E 04 0C FF FF 1E 00 0A   ..GSI3..........
00000AE0 : 02 47 53 49 30 00 12 0E - 04 0C FF FF 1E 00 0A 03   .GSI0...........
00000AF0 : 47 53 49 31 00 12 0D 04 - 0C FF FF 1F 00 00 47 53   GSI1..........GS
00000B00 : 49 33 00 12 0D 04 0C FF - FF 1F 00 01 47 53 49 30   I3..........GSI0
00000B10 : 00 12 0E 04 0C FF FF 1F - 00 0A 02 47 53 49 31 00   ...........GSI1.
00000B20 : 12 0E 04 0C FF FF 1F 00 - 0A 03 47 53 49 32 00 08   ..........GSI2..
00000B30 : 5F 43 52 53 11 48 07 0A - 74 88 0D 00 02 0C 00 00   _CRS.H..t.......
00000B40 : 00 00 00 FF 00 00 00 00 - 01 87 17 00 00 0C 03 00   ................
00000B50 : 00 00 00 00 00 00 80 FF - FF FF EF 00 00 00 00 00   ................
00000B60 : 00 00 70 8A 2B 00 00 0C - 03 00 00 00 00 00 00 00   ..p.+...........
00000B70 : 00 00 00 00 00 01 00 00 - 00 FF FF FF FF FF 00 00   ................
00000B80 : 00 00 00 00 00 00 00 00 - 00 00 00 00 00 FF 00 00   ................
00000B90 : 00 87 17 00 01 0C 13 00 - 00 00 00 00 00 00 00 FF   ................
00000BA0 : FF 00 00 00 00 FF 7F 00 - 00 01 00 79 00 5B 82 47   ...........y.[.G
00000BB0 : 05 52 45 53 30 08 5F 48 - 49 44 0D 50 4E 50 30 43   .RES0._HID.PNP0C
00000BC0 : 30 32 00 08 5F 43 52 53 - 11 33 0A 30 8A 2B 00 00   02.._CRS.3.0.+..
00000BD0 : 0C 01 00 00 00 00 00 00 - 00 00 00 00 00 F0 00 00   ................
00000BE0 : 00 00 FF FF FF FF 00 00 - 00 00 00 00 00 00 00 00   ................
00000BF0 : 00 00 00 00 00 10 00 00 - 00 00 79 00 14 09 5F 53   ..........y..._S
00000C00 : 54 41 00 A4 0A 0F 08 53 - 55 50 50 00 08 43 54 52   TA.....SUPP..CTR
00000C10 : 4C 00 14 4F 0A 5F 4F 53 - 43 04 A0 48 09 93 68 11   L..O._OSC..H..h.
00000C20 : 13 0A 10 5B 4D DB 33 F7 - 1F 1C 40 96 57 74 41 C0   ...[M.3...@.WtA.
00000C30 : 3D D7 66 8A 6B 00 43 44 - 57 31 8A 6B 0A 04 43 44   =.f.k.CDW1.k..CD
00000C40 : 57 32 8A 6B 0A 08 43 44 - 57 33 70 43 44 57 32 53   W2.k..CDW3pCDW2S
00000C50 : 55 50 50 70 43 44 57 33 - 43 54 52 4C A0 18 92 93   UPPpCDW3CTRL....
00000C60 : 7B 53 55 50 50 0A 16 00 - 0A 16 7B 43 54 52 4C 0A   {SUPP.....{CTRL.
00000C70 : 1E 43 54 52 4C 7B 43 54 - 52 4C 0A 1D 43 54 52 4C   .CTRL{CTRL..CTRL
00000C80 : A0 10 92 93 69 01 7D 43 - 44 57 31 0A 08 43 44 57   ....i.}CDW1..CDW
00000C90 : 31 A0 16 92 93 43 44 57 - 33 43 54 52 4C 7D 43 44   1....CDW3CTRL}CD
00000CA0 : 57 31 0A 10 43 44 57 31 - 70 43 54 52 4C 43 44 57   W1..CDW1pCTRLCDW
00000CB0 : 33 A4 6B A1 0E 7D 43 44 - 57 31 0A 04 43 44 57 31   3.k..}CDW1..CDW1
00000CC0 : A4 6B                                               .k

Table Checksum : OK

ACPI Table Header                    :
  Signature                          : DSDT
  Length                             : 3266
  Revision                           : 2
  Checksum                           : 0x2B
  Oem ID                             : LINARO
  Oem Table ID                       : SBSAQEMU
  Oem Revision                       : 0x20240625
  Creator ID                         : INTL
  Creator Revision                   : 0x20220331


 --------------- DBG2 Table --------------- 

Address  : 0x101F86DFB18
Length   : 92
  
00000000 : 44 42 47 32 5C 00 00 00 - 00 6B 4C 49 4E 41 52 4F   DBG2\....kLINARO
00000010 : 53 42 53 41 51 45 4D 55 - 25 06 24 20 4C 4E 52 4F   SBSAQEMU%.$ LNRO
00000020 : 01 00 00 00 2C 00 00 00 - 01 00 00 00 00 30 00 01   ....,........0..
00000030 : 0A 00 26 00 00 00 00 00 - 00 80 03 00 00 00 16 00   ..&.............
00000040 : 22 00 00 20 00 03 00 00 - 00 60 00 00 00 00 00 10   ".. .....`......
00000050 : 00 00 5C 5F 53 42 2E 43 - 4F 4D 30 00               ..\_SB.COM0.

Table Checksum : OK

DBG2                                 :
  Signature                          : DBG2
  Length                             : 92
  Revision                           : 0
  Checksum                           : 0x6B
  Oem ID                             : LINARO
  Oem Table ID                       : SBSAQEMU
  Oem Revision                       : 0x20240625
  Creator ID                         : LNRO
  Creator Revision                   : 0x1
  OffsetDbgDeviceInfo                : 0x2C
  NumberDbgDeviceInfo                : 1
  Debug Device Info                  :
    Revision                         : 0x0
    Length                           : 48
    Generic Address Registers Count  : 0x1
    NameSpace String Length          : 10
    NameSpace String Offset          : 0x26
    OEM Data Length                  : 0
    OEM Data Offset                  : 0x0
    Port Type                        : 0x8000
    Port SubType                     : 0x3
    Reserved                         : 0
    Base Address Register Offset     : 0x16
    Address Size Offset              : 0x22
    BaseAddressRegister              : 
      Address Space ID               : 0x0
      Register Bit Width             : 0x20
      Register Bit Offset            : 0x0
      Access Size                    : 0x3
      Address                        : 0x60000000
    Address Size                     : 0x1000
    NameSpace String                 : \_SB.COM0 


 --------------- MCFG Table --------------- 

Address  : 0x101F86DFE98
Length   : 60
  
00000000 : 4D 43 46 47 3C 00 00 00 - 01 E6 4C 49 4E 41 52 4F   MCFG<.....LINARO
00000010 : 53 42 53 41 51 45 4D 55 - 25 06 24 20 4C 4E 52 4F   SBSAQEMU%.$ LNRO
00000020 : 01 00 00 00 00 00 00 00 - 00 00 00 00 00 00 00 F0   ................
00000030 : 00 00 00 00 00 00 00 FF - 00 00 00 00               ............

Table Checksum : OK

MCFG                                 :
  Signature                          : MCFG
  Length                             : 60
  Revision                           : 1
  Checksum                           : 0xE6
  Oem ID                             : LINARO
  Oem Table ID                       : SBSAQEMU
  Oem Revision                       : 0x20240625
  Creator ID                         : LNRO
  Creator Revision                   : 0x1
  Reserved                           : 0x0
  PCI Configuration Space            :
    Base Address                     : 0xF0000000
    PCI Segment Group No.            : 0x0
    Start Bus No.                    : 0x0
    End Bus No.                      : 0xFF
    Reserved                         : 0x0


 --------------- SPCR Table --------------- 

Address  : 0x101F86DFD98
Length   : 80
  
00000000 : 53 50 43 52 50 00 00 00 - 02 EF 4C 49 4E 41 52 4F   SPCRP.....LINARO
00000010 : 53 42 53 41 51 45 4D 55 - 25 06 24 20 4C 4E 52 4F   SBSAQEMU%.$ LNRO
00000020 : 01 00 00 00 03 00 00 00 - 00 20 00 03 00 00 00 60   ......... .....`
00000030 : 00 00 00 00 08 00 21 00 - 00 00 07 00 01 00 03 00   ......!.........
00000040 : FF FF FF FF 00 00 00 00 - 00 00 00 00 00 00 00 00   ................

Table Checksum : OK

SPCR                                 :
  Signature                          : SPCR
  Length                             : 80
  Revision                           : 2
  Checksum                           : 0xEF
  Oem ID                             : LINARO
  Oem Table ID                       : SBSAQEMU
  Oem Revision                       : 0x20240625
  Creator ID                         : LNRO
  Creator Revision                   : 0x1
  Interface Type                     : 3
  Reserved                           : 0 0 0
  Base Address                       : 
    Address Space ID                 : 0x0
    Register Bit Width               : 0x20
    Register Bit Offset              : 0x0
    Access Size                      : 0x3
    Address                          : 0x60000000

  Interrupt Type                     : 8
  IRQ                                : 0
  Global System Interrupt            : 0x21
  Baud Rate                          : 7
  Parity                             : 0
  Stop Bits                          : 1
  Flow Control                       : 0x0
  Terminal Type                      : 3
  Reserved                           : 0
  PCI Device ID                      : 0xFFFF
  PCI Vendor ID                      : 0xFFFF
  PCI Bus Number                     : 0x0
  PCI Device Number                  : 0x0
  PCI Function Number                : 0x0
  PCI Flags                          : 0x0
  PCI Segment                        : 0x0
  Reserved                           : 0


 --------------- IORT Table --------------- 

Address  : 0x101F86DF098
Length   : 220
  
00000000 : 49 4F 52 54 DC 00 00 00 - 06 AB 4C 49 4E 41 52 4F   IORT......LINARO
00000010 : 53 42 53 41 51 45 4D 55 - 25 06 24 20 4C 4E 52 4F   SBSAQEMU%.$ LNRO
00000020 : 01 00 00 00 03 00 00 00 - 30 00 00 00 00 00 00 00   ........0.......
00000030 : 00 18 00 00 00 00 00 00 - 00 00 00 00 00 00 00 00   ................
00000040 : 01 00 00 00 00 00 00 00 - 04 58 00 05 00 00 00 00   .........X......
00000050 : 01 00 00 00 44 00 00 00 - 00 00 05 60 00 00 00 00   ....D......`....
00000060 : 01 00 00 00 00 00 00 00 - 00 00 00 00 00 00 00 00   ................
00000070 : 00 00 00 00 4A 00 00 00 - 4B 00 00 00 4D 00 00 00   ....J...K...M...
00000080 : 4C 00 00 00 00 00 00 00 - 01 00 00 00 00 00 00 00   L...............
00000090 : FF FF 00 00 00 00 00 00 - 30 00 00 00 00 00 00 00   ........0.......
000000A0 : 02 3C 00 00 00 00 00 00 - 01 00 00 00 28 00 00 00   .<..........(...
000000B0 : 01 00 00 00 00 00 00 01 - 00 00 00 00 00 00 00 00   ................
000000C0 : 00 00 00 00 00 00 00 00 - 00 00 00 00 FF FF 00 00   ................
000000D0 : 00 00 00 00 48 00 00 00 - 00 00 00 00               ....H.......

Table Checksum : OK

IORT                                 :
  Signature                          : IORT
  Length                             : 220
  Revision                           : 6
  Checksum                           : 0xAB
  Oem ID                             : LINARO
  Oem Table ID                       : SBSAQEMU
  Oem Revision                       : 0x20240625
  Creator ID                         : LNRO
  Creator Revision                   : 0x1
  Number of IORT Nodes               : 3
  Offset to Array of IORT Nodes      : 0x30
  Reserved                           : 0x0
  * Node Offset *                    : 0x30
  ITS Node                           :
    Type                             : 0
    Length                           : 24
    Revision                         : 0
    Identifier                       : 0x0
    Number of ID mappings            : 0
    Reference to ID Array            : 0x0
    Number of ITSs                   : 1
    GIC ITS Identifier Array [0]     :
      GIC ITS Identifier             : 0
  * Node Offset *                    : 0x48
  SMMUV3 Node                        :
    Type                             : 4
    Length                           : 88
    Revision                         : 5
    Identifier                       : 0x0
    Number of ID mappings            : 1
    Reference to ID Array            : 0x44
    Base Address                     : 0x60050000
    Flags                            : 0x1
    Reserved                         : 0x0
    VATOS Address                    : 0x0
    Model                            : 0
    Event                            : 0x4A
    PRI                              : 0x4B
    GERR                             : 0x4D
    Sync                             : 0x4C
    Proximity domain                 : 0x0
    Device ID mapping index          : 1
    ID Mapping [0]                   :
      Input base                     : 0x0
      Number of IDs                  : 0xFFFF
      Output base                    : 0x0
      Output reference               : 0x30
      Flags                          : 0x0
  * Node Offset *                    : 0xA0
  Root Complex Node                  :
    Type                             : 2
    Length                           : 60
    Revision                         : 0
    Identifier                       : 0x0
    Number of ID mappings            : 1
    Reference to ID Array            : 0x28
    Memory access properties         : 0x100000000000001
    ATS Attribute                    : 0x0
    PCI Segment number               : 0x0
    Memory access size limit         : 0x0
    PASID capabilities               : 0x0
    Reserved                         : 0
    Flags                            : 0x0
    ID Mapping [0]                   :
      Input base                     : 0x0
      Number of IDs                  : 0xFFFF
      Output base                    : 0x0
      Output reference               : 0x48
      Flags                          : 0x0


 --------------- APIC Table --------------- 

Address  : 0x101F86DF898
Length   : 424
  
00000000 : 41 50 49 43 A8 01 00 00 - 04 67 4C 49 4E 41 52 4F   APIC.....gLINARO
00000010 : 53 42 53 41 51 45 4D 55 - 25 06 24 20 4C 4E 52 4F   SBSAQEMU%.$ LNRO
00000020 : 01 00 00 00 00 00 00 00 - 00 00 00 00 0B 50 00 00   .............P..
00000030 : 00 00 00 00 00 00 00 00 - 01 00 00 00 00 00 00 00   ................
00000040 : 17 00 00 00 00 00 00 00 - 00 00 00 00 00 00 00 00   ................
00000050 : 00 00 00 00 00 00 02 2C - 00 00 00 00 00 00 01 2C   .......,.......,
00000060 : 00 00 00 00 19 00 00 00 - 00 00 00 00 00 00 00 00   ................
00000070 : 00 00 00 00 00 00 00 00 - 00 00 00 00 0B 50 00 00   .............P..
00000080 : 00 00 00 00 01 00 00 00 - 01 00 00 00 00 00 00 00   ................
00000090 : 17 00 00 00 00 00 00 00 - 00 00 00 00 00 00 00 00   ................
000000A0 : 00 00 00 00 00 00 02 2C - 00 00 00 00 00 00 01 2C   .......,.......,
000000B0 : 00 00 00 00 19 00 00 00 - 00 00 00 00 00 00 00 00   ................
000000C0 : 01 00 00 00 00 00 00 00 - 00 00 00 00 0B 50 00 00   .............P..
000000D0 : 00 00 00 00 02 00 00 00 - 01 00 00 00 00 00 00 00   ................
000000E0 : 17 00 00 00 00 00 00 00 - 00 00 00 00 00 00 00 00   ................
000000F0 : 00 00 00 00 00 00 02 2C - 00 00 00 00 00 00 01 2C   .......,.......,
00000100 : 00 00 00 00 19 00 00 00 - 00 00 00 00 00 00 00 00   ................
00000110 : 02 00 00 00 00 00 00 00 - 00 00 00 00 0B 50 00 00   .............P..
00000120 : 00 00 00 00 03 00 00 00 - 01 00 00 00 00 00 00 00   ................
00000130 : 17 00 00 00 00 00 00 00 - 00 00 00 00 00 00 00 00   ................
00000140 : 00 00 00 00 00 00 02 2C - 00 00 00 00 00 00 01 2C   .......,.......,
00000150 : 00 00 00 00 19 00 00 00 - 00 00 00 00 00 00 00 00   ................
00000160 : 03 00 00 00 00 00 00 00 - 00 00 00 00 0C 18 00 00   ................
00000170 : 00 00 00 00 00 00 06 40 - 00 00 00 00 00 00 00 00   .......@........
00000180 : 03 00 00 00 0E 10 00 00 - 00 00 08 40 00 00 00 00   ...........@....
00000190 : 00 00 00 04 0F 14 00 00 - 00 00 00 00 00 10 08 44   ...............D
000001A0 : 00 00 00 00 00 00 00 00                             ........

Table Checksum : OK

MADT                                 :
  Signature                          : APIC
  Length                             : 424
  Revision                           : 4
  Checksum                           : 0x67
  Oem ID                             : LINARO
  Oem Table ID                       : SBSAQEMU
  Oem Revision                       : 0x20240625
  Creator ID                         : LNRO
  Creator Revision                   : 0x1
  Local Interrupt Controller Address : 0x0
  Flags                              : 0x0
  GICC                               :
    Type                             : 0xB
    Length                           : 80
    Reserved                         : 0x0
    CPU Interface Number             : 0x0
    ACPI Processor UID               : 0x0
    Flags                            : 0x1
      Enabled                        : 1
      Performance Inter. Mode        : Edge Triggered
      VGIC Maintenance Inter. Mode   : Edge Triggered
      Online Capable                 : 0
      Reserved                       : 0

    Parking Protocol Version         : 0x0
    Performance Interrupt GSIV       : 0x17
    Parked Address                   : 0x0
    Physical Base Address            : 0x0
    GICV                             : 0x2C020000
    GICH                             : 0x2C010000
    VGIC Maintenance interrupt       : 0x19
    GICR Base Address                : 0x0
    MPIDR                            : 0x0
    Processor Power Efficiency Class : 0x0
    Reserved                         : 0x0
    SPE overflow Interrupt           : 0x0
  GICC                               :
    Type                             : 0xB
    Length                           : 80
    Reserved                         : 0x0
    CPU Interface Number             : 0x0
    ACPI Processor UID               : 0x1
    Flags                            : 0x1
      Enabled                        : 1
      Performance Inter. Mode        : Edge Triggered
      VGIC Maintenance Inter. Mode   : Edge Triggered
      Online Capable                 : 0
      Reserved                       : 0

    Parking Protocol Version         : 0x0
    Performance Interrupt GSIV       : 0x17
    Parked Address                   : 0x0
    Physical Base Address            : 0x0
    GICV                             : 0x2C020000
    GICH                             : 0x2C010000
    VGIC Maintenance interrupt       : 0x19
    GICR Base Address                : 0x0
    MPIDR                            : 0x1
    Processor Power Efficiency Class : 0x0
    Reserved                         : 0x0
    SPE overflow Interrupt           : 0x0
  GICC                               :
    Type                             : 0xB
    Length                           : 80
    Reserved                         : 0x0
    CPU Interface Number             : 0x0
    ACPI Processor UID               : 0x2
    Flags                            : 0x1
      Enabled                        : 1
      Performance Inter. Mode        : Edge Triggered
      VGIC Maintenance Inter. Mode   : Edge Triggered
      Online Capable                 : 0
      Reserved                       : 0

    Parking Protocol Version         : 0x0
    Performance Interrupt GSIV       : 0x17
    Parked Address                   : 0x0
    Physical Base Address            : 0x0
    GICV                             : 0x2C020000
    GICH                             : 0x2C010000
    VGIC Maintenance interrupt       : 0x19
    GICR Base Address                : 0x0
    MPIDR                            : 0x2
    Processor Power Efficiency Class : 0x0
    Reserved                         : 0x0
    SPE overflow Interrupt           : 0x0
  GICC                               :
    Type                             : 0xB
    Length                           : 80
    Reserved                         : 0x0
    CPU Interface Number             : 0x0
    ACPI Processor UID               : 0x3
    Flags                            : 0x1
      Enabled                        : 1
      Performance Inter. Mode        : Edge Triggered
      VGIC Maintenance Inter. Mode   : Edge Triggered
      Online Capable                 : 0
      Reserved                       : 0

    Parking Protocol Version         : 0x0
    Performance Interrupt GSIV       : 0x17
    Parked Address                   : 0x0
    Physical Base Address            : 0x0
    GICV                             : 0x2C020000
    GICH                             : 0x2C010000
    VGIC Maintenance interrupt       : 0x19
    GICR Base Address                : 0x0
    MPIDR                            : 0x3
    Processor Power Efficiency Class : 0x0
    Reserved                         : 0x0
    SPE overflow Interrupt           : 0x0
  GICD                               :
    Type                             : 0xC
    Length                           : 24
    Reserved                         : 0x0
    GIC ID                           : 0x0
    Physical Base Address            : 0x40060000
    System Vector Base               : 0x0
    GIC Version                      : 3
    Reserved                         : 0 0 0
  GICR                               :
    Type                             : 0xE
    Length                           : 16
    Reserved                         : 0x0
    Discovery Range Base Address     : 0x40080000
    Discovery Range Length           : 0x4000000
  GIC ITS                            :
    Type                             : 0xF
    Length                           : 20
    Reserved                         : 0x0
    GIC ITS ID                       : 0x0
    Physical Base Address            : 0x44081000
    Reserved                         : 0x0


 --------------- SSDT Table --------------- 

Address  : 0x101F86DF218
Length   : 163
  
00000000 : 53 53 44 54 A3 00 00 00 - 02 54 4C 49 4E 41 52 4F   SSDT.....TLINARO
00000010 : 53 42 53 41 51 45 4D 55 - 25 06 24 20 4C 4E 52 4F   SBSAQEMU%.$ LNRO
00000020 : 01 00 00 00 10 4E 07 5F - 53 42 5F 5B 82 1C 43 30   .....N._SB_[..C0
00000030 : 30 30 08 5F 48 49 44 0D - 41 43 50 49 30 30 30 37   00._HID.ACPI0007
00000040 : 00 08 5F 55 49 44 0B 00 - 00 5B 82 1C 43 30 30 31   .._UID...[..C001
00000050 : 08 5F 48 49 44 0D 41 43 - 50 49 30 30 30 37 00 08   ._HID.ACPI0007..
00000060 : 5F 55 49 44 0B 01 00 5B - 82 1C 43 30 30 32 08 5F   _UID...[..C002._
00000070 : 48 49 44 0D 41 43 50 49 - 30 30 30 37 00 08 5F 55   HID.ACPI0007.._U
00000080 : 49 44 0B 02 00 5B 82 1C - 43 30 30 33 08 5F 48 49   ID...[..C003._HI
00000090 : 44 0D 41 43 50 49 30 30 - 30 37 00 08 5F 55 49 44   D.ACPI0007.._UID
000000A0 : 0B 03 00                                            ...

Table Checksum : OK

ACPI Table Header                    :
  Signature                          : SSDT
  Length                             : 163
  Revision                           : 2
  Checksum                           : 0x54
  Oem ID                             : LINARO
  Oem Table ID                       : SBSAQEMU
  Oem Revision                       : 0x20240625
  Creator ID                         : LNRO
  Creator Revision                   : 0x1


 --------------- PPTT Table --------------- 

Address  : 0x101F86DF318
Length   : 524
  
00000000 : 50 50 54 54 0C 02 00 00 - 03 DB 4C 49 4E 41 52 4F   PPTT......LINARO
00000010 : 53 42 53 41 51 45 4D 55 - 25 06 24 20 4C 4E 52 4F   SBSAQEMU%.$ LNRO
00000020 : 01 00 00 00 00 14 00 00 - 11 00 00 00 00 00 00 00   ................
00000030 : 00 00 00 00 00 00 00 00 - 00 14 00 00 10 00 00 00   ................
00000040 : 24 00 00 00 00 00 00 00 - 00 00 00 00 00 1C 00 00   $...............
00000050 : 1A 00 00 00 38 00 00 00 - 00 00 00 00 02 00 00 00   ....8...........
00000060 : 68 00 00 00 84 00 00 00 - 01 1C 00 00 FF 00 00 00   h...............
00000070 : A0 00 00 00 00 80 00 00 - 80 00 00 00 04 02 40 00   ..............@.
00000080 : 01 00 00 00 01 1C 00 00 - FF 00 00 00 A0 00 00 00   ................
00000090 : 00 C0 00 00 00 01 00 00 - 03 04 40 00 02 00 00 00   ..........@.....
000000A0 : 01 1C 00 00 FF 00 00 00 - 00 00 00 00 00 00 10 00   ................
000000B0 : 00 04 00 00 10 0A 40 00 - 03 00 00 00 00 1C 00 00   ......@.........
000000C0 : 1A 00 00 00 38 00 00 00 - 01 00 00 00 02 00 00 00   ....8...........
000000D0 : D8 00 00 00 F4 00 00 00 - 01 1C 00 00 FF 00 00 00   ................
000000E0 : 10 01 00 00 00 80 00 00 - 80 00 00 00 04 02 40 00   ..............@.
000000F0 : 04 00 00 00 01 1C 00 00 - FF 00 00 00 10 01 00 00   ................
00000100 : 00 C0 00 00 00 01 00 00 - 03 04 40 00 05 00 00 00   ..........@.....
00000110 : 01 1C 00 00 FF 00 00 00 - 00 00 00 00 00 00 10 00   ................
00000120 : 00 04 00 00 10 0A 40 00 - 06 00 00 00 00 1C 00 00   ......@.........
00000130 : 1A 00 00 00 38 00 00 00 - 02 00 00 00 02 00 00 00   ....8...........
00000140 : 48 01 00 00 64 01 00 00 - 01 1C 00 00 FF 00 00 00   H...d...........
00000150 : 80 01 00 00 00 80 00 00 - 80 00 00 00 04 02 40 00   ..............@.
00000160 : 07 00 00 00 01 1C 00 00 - FF 00 00 00 80 01 00 00   ................
00000170 : 00 C0 00 00 00 01 00 00 - 03 04 40 00 08 00 00 00   ..........@.....
00000180 : 01 1C 00 00 FF 00 00 00 - 00 00 00 00 00 00 10 00   ................
00000190 : 00 04 00 00 10 0A 40 00 - 09 00 00 00 00 1C 00 00   ......@.........
000001A0 : 1A 00 00 00 38 00 00 00 - 03 00 00 00 02 00 00 00   ....8...........
000001B0 : B8 01 00 00 D4 01 00 00 - 01 1C 00 00 FF 00 00 00   ................
000001C0 : F0 01 00 00 00 80 00 00 - 80 00 00 00 04 02 40 00   ..............@.
000001D0 : 0A 00 00 00 01 1C 00 00 - FF 00 00 00 F0 01 00 00   ................
000001E0 : 00 C0 00 00 00 01 00 00 - 03 04 40 00 0B 00 00 00   ..........@.....
000001F0 : 01 1C 00 00 FF 00 00 00 - 00 00 00 00 00 00 10 00   ................
00000200 : 00 04 00 00 10 0A 40 00 - 0C 00 00 00               ......@.....

Table Checksum : OK

PPTT                                 :
  Signature                          : PPTT
  Length                             : 524
  Revision                           : 3
  Checksum                           : 0xDB
  Oem ID                             : LINARO
  Oem Table ID                       : SBSAQEMU
  Oem Revision                       : 0x20240625
  Creator ID                         : LNRO
  Creator Revision                   : 0x1
  * Structure Offset *               : 0x24
  Processor Hierarchy Node Structure :
    Type                             : 0x0
    Length                           : 20
    Reserved                         : 0x0
    Flags                            : 0x11
    Parent                           : 0x0
    ACPI Processor ID                : 0x0
    Number of private resources      : 0
  * Structure Offset *               : 0x38
  Processor Hierarchy Node Structure :
    Type                             : 0x0
    Length                           : 20
    Reserved                         : 0x0
    Flags                            : 0x10
    Parent                           : 0x24
    ACPI Processor ID                : 0x0
    Number of private resources      : 0
  * Structure Offset *               : 0x4C
  Processor Hierarchy Node Structure :
    Type                             : 0x0
    Length                           : 28
    Reserved                         : 0x0
    Flags                            : 0x1A
    Parent                           : 0x38
    ACPI Processor ID                : 0x0
    Number of private resources      : 2
    Private resources [0]            : 0x68
    Private resources [1]            : 0x84
  * Structure Offset *               : 0x68
  Cache Type Structure               :
    Type                             : 0x1
    Length                           : 28
    Reserved                         : 0x0
    Flags                            : 0xFF
    Next Level of Cache              : 0xA0
    Size                             : 0x8000
    Number of sets                   : 128
    Associativity                    : 4
    Attributes                       : 0x2
    Line size                        : 64
    Cache ID                         : 1
  * Structure Offset *               : 0x84
  Cache Type Structure               :
    Type                             : 0x1
    Length                           : 28
    Reserved                         : 0x0
    Flags                            : 0xFF
    Next Level of Cache              : 0xA0
    Size                             : 0xC000
    Number of sets                   : 256
    Associativity                    : 3
    Attributes                       : 0x4
    Line size                        : 64
    Cache ID                         : 2
  * Structure Offset *               : 0xA0
  Cache Type Structure               :
    Type                             : 0x1
    Length                           : 28
    Reserved                         : 0x0
    Flags                            : 0xFF
    Next Level of Cache              : 0x0
    Size                             : 0x100000
    Number of sets                   : 1024
    Associativity                    : 16
    Attributes                       : 0xA
    Line size                        : 64
    Cache ID                         : 3
  * Structure Offset *               : 0xBC
  Processor Hierarchy Node Structure :
    Type                             : 0x0
    Length                           : 28
    Reserved                         : 0x0
    Flags                            : 0x1A
    Parent                           : 0x38
    ACPI Processor ID                : 0x1
    Number of private resources      : 2
    Private resources [0]            : 0xD8
    Private resources [1]            : 0xF4
  * Structure Offset *               : 0xD8
  Cache Type Structure               :
    Type                             : 0x1
    Length                           : 28
    Reserved                         : 0x0
    Flags                            : 0xFF
    Next Level of Cache              : 0x110
    Size                             : 0x8000
    Number of sets                   : 128
    Associativity                    : 4
    Attributes                       : 0x2
    Line size                        : 64
    Cache ID                         : 4
  * Structure Offset *               : 0xF4
  Cache Type Structure               :
    Type                             : 0x1
    Length                           : 28
    Reserved                         : 0x0
    Flags                            : 0xFF
    Next Level of Cache              : 0x110
    Size                             : 0xC000
    Number of sets                   : 256
    Associativity                    : 3
    Attributes                       : 0x4
    Line size                        : 64
    Cache ID                         : 5
  * Structure Offset *               : 0x110
  Cache Type Structure               :
    Type                             : 0x1
    Length                           : 28
    Reserved                         : 0x0
    Flags                            : 0xFF
    Next Level of Cache              : 0x0
    Size                             : 0x100000
    Number of sets                   : 1024
    Associativity                    : 16
    Attributes                       : 0xA
    Line size                        : 64
    Cache ID                         : 6
  * Structure Offset *               : 0x12C
  Processor Hierarchy Node Structure :
    Type                             : 0x0
    Length                           : 28
    Reserved                         : 0x0
    Flags                            : 0x1A
    Parent                           : 0x38
    ACPI Processor ID                : 0x2
    Number of private resources      : 2
    Private resources [0]            : 0x148
    Private resources [1]            : 0x164
  * Structure Offset *               : 0x148
  Cache Type Structure               :
    Type                             : 0x1
    Length                           : 28
    Reserved                         : 0x0
    Flags                            : 0xFF
    Next Level of Cache              : 0x180
    Size                             : 0x8000
    Number of sets                   : 128
    Associativity                    : 4
    Attributes                       : 0x2
    Line size                        : 64
    Cache ID                         : 7
  * Structure Offset *               : 0x164
  Cache Type Structure               :
    Type                             : 0x1
    Length                           : 28
    Reserved                         : 0x0
    Flags                            : 0xFF
    Next Level of Cache              : 0x180
    Size                             : 0xC000
    Number of sets                   : 256
    Associativity                    : 3
    Attributes                       : 0x4
    Line size                        : 64
    Cache ID                         : 8
  * Structure Offset *               : 0x180
  Cache Type Structure               :
    Type                             : 0x1
    Length                           : 28
    Reserved                         : 0x0
    Flags                            : 0xFF
    Next Level of Cache              : 0x0
    Size                             : 0x100000
    Number of sets                   : 1024
    Associativity                    : 16
    Attributes                       : 0xA
    Line size                        : 64
    Cache ID                         : 9
  * Structure Offset *               : 0x19C
  Processor Hierarchy Node Structure :
    Type                             : 0x0
    Length                           : 28
    Reserved                         : 0x0
    Flags                            : 0x1A
    Parent                           : 0x38
    ACPI Processor ID                : 0x3
    Number of private resources      : 2
    Private resources [0]            : 0x1B8
    Private resources [1]            : 0x1D4
  * Structure Offset *               : 0x1B8
  Cache Type Structure               :
    Type                             : 0x1
    Length                           : 28
    Reserved                         : 0x0
    Flags                            : 0xFF
    Next Level of Cache              : 0x1F0
    Size                             : 0x8000
    Number of sets                   : 128
    Associativity                    : 4
    Attributes                       : 0x2
    Line size                        : 64
    Cache ID                         : 10
  * Structure Offset *               : 0x1D4
  Cache Type Structure               :
    Type                             : 0x1
    Length                           : 28
    Reserved                         : 0x0
    Flags                            : 0xFF
    Next Level of Cache              : 0x1F0
    Size                             : 0xC000
    Number of sets                   : 256
    Associativity                    : 3
    Attributes                       : 0x4
    Line size                        : 64
    Cache ID                         : 11
  * Structure Offset *               : 0x1F0
  Cache Type Structure               :
    Type                             : 0x1
    Length                           : 28
    Reserved                         : 0x0
    Flags                            : 0xFF
    Next Level of Cache              : 0x0
    Size                             : 0x100000
    Number of sets                   : 1024
    Associativity                    : 16
    Attributes                       : 0xA
    Line size                        : 64
    Cache ID                         : 12


 --------------- GTDT Table --------------- 

Address  : 0x101F86DF598
Length   : 132
  
00000000 : 47 54 44 54 84 00 00 00 - 03 95 4C 49 4E 41 52 4F   GTDT......LINARO
00000010 : 53 42 53 41 51 45 4D 55 - 25 06 24 20 4C 4E 52 4F   SBSAQEMU%.$ LNRO
00000020 : 01 00 00 00 FF FF FF FF - FF FF FF FF 00 00 00 00   ................
00000030 : 1D 00 00 00 06 00 00 00 - 1E 00 00 00 06 00 00 00   ................
00000040 : 1B 00 00 00 06 00 00 00 - 1A 00 00 00 06 00 00 00   ................
00000050 : FF FF FF FF FF FF FF FF - 01 00 00 00 68 00 00 00   ............h...
00000060 : 00 00 00 00 00 00 00 00 - 01 1C 00 00 00 00 01 50   ...............P
00000070 : 00 00 00 00 00 10 01 50 - 00 00 00 00 30 00 00 00   .......P....0...
00000080 : 00 00 00 00                                         ....

Table Checksum : OK

GTDT                                 :
  Signature                          : GTDT
  Length                             : 132
  Revision                           : 3
  Checksum                           : 0x95
  Oem ID                             : LINARO
  Oem Table ID                       : SBSAQEMU
  Oem Revision                       : 0x20240625
  Creator ID                         : LNRO
  Creator Revision                   : 0x1
  CntControlBase Physical Address    : 0xFFFFFFFFFFFFFFFF
  Reserved                           : 0x0
  Secure EL1 timer GSIV              : 0x1D
  Secure EL1 timer FLAGS             : 0x6
  Non-Secure EL1 timer GSIV          : 0x1E
  Non-Secure EL1 timer FLAGS         : 0x6
  Virtual timer GSIV                 : 0x1B
  Virtual timer FLAGS                : 0x6
  Non-Secure EL2 timer GSIV          : 0x1A
  Non-Secure EL2 timer FLAGS         : 0x6
  CntReadBase Physical address       : 0xFFFFFFFFFFFFFFFF
  Platform Timer Count               : 1
  Platform Timer Offset              : 0x68
  Virtual EL2 Timer GSIV             : 0x0
  Virtual EL2 Timer Flags            : 0x0
  Arm Generic Watchdog               :
    Type                             : 1
    Length                           : 28
    Reserved                         : 0
    RefreshFrame Physical address    : 0x50010000
    ControlFrame Physical address    : 0x50011000
    Watchdog Timer GSIV              : 0x30
    Watchdog Timer Flags             : 0x0


 --------------- BGRT Table --------------- 

Address  : 0x101F86DF698
Length   : 56
  
00000000 : 42 47 52 54 38 00 00 00 - 01 16 4C 49 4E 41 52 4F   BGRT8.....LINARO
00000010 : 53 42 53 41 51 45 4D 55 - 25 06 24 20 4C 4E 52 4F   SBSAQEMU%.$ LNRO
00000020 : 01 00 00 00 01 00 01 00 - 18 30 D6 FA 01 01 00 00   .........0......
00000030 : 1F 02 00 00 73 01 00 00                             ....s...

Table Checksum : OK

BGRT                                 :
  Signature                          : BGRT
  Length                             : 56
  Revision                           : 1
  Checksum                           : 0x16
  Oem ID                             : LINARO
  Oem Table ID                       : SBSAQEMU
  Oem Revision                       : 0x20240625
  Creator ID                         : LNRO
  Creator Revision                   : 0x1
  Version                            : 0x1
  Status                             : 0x1
  Image Type                         : 0x0
  Image Address                      : 0x101FAD63018
  Image Offset X                     : 543
  Image Offset Y                     : 371

Table Statistics:
	0 Error(s)
	0 Warning(s)
[1m[33m[40mShell> [0m[37m[40m              reset -c
