QEMU command line arguments:
-machine sbsa-ref
-m 4096
-smp 2
-cpu cortex-a57
-drive if=pflash,file=SBSA_FLASH0.fd,format=raw
-drive if=pflash,file=SBSA_FLASH1.fd,format=raw
-drive file=fat:rw:/home/marcin/devel/linaro/sbsa-qemu/sbsa-ref-status/disks/virtual/,format=raw
-usb
-device usb-kbd
-device usb-tablet
-nographic
-watchdog-action none
-no-reboot
-monitor telnet::45454,server,nowait
-serial stdio
-device pcie-root-port,id=root_port_for_switch1,chassis=1,slot=12
-device x3130-upstream,id=upstream_port1,bus=root_port_for_switch1
-device xio3130-downstream,id=downstream_port1,bus=upstream_port1,chassis=1,slot=20
-device ac97,bus=downstream_port1
-device pcie-root-port,id=root_port_for_nvme1,chassis=1,slot=1
-device nvme,serial=deadbeef,bus=root_port_for_nvme1
-device pcie-root-port,id=root_port_for_igb,chassis=1,slot=2
-device igb
-device pcie-root-port,id=root_port_for_xhci,chassis=1,slot=3
-device qemu-xhci
-device pcie-root-port,id=root_port_for_ac97,chassis=1,slot=97
-device ac97
-device pcie-root-port,id=root_port_for_pci,chassis=1
-device pcie-pci-bridge,id=pci,bus=root_port_for_pci
-device virtio-rng-pci,bus=pci,addr=8
-device pxb-pcie,id=pxb1,bus_nr=2
-device pcie-root-port,id=root_port_for_ahci,bus=pxb1,chassis=2,slot=1
-device ahci,bus=root_port_for_ahci

EFI startup script:
pci
acpiview
reset -c

NOTICE:  Booting Trusted Firmware
NOTICE:  BL1: v2.9(debug):v2.9.0-200-gcf26a2fc4-dirty
NOTICE:  BL1: Built : 15:54:31, Jun 20 2023
INFO:    BL1: RAM 0x3ffee000 - 0x3fffb000
WARNING: BL1: cortex_a57: CPU workaround for 813419 was missing!
WARNING: BL1: cortex_a57: CPU workaround for 817169 was missing!
INFO:    BL1: cortex_a57: CPU workaround for disable_ldnp_overread was applied
WARNING: BL1: cortex_a57: CPU workaround for 826974 was missing!
WARNING: BL1: cortex_a57: CPU workaround for 826977 was missing!
WARNING: BL1: cortex_a57: CPU workaround for 828024 was missing!
WARNING: BL1: cortex_a57: CPU workaround for 829520 was missing!
WARNING: BL1: cortex_a57: CPU workaround for 833471 was missing!
WARNING: BL1: cortex_a57: CPU workaround for 859972 was missing!
WARNING: BL1: cortex_a57: CPU workaround for 1319537 was missing!
INFO:    BL1: cortex_a57: CPU workaround for cve_2017_5715 was applied
INFO:    BL1: cortex_a57: CPU workaround for cve_2018_3639 was applied
INFO:    BL1: cortex_a57: CPU workaround for cve_2022_23960 was applied
INFO:    BL1: Loading BL2
INFO:    Loading image id=1 at address 0x3fcd1000
INFO:    Image id=1 loaded: 0x3fcd1000 - 0x3fcd9201
NOTICE:  BL1: Booting BL2
INFO:    Entry point address = 0x3fcd1000
INFO:    SPSR = 0x3c5
NOTICE:  BL2: v2.9(debug):v2.9.0-200-gcf26a2fc4-dirty
NOTICE:  BL2: Built : 15:54:31, Jun 20 2023
INFO:    BL2: Doing platform setup
INFO:    BL2: Loading image id 3
INFO:    Loading image id=3 at address 0x3fcee000
INFO:    Image id=3 loaded: 0x3fcee000 - 0x3fcfb0b9
INFO:    BL2: Skip loading image id 5
NOTICE:  BL1: Booting BL31
INFO:    Entry point address = 0x3fcee000
INFO:    SPSR = 0x3cd
INFO:    Platform version: 0.2
INFO:    GICD base = 0x40060000
INFO:    GICR base = 0x40080000
INFO:    GICI base = 0x44081000
NOTICE:  BL31: v2.9(debug):v2.9.0-200-gcf26a2fc4-dirty
NOTICE:  BL31: Built : 15:54:31, Jun 20 2023
INFO:    GICv3 without legacy support detected.
INFO:    ARM GICv3 driver initialized in EL3
INFO:    Maximum SPI INTID supported: 287
INFO:    BL31: Initializing runtime services
WARNING: BL31: cortex_a57: CPU workaround for 813419 was missing!
WARNING: BL31: cortex_a57: CPU workaround for 817169 was missing!
INFO:    BL31: cortex_a57: CPU workaround for disable_ldnp_overread was applied
WARNING: BL31: cortex_a57: CPU workaround for 826974 was missing!
WARNING: BL31: cortex_a57: CPU workaround for 826977 was missing!
WARNING: BL31: cortex_a57: CPU workaround for 828024 was missing!
WARNING: BL31: cortex_a57: CPU workaround for 829520 was missing!
WARNING: BL31: cortex_a57: CPU workaround for 833471 was missing!
WARNING: BL31: cortex_a57: CPU workaround for 859972 was missing!
WARNING: BL31: cortex_a57: CPU workaround for 1319537 was missing!
INFO:    BL31: cortex_a57: CPU workaround for cve_2017_5715 was applied
INFO:    BL31: cortex_a57: CPU workaround for cve_2018_3639 was applied
INFO:    BL31: cortex_a57: CPU workaround for cve_2022_23960 was applied
INFO:    BL31: Preparing for EL3 exit to normal world
INFO:    Entry point address = 0x10000000
INFO:    SPSR = 0x3c9
UEFI firmware (version 1.0 built at 16:00:18 on Jun 20 2023)
INFO:    Platform version requested
[2J[04D[=3h[2J[09D[2J[04DUEFI Interactive Shell v2.2
EDK II
UEFI v2.70 (EFI Development Kit II / SbsaQemu, 0x00010000)
[1m[33m[40mMapping table[0m[37m[40m
[1m[33m[40m      FS0:[0m[37m[40m [1m[37m[40mAlias(s):[0m[37m[40mHD0a65535a1:;BLK1:
          VenHw(0D51905B-B77E-452A-A2C0-ECA0CC8D514A,000010600000000000)/Sata(0x
0,0xFFFF,0x0)/HD(1,MBR,0xBE1AFDFA,0x3F,0xFBFC1)
[1m[33m[40m     BLK0:[0m[37m[40m [1m[37m[40mAlias(s):[0m[37m[40m
          VenHw(0D51905B-B77E-452A-A2C0-ECA0CC8D514A,000010600000000000)/Sata(0x
0,0xFFFF,0x0)
Press [1m[37m[40mESC[0m[37m[40m in 5 seconds to skip [1m[33m[40mstartup.nsh[0m[37m[40m or any other key to continue.[72DPress [1m[37m[40mESC[0m[37m[40m in 4 seconds to skip [1m[33m[40mstartup.nsh[0m[37m[40m or any other key to continue.[72DPress [1m[37m[40mESC[0m[37m[40m in 3 seconds to skip [1m[33m[40mstartup.nsh[0m[37m[40m or any other key to continue.[72DPress [1m[37m[40mESC[0m[37m[40m in 2 seconds to skip [1m[33m[40mstartup.nsh[0m[37m[40m or any other key to continue.[72DPress [1m[37m[40mESC[0m[37m[40m in 1 seconds to skip [1m[33m[40mstartup.nsh[0m[37m[40m or any other key to continue.
[1m[33m[40mShell> [0m[37m[40mpci
   Seg  Bus  Dev  Func
   ---  ---  ---  ----
    [1m[33m[40m00   00   00    00 ==> [0m[37m[40mBridge Device - Host/PCI bridge
             Vendor 1B36 Device 0008 Prog Interface 0
    [1m[33m[40m00   00   01    00 ==> [0m[37m[40mNetwork Controller - Ethernet controller
             Vendor 8086 Device 10D3 Prog Interface 0
    [1m[33m[40m00   00   02    00 ==> [0m[37m[40mDisplay Controller - Other display controller
             Vendor 1234 Device 1111 Prog Interface 0
    [1m[33m[40m00   00   03    00 ==> [0m[37m[40mBridge Device - PCI/PCI bridge
             Vendor 1B36 Device 000C Prog Interface 0
    [1m[33m[40m00   00   04    00 ==> [0m[37m[40mBridge Device - PCI/PCI bridge
             Vendor 1B36 Device 000C Prog Interface 0
    [1m[33m[40m00   00   05    00 ==> [0m[37m[40mBridge Device - PCI/PCI bridge
             Vendor 1B36 Device 000C Prog Interface 0
    [1m[33m[40m00   00   06    00 ==> [0m[37m[40mNetwork Controller - Ethernet controller
             Vendor 8086 Device 10C9 Prog Interface 0
    [1m[33m[40m00   00   07    00 ==> [0m[37m[40mBridge Device - PCI/PCI bridge
             Vendor 1B36 Device 000C Prog Interface 0
    [1m[33m[40m00   00   08    00 ==> [0m[37m[40mSerial Bus Controllers - USB
             Vendor 1B36 Device 000D Prog Interface 30
    [1m[33m[40m00   00   09    00 ==> [0m[37m[40mBridge Device - PCI/PCI bridge
             Vendor 1B36 Device 000C Prog Interface 0
    [1m[33m[40m00   00   0A    00 ==> [0m[37m[40mMultimedia Device - Audio device
             Vendor 8086 Device 2415 Prog Interface 0
    [1m[33m[40m00   00   0B    00 ==> [0m[37m[40mBridge Device - PCI/PCI bridge
             Vendor 1B36 Device 000C Prog Interface 0
    [1m[33m[40m00   00   0C    00 ==> [0m[37m[40mBridge Device - Host/PCI bridge
             Vendor 1B36 Device 000B Prog Interface 0
    [1m[33m[40m00   01   00    00 ==> [0m[37m[40mBridge Device - PCI/PCI bridge
             Vendor 104C Device 8232 Prog Interface 0
    [1m[33m[40m00   02   00    00 ==> [0m[37m[40mBridge Device - PCI/PCI bridge
             Vendor 1B36 Device 000C Prog Interface 0
    [1m[33m[40m00   03   00    00 ==> [0m[37m[40mMass Storage Controller - Serial ATA controller
             Vendor 8086 Device 2922 Prog Interface 1
    [1m[33m[40m00   04   00    00 ==> [0m[37m[40mMass Storage Controller - Non-volatile memory subsyst
em
             Vendor 1B36 Device 0010 Prog Interface 2
    [1m[33m[40m00   08   00    00 ==> [0m[37m[40mBridge Device - PCI/PCI bridge
             Vendor 1B36 Device 000E Prog Interface 0
    [1m[33m[40m00   09   08    00 ==> [0m[37m[40mPre 2.0 device - UNDEFINED
             Vendor 1AF4 Device 1005 Prog Interface 0
[1m[33m[40mShell> [0m[37m[40macpiview


 --------------- RSDP Table --------------- 

Address  : 0x100FC100018
Length   : 36
  
00000000 : 52 53 44 20 50 54 52 20 - 1A 4C 49 4E 41 52 4F 02   RSD PTR .LINARO.
00000010 : 00 00 00 00 24 00 00 00 - 98 FE 10 FC 00 01 00 00   ....$...........
00000020 : 39 00 00 00                                         9...

Table Checksum : OK

RSDP                                 :
  Signature                          : RSD PTR 
  Checksum                           : 0x1A
  Oem ID                             : LINARO
  Revision                           : 2
  RSDT Address                       : 0x0
  Length                             : 36
  XSDT Address                       : 0x100FC10FE98
  Extended Checksum                  : 0x39
  Reserved                           : 0 0 0


 --------------- XSDT Table --------------- 

Address  : 0x100FC10FE98
Length   : 108
  
00000000 : 58 53 44 54 6C 00 00 00 - 01 8C 4C 49 4E 41 52 4F   XSDTl.....LINARO
00000010 : 53 42 53 41 51 45 4D 55 - 10 08 20 20 4C 4E 52 4F   SBSAQEMU..  LNRO
00000020 : 01 00 00 00 98 FB 10 FC - 00 01 00 00 98 FA 10 FC   ................
00000030 : 00 01 00 00 18 FD 10 FC - 00 01 00 00 98 E9 10 FC   ................
00000040 : 00 01 00 00 18 FE 10 FC - 00 01 00 00 98 F5 10 FC   ................
00000050 : 00 01 00 00 98 FF 10 FC - 00 01 00 00 98 F9 10 FC   ................
00000060 : 00 01 00 00 18 F7 10 FC - 00 01 00 00               ............

Table Checksum : OK

XSDT                                 :
  Signature                          : XSDT
  Length                             : 108
  Revision                           : 1
  Checksum                           : 0x8C
  Oem ID                             : LINARO
  Oem Table ID                       : SBSAQEMU
  Oem Revision                       : 0x20200810
  Creator ID                         : LNRO
  Creator Revision                   : 0x1
  Entry[0] - FACP                    : 0x100FC10FB98
  Entry[1] - DBG2                    : 0x100FC10FA98
  Entry[2] - GTDT                    : 0x100FC10FD18
  Entry[3] - IORT                    : 0x100FC10E998
  Entry[4] - SPCR                    : 0x100FC10FE18
  Entry[5] - APIC                    : 0x100FC10F598
  Entry[6] - MCFG                    : 0x100FC10FF98
  Entry[7] - SSDT                    : 0x100FC10F998
  Entry[8] - PPTT                    : 0x100FC10F718


 --------------- FACP Table --------------- 

Address  : 0x100FC10FB98
Length   : 276
  
00000000 : 46 41 43 50 14 01 00 00 - 06 42 4C 49 4E 41 52 4F   FACP.....BLINARO
00000010 : 53 42 53 41 51 45 4D 55 - 10 08 20 20 4C 4E 52 4F   SBSAQEMU..  LNRO
00000020 : 01 00 00 00 00 00 00 00 - 00 00 00 00 00 04 00 00   ................
00000030 : 00 00 00 00 00 00 00 00 - 00 00 00 00 00 00 00 00   ................
00000040 : 00 00 00 00 00 00 00 00 - 00 00 00 00 00 00 00 00   ................
00000050 : 00 00 00 00 00 00 00 00 - 00 00 00 00 00 00 00 00   ................
00000060 : 00 00 00 00 00 00 00 00 - 00 00 00 00 00 00 00 00   ................
00000070 : 00 00 30 00 00 00 00 00 - 00 00 00 00 00 00 00 00   ..0.............
00000080 : 00 01 00 00 00 00 00 00 - 00 00 00 00 18 75 10 FC   .............u..
00000090 : 00 01 00 00 00 00 00 00 - 00 00 00 00 00 00 00 00   ................
000000A0 : 00 00 00 00 00 00 00 00 - 00 00 00 00 00 00 00 00   ................
000000B0 : 00 00 00 00 00 00 00 00 - 00 00 00 00 00 00 00 00   ................
000000C0 : 00 00 00 00 00 00 00 00 - 00 00 00 00 00 00 00 00   ................
000000D0 : 00 00 00 00 00 00 00 00 - 00 00 00 00 00 00 00 00   ................
000000E0 : 00 00 00 00 00 00 00 00 - 00 00 00 00 00 00 00 00   ................
000000F0 : 00 00 00 00 00 00 00 00 - 00 00 00 00 00 00 00 00   ................
00000100 : 00 00 00 00 00 00 00 00 - 00 00 00 00 00 00 00 00   ................
00000110 : 00 00 00 00                                         ....

Table Checksum : OK

FADT                                 :
  Signature                          : FACP
  Length                             : 276
  Revision                           : 6
  Checksum                           : 0x42
  Oem ID                             : LINARO
  Oem Table ID                       : SBSAQEMU
  Oem Revision                       : 0x20200810
  Creator ID                         : LNRO
  Creator Revision                   : 0x1
  FIRMWARE_CTRL                      : 0x0
  DSDT                               : 0x0
  Reserved                           : 0
  Preferred_PM_Profile               : 0x4
  SCI_INT                            : 0x0
  SMI_CMD                            : 0x0
  ACPI_ENABLE                        : 0x0
  ACPI_DISABLE                       : 0x0
  S4BIOS_REQ                         : 0x0
  PSTATE_CNT                         : 0x0
  PM1a_EVT_BLK                       : 0x0
  PM1b_EVT_BLK                       : 0x0
  PM1a_CNT_BLK                       : 0x0
  PM1b_CNT_BLK                       : 0x0
  PM2_CNT_BLK                        : 0x0
  PM_TMR_BLK                         : 0x0
  GPE0_BLK                           : 0x0
  GPE1_BLK                           : 0x0
  PM1_EVT_LEN                        : 0x0
  PM1_CNT_LEN                        : 0x0
  PM2_CNT_LEN                        : 0x0
  PM_TMR_LEN                         : 0x0
  GPE0_BLK_LEN                       : 0x0
  GPE1_BLK_LEN                       : 0x0
  GPE1_BASE                          : 0x0
  CST_CNT                            : 0x0
  P_LVL2_LAT                         : 0x0
  P_LVL3_LAT                         : 0x0
  FLUSH_SIZE                         : 0x0
  FLUSH_STRIDE                       : 0x0
  DUTY_OFFSET                        : 0x0
  DUTY_WIDTH                         : 0x0
  DAY_ALRM                           : 0x0
  MON_ALRM                           : 0x0
  CENTURY                            : 0x0
  IAPC_BOOT_ARCH                     : 0x0
  Reserved                           : 0x0
  Flags                              : 0x300000
    WBINVD                           : 0
    WBINVD_FLUSH                     : 0
    PROC_C1                          : 0
    P_LVL2_UP                        : 0
    PWR_BUTTON                       : 0
    SLP_BUTTON                       : 0
    FIX_RTC                          : 0
    RTC_S4                           : 0
    TMR_VAL_EXT                      : 0
    DCK_CAP                          : 0
    RESET_REG_SUP                    : 0
    SEALED_CASE                      : 0
    HEADLESS                         : 0
    CPU_SW_SLP                       : 0
    PCI_EXP_WAK                      : 0
    USE_PLATFORM_CLOCK               : 0
    S4_RTC_STS_VALID                 : 0
    REMOTE_POWER_ON_CAPABLE          : 0
    FORCE_APIC_CLUSTER_MODEL         : 0
    FORCE_APIC_PHYSICAL_DESTINATION_MODE : 0
    HW_REDUCED_ACPI                  : 1
    LOW_POWER_S0_IDLE_CAPABLE        : 1
    Reserved                         : 0

  RESET_REG                          : 
    Address Space ID                 : 0x0
    Register Bit Width               : 0x0
    Register Bit Offset              : 0x0
    Access Size                      : 0x0
    Address                          : 0x0

  RESET_VALUE                        : 0x0
  ARM_BOOT_ARCH                      : 0x1
  FADT Minor Version                 : 0x0
  X_FIRMWARE_CTRL                    : 0x0
  X_DSDT                             : 0x100FC107518
  X_PM1a_EVT_BLK                     : 
    Address Space ID                 : 0x0
    Register Bit Width               : 0x0
    Register Bit Offset              : 0x0
    Access Size                      : 0x0
    Address                          : 0x0

  X_PM1b_EVT_BLK                     : 
    Address Space ID                 : 0x0
    Register Bit Width               : 0x0
    Register Bit Offset              : 0x0
    Access Size                      : 0x0
    Address                          : 0x0

  X_PM1a_CNT_BLK                     : 
    Address Space ID                 : 0x0
    Register Bit Width               : 0x0
    Register Bit Offset              : 0x0
    Access Size                      : 0x0
    Address                          : 0x0

  X_PM1b_CNT_BLK                     : 
    Address Space ID                 : 0x0
    Register Bit Width               : 0x0
    Register Bit Offset              : 0x0
    Access Size                      : 0x0
    Address                          : 0x0

  X_PM2_CNT_BLK                      : 
    Address Space ID                 : 0x0
    Register Bit Width               : 0x0
    Register Bit Offset              : 0x0
    Access Size                      : 0x0
    Address                          : 0x0

  X_PM_TMR_BLK                       : 
    Address Space ID                 : 0x0
    Register Bit Width               : 0x0
    Register Bit Offset              : 0x0
    Access Size                      : 0x0
    Address                          : 0x0

  X_GPE0_BLK                         : 
    Address Space ID                 : 0x0
    Register Bit Width               : 0x0
    Register Bit Offset              : 0x0
    Access Size                      : 0x0
    Address                          : 0x0

  X_GPE1_BLK                         : 
    Address Space ID                 : 0x0
    Register Bit Width               : 0x0
    Register Bit Offset              : 0x0
    Access Size                      : 0x0
    Address                          : 0x0

  SLEEP_CONTROL_REG                  : 
    Address Space ID                 : 0x0
    Register Bit Width               : 0x0
    Register Bit Offset              : 0x0
    Access Size                      : 0x0
    Address                          : 0x0

  SLEEP_STATUS_REG                   : 
    Address Space ID                 : 0x0
    Register Bit Width               : 0x0
    Register Bit Offset              : 0x0
    Access Size                      : 0x0
    Address                          : 0x0

  Hypervisor VendorIdentity          : 0

Summary:
  FADT Version                       : 6.0


 --------------- DSDT Table --------------- 

Address  : 0x100FC107518
Length   : 3287
  
00000000 : 44 53 44 54 D7 0C 00 00 - 02 EA 4C 49 4E 41 52 4F   DSDT......LINARO
00000010 : 53 42 53 41 51 45 4D 55 - 10 08 20 20 49 4E 54 4C   SBSAQEMU..  INTL
00000020 : 31 03 22 20 10 42 CB 5F - 53 42 5F 5B 82 45 04 43   1." .B._SB_[.E.C
00000030 : 4F 4D 30 08 5F 48 49 44 - 0D 41 52 4D 48 30 30 31   OM0._HID.ARMH001
00000040 : 31 00 08 5F 55 49 44 00 - 08 5F 43 52 53 11 1A 0A   1.._UID.._CRS...
00000050 : 17 86 09 00 01 00 00 00 - 60 00 10 00 00 89 06 00   ........`.......
00000060 : 01 01 21 00 00 00 79 00 - 14 09 5F 53 54 41 00 A4   ..!...y..._STA..
00000070 : 0A 0F 5B 82 41 05 41 48 - 43 30 08 5F 48 49 44 0D   ..[.A.AHC0._HID.
00000080 : 4C 4E 52 4F 30 30 31 45 - 00 08 5F 43 4C 53 12 06   LNRO001E.._CLS..
00000090 : 03 01 0A 06 01 08 5F 43 - 43 41 01 08 5F 43 52 53   ......_CCA.._CRS
000000A0 : 11 1A 0A 17 86 09 00 01 - 00 00 10 60 00 00 01 00   ...........`....
000000B0 : 89 06 00 01 01 2A 00 00 - 00 79 00 14 09 5F 53 54   .....*...y..._ST
000000C0 : 41 00 A4 0A 0F 5B 82 49 - 19 55 53 42 30 08 5F 48   A....[.I.USB0._H
000000D0 : 49 44 0D 4C 4E 52 4F 30 - 44 32 30 00 08 5F 43 49   ID.LNRO0D20.._CI
000000E0 : 44 0D 50 4E 50 30 44 32 - 30 00 14 09 5F 53 54 41   D.PNP0D20..._STA
000000F0 : 00 A4 0A 0F 14 2B 5F 43 - 52 53 08 08 52 42 55 46   .....+_CRS..RBUF
00000100 : 11 1A 0A 17 86 09 00 01 - 00 00 11 60 00 00 01 00   ...........`....
00000110 : 89 06 00 01 01 2B 00 00 - 00 79 00 A4 52 42 55 46   .....+...y..RBUF
00000120 : 5B 82 4E 13 52 48 55 42 - 08 5F 41 44 52 00 14 09   [.N.RHUB._ADR...
00000130 : 5F 53 54 41 00 A4 0A 0F - 5B 82 46 12 48 55 42 31   _STA....[.F.HUB1
00000140 : 08 5F 41 44 52 01 08 5F - 55 50 43 12 07 04 00 0A   ._ADR.._UPC.....
00000150 : FF 00 00 14 09 5F 53 54 - 41 00 A4 0A 0F 5B 82 3E   ....._STA....[.>
00000160 : 50 52 54 31 08 5F 41 44 - 52 01 08 5F 55 50 43 12   PRT1._ADR.._UPC.
00000170 : 07 04 0A FF 00 00 00 08 - 5F 50 4C 44 12 16 01 11   ........_PLD....
00000180 : 13 0A 10 81 00 00 00 00 - 00 00 00 31 1C 00 00 00   ...........1....
00000190 : 00 00 00 14 09 5F 53 54 - 41 00 A4 0A 0F 5B 82 3F   ....._STA....[.?
000001A0 : 50 52 54 32 08 5F 41 44 - 52 0A 02 08 5F 55 50 43   PRT2._ADR..._UPC
000001B0 : 12 07 04 0A FF 00 00 00 - 08 5F 50 4C 44 12 16 01   ........._PLD...
000001C0 : 11 13 0A 10 81 00 00 00 - 00 00 00 00 31 1C 00 00   ............1...
000001D0 : 00 00 00 00 14 09 5F 53 - 54 41 00 A4 0A 0F 5B 82   ......_STA....[.
000001E0 : 3F 50 52 54 33 08 5F 41 - 44 52 0A 03 08 5F 55 50   ?PRT3._ADR..._UP
000001F0 : 43 12 07 04 0A FF 00 00 - 00 08 5F 50 4C 44 12 16   C........._PLD..
00000200 : 01 11 13 0A 10 81 00 00 - 00 00 00 00 00 31 1C 00   .............1..
00000210 : 00 00 00 00 00 14 09 5F - 53 54 41 00 A4 0A 0F 5B   ......._STA....[
00000220 : 82 3F 50 52 54 34 08 5F - 41 44 52 0A 04 08 5F 55   .?PRT4._ADR..._U
00000230 : 50 43 12 07 04 0A FF 00 - 00 00 08 5F 50 4C 44 12   PC........._PLD.
00000240 : 16 01 11 13 0A 10 81 00 - 00 00 00 00 00 00 31 1C   ..............1.
00000250 : 00 00 00 00 00 00 14 09 - 5F 53 54 41 00 A4 0A 0F   ........_STA....
00000260 : 5B 82 45 A7 50 43 49 30 - 08 5F 48 49 44 0C 41 D0   [.E.PCI0._HID.A.
00000270 : 0A 08 08 5F 43 49 44 0C - 41 D0 0A 03 08 5F 53 45   ..._CID.A...._SE
00000280 : 47 00 08 5F 42 42 4E 00 - 08 5F 41 44 52 00 08 5F   G.._BBN.._ADR.._
00000290 : 55 49 44 0D 50 43 49 30 - 00 08 5F 43 43 41 01 14   UID.PCI0.._CCA..
000002A0 : 09 5F 53 54 41 00 A4 0A - 0F 14 0C 5F 43 42 41 00   ._STA......_CBA.
000002B0 : A4 0C 00 00 00 F0 5B 82 - 4E 04 47 53 49 30 08 5F   ......[.N.GSI0._
000002C0 : 48 49 44 0C 41 D0 0C 0F - 08 5F 55 49 44 00 08 5F   HID.A...._UID.._
000002D0 : 50 52 53 11 0E 0A 0B 89 - 06 00 00 01 23 00 00 00   PRS.........#...
000002E0 : 79 00 14 09 5F 53 54 41 - 00 A4 0A 0F 14 0B 5F 43   y..._STA......_C
000002F0 : 52 53 00 A4 5F 50 52 53 - 14 06 5F 53 52 53 01 14   RS.._PRS.._SRS..
00000300 : 06 5F 44 49 53 00 5B 82 - 4E 04 47 53 49 31 08 5F   ._DIS.[.N.GSI1._
00000310 : 48 49 44 0C 41 D0 0C 0F - 08 5F 55 49 44 01 08 5F   HID.A...._UID.._
00000320 : 50 52 53 11 0E 0A 0B 89 - 06 00 00 01 24 00 00 00   PRS.........$...
00000330 : 79 00 14 09 5F 53 54 41 - 00 A4 0A 0F 14 0B 5F 43   y..._STA......_C
00000340 : 52 53 00 A4 5F 50 52 53 - 14 06 5F 53 52 53 01 14   RS.._PRS.._SRS..
00000350 : 06 5F 44 49 53 00 5B 82 - 4F 04 47 53 49 32 08 5F   ._DIS.[.O.GSI2._
00000360 : 48 49 44 0C 41 D0 0C 0F - 08 5F 55 49 44 0A 02 08   HID.A...._UID...
00000370 : 5F 50 52 53 11 0E 0A 0B - 89 06 00 00 01 25 00 00   _PRS.........%..
00000380 : 00 79 00 14 09 5F 53 54 - 41 00 A4 0A 0F 14 0B 5F   .y..._STA......_
00000390 : 43 52 53 00 A4 5F 50 52 - 53 14 06 5F 53 52 53 01   CRS.._PRS.._SRS.
000003A0 : 14 06 5F 44 49 53 00 5B - 82 4F 04 47 53 49 33 08   .._DIS.[.O.GSI3.
000003B0 : 5F 48 49 44 0C 41 D0 0C - 0F 08 5F 55 49 44 0A 03   _HID.A...._UID..
000003C0 : 08 5F 50 52 53 11 0E 0A - 0B 89 06 00 00 01 26 00   ._PRS.........&.
000003D0 : 00 00 79 00 14 09 5F 53 - 54 41 00 A4 0A 0F 14 0B   ..y..._STA......
000003E0 : 5F 43 52 53 00 A4 5F 50 - 52 53 14 06 5F 53 52 53   _CRS.._PRS.._SRS
000003F0 : 01 14 06 5F 44 49 53 00 - 08 5F 50 52 54 12 49 73   ..._DIS.._PRT.Is
00000400 : 80 12 0B 04 0B FF FF 00 - 47 53 49 30 00 12 0B 04   ........GSI0....
00000410 : 0B FF FF 00 47 53 49 31 - 00 12 0B 04 0B FF FF 00   ....GSI1........
00000420 : 47 53 49 32 00 12 0B 04 - 0B FF FF 00 47 53 49 33   GSI2........GSI3
00000430 : 00 12 0D 04 0C FF FF 01 - 00 00 47 53 49 31 00 12   ..........GSI1..
00000440 : 0D 04 0C FF FF 01 00 01 - 47 53 49 32 00 12 0E 04   ........GSI2....
00000450 : 0C FF FF 01 00 0A 02 47 - 53 49 33 00 12 0E 04 0C   .......GSI3.....
00000460 : FF FF 01 00 0A 03 47 53 - 49 30 00 12 0D 04 0C FF   ......GSI0......
00000470 : FF 02 00 00 47 53 49 32 - 00 12 0D 04 0C FF FF 02   ....GSI2........
00000480 : 00 01 47 53 49 33 00 12 - 0E 04 0C FF FF 02 00 0A   ..GSI3..........
00000490 : 02 47 53 49 30 00 12 0E - 04 0C FF FF 02 00 0A 03   .GSI0...........
000004A0 : 47 53 49 31 00 12 0D 04 - 0C FF FF 03 00 00 47 53   GSI1..........GS
000004B0 : 49 33 00 12 0D 04 0C FF - FF 03 00 01 47 53 49 30   I3..........GSI0
000004C0 : 00 12 0E 04 0C FF FF 03 - 00 0A 02 47 53 49 31 00   ...........GSI1.
000004D0 : 12 0E 04 0C FF FF 03 00 - 0A 03 47 53 49 32 00 12   ..........GSI2..
000004E0 : 0D 04 0C FF FF 04 00 00 - 47 53 49 30 00 12 0D 04   ........GSI0....
000004F0 : 0C FF FF 04 00 01 47 53 - 49 31 00 12 0E 04 0C FF   ......GSI1......
00000500 : FF 04 00 0A 02 47 53 49 - 32 00 12 0E 04 0C FF FF   .....GSI2.......
00000510 : 04 00 0A 03 47 53 49 33 - 00 12 0D 04 0C FF FF 05   ....GSI3........
00000520 : 00 00 47 53 49 31 00 12 - 0D 04 0C FF FF 05 00 01   ..GSI1..........
00000530 : 47 53 49 32 00 12 0E 04 - 0C FF FF 05 00 0A 02 47   GSI2...........G
00000540 : 53 49 33 00 12 0E 04 0C - FF FF 05 00 0A 03 47 53   SI3...........GS
00000550 : 49 30 00 12 0D 04 0C FF - FF 06 00 00 47 53 49 32   I0..........GSI2
00000560 : 00 12 0D 04 0C FF FF 06 - 00 01 47 53 49 33 00 12   ..........GSI3..
00000570 : 0E 04 0C FF FF 06 00 0A - 02 47 53 49 30 00 12 0E   .........GSI0...
00000580 : 04 0C FF FF 06 00 0A 03 - 47 53 49 31 00 12 0D 04   ........GSI1....
00000590 : 0C FF FF 07 00 00 47 53 - 49 33 00 12 0D 04 0C FF   ......GSI3......
000005A0 : FF 07 00 01 47 53 49 30 - 00 12 0E 04 0C FF FF 07   ....GSI0........
000005B0 : 00 0A 02 47 53 49 31 00 - 12 0E 04 0C FF FF 07 00   ...GSI1.........
000005C0 : 0A 03 47 53 49 32 00 12 - 0D 04 0C FF FF 08 00 00   ..GSI2..........
000005D0 : 47 53 49 30 00 12 0D 04 - 0C FF FF 08 00 01 47 53   GSI0..........GS
000005E0 : 49 31 00 12 0E 04 0C FF - FF 08 00 0A 02 47 53 49   I1...........GSI
000005F0 : 32 00 12 0E 04 0C FF FF - 08 00 0A 03 47 53 49 33   2...........GSI3
00000600 : 00 12 0D 04 0C FF FF 09 - 00 00 47 53 49 31 00 12   ..........GSI1..
00000610 : 0D 04 0C FF FF 09 00 01 - 47 53 49 32 00 12 0E 04   ........GSI2....
00000620 : 0C FF FF 09 00 0A 02 47 - 53 49 33 00 12 0E 04 0C   .......GSI3.....
00000630 : FF FF 09 00 0A 03 47 53 - 49 30 00 12 0D 04 0C FF   ......GSI0......
00000640 : FF 0A 00 00 47 53 49 32 - 00 12 0D 04 0C FF FF 0A   ....GSI2........
00000650 : 00 01 47 53 49 33 00 12 - 0E 04 0C FF FF 0A 00 0A   ..GSI3..........
00000660 : 02 47 53 49 30 00 12 0E - 04 0C FF FF 0A 00 0A 03   .GSI0...........
00000670 : 47 53 49 31 00 12 0D 04 - 0C FF FF 0B 00 00 47 53   GSI1..........GS
00000680 : 49 33 00 12 0D 04 0C FF - FF 0B 00 01 47 53 49 30   I3..........GSI0
00000690 : 00 12 0E 04 0C FF FF 0B - 00 0A 02 47 53 49 31 00   ...........GSI1.
000006A0 : 12 0E 04 0C FF FF 0B 00 - 0A 03 47 53 49 32 00 12   ..........GSI2..
000006B0 : 0D 04 0C FF FF 0C 00 00 - 47 53 49 30 00 12 0D 04   ........GSI0....
000006C0 : 0C FF FF 0C 00 01 47 53 - 49 31 00 12 0E 04 0C FF   ......GSI1......
000006D0 : FF 0C 00 0A 02 47 53 49 - 32 00 12 0E 04 0C FF FF   .....GSI2.......
000006E0 : 0C 00 0A 03 47 53 49 33 - 00 12 0D 04 0C FF FF 0D   ....GSI3........
000006F0 : 00 00 47 53 49 31 00 12 - 0D 04 0C FF FF 0D 00 01   ..GSI1..........
00000700 : 47 53 49 32 00 12 0E 04 - 0C FF FF 0D 00 0A 02 47   GSI2...........G
00000710 : 53 49 33 00 12 0E 04 0C - FF FF 0D 00 0A 03 47 53   SI3...........GS
00000720 : 49 30 00 12 0D 04 0C FF - FF 0E 00 00 47 53 49 32   I0..........GSI2
00000730 : 00 12 0D 04 0C FF FF 0E - 00 01 47 53 49 33 00 12   ..........GSI3..
00000740 : 0E 04 0C FF FF 0E 00 0A - 02 47 53 49 30 00 12 0E   .........GSI0...
00000750 : 04 0C FF FF 0E 00 0A 03 - 47 53 49 31 00 12 0D 04   ........GSI1....
00000760 : 0C FF FF 0F 00 00 47 53 - 49 33 00 12 0D 04 0C FF   ......GSI3......
00000770 : FF 0F 00 01 47 53 49 30 - 00 12 0E 04 0C FF FF 0F   ....GSI0........
00000780 : 00 0A 02 47 53 49 31 00 - 12 0E 04 0C FF FF 0F 00   ...GSI1.........
00000790 : 0A 03 47 53 49 32 00 12 - 0D 04 0C FF FF 10 00 00   ..GSI2..........
000007A0 : 47 53 49 30 00 12 0D 04 - 0C FF FF 10 00 01 47 53   GSI0..........GS
000007B0 : 49 31 00 12 0E 04 0C FF - FF 10 00 0A 02 47 53 49   I1...........GSI
000007C0 : 32 00 12 0E 04 0C FF FF - 10 00 0A 03 47 53 49 33   2...........GSI3
000007D0 : 00 12 0D 04 0C FF FF 11 - 00 00 47 53 49 31 00 12   ..........GSI1..
000007E0 : 0D 04 0C FF FF 11 00 01 - 47 53 49 32 00 12 0E 04   ........GSI2....
000007F0 : 0C FF FF 11 00 0A 02 47 - 53 49 33 00 12 0E 04 0C   .......GSI3.....
00000800 : FF FF 11 00 0A 03 47 53 - 49 30 00 12 0D 04 0C FF   ......GSI0......
00000810 : FF 12 00 00 47 53 49 32 - 00 12 0D 04 0C FF FF 12   ....GSI2........
00000820 : 00 01 47 53 49 33 00 12 - 0E 04 0C FF FF 12 00 0A   ..GSI3..........
00000830 : 02 47 53 49 30 00 12 0E - 04 0C FF FF 12 00 0A 03   .GSI0...........
00000840 : 47 53 49 31 00 12 0D 04 - 0C FF FF 13 00 00 47 53   GSI1..........GS
00000850 : 49 33 00 12 0D 04 0C FF - FF 13 00 01 47 53 49 30   I3..........GSI0
00000860 : 00 12 0E 04 0C FF FF 13 - 00 0A 02 47 53 49 31 00   ...........GSI1.
00000870 : 12 0E 04 0C FF FF 13 00 - 0A 03 47 53 49 32 00 12   ..........GSI2..
00000880 : 0D 04 0C FF FF 14 00 00 - 47 53 49 30 00 12 0D 04   ........GSI0....
00000890 : 0C FF FF 14 00 01 47 53 - 49 31 00 12 0E 04 0C FF   ......GSI1......
000008A0 : FF 14 00 0A 02 47 53 49 - 32 00 12 0E 04 0C FF FF   .....GSI2.......
000008B0 : 14 00 0A 03 47 53 49 33 - 00 12 0D 04 0C FF FF 15   ....GSI3........
000008C0 : 00 00 47 53 49 31 00 12 - 0D 04 0C FF FF 15 00 01   ..GSI1..........
000008D0 : 47 53 49 32 00 12 0E 04 - 0C FF FF 15 00 0A 02 47   GSI2...........G
000008E0 : 53 49 33 00 12 0E 04 0C - FF FF 15 00 0A 03 47 53   SI3...........GS
000008F0 : 49 30 00 12 0D 04 0C FF - FF 16 00 00 47 53 49 32   I0..........GSI2
00000900 : 00 12 0D 04 0C FF FF 16 - 00 01 47 53 49 33 00 12   ..........GSI3..
00000910 : 0E 04 0C FF FF 16 00 0A - 02 47 53 49 30 00 12 0E   .........GSI0...
00000920 : 04 0C FF FF 16 00 0A 03 - 47 53 49 31 00 12 0D 04   ........GSI1....
00000930 : 0C FF FF 17 00 00 47 53 - 49 33 00 12 0D 04 0C FF   ......GSI3......
00000940 : FF 17 00 01 47 53 49 30 - 00 12 0E 04 0C FF FF 17   ....GSI0........
00000950 : 00 0A 02 47 53 49 31 00 - 12 0E 04 0C FF FF 17 00   ...GSI1.........
00000960 : 0A 03 47 53 49 32 00 12 - 0D 04 0C FF FF 18 00 00   ..GSI2..........
00000970 : 47 53 49 30 00 12 0D 04 - 0C FF FF 18 00 01 47 53   GSI0..........GS
00000980 : 49 31 00 12 0E 04 0C FF - FF 18 00 0A 02 47 53 49   I1...........GSI
00000990 : 32 00 12 0E 04 0C FF FF - 18 00 0A 03 47 53 49 33   2...........GSI3
000009A0 : 00 12 0D 04 0C FF FF 19 - 00 00 47 53 49 31 00 12   ..........GSI1..
000009B0 : 0D 04 0C FF FF 19 00 01 - 47 53 49 32 00 12 0E 04   ........GSI2....
000009C0 : 0C FF FF 19 00 0A 02 47 - 53 49 33 00 12 0E 04 0C   .......GSI3.....
000009D0 : FF FF 19 00 0A 03 47 53 - 49 30 00 12 0D 04 0C FF   ......GSI0......
000009E0 : FF 1A 00 00 47 53 49 32 - 00 12 0D 04 0C FF FF 1A   ....GSI2........
000009F0 : 00 01 47 53 49 33 00 12 - 0E 04 0C FF FF 1A 00 0A   ..GSI3..........
00000A00 : 02 47 53 49 30 00 12 0E - 04 0C FF FF 1A 00 0A 03   .GSI0...........
00000A10 : 47 53 49 31 00 12 0D 04 - 0C FF FF 1B 00 00 47 53   GSI1..........GS
00000A20 : 49 33 00 12 0D 04 0C FF - FF 1B 00 01 47 53 49 30   I3..........GSI0
00000A30 : 00 12 0E 04 0C FF FF 1B - 00 0A 02 47 53 49 31 00   ...........GSI1.
00000A40 : 12 0E 04 0C FF FF 1B 00 - 0A 03 47 53 49 32 00 12   ..........GSI2..
00000A50 : 0D 04 0C FF FF 1C 00 00 - 47 53 49 30 00 12 0D 04   ........GSI0....
00000A60 : 0C FF FF 1C 00 01 47 53 - 49 31 00 12 0E 04 0C FF   ......GSI1......
00000A70 : FF 1C 00 0A 02 47 53 49 - 32 00 12 0E 04 0C FF FF   .....GSI2.......
00000A80 : 1C 00 0A 03 47 53 49 33 - 00 12 0D 04 0C FF FF 1D   ....GSI3........
00000A90 : 00 00 47 53 49 31 00 12 - 0D 04 0C FF FF 1D 00 01   ..GSI1..........
00000AA0 : 47 53 49 32 00 12 0E 04 - 0C FF FF 1D 00 0A 02 47   GSI2...........G
00000AB0 : 53 49 33 00 12 0E 04 0C - FF FF 1D 00 0A 03 47 53   SI3...........GS
00000AC0 : 49 30 00 12 0D 04 0C FF - FF 1E 00 00 47 53 49 32   I0..........GSI2
00000AD0 : 00 12 0D 04 0C FF FF 1E - 00 01 47 53 49 33 00 12   ..........GSI3..
00000AE0 : 0E 04 0C FF FF 1E 00 0A - 02 47 53 49 30 00 12 0E   .........GSI0...
00000AF0 : 04 0C FF FF 1E 00 0A 03 - 47 53 49 31 00 12 0D 04   ........GSI1....
00000B00 : 0C FF FF 1F 00 00 47 53 - 49 33 00 12 0D 04 0C FF   ......GSI3......
00000B10 : FF 1F 00 01 47 53 49 30 - 00 12 0E 04 0C FF FF 1F   ....GSI0........
00000B20 : 00 0A 02 47 53 49 31 00 - 12 0E 04 0C FF FF 1F 00   ...GSI1.........
00000B30 : 0A 03 47 53 49 32 00 14 - 4A 08 5F 43 52 53 08 08   ..GSI2..J._CRS..
00000B40 : 52 42 55 46 11 48 07 0A - 74 88 0D 00 02 0C 00 00   RBUF.H..t.......
00000B50 : 00 00 00 FF 00 00 00 00 - 01 87 17 00 00 0C 03 00   ................
00000B60 : 00 00 00 00 00 00 80 FF - FF FF EF 00 00 00 00 00   ................
00000B70 : 00 00 70 8A 2B 00 00 0C - 03 00 00 00 00 00 00 00   ..p.+...........
00000B80 : 00 00 00 00 00 01 00 00 - 00 FF FF FF FF FF 00 00   ................
00000B90 : 00 00 00 00 00 00 00 00 - 00 00 00 00 00 FF 00 00   ................
00000BA0 : 00 87 17 00 01 0C 13 00 - 00 00 00 00 00 00 00 FF   ................
00000BB0 : FF 00 00 00 00 FF 7F 00 - 00 01 00 79 00 A4 52 42   ...........y..RB
00000BC0 : 55 46 5B 82 47 05 52 45 - 53 30 08 5F 48 49 44 0D   UF[.G.RES0._HID.
00000BD0 : 50 4E 50 30 43 30 32 00 - 08 5F 43 52 53 11 33 0A   PNP0C02.._CRS.3.
00000BE0 : 30 8A 2B 00 00 0C 01 00 - 00 00 00 00 00 00 00 00   0.+.............
00000BF0 : 00 00 F0 00 00 00 00 FF - FF FF FF 00 00 00 00 00   ................
00000C00 : 00 00 00 00 00 00 00 00 - 00 00 10 00 00 00 00 79   ...............y
00000C10 : 00 14 09 5F 53 54 41 00 - A4 0A 0F 08 53 55 50 50   ..._STA.....SUPP
00000C20 : 00 08 43 54 52 4C 00 14 - 4F 0A 5F 4F 53 43 04 A0   ..CTRL..O._OSC..
00000C30 : 48 09 93 68 11 13 0A 10 - 5B 4D DB 33 F7 1F 1C 40   H..h....[M.3...@
00000C40 : 96 57 74 41 C0 3D D7 66 - 8A 6B 00 43 44 57 31 8A   .WtA.=.f.k.CDW1.
00000C50 : 6B 0A 04 43 44 57 32 8A - 6B 0A 08 43 44 57 33 70   k..CDW2.k..CDW3p
00000C60 : 43 44 57 32 53 55 50 50 - 70 43 44 57 33 43 54 52   CDW2SUPPpCDW3CTR
00000C70 : 4C A0 18 92 93 7B 53 55 - 50 50 0A 16 00 0A 16 7B   L....{SUPP.....{
00000C80 : 43 54 52 4C 0A 1E 43 54 - 52 4C 7B 43 54 52 4C 0A   CTRL..CTRL{CTRL.
00000C90 : 1D 43 54 52 4C A0 10 92 - 93 69 01 7D 43 44 57 31   .CTRL....i.}CDW1
00000CA0 : 0A 08 43 44 57 31 A0 16 - 92 93 43 44 57 33 43 54   ..CDW1....CDW3CT
00000CB0 : 52 4C 7D 43 44 57 31 0A - 10 43 44 57 31 70 43 54   RL}CDW1..CDW1pCT
00000CC0 : 52 4C 43 44 57 33 A4 6B - A1 0E 7D 43 44 57 31 0A   RLCDW3.k..}CDW1.
00000CD0 : 04 43 44 57 31 A4 6B                                .CDW1.k

Table Checksum : OK

ACPI Table Header                    :
  Signature                          : DSDT
  Length                             : 3287
  Revision                           : 2
  Checksum                           : 0xEA
  Oem ID                             : LINARO
  Oem Table ID                       : SBSAQEMU
  Oem Revision                       : 0x20200810
  Creator ID                         : INTL
  Creator Revision                   : 0x20220331


 --------------- DBG2 Table --------------- 

Address  : 0x100FC10FA98
Length   : 92
  
00000000 : 44 42 47 32 5C 00 00 00 - 00 82 4C 49 4E 41 52 4F   DBG2\.....LINARO
00000010 : 53 42 53 41 51 45 4D 55 - 10 08 20 20 4C 4E 52 4F   SBSAQEMU..  LNRO
00000020 : 01 00 00 00 2C 00 00 00 - 01 00 00 00 00 30 00 01   ....,........0..
00000030 : 0A 00 26 00 00 00 00 00 - 00 80 03 00 00 00 16 00   ..&.............
00000040 : 22 00 00 20 00 03 00 00 - 00 60 00 00 00 00 00 10   ".. .....`......
00000050 : 00 00 5C 5F 53 42 2E 43 - 4F 4D 30 00               ..\_SB.COM0.

Table Checksum : OK

DBG2                                 :
  Signature                          : DBG2
  Length                             : 92
  Revision                           : 0
  Checksum                           : 0x82
  Oem ID                             : LINARO
  Oem Table ID                       : SBSAQEMU
  Oem Revision                       : 0x20200810
  Creator ID                         : LNRO
  Creator Revision                   : 0x1
  OffsetDbgDeviceInfo                : 0x2C
  NumberDbgDeviceInfo                : 1
  Debug Device Info                  :
    Revision                         : 0x0
    Length                           : 48
    Generic Address Registers Count  : 0x1
    NameSpace String Length          : 10
    NameSpace String Offset          : 0x26
    OEM Data Length                  : 0
    OEM Data Offset                  : 0x0
    Port Type                        : 0x8000
    Port SubType                     : 0x3
    Reserved                         : 0
    Base Address Register Offset     : 0x16
    Address Size Offset              : 0x22
    BaseAddressRegister              : 
      Address Space ID               : 0x0
      Register Bit Width             : 0x20
      Register Bit Offset            : 0x0
      Access Size                    : 0x3
      Address                        : 0x60000000
    Address Size                     : 0x1000
    NameSpace String                 : \_SB.COM0 


 --------------- GTDT Table --------------- 

Address  : 0x100FC10FD18
Length   : 132
  
00000000 : 47 54 44 54 84 00 00 00 - 03 AC 4C 49 4E 41 52 4F   GTDT......LINARO
00000010 : 53 42 53 41 51 45 4D 55 - 10 08 20 20 4C 4E 52 4F   SBSAQEMU..  LNRO
00000020 : 01 00 00 00 FF FF FF FF - FF FF FF FF 00 00 00 00   ................
00000030 : 1D 00 00 00 06 00 00 00 - 1E 00 00 00 06 00 00 00   ................
00000040 : 1B 00 00 00 06 00 00 00 - 1A 00 00 00 06 00 00 00   ................
00000050 : FF FF FF FF FF FF FF FF - 01 00 00 00 68 00 00 00   ............h...
00000060 : 00 00 00 00 00 00 00 00 - 01 1C 00 00 00 00 01 50   ...............P
00000070 : 00 00 00 00 00 10 01 50 - 00 00 00 00 30 00 00 00   .......P....0...
00000080 : 00 00 00 00                                         ....

Table Checksum : OK

GTDT                                 :
  Signature                          : GTDT
  Length                             : 132
  Revision                           : 3
  Checksum                           : 0xAC
  Oem ID                             : LINARO
  Oem Table ID                       : SBSAQEMU
  Oem Revision                       : 0x20200810
  Creator ID                         : LNRO
  Creator Revision                   : 0x1
  CntControlBase Physical Address    : 0xFFFFFFFFFFFFFFFF
  Reserved                           : 0x0
  Secure EL1 timer GSIV              : 0x1D
  Secure EL1 timer FLAGS             : 0x6
  Non-Secure EL1 timer GSIV          : 0x1E
  Non-Secure EL1 timer FLAGS         : 0x6
  Virtual timer GSIV                 : 0x1B
  Virtual timer FLAGS                : 0x6
  Non-Secure EL2 timer GSIV          : 0x1A
  Non-Secure EL2 timer FLAGS         : 0x6
  CntReadBase Physical address       : 0xFFFFFFFFFFFFFFFF
  Platform Timer Count               : 1
  Platform Timer Offset              : 0x68
  Virtual EL2 Timer GSIV             : 0x0
  Virtual EL2 Timer Flags            : 0x0
  Arm Generic Watchdog               :
    Type                             : 1
    Length                           : 28
    Reserved                         : 0
    RefreshFrame Physical address    : 0x50010000
    ControlFrame Physical address    : 0x50011000
    Watchdog Timer GSIV              : 0x30
    Watchdog Timer Flags             : 0x0


 --------------- IORT Table --------------- 

Address  : 0x100FC10E998
Length   : 220
  
00000000 : 49 4F 52 54 DC 00 00 00 - 00 F9 4C 49 4E 41 52 4F   IORT......LINARO
00000010 : 53 42 53 41 51 45 4D 55 - 10 08 20 20 4C 4E 52 4F   SBSAQEMU..  LNRO
00000020 : 01 00 00 00 03 00 00 00 - 30 00 00 00 00 00 00 00   ........0.......
00000030 : 00 18 00 00 00 00 00 00 - 00 00 00 00 00 00 00 00   ................
00000040 : 01 00 00 00 00 00 00 00 - 04 58 00 02 00 00 00 00   .........X......
00000050 : 01 00 00 00 44 00 00 00 - 00 00 05 60 00 00 00 00   ....D......`....
00000060 : 01 00 00 00 00 00 00 00 - 00 00 00 00 00 00 00 00   ................
00000070 : 00 00 00 00 00 00 00 00 - 00 00 00 00 00 00 00 00   ................
00000080 : 00 00 00 00 00 00 00 00 - 01 00 00 00 00 00 00 00   ................
00000090 : FF FF 00 00 00 00 00 00 - 30 00 00 00 00 00 00 00   ........0.......
000000A0 : 02 3C 00 00 00 00 00 00 - 01 00 00 00 28 00 00 00   .<..........(...
000000B0 : 01 00 00 00 00 00 00 00 - 01 00 00 00 00 00 00 00   ................
000000C0 : 00 00 00 00 00 00 00 00 - 00 00 00 00 FF FF 00 00   ................
000000D0 : 00 00 00 00 48 00 00 00 - 00 00 00 00               ....H.......

Table Checksum : OK

IORT                                 :
  Signature                          : IORT
  Length                             : 220
  Revision                           : 0
  Checksum                           : 0xF9
  Oem ID                             : LINARO
  Oem Table ID                       : SBSAQEMU
  Oem Revision                       : 0x20200810
  Creator ID                         : LNRO
  Creator Revision                   : 0x1
  Number of IORT Nodes               : 3
  Offset to Array of IORT Nodes      : 0x30
  Reserved                           : 0x0
  * Node Offset *                    : 0x30
  ITS Node                           :
    Type                             : 0
    Length                           : 24
    Revision                         : 0
    Reserved                         : 0x0
    Number of ID mappings            : 0
    Reference to ID Array            : 0x0
    Number of ITSs                   : 1
    GIC ITS Identifier Array [0]     :
      GIC ITS Identifier             : 0
  * Node Offset *                    : 0x48
  SMMUV3 Node                        :
    Type                             : 4
    Length                           : 88
    Revision                         : 2
    Reserved                         : 0x0
    Number of ID mappings            : 1
    Reference to ID Array            : 0x44
    Base Address                     : 0x60050000
    Flags                            : 0x1
    Reserved                         : 0x0
    VATOS Address                    : 0x0
    Model                            : 0
    Event                            : 0x0
    PRI                              : 0x0
    GERR                             : 0x0
    Sync                             : 0x0
    Proximity domain                 : 0x0
    Device ID mapping index          : 1
    ID Mapping [0]                   :
      Input base                     : 0x0
      Number of IDs                  : 0xFFFF
      Output base                    : 0x0
      Output reference               : 0x30
      Flags                          : 0x0
  * Node Offset *                    : 0xA0
  Root Complex Node                  :
    Type                             : 2
    Length                           : 60
    Revision                         : 0
    Reserved                         : 0x0
    Number of ID mappings            : 1
    Reference to ID Array            : 0x28
    Memory access properties         : 0x1
    ATS Attribute                    : 0x1
    PCI Segment number               : 0x0
    Memory access size limit         : 0x0
    Reserved                         : 0 0 0
    ID Mapping [0]                   :
      Input base                     : 0x0
      Number of IDs                  : 0xFFFF
      Output base                    : 0x0
      Output reference               : 0x48
      Flags                          : 0x0


 --------------- SPCR Table --------------- 

Address  : 0x100FC10FE18
Length   : 80
  
00000000 : 53 50 43 52 50 00 00 00 - 02 06 4C 49 4E 41 52 4F   SPCRP.....LINARO
00000010 : 53 42 53 41 51 45 4D 55 - 10 08 20 20 4C 4E 52 4F   SBSAQEMU..  LNRO
00000020 : 01 00 00 00 03 00 00 00 - 00 20 00 03 00 00 00 60   ......... .....`
00000030 : 00 00 00 00 08 00 21 00 - 00 00 07 00 01 00 03 00   ......!.........
00000040 : FF FF FF FF 00 00 00 00 - 00 00 00 00 00 00 00 00   ................

Table Checksum : OK

SPCR                                 :
  Signature                          : SPCR
  Length                             : 80
  Revision                           : 2
  Checksum                           : 0x6
  Oem ID                             : LINARO
  Oem Table ID                       : SBSAQEMU
  Oem Revision                       : 0x20200810
  Creator ID                         : LNRO
  Creator Revision                   : 0x1
  Interface Type                     : 3
  Reserved                           : 0 0 0
  Base Address                       : 
    Address Space ID                 : 0x0
    Register Bit Width               : 0x20
    Register Bit Offset              : 0x0
    Access Size                      : 0x3
    Address                          : 0x60000000

  Interrupt Type                     : 8
  IRQ                                : 0
  Global System Interrupt            : 0x21
  Baud Rate                          : 7
  Parity                             : 0
  Stop Bits                          : 1
  Flow Control                       : 0x0
  Terminal Type                      : 3
  Reserved                           : 0
  PCI Device ID                      : 0xFFFF
  PCI Vendor ID                      : 0xFFFF
  PCI Bus Number                     : 0x0
  PCI Device Number                  : 0x0
  PCI Function Number                : 0x0
  PCI Flags                          : 0x0
  PCI Segment                        : 0x0
  Reserved                           : 0


 --------------- APIC Table --------------- 

Address  : 0x100FC10F598
Length   : 264
  
00000000 : 41 50 49 43 08 01 00 00 - 04 F6 4C 49 4E 41 52 4F   APIC......LINARO
00000010 : 53 42 53 41 51 45 4D 55 - 10 08 20 20 4C 4E 52 4F   SBSAQEMU..  LNRO
00000020 : 01 00 00 00 00 00 00 00 - 00 00 00 00 0B 50 00 00   .............P..
00000030 : 00 00 00 00 00 00 00 00 - 01 00 00 00 00 00 00 00   ................
00000040 : 17 00 00 00 00 00 00 00 - 00 00 00 00 00 00 00 00   ................
00000050 : 00 00 00 00 00 00 02 2C - 00 00 00 00 00 00 01 2C   .......,.......,
00000060 : 00 00 00 00 19 00 00 00 - 00 00 00 00 00 00 00 00   ................
00000070 : 00 00 00 00 00 00 00 00 - 00 00 00 00 0B 50 00 00   .............P..
00000080 : 00 00 00 00 01 00 00 00 - 01 00 00 00 00 00 00 00   ................
00000090 : 17 00 00 00 00 00 00 00 - 00 00 00 00 00 00 00 00   ................
000000A0 : 00 00 00 00 00 00 02 2C - 00 00 00 00 00 00 01 2C   .......,.......,
000000B0 : 00 00 00 00 19 00 00 00 - 00 00 00 00 00 00 00 00   ................
000000C0 : 01 00 00 00 00 00 00 00 - 00 00 00 00 0C 18 00 00   ................
000000D0 : 00 00 00 00 00 00 06 40 - 00 00 00 00 00 00 00 00   .......@........
000000E0 : 03 00 00 00 0E 10 00 00 - 00 00 08 40 00 00 00 00   ...........@....
000000F0 : 00 00 00 04 0F 14 00 00 - 00 00 00 00 00 10 08 44   ...............D
00000100 : 00 00 00 00 00 00 00 00                             ........

Table Checksum : OK

MADT                                 :
  Signature                          : APIC
  Length                             : 264
  Revision                           : 4
  Checksum                           : 0xF6
  Oem ID                             : LINARO
  Oem Table ID                       : SBSAQEMU
  Oem Revision                       : 0x20200810
  Creator ID                         : LNRO
  Creator Revision                   : 0x1
  Local Interrupt Controller Address : 0x0
  Flags                              : 0x0
  GICC                               :
    Type                             : 0xB
    Length                           : 80
    Reserved                         : 0x0
    CPU Interface Number             : 0x0
    ACPI Processor UID               : 0x0
    Flags                            : 0x1
    Parking Protocol Version         : 0x0
    Performance Interrupt GSIV       : 0x17
    Parked Address                   : 0x0
    Physical Base Address            : 0x0
    GICV                             : 0x2C020000
    GICH                             : 0x2C010000
    VGIC Maintenance interrupt       : 0x19
    GICR Base Address                : 0x0
    MPIDR                            : 0x0
    Processor Power Efficiency Class : 0x0
    Reserved                         : 0x0
    SPE overflow Interrupt           : 0x0
  GICC                               :
    Type                             : 0xB
    Length                           : 80
    Reserved                         : 0x0
    CPU Interface Number             : 0x0
    ACPI Processor UID               : 0x1
    Flags                            : 0x1
    Parking Protocol Version         : 0x0
    Performance Interrupt GSIV       : 0x17
    Parked Address                   : 0x0
    Physical Base Address            : 0x0
    GICV                             : 0x2C020000
    GICH                             : 0x2C010000
    VGIC Maintenance interrupt       : 0x19
    GICR Base Address                : 0x0
    MPIDR                            : 0x1
    Processor Power Efficiency Class : 0x0
    Reserved                         : 0x0
    SPE overflow Interrupt           : 0x0
  GICD                               :
    Type                             : 0xC
    Length                           : 24
    Reserved                         : 0x0
    GIC ID                           : 0x0
    Physical Base Address            : 0x40060000
    System Vector Base               : 0x0
    GIC Version                      : 3
    Reserved                         : 0 0 0
  GICR                               :
    Type                             : 0xE
    Length                           : 16
    Reserved                         : 0x0
    Discovery Range Base Address     : 0x40080000
    Discovery Range Length           : 0x4000000
  GIC ITS                            :
    Type                             : 0xF
    Length                           : 20
    Reserved                         : 0x0
    GIC ITS ID                       : 0x0
    Physical Base Address            : 0x44081000
    Reserved                         : 0x0


 --------------- MCFG Table --------------- 

Address  : 0x100FC10FF98
Length   : 60
  
00000000 : 4D 43 46 47 3C 00 00 00 - 01 FD 4C 49 4E 41 52 4F   MCFG<.....LINARO
00000010 : 53 42 53 41 51 45 4D 55 - 10 08 20 20 4C 4E 52 4F   SBSAQEMU..  LNRO
00000020 : 01 00 00 00 00 00 00 00 - 00 00 00 00 00 00 00 F0   ................
00000030 : 00 00 00 00 00 00 00 FF - 00 00 00 00               ............

Table Checksum : OK

MCFG                                 :
  Signature                          : MCFG
  Length                             : 60
  Revision                           : 1
  Checksum                           : 0xFD
  Oem ID                             : LINARO
  Oem Table ID                       : SBSAQEMU
  Oem Revision                       : 0x20200810
  Creator ID                         : LNRO
  Creator Revision                   : 0x1
  Reserved                           : 0x0
  PCI Configuration Space            :
    Base Address                     : 0xF0000000
    PCI Segment Group No.            : 0x0
    Start Bus No.                    : 0x0
    End Bus No.                      : 0xFF
    Reserved                         : 0x0


 --------------- SSDT Table --------------- 

Address  : 0x100FC10F998
Length   : 103
  
00000000 : 53 53 44 54 67 00 00 00 - 02 5A 4C 49 4E 41 52 4F   SSDTg....ZLINARO
00000010 : 53 42 53 41 51 45 4D 55 - 10 08 20 20 4C 4E 52 4F   SBSAQEMU..  LNRO
00000020 : 01 00 00 00 10 42 04 5F - 53 42 5F 5B 82 1C 43 30   .....B._SB_[..C0
00000030 : 30 30 08 5F 48 49 44 0D - 41 43 50 49 30 30 30 37   00._HID.ACPI0007
00000040 : 00 08 5F 55 49 44 0B 00 - 00 5B 82 1C 43 30 30 31   .._UID...[..C001
00000050 : 08 5F 48 49 44 0D 41 43 - 50 49 30 30 30 37 00 08   ._HID.ACPI0007..
00000060 : 5F 55 49 44 0B 01 00                                _UID...

Table Checksum : OK

ACPI Table Header                    :
  Signature                          : SSDT
  Length                             : 103
  Revision                           : 2
  Checksum                           : 0x5A
  Oem ID                             : LINARO
  Oem Table ID                       : SBSAQEMU
  Oem Revision                       : 0x20200810
  Creator ID                         : LNRO
  Creator Revision                   : 0x1


 --------------- PPTT Table --------------- 

Address  : 0x100FC10F718
Length   : 184
  
00000000 : 50 50 54 54 B8 00 00 00 - 02 F4 4C 49 4E 41 52 4F   PPTT......LINARO
00000010 : 53 42 53 41 51 45 4D 55 - 10 08 20 20 4C 4E 52 4F   SBSAQEMU..  LNRO
00000020 : 01 00 00 00 00 14 00 00 - 11 00 00 00 00 00 00 00   ................
00000030 : 00 00 00 00 00 00 00 00 - 01 18 00 00 7F 00 00 00   ................
00000040 : 68 00 00 00 00 80 00 00 - 00 01 00 00 02 02 40 00   h.............@.
00000050 : 01 18 00 00 5F 00 00 00 - 68 00 00 00 00 80 00 00   ...._...h.......
00000060 : 00 01 00 00 02 04 40 00 - 01 18 00 00 7F 00 00 00   ......@.........
00000070 : 00 00 00 00 00 00 08 00 - 00 04 00 00 08 0A 40 00   ..............@.
00000080 : 00 1C 00 00 1A 00 00 00 - 24 00 00 00 00 00 00 00   ........$.......
00000090 : 02 00 00 00 38 00 00 00 - 50 00 00 00 00 1C 00 00   ....8...P.......
000000A0 : 1A 00 00 00 24 00 00 00 - 01 00 00 00 02 00 00 00   ....$...........
000000B0 : 38 00 00 00 50 00 00 00                             8...P...

Table Checksum : OK

PPTT                                 :
  Signature                          : PPTT
  Length                             : 184
  Revision                           : 2
  Checksum                           : 0xF4
  Oem ID                             : LINARO
  Oem Table ID                       : SBSAQEMU
  Oem Revision                       : 0x20200810
  Creator ID                         : LNRO
  Creator Revision                   : 0x1
  * Structure Offset *               : 0x24
  Processor Hierarchy Node Structure :
    Type                             : 0x0
    Length                           : 20
    Reserved                         : 0x0
    Flags                            : 0x11
    Parent                           : 0x0
    ACPI Processor ID                : 0x0
    Number of private resources      : 0
  * Structure Offset *               : 0x38
  Cache Type Structure               :
    Type                             : 0x1
    Length                           : 24
    Reserved                         : 0x0
    Flags                            : 0x7F
    Next Level of Cache              : 0x68
    Size                             : 0x8000
    Number of sets                   : 256
    Associativity                    : 2
    Attributes                       : 0x2
    Line size                        : 64
  * Structure Offset *               : 0x50
  Cache Type Structure               :
    Type                             : 0x1
    Length                           : 24
    Reserved                         : 0x0
    Flags                            : 0x5F
ERROR: On Arm based systems, all cache properties must be provided in the cache 
type structure. Missing 'Write Policy Valid' flag.
    Next Level of Cache              : 0x68
    Size                             : 0x8000
    Number of sets                   : 256
    Associativity                    : 2
    Attributes                       : 0x4
    Line size                        : 64
  * Structure Offset *               : 0x68
  Cache Type Structure               :
    Type                             : 0x1
    Length                           : 24
    Reserved                         : 0x0
    Flags                            : 0x7F
    Next Level of Cache              : 0x0
    Size                             : 0x80000
    Number of sets                   : 1024
    Associativity                    : 8
    Attributes                       : 0xA
    Line size                        : 64
  * Structure Offset *               : 0x80
  Processor Hierarchy Node Structure :
    Type                             : 0x0
    Length                           : 28
    Reserved                         : 0x0
    Flags                            : 0x1A
    Parent                           : 0x24
    ACPI Processor ID                : 0x0
    Number of private resources      : 2
    Private resources [0]            : 0x38
    Private resources [1]            : 0x50
  * Structure Offset *               : 0x9C
  Processor Hierarchy Node Structure :
    Type                             : 0x0
    Length                           : 28
    Reserved                         : 0x0
    Flags                            : 0x1A
    Parent                           : 0x24
    ACPI Processor ID                : 0x1
    Number of private resources      : 2
    Private resources [0]            : 0x38
    Private resources [1]            : 0x50

Table Statistics:
	1 Error(s)
	0 Warning(s)
[1m[33m[40mShell> [0m[37m[40mreset -c
INFO:    PSCI Power Domain Map:
