QEMU command line arguments:
-machine sbsa-ref
-m 4096
-smp 2
-cpu neoverse-v1
-drive if=pflash,file=firmware/SBSA_FLASH0.fd,format=raw
-drive if=pflash,file=firmware/SBSA_FLASH1.fd,format=raw
-drive file=fat:rw:/home/marcin/devel/linaro/sbsa-qemu/sbsa-ref-status/disks/virtual/,format=raw
-usb
-device usb-kbd
-device usb-tablet
-nographic
-watchdog-action none
-no-reboot
-monitor telnet::45454,server,nowait
-serial stdio
-device pcie-root-port,id=root_port_for_switch1,chassis=1,slot=12
-device x3130-upstream,id=upstream_port1,bus=root_port_for_switch1
-device xio3130-downstream,id=downstream_port1,bus=upstream_port1,chassis=1,slot=20
-device ac97,bus=downstream_port1
-device pcie-root-port,id=root_port_for_nvme1,chassis=1,slot=1
-device nvme,serial=deadbeef,bus=root_port_for_nvme1
-device pcie-root-port,id=root_port_for_igb,chassis=1,slot=2
-device igb,bus=root_port_for_igb
-device pcie-root-port,id=root_port_for_xhci,chassis=1,slot=3
-device qemu-xhci,bus=root_port_for_xhci
-device pcie-root-port,id=root_port_for_ac97,chassis=1,slot=97
-device ac97,bus=root_port_for_ac97
-device pcie-root-port,id=root_port_for_pci,chassis=1
-device pcie-pci-bridge,id=pci,bus=root_port_for_pci
-device virtio-rng-pci,bus=pci,addr=8

EFI startup script:
mode 100 31
pci
fs0:bsa.efi -sbsa
reset -c

NOTICE:  Booting Trusted Firmware
NOTICE:  BL1: v2.10.0(release):hrw-2024-04-23-0910-130-gd5d2f21f2
NOTICE:  BL1: Built : 21:46:24, May  2 2024
NOTICE:  BL1: Booting BL2
NOTICE:  BL2: v2.10.0(release):hrw-2024-04-23-0910-130-gd5d2f21f2
NOTICE:  BL2: Built : 21:46:24, May  2 2024
NOTICE:  BL1: Booting BL31
NOTICE:  BL31: v2.10.0(release):hrw-2024-04-23-0910-130-gd5d2f21f2
NOTICE:  BL31: Built : 21:46:24, May  2 2024
UEFI firmware (version 1.0 built at 09:06:56 on Apr 30 2024)
[2J[04D[=3h[2J[09D[2J[04DUEFI Interactive Shell v2.2
EDK II
UEFI v2.70 (EFI Development Kit II / SbsaQemu, 0x00010000)
[1m[33m[40mMapping table[0m[37m[40m
[1m[33m[40m      FS0:[0m[37m[40m [1m[37m[40mAlias(s):[0m[37m[40mHD0a65535a1:;BLK1:
          VenHw(0D51905B-B77E-452A-A2C0-ECA0CC8D514A,000010600000000000)/Sata(0x
0,0xFFFF,0x0)/HD(1,MBR,0xBE1AFDFA,0x3F,0xFBFC1)
[1m[33m[40m     BLK0:[0m[37m[40m [1m[37m[40mAlias(s):[0m[37m[40m
          VenHw(0D51905B-B77E-452A-A2C0-ECA0CC8D514A,000010600000000000)/Sata(0x
0,0xFFFF,0x0)
Press [1m[37m[40mESC[0m[37m[40m in 5 seconds to skip [1m[33m[40mstartup.nsh[0m[37m[40m or any other key to continue.[72DPress [1m[37m[40mESC[0m[37m[40m in 4 seconds to skip [1m[33m[40mstartup.nsh[0m[37m[40m or any other key to continue.[72DPress [1m[37m[40mESC[0m[37m[40m in 3 seconds to skip [1m[33m[40mstartup.nsh[0m[37m[40m or any other key to continue.[72DPress [1m[37m[40mESC[0m[37m[40m in 2 seconds to skip [1m[33m[40mstartup.nsh[0m[37m[40m or any other key to continue.[72DPress [1m[37m[40mESC[0m[37m[40m in 1 seconds to skip [1m[33m[40mstartup.nsh[0m[37m[40m or any other key to continue.
[1m[33m[40mShell> [0m[37m[40mmode 100 31
[2J[01;01H[=3h[2J[09D[2J[04D[1m[33m[40mShell> [0m[37m[40mpci
   Seg  Bus  Dev  Func
   ---  ---  ---  ----
    [1m[33m[40m00   00   00    00 ==> [0m[37m[40mBridge Device - Host/PCI bridge
             Vendor 1B36 Device 0008 Prog Interface 0
    [1m[33m[40m00   00   01    00 ==> [0m[37m[40mNetwork Controller - Ethernet controller
             Vendor 8086 Device 10D3 Prog Interface 0
    [1m[33m[40m00   00   02    00 ==> [0m[37m[40mDisplay Controller - Other display controller
             Vendor 1234 Device 1111 Prog Interface 0
    [1m[33m[40m00   00   03    00 ==> [0m[37m[40mBridge Device - PCI/PCI bridge
             Vendor 1B36 Device 000C Prog Interface 0
    [1m[33m[40m00   00   04    00 ==> [0m[37m[40mBridge Device - PCI/PCI bridge
             Vendor 1B36 Device 000C Prog Interface 0
    [1m[33m[40m00   00   05    00 ==> [0m[37m[40mBridge Device - PCI/PCI bridge
             Vendor 1B36 Device 000C Prog Interface 0
    [1m[33m[40m00   00   06    00 ==> [0m[37m[40mBridge Device - PCI/PCI bridge
             Vendor 1B36 Device 000C Prog Interface 0
    [1m[33m[40m00   00   07    00 ==> [0m[37m[40mBridge Device - PCI/PCI bridge
             Vendor 1B36 Device 000C Prog Interface 0
    [1m[33m[40m00   00   08    00 ==> [0m[37m[40mBridge Device - PCI/PCI bridge
             Vendor 1B36 Device 000C Prog Interface 0
    [1m[33m[40m00   01   00    00 ==> [0m[37m[40mBridge Device - PCI/PCI bridge
             Vendor 104C Device 8232 Prog Interface 0
    [1m[33m[40m00   02   00    00 ==> [0m[37m[40mBridge Device - PCI/PCI bridge
             Vendor 104C Device 8233 Prog Interface 0
    [1m[33m[40m00   03   00    00 ==> [0m[37m[40mMultimedia Device - Audio device
             Vendor 8086 Device 2415 Prog Interface 0
    [1m[33m[40m00   04   00    00 ==> [0m[37m[40mMass Storage Controller - Non-volatile memory subsystem
             Vendor 1B36 Device 0010 Prog Interface 2
    [1m[33m[40m00   05   00    00 ==> [0m[37m[40mNetwork Controller - Ethernet controller
             Vendor 8086 Device 10C9 Prog Interface 0
    [1m[33m[40m00   06   00    00 ==> [0m[37m[40mSerial Bus Controllers - USB
             Vendor 1B36 Device 000D Prog Interface 30
    [1m[33m[40m00   07   00    00 ==> [0m[37m[40mMultimedia Device - Audio device
             Vendor 8086 Device 2415 Prog Interface 0
    [1m[33m[40m00   08   00    00 ==> [0m[37m[40mBridge Device - PCI/PCI bridge
             Vendor 1B36 Device 000E Prog Interface 0
    [1m[33m[40m00   09   08    00 ==> [0m[37m[40mPre 2.0 device - UNDEFINED
             Vendor 1AF4 Device 1005 Prog Interface 0
[1m[33m[40mShell> [0m[37m[40mfs0:bsa.efi -sbsa


 BSA Architecture Compliance Suite
          Version 1.0.8

 Starting tests with print level :  3


 Creating Platform Information Tables
 PE_INFO: Number of PE detected       :    2
 GIC INFO: GIC version                :    v3
 GIC_INFO: Number of GICD             :    1
 GIC_INFO: Number of GICR RD          :    1
 GIC_INFO: Number of ITS              :    1
 TIMER_INFO: Number of system timers  :    0
 WATCHDOG_INFO: Number of Watchdogs   :    1
 PCIE_INFO: Number of ECAM regions    :    1
 PCIE_INFO: Number of BDFs found      :    14
 PCIE_INFO: Number of RCiEP           :    2
 PCIE_INFO: Number of RCEC            :    0
 PCIE_INFO: Number of EP              :    3
 PCIE_INFO: Number of RP              :    6
 PCIE_INFO: Number of iEP_EP          :    0
 PCIE_INFO: Number of iEP_RP          :    0
 PCIE_INFO: Number of UP of switch    :    1
 PCIE_INFO: Number of DP of switch    :    1
 PCIE_INFO: Number of PCI/PCIe Bridge :    0
 PCIE_INFO: Number of PCIe/PCI Bridge :    1
 SMMU_INFO: Number of SMMU CTRL       :    1
 SMMU_INFO: SMMU index 00 version     :    v3.1
 Peripheral: Num of USB controllers   :    1
 Peripheral: Num of SATA controllers  :    1
 Peripheral: Num of UART controllers  :    1

      *** Starting PE tests ***

Operating System View:
   1 : Check Arch symmetry across PE              : Result:  PASS
   2 : Check for number of PE                     : Result:  PASS
   3 : Check for AdvSIMD and FP support           : Result:  PASS
   4 : Check PE 4KB Granule Support               : Result:  PASS
   6 : Check Cryptographic extensions             : Result:  PASS
   7 : Check Little Endian support                : Result:  PASS
   8 : Check EL1 and EL0 implementation           : Result:  PASS
   9 : Check for PMU and PMU counters             : Result:  PASS
  10 : Check PMU Overflow signal                  : Result:  PASS
  11 : Check num of Breakpoints and type          : Result:  PASS
  12 : Check Synchronous Watchpoints              : Result:  PASS
  13 : Check CRC32 instruction support            : Result:  PASS

Hypervisor View:
  51 : Check EL2 implementation                   : Result:  PASS
  52 : Check Stage 2 4KB Granule Support          : Result:  PASS
  53 : Check Stage2 and Stage1 Granule match      : Result:  PASS
  54 : Check for PMU counters                     : Result:  PASS
  55 : Check VMID breakpoint number               : Result:  PASS

Platform Security View:
  76 : Check EL3 implementation                   : Result:  PASS

      All PE tests passed.

      *** Starting Memory Map tests ***

Operating System View:
 102 : Mem Access Response in finite time         : Result:  PASS
 103 : PE must access all NS addr space           : Result:  PASS

      All Memory tests passed.

      *** Starting GIC tests ***

Operating System View:
 203 : If PCIe, GICv3 then ITS, LPI               : Result:  PASS
 204 : Check GICv3 Security States                : Result:  PASS
 205 : Non-secure SGIs are implemented            : Result:  PASS
 206 : Check EL1-Phy timer PPI assignment         : Result:  PASS
 207 : Check EL1-Virt timer PPI assignment        : Result:  PASS

Hypervisor View:
 226 : Check NS EL2-Virt timer PPI Assignment     : Result:  PASS
 227 : Check NS EL2-Phy timer PPI Assignment      : Result:  PASS
 228 : Check GIC Maintenance PPI Assignment       : Result:  PASS

      *** Starting DeviceID generation and ITS tests ***

Operating System View:
 276 : Check number of ITS blocks in a group      : Result:  PASS
 277 : Check ITS block association with group     : Result:  PASS
 278 : Check uniqueness of StreamID               : Result:  PASS
 279 : Check Device's ReqID-DeviceID-StreamID     : Result:  PASS

      All GIC tests passed.

      *** Starting SMMU tests ***

Operating System View:
 301 : All SMMUs have same Arch Revision          : Result:  PASS
 302 : Check SMMU Granule Support                 : Result:  PASS
 303 : Check SMMU Large Physical Addr SupportB_SMMU_06
       Checkpoint --  1                           : Result:  SKIPPED
 304 : Check SMMU S-EL2 & stage1 support          : Result:  PASS

Hypervisor View:
 352 : Check SMMU S-EL2 & stage2 support     
       SMMUv3.1 not providing Stage2 functionality
       Failed on PE -    0B_SMMU_16, B_SMMU_17, B_SMMU_18
       Checkpoint --  2                           : Result:  FAIL
 354 : SMMUv3 Integration compliance              : Result:  PASS

      One or more SMMU tests failed or were skipped.

      *** Starting Timer tests ***

Operating System View:
 401 : Check Counter Frequency                    : Result:  PASS
 402 : SYS Timer if PE Timer not ON               : Result:  PASS
 403 : Memory mapped timer check             B_TIME_07, B_TIME_10
       Checkpoint --  1                           : Result:  SKIPPED
 404 : Generate Mem Mapped SYS Timer Intr    B_TIME_08
       Checkpoint --  1                           : Result:  SKIPPED
 405 : Restore PE timer on PE wake up        B_TIME_09
       Checkpoint --  1                           : Result:  SKIPPED

      One or more Timer tests failed or were skipped.

      *** Starting Wakeup semantic tests ***

Operating System View:
 501 : Wake from EL1 PHY Timer Int                : Result:  PASS
 502 : Wake from EL1 VIR Timer Int                : Result:  PASS
 503 : Wake from EL2 PHY Timer Int                : Result:  PASS
 504 : Wake from Watchdog WS0 Int                 : Result:  PASS
 505 : Wake from System Timer Int            B_WAK_01, B_WAK_02, B_WAK_03, B_WAK_04, B_WAK_05       
              
       B_WAK_06, B_WAK_07, B_WAK_10, B_WAK_11
       Checkpoint --  1                           : Result:  SKIPPED

      One or more Wakeup tests failed or were skipped.

      *** Starting Peripheral tests ***

Operating System View:
 601 : USB CTRL Interface                    
       PCIe_CFG_RD ECAM Base is zero FF000000     : Result:  PASS
 602 : Check SATA CTRL Interface             
       PCIe_CFG_RD ECAM Base is zero FF000100     : Result:  PASS
 603 : Check Arm BSA UART register offsets        : Result:  PASS
 604 : Check Arm GENERIC UART Interrupt      
       Test Message                               : Result:  PASS
 606 : 16550 compatible UART                 B_PER_05
       Checkpoint --  2                           : Result:  SKIPPED

      One or more Peripheral tests failed or were skipped.

      *** Starting Watchdog tests ***

Operating System View:
 701 : Non Secure Watchdog Access                 : Result:  PASS
 702 : Check Watchdog WS0 interrupt               : Result:  PASS

      All Watchdog tests passed.

      *** Starting PCIe tests ***

Operating System View:
 801 : Check ECAM Presence                        : Result:  PASS
 802 : PE - ECAM Region accessibility check       : Result:  PASS
 803 : All EP/Sw under RP in same ECAM Region     : Result:  PASS
 806 : Legacy int must be SPI & lvl-sensitivePCI_LI_01, PCI_LI_03
       Checkpoint --  2                           : Result:  SKIPPED
 808 : Check all 1's for out of range             : Result:  PASS
 809 : Vendor specific data is PCIe compliant     : Result:  PASS
 811 : Check RP Byte Enable Rules                 : Result:  PASS
 817 : Check Direct Transl P2P Support       PCI_PP_05
       Checkpoint --  1                           : Result:  SKIPPED
 818 : Check RP Adv Error Report             PCI_PP_05
       Checkpoint --  1                           : Result:  SKIPPED
 819 : RP must suprt ACS if P2P Txn are allowPCI_PP_03
       Checkpoint --  1                           : Result:  SKIPPED
 820 : Type 0/1 common config rule                : Result:  PASS
 821 : Type 0 config header rules                 : Result:  PASS
 822 : Check Type 1 config header rules           : Result:  PASS
 824 : Device capabilities reg rule               : Result:  PASS
 825 : Device Control register rule               : Result:  PASS
 826 : Device cap 2 register rules                : Result:  PASS
 830 : Check Cmd Reg memory space enable          : Result:  PASS
 831 : Check Type0/1 BIST Register rule           : Result:  PASS
 832 : Check HDR CapPtr Register rule             : Result:  PASS
 833 : Check Max payload size supported           : Result:  PASS
 835 : Check Function level reset                 : Result:  PASS
 836 : Check ARI forwarding enable rule           : Result:  PASS
 837 : Check Config Txn for RP in HB              : Result:  PASS
 838 : Check all RP in HB is in same ECAM         : Result:  PASS
 839 : Check MSI support for PCIe dev             : Result:  PASS
 840 : PCIe RC,PE - Same Inr Shareable Domain     : Result:  PASS
 842 : PASID support atleast 16 bits              : Result:  PASS

      One or more PCIe tests failed or were skipped.
 PCIE_INFO: Number of exerciser cards :    0 

       No Exerciser Devices Found, Skipping tests...

     -------------------------------------------------------
     Total Tests run  =   82  Tests Passed  =   71  Tests Failed =    1
     -------------------------------------------------------

      *** BSA tests complete. Reset the system. ***

[1m[33m[40mShell> [0m[37m[40mreset -c
