QEMU command line arguments:
-machine sbsa-ref
-m 4096
-smp 2
-cpu cortex-a72
-drive if=pflash,file=firmware/SBSA_FLASH0.fd,format=raw
-drive if=pflash,file=firmware/SBSA_FLASH1.fd,format=raw
-drive file=fat:rw:/home/marcin/devel/linaro/sbsa-qemu/sbsa-ref-status/disks/virtual/,format=raw
-usb
-device usb-kbd
-device usb-tablet
-nographic
-watchdog-action none
-no-reboot
-monitor telnet::45454,server,nowait
-serial stdio
-device pcie-root-port,id=root_port_for_switch1,chassis=1,slot=12
-device x3130-upstream,id=upstream_port1,bus=root_port_for_switch1
-device xio3130-downstream,id=downstream_port1,bus=upstream_port1,chassis=1,slot=20
-device ac97,bus=downstream_port1
-device pcie-root-port,id=root_port_for_nvme1,chassis=1,slot=1
-device nvme,serial=deadbeef,bus=root_port_for_nvme1
-device pcie-root-port,id=root_port_for_igb,chassis=1,slot=2
-device igb,bus=root_port_for_igb
-device pcie-root-port,id=root_port_for_xhci,chassis=1,slot=3
-device qemu-xhci,bus=root_port_for_xhci
-device pcie-root-port,id=root_port_for_ac97,chassis=1,slot=97
-device ac97,bus=root_port_for_ac97
-device pcie-root-port,id=root_port_for_pci,chassis=1
-device pcie-pci-bridge,id=pci,bus=root_port_for_pci
-device virtio-rng-pci,bus=pci,addr=8

EFI startup script:
mode 100 31
pci
fs0:bsa.efi -sbsa -v 1
reset -c

NOTICE:  Booting Trusted Firmware
NOTICE:  BL1: v2.11.0(release):hrw-2024-08-19-1102-88-g2d4f264ba
NOTICE:  BL1: Built : 11:04:56, Aug 19 2024
NOTICE:  BL1: Booting BL2
NOTICE:  BL2: v2.11.0(release):hrw-2024-08-19-1102-88-g2d4f264ba
NOTICE:  BL2: Built : 11:04:57, Aug 19 2024
NOTICE:  BL1: Booting BL31
NOTICE:  BL31: v2.11.0(release):hrw-2024-08-19-1102-88-g2d4f264ba
NOTICE:  BL31: Built : 11:04:57, Aug 19 2024
UEFI firmware (version 1.0 built at 11:05:06 on Aug 19 2024)
[2J[04D[=3h[2J[09D[2J[04DUEFI Interactive Shell v2.2
EDK II
UEFI v2.70 (EFI Development Kit II / SbsaQemu, 0x00010000)
[1m[33m[40mMapping table[0m[37m[40m
[1m[33m[40m      FS0:[0m[37m[40m [1m[37m[40mAlias(s):[0m[37m[40mHD0a65535a1:;BLK1:
          VenHw(0D51905B-B77E-452A-A2C0-ECA0CC8D514A,000010600000000000)/Sata(0x
0,0xFFFF,0x0)/HD(1,MBR,0xBE1AFDFA,0x3F,0xFBFC1)
[1m[33m[40m     BLK0:[0m[37m[40m [1m[37m[40mAlias(s):[0m[37m[40m
          VenHw(0D51905B-B77E-452A-A2C0-ECA0CC8D514A,000010600000000000)/Sata(0x
0,0xFFFF,0x0)
Press [1m[37m[40mESC[0m[37m[40m in 5 seconds to skip [1m[33m[40mstartup.nsh[0m[37m[40m or any other key to continue.[72DPress [1m[37m[40mESC[0m[37m[40m in 4 seconds to skip [1m[33m[40mstartup.nsh[0m[37m[40m or any other key to continue.[72DPress [1m[37m[40mESC[0m[37m[40m in 3 seconds to skip [1m[33m[40mstartup.nsh[0m[37m[40m or any other key to continue.[72DPress [1m[37m[40mESC[0m[37m[40m in 2 seconds to skip [1m[33m[40mstartup.nsh[0m[37m[40m or any other key to continue.[72DPress [1m[37m[40mESC[0m[37m[40m in 1 seconds to skip [1m[33m[40mstartup.nsh[0m[37m[40m or any other key to continue.
[1m[33m[40mShell> [0m[37m[40mmode 100 31
[2J[01;01H[=3h[2J[09D[2J[04D[1m[33m[40mShell> [0m[37m[40mpci
   Seg  Bus  Dev  Func
   ---  ---  ---  ----
    [1m[33m[40m00   00   00    00 ==> [0m[37m[40mBridge Device - Host/PCI bridge
             Vendor 1B36 Device 0008 Prog Interface 0
    [1m[33m[40m00   00   01    00 ==> [0m[37m[40mNetwork Controller - Ethernet controller
             Vendor 8086 Device 10D3 Prog Interface 0
    [1m[33m[40m00   00   02    00 ==> [0m[37m[40mDisplay Controller - Other display controller
             Vendor 1234 Device 1111 Prog Interface 0
    [1m[33m[40m00   00   03    00 ==> [0m[37m[40mBridge Device - PCI/PCI bridge
             Vendor 1B36 Device 000C Prog Interface 0
    [1m[33m[40m00   00   04    00 ==> [0m[37m[40mBridge Device - PCI/PCI bridge
             Vendor 1B36 Device 000C Prog Interface 0
    [1m[33m[40m00   00   05    00 ==> [0m[37m[40mBridge Device - PCI/PCI bridge
             Vendor 1B36 Device 000C Prog Interface 0
    [1m[33m[40m00   00   06    00 ==> [0m[37m[40mBridge Device - PCI/PCI bridge
             Vendor 1B36 Device 000C Prog Interface 0
    [1m[33m[40m00   00   07    00 ==> [0m[37m[40mBridge Device - PCI/PCI bridge
             Vendor 1B36 Device 000C Prog Interface 0
    [1m[33m[40m00   00   08    00 ==> [0m[37m[40mBridge Device - PCI/PCI bridge
             Vendor 1B36 Device 000C Prog Interface 0
    [1m[33m[40m00   01   00    00 ==> [0m[37m[40mBridge Device - PCI/PCI bridge
             Vendor 104C Device 8232 Prog Interface 0
    [1m[33m[40m00   02   00    00 ==> [0m[37m[40mBridge Device - PCI/PCI bridge
             Vendor 104C Device 8233 Prog Interface 0
    [1m[33m[40m00   03   00    00 ==> [0m[37m[40mMultimedia Device - Audio device
             Vendor 8086 Device 2415 Prog Interface 0
    [1m[33m[40m00   04   00    00 ==> [0m[37m[40mMass Storage Controller - Non-volatile memory subsystem
             Vendor 1B36 Device 0010 Prog Interface 2
    [1m[33m[40m00   05   00    00 ==> [0m[37m[40mNetwork Controller - Ethernet controller
             Vendor 8086 Device 10C9 Prog Interface 0
    [1m[33m[40m00   06   00    00 ==> [0m[37m[40mSerial Bus Controllers - USB
             Vendor 1B36 Device 000D Prog Interface 30
    [1m[33m[40m00   07   00    00 ==> [0m[37m[40mMultimedia Device - Audio device
             Vendor 8086 Device 2415 Prog Interface 0
    [1m[33m[40m00   08   00    00 ==> [0m[37m[40mBridge Device - PCI/PCI bridge
             Vendor 1B36 Device 000E Prog Interface 0
    [1m[33m[40m00   09   08    00 ==> [0m[37m[40mPre 2.0 device - UNDEFINED
             Vendor 1AF4 Device 1005 Prog Interface 0
[1m[33m[40mShell> [0m[37m[40mfs0:bsa.efi -sbsa -v 1


 BSA Architecture Compliance Suite
          Version 1.0.8

 Starting tests with print level :  1


 Creating Platform Information Tables
 Using SMC as PSCI conduit
 Creating PE INFO table
  MADT is at F86DF898 and length is 108
  Flags 1
  PE Enabled 1, Online Capable 0
  MADT Revision 4 
 MPIDR 0 PE num 0
  Flags 1
  PE Enabled 1, Online Capable 0
  MADT Revision 4 
 MPIDR 1 PE num 1
 PE_INFO: Number of PE detected       :    2
 PE_INFO: Primary PE index       :    0
 Creating GIC INFO table
  MADT is at F86DF898 and length is 108
  GICH base 2C010000
  GICH base 2C010000
  GIC DIS base 40060000
  GICR RD base 40080000
  GICR RD Length 4000000
  GIC ITS base 44081000
  GIC ITS ID0

       gic version from info table = 3  GIC INFO: GIC version                :    v3
 GIC_INFO: Number of GICD             :    1
 GIC_INFO: Number of GICR RD          :    1
 GIC_INFO: Number of ITS              :    1
 Creating TIMER INFO table
  GTDT is at F86DF798 and length is 84
  GTDT revision is at 3
  GTDT don't have el2 virt timer info
  using bsa recommended value 28
 TIMER_INFO: Number of system timers  :    0
 Creating WATCHDOG INFO table
  Watchdog base = 0x50011000 INTID = 0x30
 WATCHDOG_INFO: Number of Watchdogs   :    1
 Creating PCIe INFO table
  Ecam Index = 0
  Base Address = 0xF0000000
  Segment   = 0x0
  Start Bus = 0x0
  End Bus   = 0xFF
 PCIE_INFO: Number of ECAM regions    :    1
       BDF 0x0 is a Host Bridge...Skipping
       BDF 0x30000 PCI Express capability not present...Skipping
       BDF 0x70000 PCI Express capability not present...Skipping
       BDF 0x90800 PCI Express capability not present...Skipping
  Dev bdf 0x000100 type 0x200 RP bdf 0xFFFFFFFF
  Dev bdf 0x000200 type 0x200 RP bdf 0xFFFFFFFF
  Dev bdf 0x000300 type 0x10 RP bdf 0x000300
  Dev bdf 0x000400 type 0x10 RP bdf 0x000400
  Dev bdf 0x000500 type 0x10 RP bdf 0x000500
  Dev bdf 0x000600 type 0x10 RP bdf 0x000600
  Dev bdf 0x000700 type 0x10 RP bdf 0x000700
  Dev bdf 0x000800 type 0x10 RP bdf 0x000800
  Dev bdf 0x010000 type 0x20 RP bdf 0x000300
  Dev bdf 0x020000 type 0x40 RP bdf 0x000300
  Dev bdf 0x040000 type 0x01 RP bdf 0x000400
  Dev bdf 0x050000 type 0x01 RP bdf 0x000500
  Dev bdf 0x060000 type 0x01 RP bdf 0x000600
  Dev bdf 0x080000 type 0x80 RP bdf 0x000800
 PCIE_INFO: Number of BDFs found      :    14
 PCIE_INFO: Number of RCiEP           :    2
 PCIE_INFO: Number of RCEC            :    0
 PCIE_INFO: Number of EP              :    3
 PCIE_INFO: Number of RP              :    6
 PCIE_INFO: Number of iEP_EP          :    0
 PCIE_INFO: Number of iEP_RP          :    0
 PCIE_INFO: Number of UP of switch    :    1
 PCIE_INFO: Number of DP of switch    :    1
 PCIE_INFO: Number of PCI/PCIe Bridge :    0
 PCIE_INFO: Number of PCIe/PCI Bridge :    1

  ECAM 0:  Base 0xF0000000
  BDF: 0x100
  Seg: 0x0, Bus: 0x00, Dev: 0x01, Func: 0x0, Dev ID: 0x10D3, Vendor ID: 0x8086
  BDF: 0x200
  Seg: 0x0, Bus: 0x00, Dev: 0x02, Func: 0x0, Dev ID: 0x1111, Vendor ID: 0x1234
  BDF: 0x300
  Seg: 0x0, Bus: 0x00, Dev: 0x03, Func: 0x0, Dev ID: 0x000C, Vendor ID: 0x1B36
  BDF: 0x400
  Seg: 0x0, Bus: 0x00, Dev: 0x04, Func: 0x0, Dev ID: 0x000C, Vendor ID: 0x1B36
  BDF: 0x500
  Seg: 0x0, Bus: 0x00, Dev: 0x05, Func: 0x0, Dev ID: 0x000C, Vendor ID: 0x1B36
  BDF: 0x600
  Seg: 0x0, Bus: 0x00, Dev: 0x06, Func: 0x0, Dev ID: 0x000C, Vendor ID: 0x1B36
  BDF: 0x700
  Seg: 0x0, Bus: 0x00, Dev: 0x07, Func: 0x0, Dev ID: 0x000C, Vendor ID: 0x1B36
  BDF: 0x800
  Seg: 0x0, Bus: 0x00, Dev: 0x08, Func: 0x0, Dev ID: 0x000C, Vendor ID: 0x1B36
  BDF: 0x10000
  Seg: 0x0, Bus: 0x01, Dev: 0x00, Func: 0x0, Dev ID: 0x8232, Vendor ID: 0x104C
  BDF: 0x20000
  Seg: 0x0, Bus: 0x02, Dev: 0x00, Func: 0x0, Dev ID: 0x8233, Vendor ID: 0x104C
  BDF: 0x40000
  Seg: 0x0, Bus: 0x04, Dev: 0x00, Func: 0x0, Dev ID: 0x0010, Vendor ID: 0x1B36
  BDF: 0x50000
  Seg: 0x0, Bus: 0x05, Dev: 0x00, Func: 0x0, Dev ID: 0x10C9, Vendor ID: 0x8086
  BDF: 0x60000
  Seg: 0x0, Bus: 0x06, Dev: 0x00, Func: 0x0, Dev ID: 0x000D, Vendor ID: 0x1B36
  BDF: 0x80000
  Seg: 0x0, Bus: 0x08, Dev: 0x00, Func: 0x0, Dev ID: 0x000E, Vendor ID: 0x1B36
 Creating SMMU INFO table
  IORT node offset:30, type: 0
  IORT node offset:48, type: 4
  IORT node offset:30, type: 0
  IORT node offset:A0, type: 2
  IORT node offset:48, type: 4
  Number of IOVIRT blocks = 3
  ITS Group Num ITS: 1
  ITS ID: 0
  SMMU: Major Rev:3 Base Address:0x60050000
  Number of ID Mappings:1
  input_base:0x0 id_count:0xFFFF
  output_base:0x0 output ref:0x18

  Root Complex  Segment Num:0
  Number of ID Mappings:1
  input_base:0x0 id_count:0xFFFF
  output_base:0x0 output ref:0x144

 SMMU_INFO: Number of SMMU CTRL       :    1
 SMMU_INFO: SMMU index 00 version     :    v3.1
 Creating PERIPHERAL INFO table
  000.00.00 class_code = 0 6
  000.00.18 class_code = 3 12
  Found a USB controller 60110000
  000.01.01 class_code = 0 2
  000.01.19 class_code = 6 1
  000.02.02 class_code = 128 3
  000.03.03 class_code = 4 6
  000.04.07 class_code = 4 6
  000.05.09 class_code = 4 6
  000.06.11 class_code = 4 6
  000.07.13 class_code = 4 6
  000.08.15 class_code = 4 6
  009.08.17 class_code = 255 0
  000.00.00 class_code = 0 6
  000.00.18 class_code = 3 12
  000.01.01 class_code = 0 2
  000.01.19 class_code = 6 1
  Found a SATA controller 60100000
  000.02.02 class_code = 128 3
  000.03.03 class_code = 4 6
  000.04.07 class_code = 4 6
  000.05.09 class_code = 4 6
  000.06.11 class_code = 4 6
  000.07.13 class_code = 4 6
  000.08.15 class_code = 4 6
  009.08.17 class_code = 255 0
 Peripheral: Num of USB controllers   :    1
 Peripheral: Num of SATA controllers  :    1
 Peripheral: Num of UART controllers  :    1

 BDF is 0
 Class code is 6000000
 BDF is 100
 Class code is 2000000
 BDF is 200
 Class code is 3800002
 BDF is 300
 Class code is 6040000
 BDF is 400
 Class code is 6040000
 BDF is 500
 Class code is 6040000
 BDF is 600
 Class code is 6040000
 BDF is 700
 Class code is 6040000
 BDF is 800
 Class code is 6040000
 BDF is 10000
 Class code is 6040002
 BDF is 20000
 Class code is 6040001
 BDF is 30000
 Class code is 4010001
 BDF is 40000
 Class code is 1080202
 BDF is 50000
 Class code is 2000001
 BDF is 60000
 Class code is C033001
 BDF is 70000
 Class code is 4010001
 BDF is 80000
 Class code is 6040000
 BDF is 90800
 Class code is FF0000 Peripheral: Num of Network ctrl      :    2
 Peripheral: Num of Storage ctrl      :    1
 Peripheral: Num of Display ctrl      :    1
 Creating MEMORY INFO table
  Reserved region of type 7 [0x10000000000, 0x100F83F5000]
  Reserved region of type 1 [0x100F83F5000, 0x100F8560000]
  Reserved region of type 5 [0x100F8560000, 0x100F85E0000]
  Reserved region of type 6 [0x100F85E0000, 0x100F8680000]
  Reserved region of type 5 [0x100F8680000, 0x100F86D0000]
  Reserved region of type 7 [0x100F86D0000, 0x100F86D9000]
  Reserved region of type 9 [0x100F86D9000, 0x100F86E0000]
  Reserved region of type 5 [0x100F86E0000, 0x100F8730000]
  Reserved region of type 7 [0x100F8730000, 0x100FA5B1000]
  Reserved region of type 4 [0x100FA5B1000, 0x100FA72A000]
  Reserved region of type 7 [0x100FA72A000, 0x100FA72B000]
  Reserved region of type 4 [0x100FA72B000, 0x100FA742000]
  Reserved region of type 7 [0x100FA742000, 0x100FA743000]
  Reserved region of type 4 [0x100FA743000, 0x100FB624000]
  Reserved region of type 7 [0x100FB624000, 0x100FB920000]
  Reserved region of type 3 [0x100FB920000, 0x100FBC00000]
  Reserved region of type 5 [0x100FBC00000, 0x100FBD90000]
  Reserved region of type 6 [0x100FBD90000, 0x100FBFE0000]
  Reserved region of type 7 [0x100FBFE0000, 0x100FBFFF000]
  Reserved region of type 4 [0x100FBFFF000, 0x100FC020000]
  Reserved region of type 7 [0x100FC020000, 0x100FF8E3000]
  Reserved region of type 4 [0x100FF8E3000, 0x100FF904000]
  Reserved region of type 3 [0x100FF904000, 0x100FF93A000]
  Reserved region of type 4 [0x100FF93A000, 0x100FFFE8000]
  Reserved region of type 3 [0x100FFFE8000, 0x100FFFF8000]
  Reserved region of type 4 [0x100FFFF8000, 0x10100000000]
  Reserved region of type 11 [0x10000000, 0x106C0000]
  Reserved region of type 11 [0x60010000, 0x60011000]
 Shared memory is 100FA759D98

      *** Starting PE tests ***

Operating System View:
   1 : Check Arch symmetry across PE         
       START
       Primary PE Index: 0, cache index: 0, size read: 0x00000000701FE00A
       Primary PE Index: 0, cache index: 1, size read: 0x00000000707FE07A
       Primary PE Index: 0, MIDR_EL1 : 0x00000000410FD083 
       Primary PE Index: 0, ID_AA64PFR0_EL1 : 0x0000000001002222 
       Primary PE Index: 0, ID_AA64PFR1_EL1 : 0x0000000000000000 
       Primary PE Index: 0, ID_AA64DFR0_EL1 : 0x0000000010305106 
       Primary PE Index: 0, ID_AA64DFR1_EL1 : 0x0000000000000000 
       Primary PE Index: 0, ID_AA64MMFR0_EL1 : 0x0000000000001124 
       Primary PE Index: 0, ID_AA64MMFR1_EL1 : 0x0000000000000000 
       Primary PE Index: 0, CTR_EL0 : 0x000000008444C004 
       Primary PE Index: 0, ID_AA64ISAR0_EL1 : 0x0000000000011120 
       Primary PE Index: 0, ID_AA64ISAR1_EL1 : 0x0000000000000000 
       Primary PE Index: 0, MPIDR_EL1 : 0x0000000080000000 
       Primary PE Index: 0, ID_DFR0_EL1 : 0x0000000003000066 
       Primary PE Index: 0, ID_ISAR0_EL1 : 0x0000000002101110 
       Primary PE Index: 0, ID_ISAR1_EL1 : 0x0000000013112111 
       Primary PE Index: 0, ID_ISAR2_EL1 : 0x0000000021232042 
       Primary PE Index: 0, ID_ISAR3_EL1 : 0x0000000001112131 
       Primary PE Index: 0, ID_ISAR4_EL1 : 0x0000000000011142 
       Primary PE Index: 0, ID_ISAR5_EL1 : 0x0000000000011121 
       Primary PE Index: 0, ID_MMFR0_EL1 : 0x0000000010201105 
       Primary PE Index: 0, ID_MMFR1_EL1 : 0x0000000040000000 
       Primary PE Index: 0, ID_MMFR2_EL1 : 0x0000000001260000 
       Primary PE Index: 0, ID_MMFR3_EL1 : 0x0000000002102211 
       Primary PE Index: 0, ID_MMFR4_EL1 : 0x00000100F84129FC 
       Primary PE Index: 0, ID_PFR0_EL1 : 0x0000000000000131 
       Primary PE Index: 0, ID_PFR1_EL1 : 0x0000000010011011 
       Primary PE Index: 0, MVFR0_EL1 : 0x0000000010110222 
       Primary PE Index: 0, MVFR1_EL1 : 0x0000000012111111 
       Primary PE Index: 0, MVFR2_EL1 : 0x0000000000000043 
       Primary PE Index: 0, PMCEID0_EL0 : 0x0000000000020001 
       Primary PE Index: 0, PMCEID1_EL0 : 0x0000000000000000 
       Primary PE Index: 0, PMCR_EL0 : 0x0000000041023000 
       PSCI_CPU_ON: success
Primary PE Index : 0, MIDR_EL1 : 0x00000000410FD083
        PE Index : 1, MIDR_EL1 : 0x00000000410FD083
        PE Index: 1, cache index: 0, size read: 0x00000000701FE00A
        PE Index: 1, cache index: 1, size read: 0x00000000707FE07A
        PE Index: 1, ID_AA64PFR0_EL1  : 0x0000000001002222
        PE Index: 1, ID_AA64PFR1_EL1  : 0x0000000000000000
        PE Index: 1, ID_AA64DFR0_EL1  : 0x0000000010305106
        PE Index: 1, ID_AA64DFR1_EL1  : 0x0000000000000000
        PE Index: 1, ID_AA64MMFR0_EL1  : 0x0000000000001124
        PE Index: 1, ID_AA64MMFR1_EL1  : 0x0000000000000000
        PE Index: 1, CTR_EL0  : 0x000000008444C004
        PE Index: 1, ID_AA64ISAR0_EL1  : 0x0000000000011120
        PE Index: 1, ID_AA64ISAR1_EL1  : 0x0000000000000000
        PE Index: 1, MPIDR_EL1  : 0x0000000080000001
        PE Index: 1, ID_DFR0_EL1  : 0x0000000003000066
        PE Index: 1, ID_ISAR0_EL1  : 0x0000000002101110
        PE Index: 1, ID_ISAR1_EL1  : 0x0000000013112111
        PE Index: 1, ID_ISAR2_EL1  : 0x0000000021232042
        PE Index: 1, ID_ISAR3_EL1  : 0x0000000001112131
        PE Index: 1, ID_ISAR4_EL1  : 0x0000000000011142
        PE Index: 1, ID_ISAR5_EL1  : 0x0000000000011121
        PE Index: 1, ID_MMFR0_EL1  : 0x0000000010201105
        PE Index: 1, ID_MMFR1_EL1  : 0x0000000040000000
        PE Index: 1, ID_MMFR2_EL1  : 0x0000000001260000
        PE Index: 1, ID_MMFR3_EL1  : 0x0000000002102211
        PE Index: 1, ID_MMFR4_EL1  : 0x00000100F84129FC
        PE Index: 1, ID_PFR0_EL1  : 0x0000000000000131
        PE Index: 1, ID_PFR1_EL1  : 0x0000000010011011
        PE Index: 1, MVFR0_EL1  : 0x0000000010110222
        PE Index: 1, MVFR1_EL1  : 0x0000000012111111
        PE Index: 1, MVFR2_EL1  : 0x0000000000000043
        PE Index: 1, PMCEID0_EL0  : 0x0000000000020001
        PE Index: 1, PMCEID1_EL0  : 0x0000000000000000
        PE Index: 1, PMCR_EL0  : 0x0000000041023000
       B_PE_01
                                       : Result:  PASS
       END

   2 : Check for number of PE                
       START
       gic version from info table = 3 
       B_PE_02
                                       : Result:  PASS
       END

   3 : Check for AdvSIMD and FP support      
       START
       PSCI_CPU_ON: success
       B_PE_03
                                       : Result:  PASS
       END

   4 : Check PE 4KB Granule Support          
       START
       PSCI_CPU_ON: success
       B_PE_04
                                       : Result:  PASS
       END

   6 : Check Cryptographic extensions        
       START
       PSCI_CPU_ON: success
       B_PE_06
                                       : Result:  PASS
       END

   7 : Check Little Endian support           
       START
       PSCI_CPU_ON: success
       B_PE_07
                                       : Result:  PASS
       END

   8 : Check EL1 and EL0 implementation      
       START
       PSCI_CPU_ON: success
       B_PE_08
                                       : Result:  PASS
       END

   9 : Check for PMU and PMU counters        
       START
       PSCI_CPU_ON: success
       B_PE_09
                                       : Result:  PASS
       END

  10 : Check PMU Overflow signal             
       START
 Received PMUIRQ 
       B_PE_10
                                       : Result:  PASS
       END

  11 : Check num of Breakpoints and type     
       START
       PSCI_CPU_ON: success
       B_PE_11
                                       : Result:  PASS
       END

  12 : Check Synchronous Watchpoints         
       START
       PSCI_CPU_ON: success
       B_PE_12
                                       : Result:  PASS
       END

  13 : Check CRC32 instruction support       
       START
       PSCI_CPU_ON: success
       B_PE_13
                                       : Result:  PASS
       END


Hypervisor View:
  51 : Check EL2 implementation              
       START
       PSCI_CPU_ON: success
       B_PE_18
                                       : Result:  PASS
       END

  52 : Check Stage 2 4KB Granule Support     
       START
       PSCI_CPU_ON: success
       B_PE_19
                                       : Result:  PASS
       END

  53 : Check Stage2 and Stage1 Granule match 
       START
       PSCI_CPU_ON: success
       B_PE_20
                                       : Result:  PASS
       END

  54 : Check for PMU counters                
       START
       PSCI_CPU_ON: success
       B_PE_21
                                       : Result:  PASS
       END

  55 : Check VMID breakpoint number          
       START
       PSCI_CPU_ON: success
       B_PE_22
                                       : Result:  PASS
       END


Platform Security View:
  76 : Check EL3 implementation              
       START
       PSCI_CPU_ON: success
       B_PE_23, B_PE_24
                                       : Result:  PASS
       END


      All PE tests passed.

      *** Starting Memory Map tests ***

Operating System View:
 102 : Mem Access Response in finite time    
       START
       Device Mem Address : 0x10000000
       Device Mem Address : 0x60010000Instance 0x2 not found for memory type 0x1000

       Error in getting dev mem for index 2  
       Normal Mem Address : 0x10000000000
       Normal Mem Address : 0x100F86D0000
       Normal Mem Address : 0x100F8730000
       B_MEM_01
                                       : Result:  PASS
       END

 103 : PE must access all NS addr space      
       START
       B_MEM_05
                                       : Result:  PASS
       END


      All Memory tests passed.

      *** Starting GIC tests ***

       gic version from info table = 3 
Operating System View:
 203 : If PCIe, GICv3 then ITS, LPI          
       START
       gic version from info table = 3 
       B_GIC_03
                                       : Result:  PASS
       END

 204 : Check GICv3 Security States           
       START
       gic version from info table = 3 
       B_GIC_04
                                       : Result:  PASS
       END

 205 : Non-secure SGIs are implemented       
       START
       PE MPIDR 0x0       gicr_rdindex 0       gicrd_base 0x40080000
       GICR_TYPER 0x1000001

       PE RD base address 40080000  data 0x6C80FFFF
       B_GIC_05
                                       : Result:  PASS
       END

 206 : Check EL1-Phy timer PPI assignment    
       START
       Received phy el1 interrupt   
       B_PPI_01
                                       : Result:  PASS
       END

 207 : Check EL1-Virt timer PPI assignment   
       START
       Received virt el1 interrupt   
       B_PPI_01
                                       : Result:  PASS
       END


Hypervisor View:
 226 : Check NS EL2-Virt timer PPI Assignment
       START
       v8.1 VHE not supported on this PE 
       B_PPI_02
       Checkpoint --  2                           : Result:  SKIPPED
       END

 227 : Check NS EL2-Phy timer PPI Assignment 
       START
       Received phy el2 interrupt     
       B_PPI_02
                                       : Result:  PASS
       END

 228 : Check GIC Maintenance PPI Assignment  
       START
       gic version from info table = 3 
       gic version from info table = 3 
       gic version from info table = 3 
       gic version from info table = 3 
       Received GIC maintenance interrupt 
       B_PPI_02
                                       : Result:  PASS
       END


       No GICv2m, Skipping all GICv2m tests

      *** Starting DeviceID generation and ITS tests ***

Operating System View:
 276 : Check number of ITS blocks in a group 
       START
       Number of ITS groups = 1
       Number of ITS Blocks = 1              
       ITS_01
                                       : Result:  PASS
       END

 277 : Check ITS block association with group
       START
       Number of ITS groups = 1
       ITS_02
                                       : Result:  PASS
       END

 278 : Check uniqueness of StreamID          
       START
       RC block->data.smmu.base: 60050000    
       RC block->data.smmu.base: 60050000    
       RC block->data.smmu.base: 60050000    
       RC block->data.smmu.base: 60050000    
       RC block->data.smmu.base: 60050000    
       RC block->data.smmu.base: 60050000    
       RC block->data.smmu.base: 60050000    
       RC block->data.smmu.base: 60050000    
       RC block->data.smmu.base: 60050000    
       RC block->data.smmu.base: 60050000    
       RC block->data.smmu.base: 60050000    
       RC block->data.smmu.base: 60050000    
       RC block->data.smmu.base: 60050000    
       ITS_DEV_2
                                       : Result:  PASS
       END

 279 : Check Device's ReqID-DeviceID-StreamID
       START
       RC block->data.smmu.base: 60050000    
       RC block->data.smmu.base: 60050000    
       Checking ReqID-StreamID-DeviceID Association, Bdf : 300
       RC block->data.smmu.base: 60050000    
       Checking ReqID-StreamID-DeviceID Association, Bdf : 400
       RC block->data.smmu.base: 60050000    
       Checking ReqID-StreamID-DeviceID Association, Bdf : 500
       RC block->data.smmu.base: 60050000    
       Checking ReqID-StreamID-DeviceID Association, Bdf : 600
       RC block->data.smmu.base: 60050000    
       Checking ReqID-StreamID-DeviceID Association, Bdf : 700
       RC block->data.smmu.base: 60050000    
       Checking ReqID-StreamID-DeviceID Association, Bdf : 800
       RC block->data.smmu.base: 60050000    
       Checking ReqID-StreamID-DeviceID Association, Bdf : 10000
       RC block->data.smmu.base: 60050000    
       Checking ReqID-StreamID-DeviceID Association, Bdf : 20000
       RC block->data.smmu.base: 60050000    
       Checking ReqID-StreamID-DeviceID Association, Bdf : 40000
       RC block->data.smmu.base: 60050000    
       Checking ReqID-StreamID-DeviceID Association, Bdf : 50000
       RC block->data.smmu.base: 60050000    
       Checking ReqID-StreamID-DeviceID Association, Bdf : 60000
       RC block->data.smmu.base: 60050000    
       Checking ReqID-StreamID-DeviceID Association, Bdf : 80000
       ITS_DEV_7,ITS_DEV_8
                                       : Result:  PASS
       END


      One or more GIC tests failed or were skipped.

      *** Starting SMMU tests ***

Operating System View:
 301 : All SMMUs have same Arch Revision     
       START
       B_SMMU_01
                                       : Result:  PASS
       END

 302 : Check SMMU Granule Support            
       START
       B_SMMU_02
                                       : Result:  PASS
       END

 303 : Check SMMU Large Physical Addr Support
       START 
       Mem Phy Addr 10000000000 
       Mem Phy Addr 100F83F5000 
       Mem Phy Addr 100F8560000 
       Mem Phy Addr 100F85E0000 
       Mem Phy Addr 100F8680000 
       Mem Phy Addr 100F86D0000 
       Mem Phy Addr 100F86D9000 
       Mem Phy Addr 100F86E0000 
       Mem Phy Addr 100F8730000 
       Mem Phy Addr 100FA5B1000 
       Mem Phy Addr 100FA72A000 
       Mem Phy Addr 100FA72B000 
       Mem Phy Addr 100FA742000 
       Mem Phy Addr 100FA743000 
       Mem Phy Addr 100FB624000 
       Mem Phy Addr 100FB920000 
       Mem Phy Addr 100FBC00000 
       Mem Phy Addr 100FBD90000 
       Mem Phy Addr 100FBFE0000 
       Mem Phy Addr 100FBFFF000 
       Mem Phy Addr 100FC020000 
       Mem Phy Addr 100FF8E3000 
       Mem Phy Addr 100FF904000 
       Mem Phy Addr 100FF93A000 
       Mem Phy Addr 100FFFE8000 
       Mem Phy Addr 100FFFF8000 
       Mem Phy Addr 10000000 
       Mem Phy Addr 60010000
       uefi mem map has 52 bit addr: 0
       PE pa range value: 4
       SMMU 0 OAS value: 4
       B_SMMU_06
       Checkpoint --  2                           : Result:  SKIPPED
       END

 304 : Check SMMU S-EL2 & stage1 support     
       START
       B_SMMU_08
                                       : Result:  PASS
       END


Hypervisor View:
 352 : Check SMMU S-EL2 & stage2 support     
       START
       B_SMMU_16, B_SMMU_17, B_SMMU_18
                                       : Result:  PASS
       END

 354 : SMMUv3 Integration compliance         
       START
       B_SMMU_21, SMMU_01
                                       : Result:  PASS
       END


      One or more SMMU tests failed or were skipped.

      *** Starting Timer tests ***

Operating System View:
 401 : Check Counter Frequency               
       START
       Counter frequency is 3B9ACA00     
       B_TIME_01, B_TIME_02
                                       : Result:  PASS
       END

 402 : SYS Timer if PE Timer not ON          
       START
 Physical EL1 timer flag = 6
 Physical EL2 timer flag = 6
 Virtual EL1 timer flag  = 6
       B_TIME_06
                                       : Result:  PASS
       END

 403 : Memory mapped timer check             
       START
       No System timers are defined  
       B_TIME_07, B_TIME_10
       Checkpoint --  1                           : Result:  SKIPPED
       END

 404 : Generate Mem Mapped SYS Timer Intr    
       START
       No System timers are defined  
       B_TIME_08
       Checkpoint --  1                           : Result:  SKIPPED
       END

 405 : Restore PE timer on PE wake up        
       START
       No non-secure systimer implemented
       B_TIME_09
       Checkpoint --  1                           : Result:  SKIPPED
       END


      One or more Timer tests failed or were skipped.

      *** Starting Wakeup semantic tests ***

Operating System View:
 501 : Wake from EL1 PHY Timer Int           
       START       Received EL1 PHY interrupt

       B_WAK_01, B_WAK_02, B_WAK_03, B_WAK_04, B_WAK_05                     
       B_WAK_06, B_WAK_07, B_WAK_10, B_WAK_11
                                       : Result:  PASS
       END

 502 : Wake from EL1 VIR Timer Int           
       START       Received EL1 VIRT interrupt

       B_WAK_01, B_WAK_02, B_WAK_03, B_WAK_04, B_WAK_05                     
       B_WAK_06, B_WAK_07, B_WAK_10, B_WAK_11
                                       : Result:  PASS
       END

 503 : Wake from EL2 PHY Timer Int           
       START       Received EL2 Physical interrupt

       B_WAK_01, B_WAK_02, B_WAK_03, B_WAK_04, B_WAK_05                     
       B_WAK_06, B_WAK_07, B_WAK_10, B_WAK_11
                                       : Result:  PASS
       END

 504 : Wake from Watchdog WS0 Int            
       START
       Setting Trigger type as 1
       Writing to Register Address : 0x40060C0C        Received WS0 interrupt

       B_WAK_01, B_WAK_02, B_WAK_03, B_WAK_04, B_WAK_05                     
       B_WAK_06, B_WAK_07, B_WAK_10, B_WAK_11
                                       : Result:  PASS
       END

 505 : Wake from System Timer Int            
       START
       No system timers implemented
       B_WAK_01, B_WAK_02, B_WAK_03, B_WAK_04, B_WAK_05                     
       B_WAK_06, B_WAK_07, B_WAK_10, B_WAK_11
       Checkpoint --  1                           : Result:  SKIPPED
       END


      One or more Wakeup tests failed or were skipped.

      *** Starting Peripheral tests ***

Operating System View:
 601 : USB CTRL Interface                    
       START
       PCIe_CFG_RD ECAM Base is zero FF000000
       WARN: USB CTRL ECAM access failed 0x0  
       Re-checking using PCIIO protocol
       B_PER_01, B_PER_02
                                       : Result:  PASS
       END

 602 : Check SATA CTRL Interface             
       START
       PCIe_CFG_RD ECAM Base is zero FF000100       WARN: SATA CTRL ECAM access failed 0
       Re-checking SATA CTRL using PciIo protocol

       B_PER_03
                                       : Result:  PASS
       END

 603 : Check Arm BSA UART register offsets   
       START
       B_PER_05
                                       : Result:  PASS
       END

 604 : Check Arm GENERIC UART Interrupt      
       START
       Received interrupt on 33     
       Test Message                          
       B_PER_06, B_PER_07
                                       : Result:  PASS
       END

 606 : 16550 compatible UART                 
       START
       B_PER_05
       Checkpoint --  2                           : Result:  SKIPPED
       END


      One or more Peripheral tests failed or were skipped.

      *** Starting Watchdog tests ***

Operating System View:
 701 : Non Secure Watchdog Access            
       START
       Found 1 watchdogs in table             
       Watchdog Refresh base is 50010000 
       Watchdog CTRL base is  50011000      
       B_WD_01, B_WD_02, S_L3WD_01
                                       : Result:  PASS
       END

 702 : Check Watchdog WS0 interrupt          
       START
       WS0 Interrupt id  48        
       Setting Trigger type as 1
       Writing to Register Address : 0x40060C0C 
       Received WS0 interrupt                
       B_WD_03, S_L3WD_01
                                       : Result:  PASS
       END


      All Watchdog tests passed.

      *** Starting PCIe tests ***

Operating System View:
 801 : Check ECAM Presence                   
       START
       PCI_IN_01
                                       : Result:  PASS
       END

 802 : PE - ECAM Region accessibility check  
       START
       PCI_IN_02
                                       : Result:  PASS
       END

 803 : All EP/Sw under RP in same ECAM Region
       START
       BDF - 0x100
       BDF - 0x200
       BDF - 0x300
       BDF - 0x400
       BDF - 0x500
       BDF - 0x600
       BDF - 0x700
       BDF - 0x800
       BDF - 0x10000
       BDF - 0x20000
       BDF - 0x40000
       BDF - 0x50000
       BDF - 0x60000
       BDF - 0x80000
       PCI_IN_04
                                       : Result:  PASS
       END

 806 : Legacy int must be SPI & lvl-sensitive
       START
       BDF - 0x300
       pal_pcie_get_legacy_irq_map unimplemented. Skipping test
    The API is platform specific and to be populated
    by partners with system legacy irq map
       PCI_LI_01, PCI_LI_03
       Checkpoint --  2                           : Result:  SKIPPED
       END

 808 : Check all 1's for out of range        
       START
 max bdf 0x80000
 Maximum sub bus 9
       Maximum bus value is 0xA
       Calculated config address is F0A00000
       Calculated config address is F0A01000
       Calculated config address is F0A02000
       Calculated config address is F0A03000
       Calculated config address is F0A04000
       Calculated config address is F0A05000
       Calculated config address is F0A06000
       Calculated config address is F0A07000
       Calculated config address is F0A08000
       Calculated config address is F0A09000
       Calculated config address is F0A0A000
       Calculated config address is F0A0B000
       Calculated config address is F0A0C000
       Calculated config address is F0A0D000
       Calculated config address is F0A0E000
       Calculated config address is F0A0F000
       Calculated config address is F0A10000
       Calculated config address is F0A11000
       Calculated config address is F0A12000
       Calculated config address is F0A13000
       Calculated config address is F0A14000
       Calculated config address is F0A15000
       Calculated config address is F0A16000
       Calculated config address is F0A17000
       Calculated config address is F0A18000
       Calculated config address is F0A19000
       Calculated config address is F0A1A000
       Calculated config address is F0A1B000
       Calculated config address is F0A1C000
       Calculated config address is F0A1D000
       Calculated config address is F0A1E000
       Calculated config address is F0A1F000
       Calculated config address is F0A20000
       Calculated config address is F0A21000
       Calculated config address is F0A22000
       Calculated config address is F0A23000
       Calculated config address is F0A24000
       Calculated config address is F0A25000
       Calculated config address is F0A26000
       Calculated config address is F0A27000
       Calculated config address is F0A28000
       Calculated config address is F0A29000
       Calculated config address is F0A2A000
       Calculated config address is F0A2B000
       Calculated config address is F0A2C000
       Calculated config address is F0A2D000
       Calculated config address is F0A2E000
       Calculated config address is F0A2F000
       Calculated config address is F0A30000
       Calculated config address is F0A31000
       Calculated config address is F0A32000
       Calculated config address is F0A33000
       Calculated config address is F0A34000
       Calculated config address is F0A35000
       Calculated config address is F0A36000
       Calculated config address is F0A37000
       Calculated config address is F0A38000
       Calculated config address is F0A39000
       Calculated config address is F0A3A000
       Calculated config address is F0A3B000
       Calculated config address is F0A3C000
       Calculated config address is F0A3D000
       Calculated config address is F0A3E000
       Calculated config address is F0A3F000
       Calculated config address is F0A40000
       Calculated config address is F0A41000
       Calculated config address is F0A42000
       Calculated config address is F0A43000
       Calculated config address is F0A44000
       Calculated config address is F0A45000
       Calculated config address is F0A46000
       Calculated config address is F0A47000
       Calculated config address is F0A48000
       Calculated config address is F0A49000
       Calculated config address is F0A4A000
       Calculated config address is F0A4B000
       Calculated config address is F0A4C000
       Calculated config address is F0A4D000
       Calculated config address is F0A4E000
       Calculated config address is F0A4F000
       Calculated config address is F0A50000
       Calculated config address is F0A51000
       Calculated config address is F0A52000
       Calculated config address is F0A53000
       Calculated config address is F0A54000
       Calculated config address is F0A55000
       Calculated config address is F0A56000
       Calculated config address is F0A57000
       Calculated config address is F0A58000
       Calculated config address is F0A59000
       Calculated config address is F0A5A000
       Calculated config address is F0A5B000
       Calculated config address is F0A5C000
       Calculated config address is F0A5D000
       Calculated config address is F0A5E000
       Calculated config address is F0A5F000
       Calculated config address is F0A60000
       Calculated config address is F0A61000
       Calculated config address is F0A62000
       Calculated config address is F0A63000
       Calculated config address is F0A64000
       Calculated config address is F0A65000
       Calculated config address is F0A66000
       Calculated config address is F0A67000
       Calculated config address is F0A68000
       Calculated config address is F0A69000
       Calculated config address is F0A6A000
       Calculated config address is F0A6B000
       Calculated config address is F0A6C000
       Calculated config address is F0A6D000
       Calculated config address is F0A6E000
       Calculated config address is F0A6F000
       Calculated config address is F0A70000
       Calculated config address is F0A71000
       Calculated config address is F0A72000
       Calculated config address is F0A73000
       Calculated config address is F0A74000
       Calculated config address is F0A75000
       Calculated config address is F0A76000
       Calculated config address is F0A77000
       Calculated config address is F0A78000
       Calculated config address is F0A79000
       Calculated config address is F0A7A000
       Calculated config address is F0A7B000
       Calculated config address is F0A7C000
       Calculated config address is F0A7D000
       Calculated config address is F0A7E000
       Calculated config address is F0A7F000
       Calculated config address is F0A80000
       Calculated config address is F0A81000
       Calculated config address is F0A82000
       Calculated config address is F0A83000
       Calculated config address is F0A84000
       Calculated config address is F0A85000
       Calculated config address is F0A86000
       Calculated config address is F0A87000
       Calculated config address is F0A88000
       Calculated config address is F0A89000
       Calculated config address is F0A8A000
       Calculated config address is F0A8B000
       Calculated config address is F0A8C000
       Calculated config address is F0A8D000
       Calculated config address is F0A8E000
       Calculated config address is F0A8F000
       Calculated config address is F0A90000
       Calculated config address is F0A91000
       Calculated config address is F0A92000
       Calculated config address is F0A93000
       Calculated config address is F0A94000
       Calculated config address is F0A95000
       Calculated config address is F0A96000
       Calculated config address is F0A97000
       Calculated config address is F0A98000
       Calculated config address is F0A99000
       Calculated config address is F0A9A000
       Calculated config address is F0A9B000
       Calculated config address is F0A9C000
       Calculated config address is F0A9D000
       Calculated config address is F0A9E000
       Calculated config address is F0A9F000
       Calculated config address is F0AA0000
       Calculated config address is F0AA1000
       Calculated config address is F0AA2000
       Calculated config address is F0AA3000
       Calculated config address is F0AA4000
       Calculated config address is F0AA5000
       Calculated config address is F0AA6000
       Calculated config address is F0AA7000
       Calculated config address is F0AA8000
       Calculated config address is F0AA9000
       Calculated config address is F0AAA000
       Calculated config address is F0AAB000
       Calculated config address is F0AAC000
       Calculated config address is F0AAD000
       Calculated config address is F0AAE000
       Calculated config address is F0AAF000
       Calculated config address is F0AB0000
       Calculated config address is F0AB1000
       Calculated config address is F0AB2000
       Calculated config address is F0AB3000
       Calculated config address is F0AB4000
       Calculated config address is F0AB5000
       Calculated config address is F0AB6000
       Calculated config address is F0AB7000
       Calculated config address is F0AB8000
       Calculated config address is F0AB9000
       Calculated config address is F0ABA000
       Calculated config address is F0ABB000
       Calculated config address is F0ABC000
       Calculated config address is F0ABD000
       Calculated config address is F0ABE000
       Calculated config address is F0ABF000
       Calculated config address is F0AC0000
       Calculated config address is F0AC1000
       Calculated config address is F0AC2000
       Calculated config address is F0AC3000
       Calculated config address is F0AC4000
       Calculated config address is F0AC5000
       Calculated config address is F0AC6000
       Calculated config address is F0AC7000
       Calculated config address is F0AC8000
       Calculated config address is F0AC9000
       Calculated config address is F0ACA000
       Calculated config address is F0ACB000
       Calculated config address is F0ACC000
       Calculated config address is F0ACD000
       Calculated config address is F0ACE000
       Calculated config address is F0ACF000
       Calculated config address is F0AD0000
       Calculated config address is F0AD1000
       Calculated config address is F0AD2000
       Calculated config address is F0AD3000
       Calculated config address is F0AD4000
       Calculated config address is F0AD5000
       Calculated config address is F0AD6000
       Calculated config address is F0AD7000
       Calculated config address is F0AD8000
       Calculated config address is F0AD9000
       Calculated config address is F0ADA000
       Calculated config address is F0ADB000
       Calculated config address is F0ADC000
       Calculated config address is F0ADD000
       Calculated config address is F0ADE000
       Calculated config address is F0ADF000
       Calculated config address is F0AE0000
       Calculated config address is F0AE1000
       Calculated config address is F0AE2000
       Calculated config address is F0AE3000
       Calculated config address is F0AE4000
       Calculated config address is F0AE5000
       Calculated config address is F0AE6000
       Calculated config address is F0AE7000
       Calculated config address is F0AE8000
       Calculated config address is F0AE9000
       Calculated config address is F0AEA000
       Calculated config address is F0AEB000
       Calculated config address is F0AEC000
       Calculated config address is F0AED000
       Calculated config address is F0AEE000
       Calculated config address is F0AEF000
       Calculated config address is F0AF0000
       Calculated config address is F0AF1000
       Calculated config address is F0AF2000
       Calculated config address is F0AF3000
       Calculated config address is F0AF4000
       Calculated config address is F0AF5000
       Calculated config address is F0AF6000
       Calculated config address is F0AF7000
       Calculated config address is F0AF8000
       Calculated config address is F0AF9000
       Calculated config address is F0AFA000
       Calculated config address is F0AFB000
       Calculated config address is F0AFC000
       Calculated config address is F0AFD000
       Calculated config address is F0AFE000
       Calculated config address is F0AFF000
       PCI_IN_16
                                       : Result:  PASS
       END

 809 : Vendor specific data is PCIe compliant
       START
       BDF - 0x300
       BDF - 0x400
       BDF - 0x500
       BDF - 0x600
       BDF - 0x700
       BDF - 0x800
       PCI_IN_20
                                       : Result:  PASS
       END

 811 : Check RP Byte Enable Rules            
       START
       BDF - 0x300
       BDF - 0x400
       BDF - 0x500
       BDF - 0x600
       BDF - 0x700
       BDF - 0x800
       PCI_IN_18
                                       : Result:  PASS
       END

 817 : Check Direct Transl P2P Support       
       START
       No RP type device found with P2P and ATS Support. Skipping test
       PCI_PP_05
       Checkpoint --  1                           : Result:  SKIPPED
       END

 818 : Check RP Adv Error Report             
       START
       The test is applicable only if the system supports
       P2P traffic. If the system supports P2P, pass the
       command line option '-p2p' while running the binary
       PCI_PP_05
       Checkpoint --  1                           : Result:  SKIPPED
       END

 819 : RP must suprt ACS if P2P Txn are allow
       START
       PCIe hierarchy does not support P2P. Skipping test
       PCI_PP_03
       Checkpoint --  1                           : Result:  SKIPPED
       END

 820 : Type 0/1 common config rule           
       START
       Number of bit-field entries to check 10
       BDF 0x300 : PASS
       BDF 0x300 : PASS
       BDF 0x300 : PASS
       BDF 0x300 : PASS
       BDF 0x300 : PASS
       BDF 0x300 : PASS
       BDF 0x300 : PASS
       BDF 0x300 : PASS
       BDF 0x300 : PASS
       BDF 0x300 : PASS
       BDF 0x400 : PASS
       BDF 0x400 : PASS
       BDF 0x400 : PASS
       BDF 0x400 : PASS
       BDF 0x400 : PASS
       BDF 0x400 : PASS
       BDF 0x400 : PASS
       BDF 0x400 : PASS
       BDF 0x400 : PASS
       BDF 0x400 : PASS
       BDF 0x500 : PASS
       BDF 0x500 : PASS
       BDF 0x500 : PASS
       BDF 0x500 : PASS
       BDF 0x500 : PASS
       BDF 0x500 : PASS
       BDF 0x500 : PASS
       BDF 0x500 : PASS
       BDF 0x500 : PASS
       BDF 0x500 : PASS
       BDF 0x600 : PASS
       BDF 0x600 : PASS
       BDF 0x600 : PASS
       BDF 0x600 : PASS
       BDF 0x600 : PASS
       BDF 0x600 : PASS
       BDF 0x600 : PASS
       BDF 0x600 : PASS
       BDF 0x600 : PASS
       BDF 0x600 : PASS
       BDF 0x700 : PASS
       BDF 0x700 : PASS
       BDF 0x700 : PASS
       BDF 0x700 : PASS
       BDF 0x700 : PASS
       BDF 0x700 : PASS
       BDF 0x700 : PASS
       BDF 0x700 : PASS
       BDF 0x700 : PASS
       BDF 0x700 : PASS
       BDF 0x800 : PASS
       BDF 0x800 : PASS
       BDF 0x800 : PASS
       BDF 0x800 : PASS
       BDF 0x800 : PASS
       BDF 0x800 : PASS
       BDF 0x800 : PASS
       BDF 0x800 : PASS
       BDF 0x800 : PASS
       BDF 0x800 : PASS
       BDF 0x40000 : PASS
       BDF 0x40000 : PASS
       BDF 0x40000 : PASS
       BDF 0x40000 : PASS
       BDF 0x40000 : PASS
       BDF 0x40000 : PASS
       BDF 0x40000 : PASS
       BDF 0x40000 : PASS
       BDF 0x40000 : PASS
       BDF 0x40000 : PASS
       BDF 0x50000 : PASS
       BDF 0x50000 : PASS
       BDF 0x50000 : PASS
       BDF 0x50000 : PASS
       BDF 0x50000 : PASS
       BDF 0x50000 : PASS
       BDF 0x50000 : PASS
       BDF 0x50000 : PASS
       BDF 0x50000 : PASS
       BDF 0x50000 : PASS
       BDF 0x60000 : PASS
       BDF 0x60000 : PASS
       BDF 0x60000 : PASS
       BDF 0x60000 : PASS
       BDF 0x60000 : PASS
       BDF 0x60000 : PASS
       BDF 0x60000 : PASS
       BDF 0x60000 : PASS
       BDF 0x60000 : PASS
       BDF 0x60000 : PASS
       PCI_IN_05, PCI_IN_19
                                       : Result:  PASS
       END

 821 : Type 0 config header rules            
       START
       Number of bit-field entries to check 2
       BDF 0x40000 : PASS
       BDF 0x40000 : PASS
       BDF 0x50000 : PASS
       BDF 0x50000 : PASS
       BDF 0x60000 : PASS
       BDF 0x60000 : PASS
       B_PER_12
                                       : Result:  PASS
       END

 822 : Check Type 1 config header rules      
       START
       Number of bit-field entries to check 10
       BDF 0x300 : PASS
       BDF 0x300 : PASS
       BDF 0x300 : PASS
       BDF 0x300 : PASS
       BDF 0x300 : PASS
       BDF 0x300 : PASS
       BDF 0x300 : PASS
       BDF 0x300 : PASS
       BDF 0x300 : PASS
       BDF 0x300 : PASS
       BDF 0x400 : PASS
       BDF 0x400 : PASS
       BDF 0x400 : PASS
       BDF 0x400 : PASS
       BDF 0x400 : PASS
       BDF 0x400 : PASS
       BDF 0x400 : PASS
       BDF 0x400 : PASS
       BDF 0x400 : PASS
       BDF 0x400 : PASS
       BDF 0x500 : PASS
       BDF 0x500 : PASS
       BDF 0x500 : PASS
       BDF 0x500 : PASS
       BDF 0x500 : PASS
       BDF 0x500 : PASS
       BDF 0x500 : PASS
       BDF 0x500 : PASS
       BDF 0x500 : PASS
       BDF 0x500 : PASS
       BDF 0x600 : PASS
       BDF 0x600 : PASS
       BDF 0x600 : PASS
       BDF 0x600 : PASS
       BDF 0x600 : PASS
       BDF 0x600 : PASS
       BDF 0x600 : PASS
       BDF 0x600 : PASS
       BDF 0x600 : PASS
       BDF 0x600 : PASS
       BDF 0x700 : PASS
       BDF 0x700 : PASS
       BDF 0x700 : PASS
       BDF 0x700 : PASS
       BDF 0x700 : PASS
       BDF 0x700 : PASS
       BDF 0x700 : PASS
       BDF 0x700 : PASS
       BDF 0x700 : PASS
       BDF 0x700 : PASS
       BDF 0x800 : PASS
       BDF 0x800 : PASS
       BDF 0x800 : PASS
       BDF 0x800 : PASS
       BDF 0x800 : PASS
       BDF 0x800 : PASS
       BDF 0x800 : PASS
       BDF 0x800 : PASS
       BDF 0x800 : PASS
       BDF 0x800 : PASS
       PCI_IN_05, PCI_IN_19
                                       : Result:  PASS
       END

 824 : Device capabilities reg rule          
       START
       Number of bit-field entries to check 3
       BDF 0x300 : PASS
       BDF 0x300 : PASS
       BDF 0x300 : PASS
       BDF 0x400 : PASS
       BDF 0x400 : PASS
       BDF 0x400 : PASS
       BDF 0x500 : PASS
       BDF 0x500 : PASS
       BDF 0x500 : PASS
       BDF 0x600 : PASS
       BDF 0x600 : PASS
       BDF 0x600 : PASS
       BDF 0x700 : PASS
       BDF 0x700 : PASS
       BDF 0x700 : PASS
       BDF 0x800 : PASS
       BDF 0x800 : PASS
       BDF 0x800 : PASS
       PCI_IN_05
                                       : Result:  PASS
       END

 825 : Device Control register rule          
       START
       Number of bit-field entries to check 1
       BDF 0x300 : PASS
       BDF 0x400 : PASS
       BDF 0x500 : PASS
       BDF 0x600 : PASS
       BDF 0x700 : PASS
       BDF 0x800 : PASS
       PCI_IN_05
                                       : Result:  PASS
       END

 826 : Device cap 2 register rules           
       START
       Number of bit-field entries to check 3
       BDF 0x40000 : PASS
       BDF 0x40000 : PASS
       BDF 0x40000 : PASS
       BDF 0x50000 : PASS
       BDF 0x50000 : PASS
       BDF 0x50000 : PASS
       BDF 0x60000 : PASS
       BDF 0x60000 : PASS
       BDF 0x60000 : PASS
       PCI_IN_05
                                       : Result:  PASS
       END

 830 : Check Cmd Reg memory space enable     
       START
      tbl_index 0      BDF 100
      tbl_index 1      BDF 200
      tbl_index 2      BDF 300      Bar Base 0
      tbl_index 3      BDF 400      Bar Base 81400000    bar_data FFFFFFFF 
      tbl_index 4      BDF 500      Bar Base 81320000    bar_data FFFFFFFF 
      tbl_index 5      BDF 600      Bar Base 81200000    bar_data FFFFFFFF 
      tbl_index 6      BDF 700      Bar Base 81585000    bar_data FFFFFFFF 
      tbl_index 7      BDF 800      Bar Base 81100000    bar_data FFFFFFFF 
      tbl_index 8      BDF 10000      Bar Base 0
      tbl_index 9      BDF 20000      Bar Base 0
      tbl_index A      BDF 40000      Bar Base 81400000    bar_data FFFFFFFF 
      tbl_index B      BDF 50000      Bar Base 81320000    bar_data FFFFFFFF 
      tbl_index C      BDF 60000      Bar Base 81200000    bar_data FFFFFFFF 
      tbl_index D      BDF 80000      Bar Base 81100000    bar_data FFFFFFFF 
       PCI_IN_19
                                       : Result:  PASS
       END

 831 : Check Type0/1 BIST Register rule      
       START
       BDF - 0x100
       BDF - 0x200
       BDF - 0x300
       BDF - 0x400
       BDF - 0x500
       BDF - 0x600
       BDF - 0x700
       BDF - 0x800
       BDF - 0x10000
       BDF - 0x20000
       BDF - 0x40000
       BDF - 0x50000
       BDF - 0x60000
       BDF - 0x80000
       PCI_IN_19
                                       : Result:  PASS
       END

 832 : Check HDR CapPtr Register rule        
       START
       BDF - 0x100
       BDF - 0x200
       BDF - 0x300
       BDF - 0x400
       BDF - 0x500
       BDF - 0x600
       BDF - 0x700
       BDF - 0x800
       BDF - 0x10000
       BDF - 0x20000
       BDF - 0x40000
       BDF - 0x50000
       BDF - 0x60000
       BDF - 0x80000
       PCI_IN_19
                                       : Result:  PASS
       END

 833 : Check Max payload size supported      
       START
       BDF - 0x100
       BDF - 0x200
       BDF - 0x300
       BDF - 0x400
       BDF - 0x500
       BDF - 0x600
       BDF - 0x700
       BDF - 0x800
       BDF - 0x10000
       BDF - 0x20000
       BDF - 0x40000
       BDF - 0x50000
       BDF - 0x60000
       BDF - 0x80000
       PCI_IN_05
                                       : Result:  PASS
       END

 835 : Check Function level reset            
       START
       Skipping for BDF - 0x100  Classcode is : 0x2 
       Skipping for BDF - 0x40000  Classcode is : 0x1 
       Skipping for BDF - 0x50000  Classcode is : 0x2 
       BDF 0x60000 
       No EP type device found with PCIe Express Cap support. Skipping test
       PCI_SM_02
       Checkpoint --  1                           : Result:  SKIPPED
       END

 836 : Check ARI forwarding enable rule      
       START
       BDF - 0x300
       BDF - 0x400
       BDF - 0x500
       BDF - 0x600
       BDF - 0x700
       BDF - 0x800
       BDF - 0x20000
       PCI_IN_17
                                       : Result:  PASS
       END

 837 : Check Config Txn for RP in HB         
       START
       BDF 0x300
       BDF 0x400
       BDF 0x500
       BDF 0x600
       BDF 0x700
       BDF 0x800
       PCI_IN_12
                                       : Result:  PASS
       END

 838 : Check all RP in HB is in same ECAM    
       START
       BDF: 0x300 Dev ID: 0xC Vendor ID: 0x1B36
       ECAM base 0xF0000000 matches with RPs base address 
       BDF: 0x400 Dev ID: 0xC Vendor ID: 0x1B36
       ECAM base 0xF0000000 matches with RPs base address 
       BDF: 0x500 Dev ID: 0xC Vendor ID: 0x1B36
       ECAM base 0xF0000000 matches with RPs base address 
       BDF: 0x600 Dev ID: 0xC Vendor ID: 0x1B36
       ECAM base 0xF0000000 matches with RPs base address 
       BDF: 0x700 Dev ID: 0xC Vendor ID: 0x1B36
       ECAM base 0xF0000000 matches with RPs base address 
       BDF: 0x800 Dev ID: 0xC Vendor ID: 0x1B36
       ECAM base 0xF0000000 matches with RPs base address 
       PCI_IN_03
                                       : Result:  PASS
       END

 839 : Check MSI support for PCIe dev        
       START
       BDF 0x40000 int pin value 1 MSI cap 268435472 MSIX cap 0
       BDF 0x50000 int pin value 1 MSI cap 0 MSIX cap 0
       BDF 0x60000 int pin value 1 MSI cap 268435472 MSIX cap 0
       PCI_MSI_01
                                       : Result:  PASS
       END

 842 : PASID support atleast 16 bits         
       START
       PCIe_CFG_RD ECAM Base is zero FF000100
       PASID extended capability not supported. Skipping for BDF: 0xFF000100
       PCIe_CFG_RD ECAM Base is zero FF000000
       PASID extended capability not supported. Skipping for BDF: 0xFF000000
       SMMU check- Max PASID bits- 0x0
       PCI_PAS_1
       Checkpoint --  3                           : Result:  SKIPPED
       END


      One or more PCIe tests failed or were skipped.
 PCIE_INFO: Number of exerciser cards :    0 

       No Exerciser Devices Found, Skipping tests...

     -------------------------------------------------------
     Total Tests run  =   81  Tests Passed  =   68  Tests Failed =    0
     -------------------------------------------------------

      *** BSA tests complete. Reset the system. ***

[1m[33m[40mShell> [0m[37m[40mreset -c
