QEMU command arguments:

../code/qemu/build/qemu-system-aarch64
-monitor telnet::45454,server,nowait
-serial stdio
-drive file=firmware/SBSA_FLASH0.fd,format=raw,if=pflash
-drive file=firmware/SBSA_FLASH1.fd,format=raw,if=pflash
-machine sbsa-ref
-device pcie-root-port,id=Ycogw,slot=0,chassis=0
-device nvme,drive=qfWik,serial=qfWik,bus=Ycogw
-drive file=disks/nvme.img,format=raw,if=none,id=qfWik
-cpu neoverse-n1
-smp 4
-m 8G
-device usb-kbd
-device usb-tablet
-device usb-mouse
-nographic
-drive file=fat:rw:disks/virtual,format=raw

EFI startup script:

              mode 100 31
              pci
              fs1:sbsa.efi -only -skip 861 -fr
              reset -c

NOTICE:  Booting Trusted Firmware
NOTICE:  BL1: v2.11.0(release):hrw-2024-10-07-1044-55-g75b0d5756
NOTICE:  BL1: Built : 10:33:51, Oct 14 2024
NOTICE:  BL1: Booting BL2
NOTICE:  BL2: v2.11.0(release):hrw-2024-10-07-1044-55-g75b0d5756
NOTICE:  BL2: Built : 10:33:52, Oct 14 2024
NOTICE:  BL1: Booting BL31
NOTICE:  BL31: v2.11.0(release):hrw-2024-10-07-1044-55-g75b0d5756
NOTICE:  BL31: Built : 10:33:52, Oct 14 2024
UEFI firmware (version 1.0 built at 10:34:00 on Oct 14 2024)
[2J[04D[=3h[2J[09D[2J[04DUEFI Interactive Shell v2.2
EDK II
UEFI v2.70 (EFI Development Kit II / SbsaQemu, 0x00010000)
[1m[33m[40mMapping table[0m[37m[40m
[1m[33m[40m      FS1:[0m[37m[40m [1m[37m[40mAlias(s):[0m[37m[40mHD1a65535a1:;BLK4:
          VenHw(0D51905B-B77E-452A-A2C0-ECA0CC8D514A,000010600000000000)/Sata(0x
0,0xFFFF,0x0)/HD(1,MBR,0xBE1AFDFA,0x3F,0xFBFC1)
[1m[33m[40m      FS0:[0m[37m[40m [1m[37m[40mAlias(s):[0m[37m[40mHD0b:;BLK1:
          PciRoot(0x0)/Pci(0x3,0x0)/Pci(0x0,0x0)/NVMe(0x1,00-00-00-00-00-00-00-0
0)/HD(1,GPT,E18266A2-C5EF-4299-AF15-636D414978CD,0x800,0x100000)
[1m[33m[40m     BLK3:[0m[37m[40m [1m[37m[40mAlias(s):[0m[37m[40m
          VenHw(0D51905B-B77E-452A-A2C0-ECA0CC8D514A,000010600000000000)/Sata(0x
0,0xFFFF,0x0)
[1m[33m[40m     BLK0:[0m[37m[40m [1m[37m[40mAlias(s):[0m[37m[40m
          PciRoot(0x0)/Pci(0x3,0x0)/Pci(0x0,0x0)/NVMe(0x1,00-00-00-00-00-00-00-0
0)
[1m[33m[40m     BLK2:[0m[37m[40m [1m[37m[40mAlias(s):[0m[37m[40m
          PciRoot(0x0)/Pci(0x3,0x0)/Pci(0x0,0x0)/NVMe(0x1,00-00-00-00-00-00-00-0
0)/HD(2,GPT,01B58A9B-C015-4D10-9B69-79C1A4BE1BBE,0x100800,0xEFF7DF)
Press [1m[37m[40mESC[0m[37m[40m in 5 seconds to skip [1m[33m[40mstartup.nsh[0m[37m[40m or any other key to continue.[72DPress [1m[37m[40mESC[0m[37m[40m in 4 seconds to skip [1m[33m[40mstartup.nsh[0m[37m[40m or any other key to continue.[72DPress [1m[37m[40mESC[0m[37m[40m in 3 seconds to skip [1m[33m[40mstartup.nsh[0m[37m[40m or any other key to continue.[72DPress [1m[37m[40mESC[0m[37m[40m in 2 seconds to skip [1m[33m[40mstartup.nsh[0m[37m[40m or any other key to continue.[72DPress [1m[37m[40mESC[0m[37m[40m in 1 seconds to skip [1m[33m[40mstartup.nsh[0m[37m[40m or any other key to continue.
[1m[33m[40mShell> [0m[37m[40m              mode 100 31
[2J[01;01H[=3h[2J[09D[2J[04D[1m[33m[40mShell> [0m[37m[40m              pci
   Seg  Bus  Dev  Func
   ---  ---  ---  ----
    [1m[33m[40m00   00   00    00 ==> [0m[37m[40mBridge Device - Host/PCI bridge
             Vendor 1B36 Device 0008 Prog Interface 0
    [1m[33m[40m00   00   01    00 ==> [0m[37m[40mNetwork Controller - Ethernet controller
             Vendor 8086 Device 10D3 Prog Interface 0
    [1m[33m[40m00   00   02    00 ==> [0m[37m[40mDisplay Controller - Other display controller
             Vendor 1234 Device 1111 Prog Interface 0
    [1m[33m[40m00   00   03    00 ==> [0m[37m[40mBridge Device - PCI/PCI bridge
             Vendor 1B36 Device 000C Prog Interface 0
    [1m[33m[40m00   01   00    00 ==> [0m[37m[40mMass Storage Controller - Non-volatile memory subsystem
             Vendor 1B36 Device 0010 Prog Interface 2
[1m[33m[40mShell> [0m[37m[40m              fs1:sbsa.efi -only -skip 861 -fr


 SBSA Architecture Compliance Suite
    Version 7.2.0

 Starting tests for only level  8 (Print level is  3)

 Creating Platform Information Tables
 PE_INFO: Number of PE detected       :    4
 GIC INFO: GIC version                :    v3
 GIC_INFO: Number of GICD             :    1
 GIC_INFO: Number of GICR RD          :    1
 GIC_INFO: Number of ITS              :    1
 TIMER_INFO: System Counter frequency :    0x3B9ACA00
 TIMER_INFO: Number of system timers  :    0
 WATCHDOG_INFO: Number of Watchdogs   :    1
 CACHE_INFO: Number of cache nodes    :   12
 MPAM INFO: Number of MSC nodes       :    0
 RAS2_INFO: Number of RAS2 entries    :    0
 RAS2_INFO: Num of RAS2 memory entries:    0
 PCIE_INFO: Number of ECAM regions    :    1
 PCIE_INFO: Number of BDFs found      :    4
 PCIE_INFO: Number of RCiEP           :    2
 PCIE_INFO: Number of RCEC            :    0
 PCIE_INFO: Number of EP              :    1
 PCIE_INFO: Number of RP              :    1
 PCIE_INFO: Number of iEP_EP          :    0
 PCIE_INFO: Number of iEP_RP          :    0
 PCIE_INFO: Number of UP of switch    :    0
 PCIE_INFO: Number of DP of switch    :    0
 PCIE_INFO: Number of PCI/PCIe Bridge :    0
 PCIE_INFO: Number of PCIe/PCI Bridge :    0
 SMMU_INFO: Number of SMMU CTRL       :    1
 SMMU_INFO: SMMU index 00 version     :    v3.1
 Peripheral: Num of USB controllers   :    1
 Peripheral: Num of SATA controllers  :    1
 Peripheral: Num of UART controllers  :    1
 PMU_INFO: Number of PMU units        :    0
 RAS_INFO: Number of RAS nodes        :    0

      *** Starting PE tests ***
  37 : Check for enhanced PAN feature        
       Failed on PE -    0
       S_L8PE_04
       Checkpoint --  1                           : Result:  FAIL
  38 : Check XS attribute functionality  
       Failed on PE -    0
       S_L8PE_01
       Checkpoint --  1                           : Result:  FAIL
  39 : Check WFET and WFIT functionality 
       Failed on PE -    0
       S_L8PE_02
       Checkpoint --  1                           : Result:  FAIL
  40 : Check atomic 64 byte store support
       Failed on PE -    0
       S_L8PE_03
       Checkpoint --  1                           : Result:  FAIL
  41 : Check for FEAT_BRBE support         
       S_L8PE_06
       Checkpoint --  2                           : Result:  SKIPPED
  42 : Check for unsupported PBHA bits            : Result:  PASS

      One or more PE tests failed or were skipped.

      *** Starting SMMU tests ***
 317 : Check ATS and Page Req Support        
       ATS is not supported for Smmu Index : 0 
       Failed on PE -    0
       GPU_04
       Checkpoint --  1                           : Result:  FAIL

      One or more SMMU tests failed or were skipped.

      *** Starting PCIe tests ***
 864 : Check ATS & Page Req for all RP       
       ATS Capability Not Present, Bdf : 0x300
       Page Request Not Present, Bdf : 0x300
       Failed on PE -    0
       GPU_04
       Checkpoint --  1                           : Result:  FAIL
 865 : Check RP Extensions for DPC           
       PCI_ER_09
       Checkpoint --  2                           : Result:  SKIPPED

      One or more PCIe tests failed or were skipped.
 PCIE_INFO: Number of exerciser cards :    0 

     No Exerciser Devices Found,                                         Skipping Exerciser tests...


       RAS nodes not found. Skipping all RAS tests

      *** Starting ETE tests ***
1401 : Check for FEAT_ETE                    
       Failed on PE -    0
       ETE_02
       Checkpoint --  1                           : Result:  FAIL

 FEAT_ETE Not Supported, Skipping FEAT_ETE tests 
1405 : Check for FEAT_TRBE                   
       Failed on PE -    0
       ETE_07
       Checkpoint --  1                           : Result:  FAIL

 FEAT_TRBE Not Supported, Skipping FEAT_TRBE tests 

      One or more ETE tests failed or were skipped.

     -------------------------------------------------------
     Total Tests run  =   11;  Tests Passed  =    1  Tests Failed =    8
     ---------------------------------------------------------

      **  For complete SBSA test coverage, it is 
            necessary to also run the BSA test    **


      *** SBSA tests complete. Reset the system. ***

[1m[33m[40mShell> [0m[37m[40m              reset -c
