QEMU command line arguments:
-machine sbsa-ref
-m 4096
-smp 2
-cpu cortex-a57
-drive if=pflash,file=firmware/SBSA_FLASH0.fd,format=raw
-drive if=pflash,file=firmware/SBSA_FLASH1.fd,format=raw
-drive file=fat:rw:/home/marcin/devel/linaro/sbsa-qemu/sbsa-ref-status/disks/virtual/,format=raw
-usb
-device usb-kbd
-device usb-tablet
-nographic
-watchdog-action none
-no-reboot
-monitor telnet::45454,server,nowait
-serial stdio
-device pcie-root-port,id=root_port_for_switch1,chassis=1,slot=12
-device x3130-upstream,id=upstream_port1,bus=root_port_for_switch1
-device xio3130-downstream,id=downstream_port1,bus=upstream_port1,chassis=1,slot=20
-device ac97,bus=downstream_port1
-device pcie-root-port,id=root_port_for_nvme1,chassis=1,slot=1
-device nvme,serial=deadbeef,bus=root_port_for_nvme1
-device pcie-root-port,id=root_port_for_igb,chassis=1,slot=2
-device igb,bus=root_port_for_igb
-device pcie-root-port,id=root_port_for_xhci,chassis=1,slot=3
-device qemu-xhci,bus=root_port_for_xhci
-device pcie-root-port,id=root_port_for_ac97,chassis=1,slot=97
-device ac97,bus=root_port_for_ac97
-device pcie-root-port,id=root_port_for_pci,chassis=1
-device pcie-pci-bridge,id=pci,bus=root_port_for_pci
-device virtio-rng-pci,bus=pci,addr=8
-device pxb-pcie,id=pxb1,bus_nr=2
-device pcie-root-port,id=root_port_for_ahci,bus=pxb1,chassis=2,slot=1
-device ahci,bus=root_port_for_ahci

EFI startup script:
mode 100 31
pci
fs0:sbsa.efi -skip 861 -l 7
reset -c

NOTICE:  Booting Trusted Firmware
NOTICE:  BL1: v2.9.0	(release):v2.10-rc0-1-g5bac6cad6
NOTICE:  BL1: Built : 10:50:24, Nov 13 2023
NOTICE:  BL1: Booting BL2
NOTICE:  BL2: v2.9.0	(release):v2.10-rc0-1-g5bac6cad6
NOTICE:  BL2: Built : 10:50:24, Nov 13 2023
NOTICE:  BL1: Booting BL31
NOTICE:  BL31: v2.9.0	(release):v2.10-rc0-1-g5bac6cad6
NOTICE:  BL31: Built : 10:50:24, Nov 13 2023
UEFI firmware (version 1.0 built at 12:19:56 on Nov 10 2023)
[2J[04D[=3h[2J[09D[2J[04DUEFI Interactive Shell v2.2
EDK II
UEFI v2.70 (EFI Development Kit II / SbsaQemu, 0x00010000)
[1m[33m[40mMapping table[0m[37m[40m
[1m[33m[40m      FS0:[0m[37m[40m [1m[37m[40mAlias(s):[0m[37m[40mHD0a65535a1:;BLK1:
          VenHw(0D51905B-B77E-452A-A2C0-ECA0CC8D514A,000010600000000000)/Sata(0x
0,0xFFFF,0x0)/HD(1,MBR,0xBE1AFDFA,0x3F,0xFBFC1)
[1m[33m[40m     BLK0:[0m[37m[40m [1m[37m[40mAlias(s):[0m[37m[40m
          VenHw(0D51905B-B77E-452A-A2C0-ECA0CC8D514A,000010600000000000)/Sata(0x
0,0xFFFF,0x0)
Press [1m[37m[40mESC[0m[37m[40m in 5 seconds to skip [1m[33m[40mstartup.nsh[0m[37m[40m or any other key to continue.[72DPress [1m[37m[40mESC[0m[37m[40m in 4 seconds to skip [1m[33m[40mstartup.nsh[0m[37m[40m or any other key to continue.[72DPress [1m[37m[40mESC[0m[37m[40m in 3 seconds to skip [1m[33m[40mstartup.nsh[0m[37m[40m or any other key to continue.[72DPress [1m[37m[40mESC[0m[37m[40m in 2 seconds to skip [1m[33m[40mstartup.nsh[0m[37m[40m or any other key to continue.[72DPress [1m[37m[40mESC[0m[37m[40m in 1 seconds to skip [1m[33m[40mstartup.nsh[0m[37m[40m or any other key to continue.
[1m[33m[40mShell> [0m[37m[40mmode 100 31
[2J[01;01H[=3h[2J[09D[2J[04D[1m[33m[40mShell> [0m[37m[40mpci
   Seg  Bus  Dev  Func
   ---  ---  ---  ----
    [1m[33m[40m00   00   00    00 ==> [0m[37m[40mBridge Device - Host/PCI bridge
             Vendor 1B36 Device 0008 Prog Interface 0
    [1m[33m[40m00   00   01    00 ==> [0m[37m[40mNetwork Controller - Ethernet controller
             Vendor 8086 Device 10D3 Prog Interface 0
    [1m[33m[40m00   00   02    00 ==> [0m[37m[40mDisplay Controller - Other display controller
             Vendor 1234 Device 1111 Prog Interface 0
    [1m[33m[40m00   00   03    00 ==> [0m[37m[40mBridge Device - PCI/PCI bridge
             Vendor 1B36 Device 000C Prog Interface 0
    [1m[33m[40m00   00   04    00 ==> [0m[37m[40mBridge Device - PCI/PCI bridge
             Vendor 1B36 Device 000C Prog Interface 0
    [1m[33m[40m00   00   05    00 ==> [0m[37m[40mBridge Device - PCI/PCI bridge
             Vendor 1B36 Device 000C Prog Interface 0
    [1m[33m[40m00   00   06    00 ==> [0m[37m[40mBridge Device - PCI/PCI bridge
             Vendor 1B36 Device 000C Prog Interface 0
    [1m[33m[40m00   00   07    00 ==> [0m[37m[40mBridge Device - PCI/PCI bridge
             Vendor 1B36 Device 000C Prog Interface 0
    [1m[33m[40m00   00   08    00 ==> [0m[37m[40mBridge Device - PCI/PCI bridge
             Vendor 1B36 Device 000C Prog Interface 0
    [1m[33m[40m00   00   09    00 ==> [0m[37m[40mBridge Device - Host/PCI bridge
             Vendor 1B36 Device 000B Prog Interface 0
    [1m[33m[40m00   01   00    00 ==> [0m[37m[40mBridge Device - PCI/PCI bridge
             Vendor 104C Device 8232 Prog Interface 0
    [1m[33m[40m00   02   00    00 ==> [0m[37m[40mBridge Device - PCI/PCI bridge
             Vendor 1B36 Device 000C Prog Interface 0
    [1m[33m[40m00   03   00    00 ==> [0m[37m[40mMass Storage Controller - Serial ATA controller
             Vendor 8086 Device 2922 Prog Interface 1
    [1m[33m[40m00   04   00    00 ==> [0m[37m[40mMass Storage Controller - Non-volatile memory subsystem
             Vendor 1B36 Device 0010 Prog Interface 2
    [1m[33m[40m00   05   00    00 ==> [0m[37m[40mNetwork Controller - Ethernet controller
             Vendor 8086 Device 10C9 Prog Interface 0
    [1m[33m[40m00   06   00    00 ==> [0m[37m[40mSerial Bus Controllers - USB
             Vendor 1B36 Device 000D Prog Interface 30
    [1m[33m[40m00   07   00    00 ==> [0m[37m[40mMultimedia Device - Audio device
             Vendor 8086 Device 2415 Prog Interface 0
    [1m[33m[40m00   08   00    00 ==> [0m[37m[40mBridge Device - PCI/PCI bridge
             Vendor 1B36 Device 000E Prog Interface 0
    [1m[33m[40m00   09   08    00 ==> [0m[37m[40mPre 2.0 device - UNDEFINED
             Vendor 1AF4 Device 1005 Prog Interface 0
[1m[33m[40mShell> [0m[37m[40mfs0:sbsa.efi -skip 861 -l 7


 SBSA Architecture Compliance Suite 
    Version 7.1.3  

 Starting tests for level  7 (Print level is  3)

 Creating Platform Information Tables 
 PE_INFO: Number of PE detected       :    2 
 GIC_INFO: Number of GICD             :    1 
 GIC_INFO: Number of ITS              :    1 
 TIMER_INFO: Number of system timers  :    0 
 WATCHDOG_INFO: Number of Watchdogs   :    1 
 CACHE_INFO: Number of cache nodes    :    5
 MPAM INFO: Number of MSC nodes       :    0 
 RAS2_INFO: Number of RAS2 entries    :    0 
 RAS2_INFO: Num of RAS2 memory entries:    0 
 PCIE_INFO: Number of ECAM regions    :    1 
 PCIE_INFO: Number of BDFs found      :    14
 PCIE_INFO: Number of RCiEP           :    2 
 PCIE_INFO: Number of RCEC            :    0 
 PCIE_INFO: Number of EP              :    3 
 PCIE_INFO: Number of RP              :    7 
 PCIE_INFO: Number of iEP_EP          :    0 
 PCIE_INFO: Number of iEP_RP          :    0 
 PCIE_INFO: Number of UP of switch    :    1 
 PCIE_INFO: Number of DP of switch    :    0 
 PCIE_INFO: Number of PCI/PCIe Bridge :    0 
 PCIE_INFO: Number of PCIe/PCI Bridge :    1 
 SMMU_INFO: Number of SMMU CTRL       :    1 
 Peripheral: Num of USB controllers   :    1 
 Peripheral: Num of SATA controllers  :    1 
 Peripheral: Num of UART controllers  :    1 
 PMU_INFO: Number of PMU units        :    0
 RAS_INFO: Number of RAS nodes        :    0 

      *** Starting PE tests ***  
   1 : Check PE Granule Support          : Result:  PASS 
   2 : Check for 16-bit ASID support     : Result:  PASS 
   3 : Check AARCH64 implementation      : Result:  PASS 
   4 : Check FEAT_LPA Requirements       
       S_L3PE_04
       Checkpoint --  1                  : Result:  SKIPPED 
   5 : Check for RAS extension           
       Failed on PE -    0 for Level=  7 
       S_L4PE_01
       Checkpoint --  1                  : Result:  FAIL 
   6 : Check DC CVAP support             
       S_L4PE_02
       Checkpoint --  2                  : Result:  SKIPPED 
   7 : Check for 16-Bit VMID             
       Failed on PE -    0 for Level=  7 
       S_L4PE_03
       Checkpoint --  1                  : Result:  FAIL 
   8 : Check for Virtual host extensions 
       Failed on PE -    0 for Level=  7 
       S_L4PE_04
       Checkpoint --  1                  : Result:  FAIL 
   9 : Support Page table map size change
       Failed on PE -    0 for Level=  7 
       S_L5PE_01
       Checkpoint --  1                  : Result:  FAIL 
  10 : Check for pointer signing         
       Failed on PE -    0 for Level=  7 
       S_L5PE_02
       Checkpoint --  1                  : Result:  FAIL 
  11 : Check Activity monitors extension 
       Failed on PE -    0 for Level=  7 
       S_L5PE_04
       Checkpoint --  1                  : Result:  FAIL 
  12 : Check for SHA3 and SHA512 support 
       Failed on PE -    0 for Level=  7 
       S_L5PE_05
       Checkpoint --  1                  : Result:  FAIL 
  13 : Stage 2 control of mem and cache  
       Failed on PE -    0 for Level=  7 
       S_L5PE_06
       Checkpoint --  1                  : Result:  FAIL 
  14 : Check for nested virtualization   
       Failed on PE -    0 for Level=  7 
       S_L5PE_07
       Checkpoint --  1                  : Result:  FAIL 
  15 : Check MPAM PE Requirements        
       S_MPAM_PE
       Checkpoint --  2                  : Result:  SKIPPED 
  16 : Check MPAM LLC Requirements       
       S_MPAM_PE
       Checkpoint --  1                  : Result:  SKIPPED 
  17 : Check SPE if implemented          
       B_PE_17
       Checkpoint --  2                  : Result:  SKIPPED 
  18 : Check Branch Target Support       
       Failed on PE -    0 for Level=  7 
       S_L6PE_02
       Checkpoint --  1                  : Result:  FAIL 
  19 : Check Protect Against Timing Fault
       Failed on PE -    0 for Level=  7 
       S_L6PE_03
       Checkpoint --  1                  : Result:  FAIL 
  20 : Check PMU Version Support         
       Failed on PE -    0 for Level=  7 
       S_L6PE_04
       Checkpoint --  1                  : Result:  FAIL 
  21 : Check AccessFlag DirtyState Update
       Failed on PE -    0 for Level=  7 
       S_L6PE_05
       Checkpoint --  1                  : Result:  FAIL 
  22 : Check Enhanced Virtualization Trap
       Failed on PE -    0 for Level=  7 
       S_L6PE_06
       Checkpoint --  1                  : Result:  FAIL 
  23 : Check Speculation Restriction     
       Failed on PE -    0 for Level=  7 
       B_SEC_01
       Checkpoint --  1                  : Result:  FAIL 
  24 : Check Speculative Str Bypass Safe 
       Failed on PE -    0 for Level=  7 
       B_SEC_02
       Checkpoint --  1                  : Result:  FAIL 
  25 : Check PEs Impl CSDB,SSBB,PSSBB    
       Failed on PE -    0 for Level=  6 
       B_SEC_03
       Checkpoint --  1                  : Result:  FAIL 
  26 : Check PEs Implement SB Barrier    
       Failed on PE -    0 for Level=  7 
       B_SEC_04
       Checkpoint --  1                  : Result:  FAIL 
  27 : Check PE Impl CFP,DVP,CPP RCTX    
       Failed on PE -    0 for Level=  7 
       B_SEC_05
       Checkpoint --  1                  : Result:  FAIL 
  28 : Check Fine Grain Trap Support     
       Failed on PE -    0 for Level=  7 
       S_L7PE_01
       Checkpoint --  1                  : Result:  FAIL 
  29 : Check for ECV support             
       Failed on PE -    0 for Level=  7 
       S_L7PE_02
       Checkpoint --  1                  : Result:  FAIL 
  30 : Check for AMUv1p1 Support         
       Failed on PE -    0 for Level=  7 
       S_L7PE_03
       Checkpoint --  1                  : Result:  FAIL 
  31 : Checks ASIMD Int8 matrix multiplc 
       Failed on PE -    0 for Level=  7 
       S_L7PE_04
       Checkpoint --  1                  : Result:  FAIL 
  32 : Check for BFLOAT16 extension      
       Failed on PE -    0 for Level=  7 
       S_L7PE_05
       Checkpoint --  1                  : Result:  FAIL 
  33 : Check for EnhancedPAC2 and FPAC   
       Failed on PE -    0 for Level=  7 
       S_L7PE_06
       Checkpoint --  1                  : Result:  FAIL 
  34 : Check for SVE Int8 matrix multiplc
       S_L7PE_07
       Checkpoint --  2                  : Result:  SKIPPED 
  35 : Check for data gathering hint     
       Failed on PE -    0 for Level=  7 
       S_L7PE_08
       Checkpoint --  1                  : Result:  FAIL 
  36 : Check WFE Fine tune delay feature 
       Failed on PE -    0 for Level=  7 
       S_L7PE_09
       Checkpoint --  1                  : Result:  FAIL 
  37 : Check for enhanced PAN feature    
       Failed on PE -    0 for Level=  7 
       S_L7PE_10
       Checkpoint --  1                  : Result:  FAIL 

      One or more PE tests failed or were skipped.

      *** Starting Memory tests ***  
 101 : Check peripherals addr 64Kb apart : Result:  PASS 

      All Memory tests passed.

      *** Starting GIC tests ***  
 201 : Check GIC version                 : Result:  PASS 
 202 : Check Reserved PPI Assignments    : Result:  PASS 

      All GIC tests passed.

      *** Starting SMMU tests ***  
 301 : Check SMMU Compatibility          
       Stage 2 translation not supported 
       Failed on PE -    0 for Level=  7 
       S_L4SM_01, S_L4SM_02
       Checkpoint --  2                  : Result:  FAIL 
 302 : Check SMMUv3.2 or higher          
       Level 5 or higher systems must be compliant with the Arm SMMUv3.2 or higher  
       Failed on PE -    0 for Level=  7 
       S_L5SM_01, S_L5SM_02
       Checkpoint --  2                  : Result:  FAIL 
 303 : Check S-EL2 & SMMU Stage1 support 
       Secure EL2 not implemented
       B_SMMU_09
       Checkpoint --  1                  : Result:  SKIPPED 
 304 : Check S-EL2 & SMMU Stage2 Support 
       Secure EL2 not implemented
       B_SMMU_20
       Checkpoint --  1                  : Result:  SKIPPED 
 305 : Check SMMU for MPAM support       
       B_SMMU_11, B_SMMU_22, S_L5SM_03
       Checkpoint --  2                  : Result:  SKIPPED 
 306 : Check SMMU HTTU Support           
       Failed on PE -    0 for Level=  7 
       S_L6SM_02
       Checkpoint --  1                  : Result:  FAIL 
 307 : Check SMMU MSI Support            
       Failed on PE -    0 for Level=  7 
       S_L6SM_03
       Checkpoint --  1                  : Result:  FAIL 
 308 : Check SMMU 16 Bit VMID Support    : Result:  PASS 
 309 : Check SMMU Large VA Support       
       B_SMMU_03
       Checkpoint --  1                  : Result:  SKIPPED 
 310 : Check TLB Range Invalidation      
       B_SMMU_04, B_SMMU_05
       Checkpoint --  1                  : Result:  SKIPPED 
 311 : Check SMMU 16 Bit ASID Support    : Result:  PASS 
 312 : Check SMMU Endianess Support      : Result:  PASS 
 313 : Check SMMU Coherent Access Support: Result:  PASS 
 314 : Check SMMU PMU Extension          
       PMU Extension not implemented for SMMU index : 0
       Failed on PE -    0 for Level=  7 
       S_L7SM_03, S_L7SM_04
       Checkpoint --  1                  : Result:  FAIL 
 315 : Check if all DMA reqs behind SMMU : Result:  PASS 

      One or more SMMU tests failed or were skipped.

      *** Starting Watchdog tests ***  
 701 : Check NS Watchdog Revision        : Result:  PASS 

      All Watchdog tests passed.

      *** Starting PCIe tests ***  
 601 : Check EA Capability               : Result:  PASS 
 801 : Check ECAM Presence               : Result:  PASS 
 803 : Check ECAM Memory accessibility   : Result:  PASS 
 816 : NP type-1 pcie only support 32-bit
       PCI_MM_04
       Checkpoint --  3                  : Result:  SKIPPED 
 820 : Check Type 0/1 common config rules: Result:  PASS 
 821 : Check Type 0 config header rules  : Result:  PASS 
 822 : Check Type 1 config header rules  
       IE_REG_3
       Checkpoint --  1                  : Result:  SKIPPED 
 823 : Check PCIe capability rules       
       IE_REG_4
       Checkpoint --  1                  : Result:  SKIPPED 
 824 : Check Device capabilities reg rule
       BDF 0x100 : ETFS value mismatch: 0x0 instead of 0x1
       BDF 0x200 : ETFS value mismatch: 0x0 instead of 0x1
       Failed on PE -    0 for Level=  7 
       RE_REG_3, RE_REC_1, IE_REG_2, IE_REG_4
       Checkpoint --  2                  : Result:  FAIL 
 825 : Check Device Control register rule
       BDF 0x100 : WARNING PFE attribute mismatch: 0x200 instead of 0x0
       BDF 0x100 : WARNING APPE attribute mismatch: 0x400 instead of 0x0
       BDF 0x200 : WARNING PFE attribute mismatch: 0x200 instead of 0x0
       BDF 0x200 : WARNING APPE attribute mismatch: 0x400 instead of 0x0: Result:  PASS 
 826 : Check Device cap 2 register rules 
       BDF 0x100 : WARNING EFFS value mismatch: 0x0 instead of 0x1: Result:  PASS 
 827 : Check Device control 2 reg rules  
       BDF 0x100 : AFI attribute mismatch: 0x2400020 instead of 0x2400000
       Failed on PE -    0 for Level=  7 
       RE_REG_3, RE_REC_1, IE_REG_2, IE_REG_4
       Checkpoint --  1                  : Result:  FAIL 
 828 : Check Power management cap rules  
       PCIe Capability 0x1 not found for BDF 0x200
       PCIe Capability 0x1 not found for BDF 0x200
       Failed on PE -    0 for Level=  7 
       RE_REG_2, IE_REG_5
       Checkpoint --  2                  : Result:  FAIL 
 829 : Check Power management/status rule
       BDF 0x100 : WARNING Data Select attribute mismatch: 0x1E00 instead of 0x0
       PCIe Capability 0x1 not found for BDF 0x200
       PCIe Capability 0x1 not found for BDF 0x200
       Failed on PE -    0 for Level=  7 
       RE_REG_2, IE_REG_5
       Checkpoint --  2                  : Result:  FAIL 
 830 : Check Cmd Reg memory space enable : Result:  PASS 
 831 : Check Type0/1 BIST Register rule  : Result:  PASS 
 832 : Check HDR CapPtr Register rule    : Result:  PASS 
 833 : Check Max payload size supported  : Result:  PASS 
 834 : Check BAR memory space & Type rule
       BDF 0x0 Not MMIO
       Failed on PE -    0 for Level=  7 
       RE_BAR_3, IE_BAR_3
       Checkpoint --  1                  : Result:  FAIL 
 835 : Check Function level reset rule   
       RE_RST_1, IE_RST_1, PCI_SM_02
       Checkpoint --  1                  : Result:  SKIPPED 
 836 : Check ARI forwarding support rule 
       PCI_IN_17
       Checkpoint --  1                  : Result:  SKIPPED 
 837 : Check OBFF supported rule         
       IE_REG_2
       Checkpoint --  1                  : Result:  SKIPPED 
 838 : Check CTRS and CTDS rule          
       IE_REG_4
       Checkpoint --  1                  : Result:  SKIPPED 
 839 : Check i-EP AtomicOp rule          
       IE_REG_2
       Checkpoint --  1                  : Result:  SKIPPED 
 841 : Check MSI and MSI-X support rule  : Result:  PASS 
 842 : Check Power Management rules      
       BDF - 200 does not support Power Management Capability
       Failed on PE -    0 for Level=  7 
       RE_PWR_1, IE_PWR_1
       Checkpoint --  1                  : Result:  FAIL 
 843 : Check ARI forwarding enable rule  
       PCI_IN_17
       Checkpoint --  1                  : Result:  SKIPPED 
 844 : Check device under RP in same ECAM
       PCI_IN_04
       Checkpoint --  1                  : Result:  SKIPPED 
 845 : Check all RP in HB is in same ECAM
       PCI_IN_03
       Checkpoint --  1                  : Result:  SKIPPED 
 846 : Check RP Byte Enable Rules        
       PCI_IN_18
       Checkpoint --  1                  : Result:  SKIPPED 
 847 : Check Config Txn for RP in HB     
       PCI_IN_12
       Checkpoint --  1                  : Result:  SKIPPED 
 848 : Check RootPort NP Memory Access   
       PCI_IN_13
       Checkpoint --  1                  : Result:  SKIPPED 
 849 : Check RootPort P Memory Access    
       PCI_IN_13
       Checkpoint --  1                  : Result:  SKIPPED 
 850 : Check L-Intr SPI Level-Sensitive  
       pal_pcie_get_legacy_irq_map unimplemented. Skipping test
       The API is platform specific and to be populated
       by partners with system legacy irq map
       PCI_LI_01, PCI_LI_03
       Checkpoint --  2                  : Result:  SKIPPED 
 851 : Check Sec Bus Reset For iEP_RP    
       IE_RST_2
       Checkpoint --  2                  : Result:  SKIPPED 
 852 : Check ATS Support Rule            
       IE_SMU_1, RE_SMU_2
       Checkpoint --  1                  : Result:  SKIPPED 
 856 : Check iEP-RootPort P2P Support    
       IE_ACS_2
       Checkpoint --  1                  : Result:  SKIPPED 
 857 : Check RCiEP, iEP_EP P2P Supp      
       IE_ACS_1, RE_ACS_1, RE_ACS_2
       Checkpoint --  1                  : Result:  SKIPPED 
 858 : Read and write to BAR reg         : Result:  PASS 
 859 : Check RCEC Class code and Ext Cap     
       RE_PCI_2
       Checkpoint --  1                  : Result:  SKIPPED 
 860 : Check RCiEP Hdr type & link Cap   
       BDF - 0x100
       Link Capabilities reg check failed
       Invalid Link Capabilities 0x1
       BDF - 0x200
       Link Capabilities reg check failed
       Invalid Link Capabilities 0x1
       Failed on PE -    0 for Level=  7 
       RE_PCI_1
       Checkpoint --  2                  : Result:  FAIL 
 863 : Slot Cap, Control and Status register rules      
       IE_REG_4
       Checkpoint --  1                  : Result:  SKIPPED 

      One or more PCIe tests failed or were skipped.
      PCIE_INFO: Number of exerciser cards :    0 

     No Exerciser Devices Found, Skipping Exerciser tests...

       PE MPAM extension unimplemented. Skipping all MPAM tests

      *** Starting PMU tests ***  
1101 : Check PMU Overflow signal         : Result:  PASS 
1102 : Check number of PMU counters      : Result:  PASS 
1103 : Check for multi-threaded PMU ext  
       Failed on PE -    0 for Level=  7 
       PMU_EV_11
       Checkpoint --  1                  : Result:  FAIL 
1106 : Check for PMU SPE Requirements    
       PMU_SPE
       Checkpoint --  2                  : Result:  SKIPPED 

       PMU nodes not found. Skipping remaining PMU tests

       PE RAS extension unimplemented. Skipping all RAS tests

     ------------------------------------------------------- 
     Total Tests run  =  102;  Tests Passed  =   27  Tests Failed =   41
     --------------------------------------------------------- 

      **  For complete SBSA test coverage, it is 
            necessary to also run the BSA test    ** 


      *** SBSA tests complete. Reset the system. *** 

[1m[33m[40mShell> [0m[37m[40mreset -c
