QEMU command arguments:

../code/qemu/build/qemu-system-aarch64
-monitor telnet::45454,server,nowait
-serial stdio
-drive file=firmware/SBSA_FLASH0.fd,format=raw,if=pflash
-drive file=firmware/SBSA_FLASH1.fd,format=raw,if=pflash
-machine sbsa-ref
-device pcie-root-port,id=GdwRn,slot=0,chassis=0
-device nvme,drive=LszUI,serial=LszUI,bus=GdwRn
-drive file=disks/nvme.img,format=raw,if=none,id=LszUI
-cpu neoverse-n2
-smp 4
-m 8G
-device usb-kbd
-device usb-tablet
-device usb-mouse
-nographic
-drive file=fat:rw:disks/virtual,format=raw

EFI startup script:

              mode 100 31
              pci
              fs1:sbsa.efi -only -skip 861 -l 6
              reset -c

NOTICE:  Booting Trusted Firmware
NOTICE:  BL1: v2.11.0(release):hrw-2024-10-07-1044-55-g75b0d5756
NOTICE:  BL1: Built : 10:33:51, Oct 14 2024
NOTICE:  BL1: Booting BL2
NOTICE:  BL2: v2.11.0(release):hrw-2024-10-07-1044-55-g75b0d5756
NOTICE:  BL2: Built : 10:33:52, Oct 14 2024
NOTICE:  BL1: Booting BL31
NOTICE:  BL31: v2.11.0(release):hrw-2024-10-07-1044-55-g75b0d5756
NOTICE:  BL31: Built : 10:33:52, Oct 14 2024
UEFI firmware (version 1.0 built at 10:34:00 on Oct 14 2024)
[2J[04D[=3h[2J[09D[2J[04DUEFI Interactive Shell v2.2
EDK II
UEFI v2.70 (EFI Development Kit II / SbsaQemu, 0x00010000)
[1m[33m[40mMapping table[0m[37m[40m
[1m[33m[40m      FS1:[0m[37m[40m [1m[37m[40mAlias(s):[0m[37m[40mHD1a65535a1:;BLK4:
          VenHw(0D51905B-B77E-452A-A2C0-ECA0CC8D514A,000010600000000000)/Sata(0x
0,0xFFFF,0x0)/HD(1,MBR,0xBE1AFDFA,0x3F,0xFBFC1)
[1m[33m[40m      FS0:[0m[37m[40m [1m[37m[40mAlias(s):[0m[37m[40mHD0b:;BLK1:
          PciRoot(0x0)/Pci(0x3,0x0)/Pci(0x0,0x0)/NVMe(0x1,00-00-00-00-00-00-00-0
0)/HD(1,GPT,E18266A2-C5EF-4299-AF15-636D414978CD,0x800,0x100000)
[1m[33m[40m     BLK3:[0m[37m[40m [1m[37m[40mAlias(s):[0m[37m[40m
          VenHw(0D51905B-B77E-452A-A2C0-ECA0CC8D514A,000010600000000000)/Sata(0x
0,0xFFFF,0x0)
[1m[33m[40m     BLK0:[0m[37m[40m [1m[37m[40mAlias(s):[0m[37m[40m
          PciRoot(0x0)/Pci(0x3,0x0)/Pci(0x0,0x0)/NVMe(0x1,00-00-00-00-00-00-00-0
0)
[1m[33m[40m     BLK2:[0m[37m[40m [1m[37m[40mAlias(s):[0m[37m[40m
          PciRoot(0x0)/Pci(0x3,0x0)/Pci(0x0,0x0)/NVMe(0x1,00-00-00-00-00-00-00-0
0)/HD(2,GPT,01B58A9B-C015-4D10-9B69-79C1A4BE1BBE,0x100800,0xEFF7DF)
Press [1m[37m[40mESC[0m[37m[40m in 5 seconds to skip [1m[33m[40mstartup.nsh[0m[37m[40m or any other key to continue.[72DPress [1m[37m[40mESC[0m[37m[40m in 4 seconds to skip [1m[33m[40mstartup.nsh[0m[37m[40m or any other key to continue.[72DPress [1m[37m[40mESC[0m[37m[40m in 3 seconds to skip [1m[33m[40mstartup.nsh[0m[37m[40m or any other key to continue.[72DPress [1m[37m[40mESC[0m[37m[40m in 2 seconds to skip [1m[33m[40mstartup.nsh[0m[37m[40m or any other key to continue.[72DPress [1m[37m[40mESC[0m[37m[40m in 1 seconds to skip [1m[33m[40mstartup.nsh[0m[37m[40m or any other key to continue.
[1m[33m[40mShell> [0m[37m[40m              mode 100 31
[2J[01;01H[=3h[2J[09D[2J[04D[1m[33m[40mShell> [0m[37m[40m              pci
   Seg  Bus  Dev  Func
   ---  ---  ---  ----
    [1m[33m[40m00   00   00    00 ==> [0m[37m[40mBridge Device - Host/PCI bridge
             Vendor 1B36 Device 0008 Prog Interface 0
    [1m[33m[40m00   00   01    00 ==> [0m[37m[40mNetwork Controller - Ethernet controller
             Vendor 8086 Device 10D3 Prog Interface 0
    [1m[33m[40m00   00   02    00 ==> [0m[37m[40mDisplay Controller - Other display controller
             Vendor 1234 Device 1111 Prog Interface 0
    [1m[33m[40m00   00   03    00 ==> [0m[37m[40mBridge Device - PCI/PCI bridge
             Vendor 1B36 Device 000C Prog Interface 0
    [1m[33m[40m00   01   00    00 ==> [0m[37m[40mMass Storage Controller - Non-volatile memory subsystem
             Vendor 1B36 Device 0010 Prog Interface 2
[1m[33m[40mShell> [0m[37m[40m              fs1:sbsa.efi -only -skip 861 -l 6


 SBSA Architecture Compliance Suite
    Version 7.2.0

 Starting tests for only level  6 (Print level is  3)

 Creating Platform Information Tables
 PE_INFO: Number of PE detected       :    4
 GIC INFO: GIC version                :    v3
 GIC_INFO: Number of GICD             :    1
 GIC_INFO: Number of GICR RD          :    1
 GIC_INFO: Number of ITS              :    1
 TIMER_INFO: System Counter frequency :    0x3B9ACA00
 TIMER_INFO: Number of system timers  :    0
 WATCHDOG_INFO: Number of Watchdogs   :    1
 CACHE_INFO: Number of cache nodes    :   12
 MPAM INFO: Number of MSC nodes       :    0
 RAS2_INFO: Number of RAS2 entries    :    0
 RAS2_INFO: Num of RAS2 memory entries:    0
 PCIE_INFO: Number of ECAM regions    :    1
 PCIE_INFO: Number of BDFs found      :    4
 PCIE_INFO: Number of RCiEP           :    2
 PCIE_INFO: Number of RCEC            :    0
 PCIE_INFO: Number of EP              :    1
 PCIE_INFO: Number of RP              :    1
 PCIE_INFO: Number of iEP_EP          :    0
 PCIE_INFO: Number of iEP_RP          :    0
 PCIE_INFO: Number of UP of switch    :    0
 PCIE_INFO: Number of DP of switch    :    0
 PCIE_INFO: Number of PCI/PCIe Bridge :    0
 PCIE_INFO: Number of PCIe/PCI Bridge :    0
 SMMU_INFO: Number of SMMU CTRL       :    1
 SMMU_INFO: SMMU index 00 version     :    v3.1
 Peripheral: Num of USB controllers   :    1
 Peripheral: Num of SATA controllers  :    1
 Peripheral: Num of UART controllers  :    1
 PMU_INFO: Number of PMU units        :    0
 RAS_INFO: Number of RAS nodes        :    0

      *** Starting PE tests ***
  17 : Check SPE if implemented              
       Failed on PE -    0
       B_PE_17
       Checkpoint --  1                           : Result:  FAIL
  18 : Check Branch Target Support                : Result:  PASS
  19 : Check Protect Against Timing Fault         : Result:  PASS
  20 : Check PMU Version Support                  : Result:  PASS
  21 : Check AccessFlag DirtyState Update         : Result:  PASS
  22 : Check Enhanced Virtualization Trap         : Result:  PASS
  23 : Check Speculation Restriction              : Result:  PASS
  24 : Check Speculative Str Bypass Safe          : Result:  PASS
  25 : Check PEs Impl CSDB,SSBB,PSSBB             : Result:  PASS
  26 : Check PEs Implement SB Barrier             : Result:  PASS
  27 : Check PE Impl CFP,DVP,CPP RCTX             : Result:  PASS

      One or more PE tests failed or were skipped.

      *** Starting SMMU tests ***
 306 : Check SMMU HTTU Support               
       Failed on PE -    0
       S_L6SM_02
       Checkpoint --  1                           : Result:  FAIL
 307 : Check SMMU MSI Support                
       Failed on PE -    0
       S_L6SM_03
       Checkpoint --  1                           : Result:  FAIL
 308 : Check SMMU 16 Bit VMID Support             : Result:  PASS
 309 : Check SMMU Large VA Support           
       B_SMMU_03
       Checkpoint --  1                           : Result:  SKIPPED
 310 : Check TLB Range Invalidation               : Result:  PASS
 311 : Check SMMU 16 Bit ASID Support             : Result:  PASS
 312 : Check SMMU Endianess Support               : Result:  PASS

      One or more SMMU tests failed or were skipped.

      *** Starting Watchdog tests ***
 701 : Check NS Watchdog Revision                 : Result:  PASS

      All Watchdog tests passed.

      *** Starting PCIe tests ***
 801 : Check ECAM Presence                        : Result:  PASS
 803 : Check ECAM Memory accessibility            : Result:  PASS
 816 : NP type-1 pcie only support 32-bit    
       PCI_MM_04
       Checkpoint --  3                           : Result:  SKIPPED
 820 : Check Type 0/1 common config rules         : Result:  PASS
 821 : Check Type 0 config header rules           : Result:  PASS
 822 : Check Type 1 config header rules      
       IE_REG_3
       Checkpoint --  1                           : Result:  SKIPPED
 823 : Check PCIe capability rules           
       IE_REG_4
       Checkpoint --  1                           : Result:  SKIPPED
 824 : Check Device capabilities reg rule    
       BDF 0x100 : ETFS value mismatch: 0x0 instead of 0x1
       BDF 0x200 : ETFS value mismatch: 0x0 instead of 0x1
       Failed on PE -    0
       RE_REG_3, RE_REC_1, IE_REG_2, IE_REG_4
       Checkpoint --  2                           : Result:  FAIL
 825 : Check Device Control register rule    
       BDF 0x100 : WARNING PFE attribute mismatch: 0x1 instead of 0x0
       BDF 0x100 : WARNING APPE attribute mismatch: 0x1 instead of 0x0
       BDF 0x200 : WARNING PFE attribute mismatch: 0x1 instead of 0x0
       BDF 0x200 : WARNING APPE attribute mismatch: 0x1 instead of 0x0     : Result:  PASS
 826 : Check Device cap 2 register rules     
       BDF 0x100 : WARNING EFFS value mismatch: 0x0 instead of 0x1     : Result:  PASS
 827 : Check Device control 2 reg rules      
       BDF 0x100 : AFI attribute mismatch: 0x120001 instead of 0x120000
       Failed on PE -    0
       RE_REG_3, RE_REC_1, IE_REG_2, IE_REG_4
       Checkpoint --  1                           : Result:  FAIL
 828 : Check Power management cap rules      
       PCIe Capability 0x1 not found for BDF 0x200
       PCIe Capability 0x1 not found for BDF 0x200
       Failed on PE -    0
       RE_REG_2, IE_REG_5
       Checkpoint --  2                           : Result:  FAIL
 829 : Check Power management/status rule    
       BDF 0x100 : WARNING Data Select attribute mismatch: 0xF instead of 0x0
       PCIe Capability 0x1 not found for BDF 0x200
       PCIe Capability 0x1 not found for BDF 0x200
       Failed on PE -    0
       RE_REG_2, IE_REG_5
       Checkpoint --  2                           : Result:  FAIL
 830 : Check Cmd Reg memory space enable          : Result:  PASS
 831 : Check Type0/1 BIST Register rule           : Result:  PASS
 832 : Check HDR CapPtr Register rule             : Result:  PASS
 833 : Check Max payload size supported           : Result:  PASS
 834 : Check BAR memory space & Type rule    
       BDF 0x0 Not MMIO
       Failed on PE -    0
       RE_BAR_3, IE_BAR_3
       Checkpoint --  1                           : Result:  FAIL
 835 : Check Function level reset rule       
       RE_RST_1, IE_RST_1, PCI_SM_02
       Checkpoint --  1                           : Result:  SKIPPED
 836 : Check ARI forwarding support rule     
       PCI_IN_17
       Checkpoint --  1                           : Result:  SKIPPED
 837 : Check OBFF supported rule             
       IE_REG_2
       Checkpoint --  1                           : Result:  SKIPPED
 838 : Check CTRS and CTDS rule              
       IE_REG_4
       Checkpoint --  1                           : Result:  SKIPPED
 839 : Check i-EP AtomicOp rule              
       IE_REG_2
       Checkpoint --  1                           : Result:  SKIPPED
 841 : Check MSI and MSI-X support rule           : Result:  PASS
 842 : Check Power Management rules          
       BDF - 200 does not support Power Management Capability
       Failed on PE -    0
       RE_PWR_1, IE_PWR_1
       Checkpoint --  1                           : Result:  FAIL
 843 : Check ARI forwarding enable rule      
       PCI_IN_17
       Checkpoint --  1                           : Result:  SKIPPED
 844 : Check device under RP in same ECAM    
       PCI_IN_04
       Checkpoint --  1                           : Result:  SKIPPED
 845 : Check all RP in HB is in same ECAM    
       PCI_IN_03
       Checkpoint --  1                           : Result:  SKIPPED
 846 : Check RP Byte Enable Rules            
       PCI_IN_18
       Checkpoint --  1                           : Result:  SKIPPED
 847 : Check Config Txn for RP in HB         
       PCI_IN_12
       Checkpoint --  1                           : Result:  SKIPPED
 850 : Check L-Intr SPI Level-Sensitive      
       pal_pcie_get_legacy_irq_map unimplemented. Skipping test
       The API is platform specific and to be populated
       by partners with system legacy irq map
       PCI_LI_01, PCI_LI_03
       Checkpoint --  2                           : Result:  SKIPPED
 851 : Check Sec Bus Reset For iEP_RP        
       IE_RST_2
       Checkpoint --  2                           : Result:  SKIPPED
 852 : Check ATS Support Rule                
       IE_SMU_1, RE_SMU_2
       Checkpoint --  1                           : Result:  SKIPPED
 856 : Check iEP-RootPort P2P Support        
       IE_ACS_2
       Checkpoint --  1                           : Result:  SKIPPED
 857 : Check RCiEP, iEP_EP P2P Supp          
       IE_ACS_1, RE_ACS_1, RE_ACS_2
       Checkpoint --  1                           : Result:  SKIPPED
 858 : Read and write to BAR reg                  : Result:  PASS
 859 : Check RCEC Class code and Ext Cap     
       RE_PCI_2
       Checkpoint --  1                           : Result:  SKIPPED
 860 : Check RCiEP Hdr type & link Cap       
       BDF - 0x100
       Link Capabilities reg check failed
       Invalid Link Capabilities 0x1
       BDF - 0x200
       Link Capabilities reg check failed
       Invalid Link Capabilities 0x1
       Failed on PE -    0
       RE_PCI_1
       Checkpoint --  2                           : Result:  FAIL
 863 : Slot Cap, Control and Status reg rules
       IE_REG_4
       Checkpoint --  1                           : Result:  SKIPPED

      One or more PCIe tests failed or were skipped.
 PCIE_INFO: Number of exerciser cards :    0 

     No Exerciser Devices Found,                                         Skipping Exerciser tests...


     -------------------------------------------------------
     Total Tests run  =   58;  Tests Passed  =   27  Tests Failed =   10
     ---------------------------------------------------------

      **  For complete SBSA test coverage, it is 
            necessary to also run the BSA test    **


      *** SBSA tests complete. Reset the system. ***

[1m[33m[40mShell> [0m[37m[40m              reset -c
