QEMU command arguments:

../code/qemu/build/qemu-system-aarch64
-monitor telnet::45454,server,nowait
-serial stdio
-drive file=firmware/SBSA_FLASH0.fd,format=raw,if=pflash
-drive file=firmware/SBSA_FLASH1.fd,format=raw,if=pflash
-machine sbsa-ref
-device pcie-root-port,id=CdlIC,slot=0,chassis=0
-device nvme,drive=sffGs,serial=sffGs,bus=CdlIC
-drive file=disks/nvme.img,format=raw,if=none,id=sffGs
-cpu cortex-a57
-smp 4
-m 8G
-device usb-kbd
-device usb-tablet
-device usb-mouse
-nographic
-drive file=fat:rw:disks/virtual,format=raw

EFI startup script:

              mode 100 31
              pci
              fs1:sbsa.efi -only -skip 861 -l 3 -v 1
              reset -c

NOTICE:  Booting Trusted Firmware
NOTICE:  BL1: v2.11.0(release):hrw-2024-10-07-1044-55-g75b0d5756
NOTICE:  BL1: Built : 10:33:51, Oct 14 2024
NOTICE:  BL1: Booting BL2
NOTICE:  BL2: v2.11.0(release):hrw-2024-10-07-1044-55-g75b0d5756
NOTICE:  BL2: Built : 10:33:52, Oct 14 2024
NOTICE:  BL1: Booting BL31
NOTICE:  BL31: v2.11.0(release):hrw-2024-10-07-1044-55-g75b0d5756
NOTICE:  BL31: Built : 10:33:52, Oct 14 2024
UEFI firmware (version 1.0 built at 10:34:00 on Oct 14 2024)
[2J[04D[=3h[2J[09D[2J[04DUEFI Interactive Shell v2.2
EDK II
UEFI v2.70 (EFI Development Kit II / SbsaQemu, 0x00010000)
[1m[33m[40mMapping table[0m[37m[40m
[1m[33m[40m      FS1:[0m[37m[40m [1m[37m[40mAlias(s):[0m[37m[40mHD1a65535a1:;BLK4:
          VenHw(0D51905B-B77E-452A-A2C0-ECA0CC8D514A,000010600000000000)/Sata(0x
0,0xFFFF,0x0)/HD(1,MBR,0xBE1AFDFA,0x3F,0xFBFC1)
[1m[33m[40m      FS0:[0m[37m[40m [1m[37m[40mAlias(s):[0m[37m[40mHD0b:;BLK1:
          PciRoot(0x0)/Pci(0x3,0x0)/Pci(0x0,0x0)/NVMe(0x1,00-00-00-00-00-00-00-0
0)/HD(1,GPT,E18266A2-C5EF-4299-AF15-636D414978CD,0x800,0x100000)
[1m[33m[40m     BLK3:[0m[37m[40m [1m[37m[40mAlias(s):[0m[37m[40m
          VenHw(0D51905B-B77E-452A-A2C0-ECA0CC8D514A,000010600000000000)/Sata(0x
0,0xFFFF,0x0)
[1m[33m[40m     BLK0:[0m[37m[40m [1m[37m[40mAlias(s):[0m[37m[40m
          PciRoot(0x0)/Pci(0x3,0x0)/Pci(0x0,0x0)/NVMe(0x1,00-00-00-00-00-00-00-0
0)
[1m[33m[40m     BLK2:[0m[37m[40m [1m[37m[40mAlias(s):[0m[37m[40m
          PciRoot(0x0)/Pci(0x3,0x0)/Pci(0x0,0x0)/NVMe(0x1,00-00-00-00-00-00-00-0
0)/HD(2,GPT,01B58A9B-C015-4D10-9B69-79C1A4BE1BBE,0x100800,0xEFF7DF)
Press [1m[37m[40mESC[0m[37m[40m in 5 seconds to skip [1m[33m[40mstartup.nsh[0m[37m[40m or any other key to continue.[72DPress [1m[37m[40mESC[0m[37m[40m in 4 seconds to skip [1m[33m[40mstartup.nsh[0m[37m[40m or any other key to continue.[72DPress [1m[37m[40mESC[0m[37m[40m in 3 seconds to skip [1m[33m[40mstartup.nsh[0m[37m[40m or any other key to continue.[72DPress [1m[37m[40mESC[0m[37m[40m in 2 seconds to skip [1m[33m[40mstartup.nsh[0m[37m[40m or any other key to continue.[72DPress [1m[37m[40mESC[0m[37m[40m in 1 seconds to skip [1m[33m[40mstartup.nsh[0m[37m[40m or any other key to continue.
[1m[33m[40mShell> [0m[37m[40m              mode 100 31
[2J[01;01H[=3h[2J[09D[2J[04D[1m[33m[40mShell> [0m[37m[40m              pci
   Seg  Bus  Dev  Func
   ---  ---  ---  ----
    [1m[33m[40m00   00   00    00 ==> [0m[37m[40mBridge Device - Host/PCI bridge
             Vendor 1B36 Device 0008 Prog Interface 0
    [1m[33m[40m00   00   01    00 ==> [0m[37m[40mNetwork Controller - Ethernet controller
             Vendor 8086 Device 10D3 Prog Interface 0
    [1m[33m[40m00   00   02    00 ==> [0m[37m[40mDisplay Controller - Other display controller
             Vendor 1234 Device 1111 Prog Interface 0
    [1m[33m[40m00   00   03    00 ==> [0m[37m[40mBridge Device - PCI/PCI bridge
             Vendor 1B36 Device 000C Prog Interface 0
    [1m[33m[40m00   01   00    00 ==> [0m[37m[40mMass Storage Controller - Non-volatile memory subsystem
             Vendor 1B36 Device 0010 Prog Interface 2
[1m[33m[40mShell> [0m[37m[40m              fs1:sbsa.efi -only -skip 861 -l 3 -v 1


 SBSA Architecture Compliance Suite
    Version 7.2.0

 Starting tests for only level  3 (Print level is  1)

 Creating Platform Information Tables
 Using SMC as PSCI conduit
 Creating PE INFO table
  MADT is at F86DF898 and length is 1A8
  Flags 1
  PE Enabled 1, Online Capable 0
  MADT Revision 4 
 MPIDR 0 PE num 0
  Flags 1
  PE Enabled 1, Online Capable 0
  MADT Revision 4 
 MPIDR 1 PE num 1
  Flags 1
  PE Enabled 1, Online Capable 0
  MADT Revision 4 
 MPIDR 2 PE num 2
  Flags 1
  PE Enabled 1, Online Capable 0
  MADT Revision 4 
 MPIDR 3 PE num 3
 PE_INFO: Number of PE detected       :    4
 PE_INFO: Primary PE index       :    0
 Creating GIC INFO table
  MADT is at F86DF898 and length is 1A8
  GICH base 2C010000
  GICH base 2C010000
  GICH base 2C010000
  GICH base 2C010000
  GIC DIS base 40060000
  GICR RD base 40080000
  GICR RD Length 4000000
  GIC ITS base 44081000
  GIC ITS ID0

       gic version from info table = 3  GIC INFO: GIC version                :    v3
 GIC_INFO: Number of GICD             :    1
 GIC_INFO: Number of GICR RD          :    1
 GIC_INFO: Number of ITS              :    1
 Creating TIMER INFO table
  GTDT is at F86DF598 and length is 84
  GTDT revision is at 3
  GTDT don't have el2 virt timer info
  using bsa recommended value 28
 TIMER_INFO: System Counter frequency :    0x3B9ACA00
 TIMER_INFO: Number of system timers  :    0
 Creating WATCHDOG INFO table
  Watchdog base = 0x50011000 INTID = 0x30
 WATCHDOG_INFO: Number of Watchdogs   :    1
PPTT table found at 0x101F86DF318 with length 0x20C

Cache info * Index 0 *
  Offset:                  0x68
  Type:                    0x0
  Cache ID:                0x1
  Size:                    0x8000
  Next level index:        1
  Private flag:            0x1

Cache info * Index 1 *
  Offset:                  0xA0
  Type:                    0x2
  Cache ID:                0x3
  Size:                    0x200000
  Next level index:        -1
  Private flag:            0x1

Cache info * Index 2 *
  Offset:                  0x84
  Type:                    0x1
  Cache ID:                0x2
  Size:                    0xC000
  Next level index:        1
  Private flag:            0x1

Cache info * Index 3 *
  Offset:                  0xD8
  Type:                    0x0
  Cache ID:                0x4
  Size:                    0x8000
  Next level index:        4
  Private flag:            0x1

Cache info * Index 4 *
  Offset:                  0x110
  Type:                    0x2
  Cache ID:                0x6
  Size:                    0x200000
  Next level index:        -1
  Private flag:            0x1

Cache info * Index 5 *
  Offset:                  0xF4
  Type:                    0x1
  Cache ID:                0x5
  Size:                    0xC000
  Next level index:        4
  Private flag:            0x1

Cache info * Index 6 *
  Offset:                  0x148
  Type:                    0x0
  Cache ID:                0x7
  Size:                    0x8000
  Next level index:        7
  Private flag:            0x1

Cache info * Index 7 *
  Offset:                  0x180
  Type:                    0x2
  Cache ID:                0x9
  Size:                    0x200000
  Next level index:        -1
  Private flag:            0x1

Cache info * Index 8 *
  Offset:                  0x164
  Type:                    0x1
  Cache ID:                0x8
  Size:                    0xC000
  Next level index:        7
  Private flag:            0x1

Cache info * Index 9 *
  Offset:                  0x1B8
  Type:                    0x0
  Cache ID:                0xA
  Size:                    0x8000
  Next level index:        10
  Private flag:            0x1

Cache info * Index 10 *
  Offset:                  0x1F0
  Type:                    0x2
  Cache ID:                0xC
  Size:                    0x200000
  Next level index:        -1
  Private flag:            0x1

Cache info * Index 11 *
  Offset:                  0x1D4
  Type:                    0x1
  Cache ID:                0xB
  Size:                    0xC000
  Next level index:        10
  Private flag:            0x1

PE level one cache index info
PE Index * 0 *
  Level 1 Cache index(s) : 0, 2,

PE Index * 1 *
  Level 1 Cache index(s) : 3, 5,

PE Index * 2 *
  Level 1 Cache index(s) : 6, 8,

PE Index * 3 *
  Level 1 Cache index(s) : 9, 11,
 CACHE_INFO: Number of cache nodes    :   12
 MPAM table not found
 MPAM INFO: Number of MSC nodes       :    0
 HMAT ACPI table not found
 SRAT not found

 Allocating memory for RAS2 info table RAS2 ACPI table not found
 RAS2_INFO: Number of RAS2 entries    :    0
 RAS2_INFO: Num of RAS2 memory entries:    0
 Creating PCIe INFO table
  Ecam Index = 0
  Base Address = 0xF0000000
  Segment   = 0x0
  Start Bus = 0x0
  End Bus   = 0xFF
 PCIE_INFO: Number of ECAM regions    :    1
       BDF 0x0 is a Host Bridge...Skipping
  Dev bdf 0x000100 type 0x200 RP bdf 0xFFFFFFFF
  Dev bdf 0x000200 type 0x200 RP bdf 0xFFFFFFFF
  Dev bdf 0x000300 type 0x10 RP bdf 0x000300
  Dev bdf 0x010000 type 0x01 RP bdf 0x000300
 PCIE_INFO: Number of BDFs found      :    4
 PCIE_INFO: Number of RCiEP           :    2
 PCIE_INFO: Number of RCEC            :    0
 PCIE_INFO: Number of EP              :    1
 PCIE_INFO: Number of RP              :    1
 PCIE_INFO: Number of iEP_EP          :    0
 PCIE_INFO: Number of iEP_RP          :    0
 PCIE_INFO: Number of UP of switch    :    0
 PCIE_INFO: Number of DP of switch    :    0
 PCIE_INFO: Number of PCI/PCIe Bridge :    0
 PCIE_INFO: Number of PCIe/PCI Bridge :    0

  ECAM 0:  Base 0xF0000000
  BDF: 0x100
  Seg: 0x0, Bus: 0x00, Dev: 0x01, Func: 0x0, Dev ID: 0x10D3, Vendor ID: 0x8086
  BDF: 0x200
  Seg: 0x0, Bus: 0x00, Dev: 0x02, Func: 0x0, Dev ID: 0x1111, Vendor ID: 0x1234
  BDF: 0x300
  Seg: 0x0, Bus: 0x00, Dev: 0x03, Func: 0x0, Dev ID: 0x000C, Vendor ID: 0x1B36
  BDF: 0x10000
  Seg: 0x0, Bus: 0x01, Dev: 0x00, Func: 0x0, Dev ID: 0x0010, Vendor ID: 0x1B36
 Creating SMMU INFO table
  IORT node offset:30, type: 0
  IORT node offset:48, type: 4
  IORT node offset:30, type: 0
  IORT node offset:A0, type: 2
  IORT node offset:48, type: 4
  Number of IOVIRT blocks = 3
  ITS Group Num ITS: 1
  ITS ID: 0
  SMMU: Major Rev:3 Base Address:0x60050000
  Number of ID Mappings:1
  input_base:0x0 id_count:0xFFFF
  output_base:0x0 output ref:0x18

  Root Complex  Segment Num:0
  Number of ID Mappings:1
  input_base:0x0 id_count:0xFFFF
  output_base:0x0 output ref:0x144

 SMMU_INFO: Number of SMMU CTRL       :    1
 SMMU_INFO: SMMU index 00 version     :    v3.1
 Creating PERIPHERAL INFO table
  000.00.00 class_code = 0 6
  000.00.05 class_code = 3 12
  Found a USB controller 60110000
  000.01.01 class_code = 0 2
  000.01.06 class_code = 6 1
  000.02.02 class_code = 128 3
  000.03.03 class_code = 4 6
  000.00.00 class_code = 0 6
  000.00.05 class_code = 3 12
  000.01.01 class_code = 0 2
  000.01.06 class_code = 6 1
  Found a SATA controller 60100000
  000.02.02 class_code = 128 3
  000.03.03 class_code = 4 6
 Peripheral: Num of USB controllers   :    1
 Peripheral: Num of SATA controllers  :    1
 Peripheral: Num of UART controllers  :    1

 BDF is 0
 Class code is 6000000
 BDF is 100
 Class code is 2000000
 BDF is 200
 Class code is 3800002
 BDF is 300
 Class code is 6040000
 BDF is 10000
 Class code is 1080202 Peripheral: Num of Network ctrl      :    1
 Peripheral: Num of Storage ctrl      :    1
 Peripheral: Num of Display ctrl      :    1
 Creating MEMORY INFO table
  Reserved region of type 7 [0x10000000000, 0x101F83D8000]
  Reserved region of type 1 [0x101F83D8000, 0x101F8560000]
  Reserved region of type 5 [0x101F8560000, 0x101F85E0000]
  Reserved region of type 6 [0x101F85E0000, 0x101F8680000]
  Reserved region of type 5 [0x101F8680000, 0x101F86D0000]
  Reserved region of type 7 [0x101F86D0000, 0x101F86D9000]
  Reserved region of type 9 [0x101F86D9000, 0x101F86E0000]
  Reserved region of type 5 [0x101F86E0000, 0x101F8730000]
  Reserved region of type 7 [0x101F8730000, 0x101FA079000]
  Reserved region of type 4 [0x101FA079000, 0x101FA206000]
  Reserved region of type 7 [0x101FA206000, 0x101FA20C000]
  Reserved region of type 4 [0x101FA20C000, 0x101FB624000]
  Reserved region of type 7 [0x101FB624000, 0x101FB90F000]
  Reserved region of type 3 [0x101FB90F000, 0x101FBC00000]
  Reserved region of type 5 [0x101FBC00000, 0x101FBD90000]
  Reserved region of type 6 [0x101FBD90000, 0x101FBFE0000]
  Reserved region of type 7 [0x101FBFE0000, 0x101FBFFF000]
  Reserved region of type 4 [0x101FBFFF000, 0x101FC020000]
  Reserved region of type 7 [0x101FC020000, 0x101FF8CB000]
  Reserved region of type 4 [0x101FF8CB000, 0x101FF8EC000]
  Reserved region of type 3 [0x101FF8EC000, 0x101FF924000]
  Reserved region of type 4 [0x101FF924000, 0x101FFFE8000]
  Reserved region of type 3 [0x101FFFE8000, 0x101FFFF8000]
  Reserved region of type 4 [0x101FFFF8000, 0x10200000000]
  Reserved region of type 11 [0x10000000, 0x106C0000]
  Reserved region of type 11 [0x60010000, 0x60011000]
 APMT table not found
 PMU_INFO: Number of PMU units        :    0
 AEST table not found
 RAS_INFO: Number of RAS nodes        :    0
 Shared memory is 101FA29C298

      *** Starting PE tests ***
   1 : Check PE Granule Support              
       START
       PSCI_CPU_ON: success
       PSCI_CPU_ON: success
       PSCI_CPU_ON: success
       S_L3PE_01
                                       : Result:  PASS
       END

   2 : Check for 16-bit ASID support         
       START
       PSCI_CPU_ON: success
       PSCI_CPU_ON: success
       PSCI_CPU_ON: success
       S_L3PE_02
                                       : Result:  PASS
       END

   3 : Check AARCH64 implementation          
       START
       PSCI_CPU_ON: success
       PSCI_CPU_ON: success
       PSCI_CPU_ON: success
       S_L3PE_03
                                       : Result:  PASS
       END

   4 : Check FEAT_LPA Requirements           
       START
       S_L3PE_04
       Checkpoint --  1                           : Result:  SKIPPED
       END


      One or more PE tests failed or were skipped.

      *** Starting Memory tests ***
 101 : Check peripherals addr 64Kb apart     
       START
   addr of Peripheral 1 is  60110000
   addr of Peripheral 2 is  60100000
   addr of Peripheral 1 is  60110000
   addr of Peripheral 2 is  60000000
   addr of Peripheral 1 is  60100000
   addr of Peripheral 2 is  60000000
       S_L3MM_01, S_L3MM_02
                                       : Result:  PASS
       END


      All Memory tests passed.

      *** Starting GIC tests ***
 201 : Check GIC version                     
       START
       gic version from info table = 3 
       Received GIC version =    3      
       S_L3GI_01
                                       : Result:  PASS
       END


      All GIC tests passed.

      Starting Exerciser Setup
 PCIE_INFO: Number of exerciser cards :    0 

     No Exerciser Devices Found,                                         Skipping Exerciser tests...


     -------------------------------------------------------
     Total Tests run  =    6;  Tests Passed  =    5  Tests Failed =    0
     ---------------------------------------------------------

      **  For complete SBSA test coverage, it is 
            necessary to also run the BSA test    **


      *** SBSA tests complete. Reset the system. ***

[1m[33m[40mShell> [0m[37m[40m              reset -c
