QEMU command arguments:

../code/qemu/build/qemu-system-aarch64
-monitor telnet::45454,server,nowait
-serial stdio
-drive file=firmware/SBSA_FLASH0.fd,format=raw,if=pflash
-drive file=firmware/SBSA_FLASH1.fd,format=raw,if=pflash
-machine sbsa-ref
-device pcie-root-port,id=faFbM,slot=0,chassis=0
-device nvme,drive=ArwEL,serial=ArwEL,bus=faFbM
-drive file=disks/nvme.img,format=raw,if=none,id=ArwEL
-cpu neoverse-n1
-smp 4
-m 8G
-device usb-kbd
-device usb-tablet
-device usb-mouse
-nographic
-drive file=fat:rw:disks/virtual,format=raw

EFI startup script:

              mode 100 31
              pci
              fs1:sbsa.efi -only -skip 861 -l 6 -v 1
              reset -c

NOTICE:  Booting Trusted Firmware
NOTICE:  BL1: v2.11.0(release):hrw-2024-10-07-1044-55-g75b0d5756
NOTICE:  BL1: Built : 10:33:51, Oct 14 2024
NOTICE:  BL1: Booting BL2
NOTICE:  BL2: v2.11.0(release):hrw-2024-10-07-1044-55-g75b0d5756
NOTICE:  BL2: Built : 10:33:52, Oct 14 2024
NOTICE:  BL1: Booting BL31
NOTICE:  BL31: v2.11.0(release):hrw-2024-10-07-1044-55-g75b0d5756
NOTICE:  BL31: Built : 10:33:52, Oct 14 2024
UEFI firmware (version 1.0 built at 10:34:00 on Oct 14 2024)
[2J[04D[=3h[2J[09D[2J[04DUEFI Interactive Shell v2.2
EDK II
UEFI v2.70 (EFI Development Kit II / SbsaQemu, 0x00010000)
[1m[33m[40mMapping table[0m[37m[40m
[1m[33m[40m      FS1:[0m[37m[40m [1m[37m[40mAlias(s):[0m[37m[40mHD1a65535a1:;BLK4:
          VenHw(0D51905B-B77E-452A-A2C0-ECA0CC8D514A,000010600000000000)/Sata(0x
0,0xFFFF,0x0)/HD(1,MBR,0xBE1AFDFA,0x3F,0xFBFC1)
[1m[33m[40m      FS0:[0m[37m[40m [1m[37m[40mAlias(s):[0m[37m[40mHD0b:;BLK1:
          PciRoot(0x0)/Pci(0x3,0x0)/Pci(0x0,0x0)/NVMe(0x1,00-00-00-00-00-00-00-0
0)/HD(1,GPT,E18266A2-C5EF-4299-AF15-636D414978CD,0x800,0x100000)
[1m[33m[40m     BLK3:[0m[37m[40m [1m[37m[40mAlias(s):[0m[37m[40m
          VenHw(0D51905B-B77E-452A-A2C0-ECA0CC8D514A,000010600000000000)/Sata(0x
0,0xFFFF,0x0)
[1m[33m[40m     BLK0:[0m[37m[40m [1m[37m[40mAlias(s):[0m[37m[40m
          PciRoot(0x0)/Pci(0x3,0x0)/Pci(0x0,0x0)/NVMe(0x1,00-00-00-00-00-00-00-0
0)
[1m[33m[40m     BLK2:[0m[37m[40m [1m[37m[40mAlias(s):[0m[37m[40m
          PciRoot(0x0)/Pci(0x3,0x0)/Pci(0x0,0x0)/NVMe(0x1,00-00-00-00-00-00-00-0
0)/HD(2,GPT,01B58A9B-C015-4D10-9B69-79C1A4BE1BBE,0x100800,0xEFF7DF)
Press [1m[37m[40mESC[0m[37m[40m in 5 seconds to skip [1m[33m[40mstartup.nsh[0m[37m[40m or any other key to continue.[72DPress [1m[37m[40mESC[0m[37m[40m in 4 seconds to skip [1m[33m[40mstartup.nsh[0m[37m[40m or any other key to continue.[72DPress [1m[37m[40mESC[0m[37m[40m in 3 seconds to skip [1m[33m[40mstartup.nsh[0m[37m[40m or any other key to continue.[72DPress [1m[37m[40mESC[0m[37m[40m in 2 seconds to skip [1m[33m[40mstartup.nsh[0m[37m[40m or any other key to continue.[72DPress [1m[37m[40mESC[0m[37m[40m in 1 seconds to skip [1m[33m[40mstartup.nsh[0m[37m[40m or any other key to continue.
[1m[33m[40mShell> [0m[37m[40m              mode 100 31
[2J[01;01H[=3h[2J[09D[2J[04D[1m[33m[40mShell> [0m[37m[40m              pci
   Seg  Bus  Dev  Func
   ---  ---  ---  ----
    [1m[33m[40m00   00   00    00 ==> [0m[37m[40mBridge Device - Host/PCI bridge
             Vendor 1B36 Device 0008 Prog Interface 0
    [1m[33m[40m00   00   01    00 ==> [0m[37m[40mNetwork Controller - Ethernet controller
             Vendor 8086 Device 10D3 Prog Interface 0
    [1m[33m[40m00   00   02    00 ==> [0m[37m[40mDisplay Controller - Other display controller
             Vendor 1234 Device 1111 Prog Interface 0
    [1m[33m[40m00   00   03    00 ==> [0m[37m[40mBridge Device - PCI/PCI bridge
             Vendor 1B36 Device 000C Prog Interface 0
    [1m[33m[40m00   01   00    00 ==> [0m[37m[40mMass Storage Controller - Non-volatile memory subsystem
             Vendor 1B36 Device 0010 Prog Interface 2
[1m[33m[40mShell> [0m[37m[40m              fs1:sbsa.efi -only -skip 861 -l 6 -v 1


 SBSA Architecture Compliance Suite
    Version 7.2.0

 Starting tests for only level  6 (Print level is  1)

 Creating Platform Information Tables
 Using SMC as PSCI conduit
 Creating PE INFO table
  MADT is at F86DF898 and length is 1A8
  Flags 1
  PE Enabled 1, Online Capable 0
  MADT Revision 4 
 MPIDR 0 PE num 0
  Flags 1
  PE Enabled 1, Online Capable 0
  MADT Revision 4 
 MPIDR 1 PE num 1
  Flags 1
  PE Enabled 1, Online Capable 0
  MADT Revision 4 
 MPIDR 2 PE num 2
  Flags 1
  PE Enabled 1, Online Capable 0
  MADT Revision 4 
 MPIDR 3 PE num 3
 PE_INFO: Number of PE detected       :    4
 PE_INFO: Primary PE index       :    0
 Creating GIC INFO table
  MADT is at F86DF898 and length is 1A8
  GICH base 2C010000
  GICH base 2C010000
  GICH base 2C010000
  GICH base 2C010000
  GIC DIS base 40060000
  GICR RD base 40080000
  GICR RD Length 4000000
  GIC ITS base 44081000
  GIC ITS ID0

       gic version from info table = 3  GIC INFO: GIC version                :    v3
 GIC_INFO: Number of GICD             :    1
 GIC_INFO: Number of GICR RD          :    1
 GIC_INFO: Number of ITS              :    1
 Creating TIMER INFO table
  GTDT is at F86DF598 and length is 84
  GTDT revision is at 3
 TIMER_INFO: System Counter frequency :    0x3B9ACA00
 TIMER_INFO: Number of system timers  :    0
 Creating WATCHDOG INFO table
  Watchdog base = 0x50011000 INTID = 0x30
 WATCHDOG_INFO: Number of Watchdogs   :    1
PPTT table found at 0x101F86DF318 with length 0x20C

Cache info * Index 0 *
  Offset:                  0x68
  Type:                    0x0
  Cache ID:                0x1
  Size:                    0x10000
  Next level index:        1
  Private flag:            0x1

Cache info * Index 1 *
  Offset:                  0xA0
  Type:                    0x2
  Cache ID:                0x3
  Size:                    0x100000
  Next level index:        -1
  Private flag:            0x1

Cache info * Index 2 *
  Offset:                  0x84
  Type:                    0x1
  Cache ID:                0x2
  Size:                    0x10000
  Next level index:        1
  Private flag:            0x1

Cache info * Index 3 *
  Offset:                  0xD8
  Type:                    0x0
  Cache ID:                0x4
  Size:                    0x10000
  Next level index:        4
  Private flag:            0x1

Cache info * Index 4 *
  Offset:                  0x110
  Type:                    0x2
  Cache ID:                0x6
  Size:                    0x100000
  Next level index:        -1
  Private flag:            0x1

Cache info * Index 5 *
  Offset:                  0xF4
  Type:                    0x1
  Cache ID:                0x5
  Size:                    0x10000
  Next level index:        4
  Private flag:            0x1

Cache info * Index 6 *
  Offset:                  0x148
  Type:                    0x0
  Cache ID:                0x7
  Size:                    0x10000
  Next level index:        7
  Private flag:            0x1

Cache info * Index 7 *
  Offset:                  0x180
  Type:                    0x2
  Cache ID:                0x9
  Size:                    0x100000
  Next level index:        -1
  Private flag:            0x1

Cache info * Index 8 *
  Offset:                  0x164
  Type:                    0x1
  Cache ID:                0x8
  Size:                    0x10000
  Next level index:        7
  Private flag:            0x1

Cache info * Index 9 *
  Offset:                  0x1B8
  Type:                    0x0
  Cache ID:                0xA
  Size:                    0x10000
  Next level index:        10
  Private flag:            0x1

Cache info * Index 10 *
  Offset:                  0x1F0
  Type:                    0x2
  Cache ID:                0xC
  Size:                    0x100000
  Next level index:        -1
  Private flag:            0x1

Cache info * Index 11 *
  Offset:                  0x1D4
  Type:                    0x1
  Cache ID:                0xB
  Size:                    0x10000
  Next level index:        10
  Private flag:            0x1

PE level one cache index info
PE Index * 0 *
  Level 1 Cache index(s) : 0, 2,

PE Index * 1 *
  Level 1 Cache index(s) : 3, 5,

PE Index * 2 *
  Level 1 Cache index(s) : 6, 8,

PE Index * 3 *
  Level 1 Cache index(s) : 9, 11,
 CACHE_INFO: Number of cache nodes    :   12
 MPAM table not found
 MPAM INFO: Number of MSC nodes       :    0
 HMAT ACPI table not found
 SRAT not found

 Allocating memory for RAS2 info table RAS2 ACPI table not found
 RAS2_INFO: Number of RAS2 entries    :    0
 RAS2_INFO: Num of RAS2 memory entries:    0
 Creating PCIe INFO table
  Ecam Index = 0
  Base Address = 0xF0000000
  Segment   = 0x0
  Start Bus = 0x0
  End Bus   = 0xFF
 PCIE_INFO: Number of ECAM regions    :    1
       BDF 0x0 is a Host Bridge...Skipping
  Dev bdf 0x000100 type 0x200 RP bdf 0xFFFFFFFF
  Dev bdf 0x000200 type 0x200 RP bdf 0xFFFFFFFF
  Dev bdf 0x000300 type 0x10 RP bdf 0x000300
  Dev bdf 0x010000 type 0x01 RP bdf 0x000300
 PCIE_INFO: Number of BDFs found      :    4
 PCIE_INFO: Number of RCiEP           :    2
 PCIE_INFO: Number of RCEC            :    0
 PCIE_INFO: Number of EP              :    1
 PCIE_INFO: Number of RP              :    1
 PCIE_INFO: Number of iEP_EP          :    0
 PCIE_INFO: Number of iEP_RP          :    0
 PCIE_INFO: Number of UP of switch    :    0
 PCIE_INFO: Number of DP of switch    :    0
 PCIE_INFO: Number of PCI/PCIe Bridge :    0
 PCIE_INFO: Number of PCIe/PCI Bridge :    0

  ECAM 0:  Base 0xF0000000
  BDF: 0x100
  Seg: 0x0, Bus: 0x00, Dev: 0x01, Func: 0x0, Dev ID: 0x10D3, Vendor ID: 0x8086
  BDF: 0x200
  Seg: 0x0, Bus: 0x00, Dev: 0x02, Func: 0x0, Dev ID: 0x1111, Vendor ID: 0x1234
  BDF: 0x300
  Seg: 0x0, Bus: 0x00, Dev: 0x03, Func: 0x0, Dev ID: 0x000C, Vendor ID: 0x1B36
  BDF: 0x10000
  Seg: 0x0, Bus: 0x01, Dev: 0x00, Func: 0x0, Dev ID: 0x0010, Vendor ID: 0x1B36
 Creating SMMU INFO table
  IORT node offset:30, type: 0
  IORT node offset:48, type: 4
  IORT node offset:30, type: 0
  IORT node offset:A0, type: 2
  IORT node offset:48, type: 4
  Number of IOVIRT blocks = 3
  ITS Group Num ITS: 1
  ITS ID: 0
  SMMU: Major Rev:3 Base Address:0x60050000
  Number of ID Mappings:1
  input_base:0x0 id_count:0xFFFF
  output_base:0x0 output ref:0x18

  Root Complex  Segment Num:0
  Number of ID Mappings:1
  input_base:0x0 id_count:0xFFFF
  output_base:0x0 output ref:0x144

 SMMU_INFO: Number of SMMU CTRL       :    1
 SMMU_INFO: SMMU index 00 version     :    v3.1
 Creating PERIPHERAL INFO table
  000.00.00 class_code = 0 6
  000.00.05 class_code = 3 12
  Found a USB controller 60110000
  000.01.01 class_code = 0 2
  000.01.06 class_code = 6 1
  000.02.02 class_code = 128 3
  000.03.03 class_code = 4 6
  000.00.00 class_code = 0 6
  000.00.05 class_code = 3 12
  000.01.01 class_code = 0 2
  000.01.06 class_code = 6 1
  Found a SATA controller 60100000
  000.02.02 class_code = 128 3
  000.03.03 class_code = 4 6
 Peripheral: Num of USB controllers   :    1
 Peripheral: Num of SATA controllers  :    1
 Peripheral: Num of UART controllers  :    1

 BDF is 0
 Class code is 6000000
 BDF is 100
 Class code is 2000000
 BDF is 200
 Class code is 3800002
 BDF is 300
 Class code is 6040000
 BDF is 10000
 Class code is 1080202 Peripheral: Num of Network ctrl      :    1
 Peripheral: Num of Storage ctrl      :    1
 Peripheral: Num of Display ctrl      :    1
 Creating MEMORY INFO table
  Reserved region of type 7 [0x10000000000, 0x101F83D8000]
  Reserved region of type 1 [0x101F83D8000, 0x101F8560000]
  Reserved region of type 5 [0x101F8560000, 0x101F85E0000]
  Reserved region of type 6 [0x101F85E0000, 0x101F8680000]
  Reserved region of type 5 [0x101F8680000, 0x101F86D0000]
  Reserved region of type 7 [0x101F86D0000, 0x101F86D9000]
  Reserved region of type 9 [0x101F86D9000, 0x101F86E0000]
  Reserved region of type 5 [0x101F86E0000, 0x101F8730000]
  Reserved region of type 7 [0x101F8730000, 0x101FA079000]
  Reserved region of type 4 [0x101FA079000, 0x101FA206000]
  Reserved region of type 7 [0x101FA206000, 0x101FA20C000]
  Reserved region of type 4 [0x101FA20C000, 0x101FB624000]
  Reserved region of type 7 [0x101FB624000, 0x101FB90F000]
  Reserved region of type 3 [0x101FB90F000, 0x101FBC00000]
  Reserved region of type 5 [0x101FBC00000, 0x101FBD90000]
  Reserved region of type 6 [0x101FBD90000, 0x101FBFE0000]
  Reserved region of type 7 [0x101FBFE0000, 0x101FBFFF000]
  Reserved region of type 4 [0x101FBFFF000, 0x101FC020000]
  Reserved region of type 7 [0x101FC020000, 0x101FF8CB000]
  Reserved region of type 4 [0x101FF8CB000, 0x101FF8EC000]
  Reserved region of type 3 [0x101FF8EC000, 0x101FF924000]
  Reserved region of type 4 [0x101FF924000, 0x101FFFE8000]
  Reserved region of type 3 [0x101FFFE8000, 0x101FFFF8000]
  Reserved region of type 4 [0x101FFFF8000, 0x10200000000]
  Reserved region of type 11 [0x10000000, 0x106C0000]
  Reserved region of type 11 [0x60010000, 0x60011000]
 APMT table not found
 PMU_INFO: Number of PMU units        :    0
 AEST table not found
 RAS_INFO: Number of RAS nodes        :    0
 Shared memory is 101FA29C298

      *** Starting PE tests ***
  17 : Check SPE if implemented              
       START
       ID_AA64PFR0_EL1.SVE = 0
       PSCI_CPU_ON: success
       PSCI_CPU_ON: success
       PSCI_CPU_ON: success
       B_PE_17
       Checkpoint --  2                           : Result:  SKIPPED
       END

  18 : Check Branch Target Support           
       START
       PSCI_CPU_ON: success
       PSCI_CPU_ON: success
       PSCI_CPU_ON: success
       Failed on PE -    0
       S_L6PE_02
       Checkpoint --  1                           : Result:  FAIL
       END

  19 : Check Protect Against Timing Fault    
       START
       PSCI_CPU_ON: success
       PSCI_CPU_ON: success
       PSCI_CPU_ON: success
       Failed on PE -    0
       S_L6PE_03
       Checkpoint --  1                           : Result:  FAIL
       END

  20 : Check PMU Version Support             
       START
       ID_AA64DFR0_EL1.PMUVer = 4
       PSCI_CPU_ON: success
       PSCI_CPU_ON: success
       PSCI_CPU_ON: success
       Failed on PE -    0
       S_L6PE_04, S_L8PE_05
       Checkpoint --  1                           : Result:  FAIL
       END

  21 : Check AccessFlag DirtyState Update    
       START
       PSCI_CPU_ON: success
       PSCI_CPU_ON: success
       PSCI_CPU_ON: success
       S_L6PE_05
                                       : Result:  PASS
       END

  22 : Check Enhanced Virtualization Trap    
       START
       PSCI_CPU_ON: success
       PSCI_CPU_ON: success
       PSCI_CPU_ON: success
       Failed on PE -    0
       S_L6PE_06
       Checkpoint --  1                           : Result:  FAIL
       END

  23 : Check Speculation Restriction         
       START
       ID_AA64PFR0_EL1.CSV2 = 1
       ID_AA64PFR0_EL1.CSV3 = 1
       PSCI_CPU_ON: success
       PSCI_CPU_ON: success
       PSCI_CPU_ON: success
       Failed on PE -    0
       B_SEC_01
       Checkpoint --  1                           : Result:  FAIL
       END

  24 : Check Speculative Str Bypass Safe     
       START
       PSCI_CPU_ON: success
       PSCI_CPU_ON: success
       PSCI_CPU_ON: success
       B_SEC_02
                                       : Result:  PASS
       END

  25 : Check PEs Impl CSDB,SSBB,PSSBB        
       START
       PSCI_CPU_ON: success
       PSCI_CPU_ON: success
       PSCI_CPU_ON: success
       B_SEC_03
                                       : Result:  PASS
       END

  26 : Check PEs Implement SB Barrier        
       START
       PSCI_CPU_ON: success
       PSCI_CPU_ON: success
       PSCI_CPU_ON: success
       Failed on PE -    0
       B_SEC_04
       Checkpoint --  1                           : Result:  FAIL
       END

  27 : Check PE Impl CFP,DVP,CPP RCTX        
       START
       PSCI_CPU_ON: success
       PSCI_CPU_ON: success
       PSCI_CPU_ON: success
       Failed on PE -    0
       B_SEC_05
       Checkpoint --  1                           : Result:  FAIL
       END


      One or more PE tests failed or were skipped.

      *** Starting SMMU tests ***
 306 : Check SMMU HTTU Support               
       START
       Failed on PE -    0
       S_L6SM_02
       Checkpoint --  1                           : Result:  FAIL
       END

 307 : Check SMMU MSI Support                
       START
       Failed on PE -    0
       S_L6SM_03
       Checkpoint --  1                           : Result:  FAIL
       END

 308 : Check SMMU 16 Bit VMID Support        
       START
       B_SMMU_23
                                       : Result:  PASS
       END

 309 : Check SMMU Large VA Support           
       START
       Large VA Not Supported by PE                        
       B_SMMU_03
       Checkpoint --  1                           : Result:  SKIPPED
       END

 310 : Check TLB Range Invalidation          
       START
       TLB Range Invalid Not Supported For PE              
       B_SMMU_04, B_SMMU_05
       Checkpoint --  1                           : Result:  SKIPPED
       END

 311 : Check SMMU 16 Bit ASID Support        
       START
       B_SMMU_13
                                       : Result:  PASS
       END

 312 : Check SMMU Endianess Support          
       START
       B_SMMU_14
                                       : Result:  PASS
       END


      One or more SMMU tests failed or were skipped.

      *** Starting Watchdog tests ***
 701 : Check NS Watchdog Revision            
       START
       Found 1 watchdogs in ACPI table 
      Watchdog CTRL base is  50011000      
       S_L6WD_01
                                       : Result:  PASS
       END


      All Watchdog tests passed.

      *** Starting PCIe tests ***
 801 : Check ECAM Presence                   
       START
       PCI_IN_01
                                       : Result:  PASS
       END

 803 : Check ECAM Memory accessibility       
       START
       Skipping legacy PCI device with BDF 0x0
       PCI_IN_02
                                       : Result:  PASS
       END

 816 : NP type-1 pcie only support 32-bit    
       START
       BDF - 0x100
       BDF - 0x200
       No Type1 Non Prefetcable BAR Detected. Skipping test
       PCI_MM_04
       Checkpoint --  3                           : Result:  SKIPPED
       END

 820 : Check Type 0/1 common config rules    
       START
       Number of bit-field entries to check 12
       BDF 0x100 : PASS
       BDF 0x100 : PASS
       BDF 0x100 : PASS
       BDF 0x100 : PASS
       BDF 0x100 : PASS
       BDF 0x100 : PASS
       BDF 0x100 : PASS
       BDF 0x100 : PASS
       BDF 0x100 : PASS
       BDF 0x100 : PASS
       BDF 0x200 : PASS
       BDF 0x200 : PASS
       BDF 0x200 : PASS
       BDF 0x200 : PASS
       BDF 0x200 : PASS
       BDF 0x200 : PASS
       BDF 0x200 : PASS
       BDF 0x200 : PASS
       BDF 0x200 : PASS
       BDF 0x200 : PASS
       RE_REG_1, IE_REG_1, IE_REG_3
                                       : Result:  PASS
       END

 821 : Check Type 0 config header rules      
       START
       Number of bit-field entries to check 3
       BDF 0x100 : PASS
       BDF 0x100 : PASS
       BDF 0x100 : PASS
       BDF 0x200 : PASS
       BDF 0x200 : PASS
       BDF 0x200 : PASS
       RE_REG_1, IE_REG_1
                                       : Result:  PASS
       END

 822 : Check Type 1 config header rules      
       START
       Number of bit-field entries to check 10
       IE_REG_3
       Checkpoint --  1                           : Result:  SKIPPED
       END

 823 : Check PCIe capability rules           
       START
       Number of bit-field entries to check 1
       IE_REG_4
       Checkpoint --  1                           : Result:  SKIPPED
       END

 824 : Check Device capabilities reg rule    
       START
       Number of bit-field entries to check 8
       BDF 0x100 : PASS
       BDF 0x100 : ETFS value mismatch: 0x0 instead of 0x1
       BDF 0x100 : PASS
       BDF 0x100 : PASS
       BDF 0x100 : PASS
       BDF 0x100 : PASS
       BDF 0x100 : PASS
       BDF 0x200 : PASS
       BDF 0x200 : ETFS value mismatch: 0x0 instead of 0x1
       BDF 0x200 : PASS
       BDF 0x200 : PASS
       BDF 0x200 : PASS
       BDF 0x200 : PASS
       BDF 0x200 : PASS
       Failed on PE -    0
       RE_REG_3, RE_REC_1, IE_REG_2, IE_REG_4
       Checkpoint --  2                           : Result:  FAIL
       END

 825 : Check Device Control register rule    
       START
       Number of bit-field entries to check 4
       BDF 0x100 : WARNING PFE attribute mismatch: 0x1 instead of 0x0
       BDF 0x100 : WARNING APPE attribute mismatch: 0x1 instead of 0x0
       BDF 0x200 : WARNING PFE attribute mismatch: 0x1 instead of 0x0
       BDF 0x200 : WARNING APPE attribute mismatch: 0x1 instead of 0x0
       RE_REG_3, RE_REC_1, IE_REG_2, IE_REG_4
                                       : Result:  PASS
       END

 826 : Check Device cap 2 register rules     
       START
       Number of bit-field entries to check 16
       BDF 0x100 : PASS
       BDF 0x100 : PASS
       BDF 0x100 : PASS
       BDF 0x100 : PASS
       BDF 0x100 : WARNING EFFS value mismatch: 0x0 instead of 0x1
       BDF 0x200 : PASS
       BDF 0x200 : PASS
       BDF 0x200 : PASS
       BDF 0x200 : PASS
       BDF 0x200 : PASS
       RE_REG_3, RE_REC_1, IE_REG_2, IE_REG_4
                                       : Result:  PASS
       END

 827 : Check Device control 2 reg rules      
       START
       Number of bit-field entries to check 5
       BDF 0x100 : AFI attribute mismatch: 0x120001 instead of 0x120000
       BDF 0x100 : PASS
       BDF 0x100 : PASS
       BDF 0x200 : PASS
       BDF 0x200 : PASS
       BDF 0x200 : PASS
       Failed on PE -    0
       RE_REG_3, RE_REC_1, IE_REG_2, IE_REG_4
       Checkpoint --  1                           : Result:  FAIL
       END

 828 : Check Power management cap rules      
       START
       Number of bit-field entries to check 2
       BDF 0x100 : PASS
       BDF 0x100 : PASS
       PCIe Capability 0x1 not found for BDF 0x200
       PCIe Capability 0x1 not found for BDF 0x200
       Failed on PE -    0
       RE_REG_2, IE_REG_5
       Checkpoint --  2                           : Result:  FAIL
       END

 829 : Check Power management/status rule    
       START
       Number of bit-field entries to check 2
       BDF 0x100 : WARNING Data Select attribute mismatch: 0xF instead of 0x0
       BDF 0x100 : PASS
       PCIe Capability 0x1 not found for BDF 0x200
       PCIe Capability 0x1 not found for BDF 0x200
       Failed on PE -    0
       RE_REG_2, IE_REG_5
       Checkpoint --  2                           : Result:  FAIL
       END

 830 : Check Cmd Reg memory space enable     
       START
       tbl_index 0
       BDF - 0x100       Bar Base 81160000       bar_data FFFFFFFF 
       tbl_index 1
       BDF - 0x200       Bar Base 80000000       bar_data FFFFFFFF 
       tbl_index 2
       tbl_index 3
       RE_REG_1, IE_REG_1, IE_REG_3
                                       : Result:  PASS
       END

 831 : Check Type0/1 BIST Register rule      
       START
       RE_REG_1, IE_REG_1, IE_REG_3
                                       : Result:  PASS
       END

 832 : Check HDR CapPtr Register rule        
       START
       BDF - 0x100
       BDF - 0x200
       RE_REG_1, IE_REG_1, IE_REG_3
                                       : Result:  PASS
       END

 833 : Check Max payload size supported      
       START
       BDF - 0x100
       BDF - 0x200
       RE_REC_1, IE_REG_2, IE_REG_4
                                       : Result:  PASS
       END

 834 : Check BAR memory space & Type rule    
       START
       BDF - 0x100 
       HDR TYPE 0x0 
       MAX BARS 0x6 
       BDF 0x0 Not MMIO
       BDF - 0x200 
       HDR TYPE 0x0 
       MAX BARS 0x6 
       Failed on PE -    0
       RE_BAR_3, IE_BAR_3
       Checkpoint --  1                           : Result:  FAIL
       END

 835 : Check Function level reset rule       
       START
       Skipping for BDF - 0x100  Classcode is : 0x2 
       Skipping for BDF - 0x10000  Classcode is : 0x1 
       No RCiEP/iEP_EP with FLR Cap found. Skipping test
       RE_RST_1, IE_RST_1, PCI_SM_02
       Checkpoint --  1                           : Result:  SKIPPED
       END

 836 : Check ARI forwarding support rule     
       START
       No iEP_EP found with ARI Capability Support. Skipping test
       PCI_IN_17
       Checkpoint --  1                           : Result:  SKIPPED
       END

 837 : Check OBFF supported rule             
       START
       No iEP_EP type device found. Skipping test
       IE_REG_2
       Checkpoint --  1                           : Result:  SKIPPED
       END

 838 : Check CTRS and CTDS rule              
       START
       No iEP_RP type device found. Skipping test
       IE_REG_4
       Checkpoint --  1                           : Result:  SKIPPED
       END

 839 : Check i-EP AtomicOp rule              
       START
       No iEP_EP type device found. Skipping test
       IE_REG_2
       Checkpoint --  1                           : Result:  SKIPPED
       END

 841 : Check MSI and MSI-X support rule      
       START
       BDF - 0x100 int pin value 1 MSI cap 0 MSIX cap 0
       BDF - 0x200 int pin value 0 MSI cap 268435472 MSIX cap 268435472
       RE_INT_1, IE_INT_1
                                       : Result:  PASS
       END

 842 : Check Power Management rules          
       START
       BDF - 0x100
       BDF - 0x200
       BDF - 200 does not support Power Management Capability
       Failed on PE -    0
       RE_PWR_1, IE_PWR_1
       Checkpoint --  1                           : Result:  FAIL
       END

 843 : Check ARI forwarding enable rule      
       START
       No DP/ iEP_RP type device found.Skipping test
       PCI_IN_17
       Checkpoint --  1                           : Result:  SKIPPED
       END

 844 : Check device under RP in same ECAM    
       START
       No iEP_EP type device found. Skipping test
       PCI_IN_04
       Checkpoint --  1                           : Result:  SKIPPED
       END

 845 : Check all RP in HB is in same ECAM    
       START
       No iEP_RP type device found. Skipping test
       PCI_IN_03
       Checkpoint --  1                           : Result:  SKIPPED
       END

 846 : Check RP Byte Enable Rules            
       START
       No iEP_RP type device found. Skipping test
       PCI_IN_18
       Checkpoint --  1                           : Result:  SKIPPED
       END

 847 : Check Config Txn for RP in HB         
       START
       No iEP_RP type device found. Skipping test
       PCI_IN_12
       Checkpoint --  1                           : Result:  SKIPPED
       END

 850 : Check L-Intr SPI Level-Sensitive      
       START
       BDF - 0x100
       pal_pcie_get_legacy_irq_map unimplemented. Skipping test
       The API is platform specific and to be populated
       by partners with system legacy irq map
       PCI_LI_01, PCI_LI_03
       Checkpoint --  2                           : Result:  SKIPPED
       END

 851 : Check Sec Bus Reset For iEP_RP        
       START
       No iEP_RP type device found. Skipping test
       IE_RST_2
       Checkpoint --  2                           : Result:  SKIPPED
       END

 852 : Check ATS Support Rule                
       START
       BDF - 0x100
       BDF - 0x200
       No RCiEP/ iEP_EP type device found with ATC available. Skipping test
       IE_SMU_1, RE_SMU_2
       Checkpoint --  1                           : Result:  SKIPPED
       END

 856 : Check iEP-RootPort P2P Support        
       START
       The test is applicable only if the system supports
       P2P traffic. If the system supports P2P, pass the
       command line option '-p2p' while running the binary
       IE_ACS_2
       Checkpoint --  1                           : Result:  SKIPPED
       END

 857 : Check RCiEP, iEP_EP P2P Supp          
       START
       BDF - 0x100
       BDF - 0x200
       No RCiEP/ iEP_EP type device with Multifunction and P2P support.Skipping test
       IE_ACS_1, RE_ACS_1, RE_ACS_2
       Checkpoint --  1                           : Result:  SKIPPED
       END

 858 : Read and write to BAR reg             
       START
       BDF - 0x100 BAR offset0x10 value is 0x81160000     
       The BAR supports 32-bit address capability
       BDF - 0x100 BAR offset0x14 value is 0x81140000     
       The BAR supports 32-bit address capability
       BDF - 0x200 BAR offset0x10 value is 0x80000008     
       The BAR supports 32-bit address capability
       BDF - 0x200 BAR offset0x14 value is 0x0     
       RE_BAR_1, IE_BAR_1
                                       : Result:  PASS
       END

 859 : Check RCEC Class code and Ext Cap     
       START
       No RCEC type device found. Skipping test
       RE_PCI_2
       Checkpoint --  1                           : Result:  SKIPPED
       END

 860 : Check RCiEP Hdr type & link Cap       
       START
       BDF - 0x100
       Link Capabilities reg check failed
       Invalid Link Capabilities 0x1
       BDF - 0x200
       Link Capabilities reg check failed
       Invalid Link Capabilities 0x1
       Failed on PE -    0
       RE_PCI_1
       Checkpoint --  2                           : Result:  FAIL
       END

 863 : Slot Cap, Control and Status reg rules
       START
       Number of bit-field entries to check 26
       IE_REG_4
       Checkpoint --  1                           : Result:  SKIPPED
       END


      One or more PCIe tests failed or were skipped.

      Starting Exerciser Setup
 PCIE_INFO: Number of exerciser cards :    0 

     No Exerciser Devices Found,                                         Skipping Exerciser tests...


     -------------------------------------------------------
     Total Tests run  =   58;  Tests Passed  =   19  Tests Failed =   16
     ---------------------------------------------------------

      **  For complete SBSA test coverage, it is 
            necessary to also run the BSA test    **


      *** SBSA tests complete. Reset the system. ***

[1m[33m[40mShell> [0m[37m[40m              reset -c
