NOTICE:  Booting Trusted Firmware
NOTICE:  BL1: v2.8(debug):v2.8-490-g409610a9a
NOTICE:  BL1: Built : 08:08:07, Mar  8 2023
INFO:    BL1: RAM 0x3ffee000 - 0x3fffb000
WARNING: BL1: cortex_a72: CPU workaround for 859971 was missing!
WARNING: BL1: cortex_a72: CPU workaround for 1319367 was missing!
INFO:    BL1: cortex_a72: CPU workaround for cve_2017_5715 was applied
INFO:    BL1: cortex_a72: CPU workaround for cve_2018_3639 was applied
INFO:    BL1: cortex_a72: CPU workaround for cve_2022_23960 was applied
INFO:    BL1: Loading BL2
INFO:    Loading image id=1 at address 0x3fcd1000
INFO:    Image id=1 loaded: 0x3fcd1000 - 0x3fcd9201
NOTICE:  BL1: Booting BL2
INFO:    Entry point address = 0x3fcd1000
INFO:    SPSR = 0x3c5
NOTICE:  BL2: v2.8(debug):v2.8-490-g409610a9a
NOTICE:  BL2: Built : 08:08:07, Mar  8 2023
INFO:    BL2: Doing platform setup
INFO:    BL2: Loading image id 3
INFO:    Loading image id=3 at address 0x3fcee000
INFO:    Image id=3 loaded: 0x3fcee000 - 0x3fcf9089
INFO:    BL2: Skip loading image id 5
NOTICE:  BL1: Booting BL31
INFO:    Entry point address = 0x3fcee000
INFO:    SPSR = 0x3cd
NOTICE:  BL31: v2.8(debug):v2.8-490-g409610a9a
NOTICE:  BL31: Built : 08:08:07, Mar  8 2023
INFO:    GICv3 without legacy support detected.
INFO:    ARM GICv3 driver initialized in EL3
INFO:    Maximum SPI INTID supported: 287
INFO:    BL31: Initializing runtime services
WARNING: BL31: cortex_a72: CPU workaround for 859971 was missing!
WARNING: BL31: cortex_a72: CPU workaround for 1319367 was missing!
INFO:    BL31: cortex_a72: CPU workaround for cve_2017_5715 was applied
INFO:    BL31: cortex_a72: CPU workaround for cve_2018_3639 was applied
INFO:    BL31: cortex_a72: CPU workaround for cve_2022_23960 was applied
INFO:    BL31: Preparing for EL3 exit to normal world
INFO:    Entry point address = 0x10000000
INFO:    SPSR = 0x3c9
UEFI firmware (version 1.0 built at 13:30:41 on Feb 25 2023)
[2J[04D[=3h[2J[09D[2J[04DUEFI Interactive Shell v2.2
EDK II
UEFI v2.70 (EFI Development Kit II / SbsaQemu, 0x00010000)
[1m[33m[40mMapping table[0m[37m[40m
[1m[33m[40m      FS0:[0m[37m[40m [1m[37m[40mAlias(s):[0m[37m[40mHD0a65535a1:;BLK1:
          VenHw(0D51905B-B77E-452A-A2C0-ECA0CC8D514A,000010600000000000)/Sata(0x
0,0xFFFF,0x0)/HD(1,MBR,0xBE1AFDFA,0x3F,0xFBFC1)
[1m[33m[40m     BLK0:[0m[37m[40m [1m[37m[40mAlias(s):[0m[37m[40m
          VenHw(0D51905B-B77E-452A-A2C0-ECA0CC8D514A,000010600000000000)/Sata(0x
0,0xFFFF,0x0)
Press [1m[37m[40mESC[0m[37m[40m in 5 seconds to skip [1m[33m[40mstartup.nsh[0m[37m[40m or any other key to continue.[72DPress [1m[37m[40mESC[0m[37m[40m in 4 seconds to skip [1m[33m[40mstartup.nsh[0m[37m[40m or any other key to continue.[72DPress [1m[37m[40mESC[0m[37m[40m in 3 seconds to skip [1m[33m[40mstartup.nsh[0m[37m[40m or any other key to continue.[72DPress [1m[37m[40mESC[0m[37m[40m in 2 seconds to skip [1m[33m[40mstartup.nsh[0m[37m[40m or any other key to continue.[72DPress [1m[37m[40mESC[0m[37m[40m in 1 seconds to skip [1m[33m[40mstartup.nsh[0m[37m[40m or any other key to continue.
[1m[33m[40mShell> [0m[37m[40mfs0:sbsa.efi -l 7


 SBSA Architecture Compliance Suite 
    Version 7.1.0  

 Starting tests for level  7 (Print level is  3)

 Creating Platform Information Tables 
 PE_INFO: Number of PE detected       :    4 
 GIC_INFO: Number of GICD             :    1 
 GIC_INFO: Number of ITS              :    1 
 TIMER_INFO: Number of system timers  :    0 
 WATCHDOG_INFO: Number of Watchdogs   :    1 
 CACHE_INFO: Number of cache nodes    :    9
 MPAM INFO: Number of MSC nodes       :    0 
 RAS2_INFO: Number of RAS2 entries    :    0 
 RAS2_INFO: Num of RAS2 memory entries:    0 
 PCIE_INFO: Number of ECAM regions    :    1 
 PCIE_INFO: Number of BDFs found      :    1
 PCIE_INFO: Number of RCiEP           :    1 
 PCIE_INFO: Number of RCEC            :    0 
 PCIE_INFO: Number of EP              :    0 
 PCIE_INFO: Number of RP              :    0 
 PCIE_INFO: Number of iEP_EP          :    0 
 PCIE_INFO: Number of iEP_RP          :    0 
 Invalid IORT node type
 SMMU_INFO: Number of SMMU CTRL       :    1 
 Peripheral: Num of USB controllers   :    1 
 Peripheral: Num of SATA controllers  :    1 
 Peripheral: Num of UART controllers  :    1 
 PMU_INFO: Number of PMU units        :    0
 RAS_INFO: Number of RAS nodes        :    0 

      ***  Starting PE tests ***  
   1 : Check PE Granule Support          : Result:  PASS 
   2 : Check for 16-bit ASID support     : Result:  PASS 
   3 : Check AARCH64 implementation      : Result:  PASS 
   4 : Check FEAT_LPA Requirements       
       S_L3PE_04
       Checkpoint --  1                  : Result:  SKIPPED 
   5 : Check for RAS extension           
       Failed on PE -    0 for Level=  7 
       S_L4PE_01
       Checkpoint --  1                  : Result:  FAIL 
   6 : Check DC CVAP support             
       S_L4PE_02
       Checkpoint --  2                  : Result:  SKIPPED 
   7 : Check for 16-Bit VMID             
       Failed on PE -    0 for Level=  7 
       S_L4PE_03
       Checkpoint --  1                  : Result:  FAIL 
   8 : Check for Virtual host extensions 
       Failed on PE -    0 for Level=  7 
       S_L4PE_04
       Checkpoint --  1                  : Result:  FAIL 
   9 : Support Page table map size change
       Failed on PE -    0 for Level=  7 
       S_L5PE_01
       Checkpoint --  1                  : Result:  FAIL 
  10 : Check for pointer signing         
       Failed on PE -    0 for Level=  7 
       S_L5PE_02
       Checkpoint --  1                  : Result:  FAIL 
  11 : Check Activity monitors extension 
       Failed on PE -    0 for Level=  7 
       S_L5PE_04
       Checkpoint --  1                  : Result:  FAIL 
  12 : Check for SHA3 and SHA512 support 
       Failed on PE -    0 for Level=  7 
       S_L5PE_05
       Checkpoint --  1                  : Result:  FAIL 
  13 : Stage 2 control of mem and cache  
       Failed on PE -    0 for Level=  7 
       S_L5PE_06
       Checkpoint --  1                  : Result:  FAIL 
  14 : Check for nested virtualization   
       Failed on PE -    0 for Level=  7 
       S_L5PE_07
       Checkpoint --  1                  : Result:  FAIL 
  15 : Check MPAM PE Requirements        
       S_MPAM_PE
       Checkpoint --  2                  : Result:  SKIPPED 
  16 : Check MPAM LLC Requirements       
       cache 1 has invalid cache_identifier
       LLC invalid in PPTT
       Failed on PE -    0 for Level=  7 
       S_MPAM_PE
       Checkpoint --  2                  : Result:  FAIL 
  17 : Check SPE if implemented          
       B_PE_17
       Checkpoint --  2                  : Result:  SKIPPED 
  18 : Check Branch Target Support       
       Failed on PE -    0 for Level=  7 
       S_L6PE_02
       Checkpoint --  1                  : Result:  FAIL 
  19 : Check Protect Against Timing Fault
       Failed on PE -    0 for Level=  7 
       S_L6PE_03
       Checkpoint --  1                  : Result:  FAIL 
  20 : Check PMU Version Support         
       Failed on PE -    0 for Level=  7 
       S_L6PE_04
       Checkpoint --  1                  : Result:  FAIL 
  21 : Check AccessFlag DirtyState Update
       Failed on PE -    0 for Level=  7 
       S_L6PE_05
       Checkpoint --  1                  : Result:  FAIL 
  22 : Check Enhanced Virtualization Trap
       Failed on PE -    0 for Level=  7 
       S_L6PE_06
       Checkpoint --  1                  : Result:  FAIL 
  23 : Check Speculation Restriction     
       Failed on PE -    0 for Level=  7 
       B_SEC_01
       Checkpoint --  1                  : Result:  FAIL 
  24 : Check Speculative Str Bypass Safe 
       Failed on PE -    0 for Level=  7 
       B_SEC_02
       Checkpoint --  1                  : Result:  FAIL 
  25 : Check PEs Impl CSDB,SSBB,PSSBB    
       Failed on PE -    0 for Level=  6 
       B_SEC_03
       Checkpoint --  1                  : Result:  FAIL 
  26 : Check PEs Implement SB Barrier    
       Failed on PE -    0 for Level=  7 
       B_SEC_04
       Checkpoint --  1                  : Result:  FAIL 
  27 : Check PE Impl CFP,DVP,CPP RCTX    
       Failed on PE -    0 for Level=  7 
       B_SEC_05
       Checkpoint --  1                  : Result:  FAIL 
  28 : Check Fine Grain Trap Support     
       Failed on PE -    0 for Level=  7 
       S_L7PE_01
       Checkpoint --  1                  : Result:  FAIL 
  29 : Check for ECV support             
       Failed on PE -    0 for Level=  7 
       S_L7PE_02
       Checkpoint --  1                  : Result:  FAIL 
  30 : Check for AMU Support             
       Failed on PE -    0 for Level=  7 
       S_L7PE_03
       Checkpoint --  1                  : Result:  FAIL 
  31 : Checks ASIMD Int8 matrix multiplc 
       Failed on PE -    0 for Level=  7 
       S_L7PE_04
       Checkpoint --  1                  : Result:  FAIL 
  32 : Check for BFLOAT16 extension      
       Failed on PE -    0 for Level=  7 
       S_L7PE_05
       Checkpoint --  1                  : Result:  FAIL 
  33 : Check for EnhancedPAC2 and FPAC   
       Failed on PE -    0 for Level=  7 
       S_L7PE_06
       Checkpoint --  1                  : Result:  FAIL 
  34 : Check for SVE Int8 matrix multiplc
       S_L7PE_07
       Checkpoint --  2                  : Result:  SKIPPED 
  35 : Check for data gathering hint     
       Failed on PE -    0 for Level=  7 
       S_L7PE_08
       Checkpoint --  1                  : Result:  FAIL 
  36 : Check WFE Fine tune delay feature 
       Failed on PE -    0 for Level=  7 
       S_L7PE_09
       Checkpoint --  1                  : Result:  FAIL 
  37 : Check for enhanced PAN feature    
       Failed on PE -    0 for Level=  7 
       S_L7PE_10
       Checkpoint --  1                  : Result:  FAIL 

      One or more PE tests failed or were skipped.

      ***  Starting GIC tests ***  
 101 : Check GIC version                 : Result:  PASS 
 102 : Check Reserved PPI Assignments    : Result:  PASS 

      All GIC tests passed.

      *** Starting Watchdog tests ***  
 301 : Check NS Watchdog Revision        : Result:  PASS 

      All Watchdog tests passed.

      *** Starting SMMU  tests ***  
 701 : Check SMMU Version                
       Level 7 should support Smmuv3.2 or higher  
       Failed on PE -    0 for Level=  7 
       S_L3SM_01 
       Checkpoint --  2                  : Result:  FAIL 

      SMMU Version Not Compliant,                          Skipping Remaining SM
MU Tests

      ***  Starting Memory tests ***  
1301 : Check peripherals addr 64Kb apart : Result:  PASS 

      All Memory tests passed.

      *** Starting MPAM tests ***  

       PE MPAM extension unimplemented. Skipping all MPAM tests

      *** Starting PMU tests ***  
1101 : Check PMU Overflow signal         : Result:  PASS 
1102 : Check number of PMU counters      : Result:  PASS 
1103 : Check for multi-threaded PMU ext  
       Failed on PE -    0 for Level=  7 
       PMU_EV_11
       Checkpoint --  1                  : Result:  FAIL 
1106 : Check for PMU SPE Requirements    
       PMU_SPE
       Checkpoint --  2                  : Result:  SKIPPED 

       PMU nodes not found. Skipping remaining PMU tests

      *** Starting RAS tests ***  

       PE RAS extension unimplemented. Skipping all RAS tests

      *** Starting PCIe tests ***  
 401 : Check ECAM Presence               : Result:  PASS 
 403 : Check ECAM Memory accessibility   : Result:  PASS 
 420 : Check Type 0/1 common config rules: Result:  PASS 
 421 : Check Type 0 config header rules  : Result:  PASS 
 422 : Check Type 1 config header rules  
       RE_REC_1, RE_REC_2
       Checkpoint --  1                  : Result:  SKIPPED 
 423 : Check PCIe capability rules       
       RE_REG_3, RE_REC_1, RE_REC_2
       Checkpoint --  1                  : Result:  SKIPPED 
 424 : Check Device capabilites reg rules
       BDF 0x100 : ETFS value mismatch: 0x0 instead of 0x1
       Failed on PE -    0 for Level=  7 
       RE_REG_3, RE_REC_1, RE_REC_2
       Checkpoint --  1                  : Result:  FAIL 
 425 : Check Device Control register rule
       BDF 0x100 : WARNING PFE attribute mismatch: 0x200 instead of 0x0
       BDF 0x100 : WARNING APPE attribute mismatch: 0x400 instead of 0x0: Result
:  PASS 
 426 : Check Device cap 2 register rules 
       BDF 0x100 : WARNING EFFS value mismatch: 0x0 instead of 0x1: Result:  PAS
S 
 427 : Check Device control 2 reg rules  : Result:  PASS 
 428 : Check Power management cap rules  : Result:  PASS 
 429 : Check Power management/status rule
       BDF 0x100 : WARNING Data Select attribute mismatch: 0x1E00 instead of 0x0
: Result:  PASS 
 430 : Check Cmd Reg memory space enable : Result:  PASS 
 431 : Check Type0/1 BIST Register rule  : Result:  PASS 
 432 : Check HDR CapPtr Register rule    : Result:  PASS 
 433 : Check Max payload size supported  : Result:  PASS 
 434 : Check BAR memory space & Type rule
       BDF 0x0 Not MMIO
       Failed on PE -    0 for Level=  7 
       RE_BAR_3
       Checkpoint --  1                  : Result:  FAIL 
 435 : Check Function level reset rule   
       RE_RST_1, PCI_SM_02
       Checkpoint --  1                  : Result:  SKIPPED 
 436 : Check ARI forwarding support rule 
       PCI_IN_17
       Checkpoint --  1                  : Result:  SKIPPED 
 437 : Check OBFF supported rule         
       RE_REG_3, RE_REC_1, RE_REC_2
       Checkpoint --  1                  : Result:  SKIPPED 
 438 : Check CTRS and CTDS rule          
       RE_REG_3, RE_REC_1, RE_REC_2
       Checkpoint --  1                  : Result:  SKIPPED 
 439 : Check i-EP atomicop rule          
       RE_REG_3, RE_REC_1, RE_REC_2
       Checkpoint --  1                  : Result:  SKIPPED 
 441 : Check MSI and MSI-X support rule  : Result:  PASS 
 442 : Check Power Management rules      : Result:  PASS 
 443 : Check ARI forwarding enable rule  
       PCI_IN_17
       Checkpoint --  1                  : Result:  SKIPPED 
 444 : Check device under RP in same ECAM
       PCI_IN_04
       Checkpoint --  1                  : Result:  SKIPPED 
 445 : Check all RP in HB is in same ECAM
       PCI_IN_03
       Checkpoint --  1                  : Result:  SKIPPED 
 446 : Check RP Byte Enable Rules        : Result:  PASS 
 447 : Check Config Txn for RP in HB     
       PCI_IN_12
       Checkpoint --  1                  : Result:  SKIPPED 
 448 : Check RootPort NP Memory Access   
       PCI_IN_13
       Checkpoint --  1                  : Result:  SKIPPED 
 449 : Check RootPort P Memory Access    
       PCI_IN_13
       Checkpoint --  1                  : Result:  SKIPPED 
 450 : Check L-Intr SPI Level-Sensitive  
 pal_pcie_get_legacy_irq_map unimplemented
       PCI_LI_01, PCI_LI_03
       Checkpoint --  2                  : Result:  SKIPPED 
 451 : Check Sec Bus Reset For iEP_RP    
       IE_RST_2
       Checkpoint --  2                  : Result:  SKIPPED 
 452 : Check ATS Support Rule            
       RE_SMU_2
       Checkpoint --  1                  : Result:  SKIPPED 
 456 : Check iEP-RootPort P2P Support    
       
       Checkpoint --  1                  : Result:  SKIPPED 
 457 : Check RCiEP, iEP_EP P2P Supp      
       
       Checkpoint --  1                  : Result:  SKIPPED 
 458 : Read and write to RCiEP BAR reg   : Result:  PASS 
 459 : Check RCEC Class code and Ext Cap     
       RE_PCI_2
       Checkpoint --  1                  : Result:  SKIPPED 
 460 : Check RCiEP Hdr type & link Cap   
       Link Capabilities reg check failed
       Invalid Link Capabilities 0x1 Bdf : 0x100
       Failed on PE -    0 for Level=  7 
       RE_PCI_1
       Checkpoint --  1                  : Result:  FAIL 
 461 : Check RootPort P&NP Memory Access 
       S_PCI_02
       Checkpoint --  1                  : Result:  SKIPPED 
 462 : Check EA Capability               : Result:  PASS 

      One or more PCIe tests failed or were skipped.

      *** Starting PCIe Exerciser tests ***  
 PCIE_INFO: Number of exerciser cards :    0 

     No Exerciser Devices Found, Skipping Exerciser tests...

     ------------------------------------------------------- 
     Total Tests run  =   87;  Tests Passed  =   27  Tests Failed =   34
     --------------------------------------------------------- 

      **  For complete SBSA test coverage, it is 
            necessary to also run the BSA test    ** 


      *** SBSA tests complete. Reset the system. *** 

[1m[33m[40mShell> [0m[37m[40mreset -c
INFO:    PSCI Power Domain Map:
INFO:      Domain Node : Level 1, parent_node 4294967295, State ON (0x0)
INFO:      Domain Node : Level 1, parent_node 4294967295, State OFF (0x2)
INFO:      Domain Node : Level 1, parent_node 4294967295, State OFF (0x2)
INFO:      Domain Node : Level 1, parent_node 4294967295, State OFF (0x2)
INFO:      Domain Node : Level 1, parent_node 4294967295, State OFF (0x2)
INFO:      Domain Node : Level 1, parent_node 4294967295, State OFF (0x2)
INFO:      Domain Node : Level 1, parent_node 4294967295, State OFF (0x2)
INFO:      Domain Node : Level 1, parent_node 4294967295, State OFF (0x2)
INFO:      Domain Node : Level 1, parent_node 4294967295, State OFF (0x2)
INFO:      Domain Node : Level 1, parent_node 4294967295, State OFF (0x2)
INFO:      Domain Node : Level 1, parent_node 4294967295, State OFF (0x2)
INFO:      Domain Node : Level 1, parent_node 4294967295, State OFF (0x2)
INFO:      Domain Node : Level 1, parent_node 4294967295, State OFF (0x2)
INFO:      Domain Node : Level 1, parent_node 4294967295, State OFF (0x2)
INFO:      Domain Node : Level 1, parent_node 4294967295, State OFF (0x2)
INFO:      Domain Node : Level 1, parent_node 4294967295, State OFF (0x2)
INFO:      Domain Node : Level 1, parent_node 4294967295, State OFF (0x2)
INFO:      Domain Node : Level 1, parent_node 4294967295, State OFF (0x2)
INFO:      Domain Node : Level 1, parent_node 4294967295, State OFF (0x2)
INFO:      Domain Node : Level 1, parent_node 4294967295, State OFF (0x2)
INFO:      Domain Node : Level 1, parent_node 4294967295, State OFF (0x2)
INFO:      Domain Node : Level 1, parent_node 4294967295, State OFF (0x2)
INFO:      Domain Node : Level 1, parent_node 4294967295, State OFF (0x2)
INFO:      Domain Node : Level 1, parent_node 4294967295, State OFF (0x2)
INFO:      Domain Node : Level 1, parent_node 4294967295, State OFF (0x2)
INFO:      Domain Node : Level 1, parent_node 4294967295, State OFF (0x2)
INFO:      Domain Node : Level 1, parent_node 4294967295, State OFF (0x2)
INFO:      Domain Node : Level 1, parent_node 4294967295, State OFF (0x2)
INFO:      Domain Node : Level 1, parent_node 4294967295, State OFF (0x2)
INFO:      Domain Node : Level 1, parent_node 4294967295, State OFF (0x2)
INFO:      Domain Node : Level 1, parent_node 4294967295, State OFF (0x2)
INFO:      Domain Node : Level 1, parent_node 4294967295, State OFF (0x2)
INFO:      Domain Node : Level 1, parent_node 4294967295, State OFF (0x2)
INFO:      Domain Node : Level 1, parent_node 4294967295, State OFF (0x2)
INFO:      Domain Node : Level 1, parent_node 4294967295, State OFF (0x2)
INFO:      Domain Node : Level 1, parent_node 4294967295, State OFF (0x2)
INFO:      Domain Node : Level 1, parent_node 4294967295, State OFF (0x2)
INFO:      Domain Node : Level 1, parent_node 4294967295, State OFF (0x2)
INFO:      Domain Node : Level 1, parent_node 4294967295, State OFF (0x2)
INFO:      Domain Node : Level 1, parent_node 4294967295, State OFF (0x2)
INFO:      Domain Node : Level 1, parent_node 4294967295, State OFF (0x2)
INFO:      Domain Node : Level 1, parent_node 4294967295, State OFF (0x2)
INFO:      Domain Node : Level 1, parent_node 4294967295, State OFF (0x2)
INFO:      Domain Node : Level 1, parent_node 4294967295, State OFF (0x2)
INFO:      Domain Node : Level 1, parent_node 4294967295, State OFF (0x2)
INFO:      Domain Node : Level 1, parent_node 4294967295, State OFF (0x2)
INFO:      Domain Node : Level 1, parent_node 4294967295, State OFF (0x2)
INFO:      Domain Node : Level 1, parent_node 4294967295, State OFF (0x2)
INFO:      Domain Node : Level 1, parent_node 4294967295, State OFF (0x2)
INFO:      Domain Node : Level 1, parent_node 4294967295, State OFF (0x2)
INFO:      Domain Node : Level 1, parent_node 4294967295, State OFF (0x2)
INFO:      Domain Node : Level 1, parent_node 4294967295, State OFF (0x2)
INFO:      Domain Node : Level 1, parent_node 4294967295, State OFF (0x2)
INFO:      Domain Node : Level 1, parent_node 4294967295, State OFF (0x2)
INFO:      Domain Node : Level 1, parent_node 4294967295, State OFF (0x2)
INFO:      Domain Node : Level 1, parent_node 4294967295, State OFF (0x2)
INFO:      Domain Node : Level 1, parent_node 4294967295, State OFF (0x2)
INFO:      Domain Node : Level 1, parent_node 4294967295, State OFF (0x2)
INFO:      Domain Node : Level 1, parent_node 4294967295, State OFF (0x2)
INFO:      Domain Node : Level 1, parent_node 4294967295, State OFF (0x2)
INFO:      Domain Node : Level 1, parent_node 4294967295, State OFF (0x2)
INFO:      Domain Node : Level 1, parent_node 4294967295, State OFF (0x2)
INFO:      Domain Node : Level 1, parent_node 4294967295, State OFF (0x2)
INFO:      Domain Node : Level 1, parent_node 4294967295, State OFF (0x2)
INFO:      CPU Node : MPID 0x0, parent_node 0, State ON (0x0)
INFO:      CPU Node : MPID 0x1, parent_node 0, State OFF (0x2)
INFO:      CPU Node : MPID 0x2, parent_node 0, State OFF (0x2)
INFO:      CPU Node : MPID 0x3, parent_node 0, State OFF (0x2)
INFO:      CPU Node : MPID 0xffffffffffffffff, parent_node 0, State OFF (0x2)
INFO:      CPU Node : MPID 0xffffffffffffffff, parent_node 0, State OFF (0x2)
INFO:      CPU Node : MPID 0xffffffffffffffff, parent_node 0, State OFF (0x2)
INFO:      CPU Node : MPID 0xffffffffffffffff, parent_node 0, State OFF (0x2)
INFO:      CPU Node : MPID 0xffffffffffffffff, parent_node 1, State OFF (0x2)
INFO:      CPU Node : MPID 0xffffffffffffffff, parent_node 1, State OFF (0x2)
INFO:      CPU Node : MPID 0xffffffffffffffff, parent_node 1, State OFF (0x2)
INFO:      CPU Node : MPID 0xffffffffffffffff, parent_node 1, State OFF (0x2)
INFO:      CPU Node : MPID 0xffffffffffffffff, parent_node 1, State OFF (0x2)
INFO:      CPU Node : MPID 0xffffffffffffffff, parent_node 1, State OFF (0x2)
INFO:      CPU Node : MPID 0xffffffffffffffff, parent_node 1, State OFF (0x2)
INFO:      CPU Node : MPID 0xffffffffffffffff, parent_node 1, State OFF (0x2)
INFO:      CPU Node : MPID 0xffffffffffffffff, parent_node 2, State OFF (0x2)
INFO:      CPU Node : MPID 0xffffffffffffffff, parent_node 2, State OFF (0x2)
INFO:      CPU Node : MPID 0xffffffffffffffff, parent_node 2, State OFF (0x2)
INFO:      CPU Node : MPID 0xffffffffffffffff, parent_node 2, State OFF (0x2)
INFO:      CPU Node : MPID 0xffffffffffffffff, parent_node 2, State OFF (0x2)
INFO:      CPU Node : MPID 0xffffffffffffffff, parent_node 2, State OFF (0x2)
INFO:      CPU Node : MPID 0xffffffffffffffff, parent_node 2, State OFF (0x2)
INFO:      CPU Node : MPID 0xffffffffffffffff, parent_node 2, State OFF (0x2)
INFO:      CPU Node : MPID 0xffffffffffffffff, parent_node 3, State OFF (0x2)
INFO:      CPU Node : MPID 0xffffffffffffffff, parent_node 3, State OFF (0x2)
INFO:      CPU Node : MPID 0xffffffffffffffff, parent_node 3, State OFF (0x2)
INFO:      CPU Node : MPID 0xffffffffffffffff, parent_node 3, State OFF (0x2)
INFO:      CPU Node : MPID 0xffffffffffffffff, parent_node 3, State OFF (0x2)
INFO:      CPU Node : MPID 0xffffffffffffffff, parent_node 3, State OFF (0x2)
INFO:      CPU Node : MPID 0xffffffffffffffff, parent_node 3, State OFF (0x2)
INFO:      CPU Node : MPID 0xffffffffffffffff, parent_node 3, State OFF (0x2)
INFO:      CPU Node : MPID 0xffffffffffffffff, parent_node 4, State OFF (0x2)
INFO:      CPU Node : MPID 0xffffffffffffffff, parent_node 4, State OFF (0x2)
INFO:      CPU Node : MPID 0xffffffffffffffff, parent_node 4, State OFF (0x2)
INFO:      CPU Node : MPID 0xffffffffffffffff, parent_node 4, State OFF (0x2)
INFO:      CPU Node : MPID 0xffffffffffffffff, parent_node 4, State OFF (0x2)
INFO:      CPU Node : MPID 0xffffffffffffffff, parent_node 4, State OFF (0x2)
INFO:      CPU Node : MPID 0xffffffffffffffff, parent_node 4, State OFF (0x2)
INFO:      CPU Node : MPID 0xffffffffffffffff, parent_node 4, State OFF (0x2)
INFO:      CPU Node : MPID 0xffffffffffffffff, parent_node 5, State OFF (0x2)
INFO:      CPU Node : MPID 0xffffffffffffffff, parent_node 5, State OFF (0x2)
INFO:      CPU Node : MPID 0xffffffffffffffff, parent_node 5, State OFF (0x2)
INFO:      CPU Node : MPID 0xffffffffffffffff, parent_node 5, State OFF (0x2)
INFO:      CPU Node : MPID 0xffffffffffffffff, parent_node 5, State OFF (0x2)
INFO:      CPU Node : MPID 0xffffffffffffffff, parent_node 5, State OFF (0x2)
INFO:      CPU Node : MPID 0xffffffffffffffff, parent_node 5, State OFF (0x2)
INFO:      CPU Node : MPID 0xffffffffffffffff, parent_node 5, State OFF (0x2)
INFO:      CPU Node : MPID 0xffffffffffffffff, parent_node 6, State OFF (0x2)
INFO:      CPU Node : MPID 0xffffffffffffffff, parent_node 6, State OFF (0x2)
INFO:      CPU Node : MPID 0xffffffffffffffff, parent_node 6, State OFF (0x2)
INFO:      CPU Node : MPID 0xffffffffffffffff, parent_node 6, State OFF (0x2)
INFO:      CPU Node : MPID 0xffffffffffffffff, parent_node 6, State OFF (0x2)
INFO:      CPU Node : MPID 0xffffffffffffffff, parent_node 6, State OFF (0x2)
INFO:      CPU Node : MPID 0xffffffffffffffff, parent_node 6, State OFF (0x2)
INFO:      CPU Node : MPID 0xffffffffffffffff, parent_node 6, State OFF (0x2)
INFO:      CPU Node : MPID 0xffffffffffffffff, parent_node 7, State OFF (0x2)
INFO:      CPU Node : MPID 0xffffffffffffffff, parent_node 7, State OFF (0x2)
INFO:      CPU Node : MPID 0xffffffffffffffff, parent_node 7, State OFF (0x2)
INFO:      CPU Node : MPID 0xffffffffffffffff, parent_node 7, State OFF (0x2)
INFO:      CPU Node : MPID 0xffffffffffffffff, parent_node 7, State OFF (0x2)
INFO:      CPU Node : MPID 0xffffffffffffffff, parent_node 7, State OFF (0x2)
INFO:      CPU Node : MPID 0xffffffffffffffff, parent_node 7, State OFF (0x2)
INFO:      CPU Node : MPID 0xffffffffffffffff, parent_node 7, State OFF (0x2)
INFO:      CPU Node : MPID 0xffffffffffffffff, parent_node 8, State OFF (0x2)
INFO:      CPU Node : MPID 0xffffffffffffffff, parent_node 8, State OFF (0x2)
INFO:      CPU Node : MPID 0xffffffffffffffff, parent_node 8, State OFF (0x2)
INFO:      CPU Node : MPID 0xffffffffffffffff, parent_node 8, State OFF (0x2)
INFO:      CPU Node : MPID 0xffffffffffffffff, parent_node 8, State OFF (0x2)
INFO:      CPU Node : MPID 0xffffffffffffffff, parent_node 8, State OFF (0x2)
INFO:      CPU Node : MPID 0xffffffffffffffff, parent_node 8, State OFF (0x2)
INFO:      CPU Node : MPID 0xffffffffffffffff, parent_node 8, State OFF (0x2)
INFO:      CPU Node : MPID 0xffffffffffffffff, parent_node 9, State OFF (0x2)
INFO:      CPU Node : MPID 0xffffffffffffffff, parent_node 9, State OFF (0x2)
INFO:      CPU Node : MPID 0xffffffffffffffff, parent_node 9, State OFF (0x2)
INFO:      CPU Node : MPID 0xffffffffffffffff, parent_node 9, State OFF (0x2)
INFO:      CPU Node : MPID 0xffffffffffffffff, parent_node 9, State OFF (0x2)
INFO:      CPU Node : MPID 0xffffffffffffffff, parent_node 9, State OFF (0x2)
INFO:      CPU Node : MPID 0xffffffffffffffff, parent_node 9, State OFF (0x2)
INFO:      CPU Node : MPID 0xffffffffffffffff, parent_node 9, State OFF (0x2)
INFO:      CPU Node : MPID 0xffffffffffffffff, parent_node 10, State OFF (0x2)
INFO:      CPU Node : MPID 0xffffffffffffffff, parent_node 10, State OFF (0x2)
INFO:      CPU Node : MPID 0xffffffffffffffff, parent_node 10, State OFF (0x2)
INFO:      CPU Node : MPID 0xffffffffffffffff, parent_node 10, State OFF (0x2)
INFO:      CPU Node : MPID 0xffffffffffffffff, parent_node 10, State OFF (0x2)
INFO:      CPU Node : MPID 0xffffffffffffffff, parent_node 10, State OFF (0x2)
INFO:      CPU Node : MPID 0xffffffffffffffff, parent_node 10, State OFF (0x2)
INFO:      CPU Node : MPID 0xffffffffffffffff, parent_node 10, State OFF (0x2)
INFO:      CPU Node : MPID 0xffffffffffffffff, parent_node 11, State OFF (0x2)
INFO:      CPU Node : MPID 0xffffffffffffffff, parent_node 11, State OFF (0x2)
INFO:      CPU Node : MPID 0xffffffffffffffff, parent_node 11, State OFF (0x2)
INFO:      CPU Node : MPID 0xffffffffffffffff, parent_node 11, State OFF (0x2)
INFO:      CPU Node : MPID 0xffffffffffffffff, parent_node 11, State OFF (0x2)
INFO:      CPU Node : MPID 0xffffffffffffffff, parent_node 11, State OFF (0x2)
INFO:      CPU Node : MPID 0xffffffffffffffff, parent_node 11, State OFF (0x2)
INFO:      CPU Node : MPID 0xffffffffffffffff, parent_node 11, State OFF (0x2)
INFO:      CPU Node : MPID 0xffffffffffffffff, parent_node 12, State OFF (0x2)
INFO:      CPU Node : MPID 0xffffffffffffffff, parent_node 12, State OFF (0x2)
INFO:      CPU Node : MPID 0xffffffffffffffff, parent_node 12, State OFF (0x2)
INFO:      CPU Node : MPID 0xffffffffffffffff, parent_node 12, State OFF (0x2)
INFO:      CPU Node : MPID 0xffffffffffffffff, parent_node 12, State OFF (0x2)
INFO:      CPU Node : MPID 0xffffffffffffffff, parent_node 12, State OFF (0x2)
INFO:      CPU Node : MPID 0xffffffffffffffff, parent_node 12, State OFF (0x2)
INFO:      CPU Node : MPID 0xffffffffffffffff, parent_node 12, State OFF (0x2)
INFO:      CPU Node : MPID 0xffffffffffffffff, parent_node 13, State OFF (0x2)
INFO:      CPU Node : MPID 0xffffffffffffffff, parent_node 13, State OFF (0x2)
INFO:      CPU Node : MPID 0xffffffffffffffff, parent_node 13, State OFF (0x2)
INFO:      CPU Node : MPID 0xffffffffffffffff, parent_node 13, State OFF (0x2)
INFO:      CPU Node : MPID 0xffffffffffffffff, parent_node 13, State OFF (0x2)
INFO:      CPU Node : MPID 0xffffffffffffffff, parent_node 13, State OFF (0x2)
INFO:      CPU Node : MPID 0xffffffffffffffff, parent_node 13, State OFF (0x2)
INFO:      CPU Node : MPID 0xffffffffffffffff, parent_node 13, State OFF (0x2)
INFO:      CPU Node : MPID 0xffffffffffffffff, parent_node 14, State OFF (0x2)
INFO:      CPU Node : MPID 0xffffffffffffffff, parent_node 14, State OFF (0x2)
INFO:      CPU Node : MPID 0xffffffffffffffff, parent_node 14, State OFF (0x2)
INFO:      CPU Node : MPID 0xffffffffffffffff, parent_node 14, State OFF (0x2)
INFO:      CPU Node : MPID 0xffffffffffffffff, parent_node 14, State OFF (0x2)
INFO:      CPU Node : MPID 0xffffffffffffffff, parent_node 14, State OFF (0x2)
INFO:      CPU Node : MPID 0xffffffffffffffff, parent_node 14, State OFF (0x2)
INFO:      CPU Node : MPID 0xffffffffffffffff, parent_node 14, State OFF (0x2)
INFO:      CPU Node : MPID 0xffffffffffffffff, parent_node 15, State OFF (0x2)
INFO:      CPU Node : MPID 0xffffffffffffffff, parent_node 15, State OFF (0x2)
INFO:      CPU Node : MPID 0xffffffffffffffff, parent_node 15, State OFF (0x2)
INFO:      CPU Node : MPID 0xffffffffffffffff, parent_node 15, State OFF (0x2)
INFO:      CPU Node : MPID 0xffffffffffffffff, parent_node 15, State OFF (0x2)
INFO:      CPU Node : MPID 0xffffffffffffffff, parent_node 15, State OFF (0x2)
INFO:      CPU Node : MPID 0xffffffffffffffff, parent_node 15, State OFF (0x2)
INFO:      CPU Node : MPID 0xffffffffffffffff, parent_node 15, State OFF (0x2)
INFO:      CPU Node : MPID 0xffffffffffffffff, parent_node 16, State OFF (0x2)
INFO:      CPU Node : MPID 0xffffffffffffffff, parent_node 16, State OFF (0x2)
INFO:      CPU Node : MPID 0xffffffffffffffff, parent_node 16, State OFF (0x2)
INFO:      CPU Node : MPID 0xffffffffffffffff, parent_node 16, State OFF (0x2)
INFO:      CPU Node : MPID 0xffffffffffffffff, parent_node 16, State OFF (0x2)
INFO:      CPU Node : MPID 0xffffffffffffffff, parent_node 16, State OFF (0x2)
INFO:      CPU Node : MPID 0xffffffffffffffff, parent_node 16, State OFF (0x2)
INFO:      CPU Node : MPID 0xffffffffffffffff, parent_node 16, State OFF (0x2)
INFO:      CPU Node : MPID 0xffffffffffffffff, parent_node 17, State OFF (0x2)
INFO:      CPU Node : MPID 0xffffffffffffffff, parent_node 17, State OFF (0x2)
INFO:      CPU Node : MPID 0xffffffffffffffff, parent_node 17, State OFF (0x2)
INFO:      CPU Node : MPID 0xffffffffffffffff, parent_node 17, State OFF (0x2)
INFO:      CPU Node : MPID 0xffffffffffffffff, parent_node 17, State OFF (0x2)
INFO:      CPU Node : MPID 0xffffffffffffffff, parent_node 17, State OFF (0x2)
INFO:      CPU Node : MPID 0xffffffffffffffff, parent_node 17, State OFF (0x2)
INFO:      CPU Node : MPID 0xffffffffffffffff, parent_node 17, State OFF (0x2)
INFO:      CPU Node : MPID 0xffffffffffffffff, parent_node 18, State OFF (0x2)
INFO:      CPU Node : MPID 0xffffffffffffffff, parent_node 18, State OFF (0x2)
INFO:      CPU Node : MPID 0xffffffffffffffff, parent_node 18, State OFF (0x2)
INFO:      CPU Node : MPID 0xffffffffffffffff, parent_node 18, State OFF (0x2)
INFO:      CPU Node : MPID 0xffffffffffffffff, parent_node 18, State OFF (0x2)
INFO:      CPU Node : MPID 0xffffffffffffffff, parent_node 18, State OFF (0x2)
INFO:      CPU Node : MPID 0xffffffffffffffff, parent_node 18, State OFF (0x2)
INFO:      CPU Node : MPID 0xffffffffffffffff, parent_node 18, State OFF (0x2)
INFO:      CPU Node : MPID 0xffffffffffffffff, parent_node 19, State OFF (0x2)
INFO:      CPU Node : MPID 0xffffffffffffffff, parent_node 19, State OFF (0x2)
INFO:      CPU Node : MPID 0xffffffffffffffff, parent_node 19, State OFF (0x2)
INFO:      CPU Node : MPID 0xffffffffffffffff, parent_node 19, State OFF (0x2)
INFO:      CPU Node : MPID 0xffffffffffffffff, parent_node 19, State OFF (0x2)
INFO:      CPU Node : MPID 0xffffffffffffffff, parent_node 19, State OFF (0x2)
INFO:      CPU Node : MPID 0xffffffffffffffff, parent_node 19, State OFF (0x2)
INFO:      CPU Node : MPID 0xffffffffffffffff, parent_node 19, State OFF (0x2)
INFO:      CPU Node : MPID 0xffffffffffffffff, parent_node 20, State OFF (0x2)
INFO:      CPU Node : MPID 0xffffffffffffffff, parent_node 20, State OFF (0x2)
INFO:      CPU Node : MPID 0xffffffffffffffff, parent_node 20, State OFF (0x2)
INFO:      CPU Node : MPID 0xffffffffffffffff, parent_node 20, State OFF (0x2)
INFO:      CPU Node : MPID 0xffffffffffffffff, parent_node 20, State OFF (0x2)
INFO:      CPU Node : MPID 0xffffffffffffffff, parent_node 20, State OFF (0x2)
INFO:      CPU Node : MPID 0xffffffffffffffff, parent_node 20, State OFF (0x2)
INFO:      CPU Node : MPID 0xffffffffffffffff, parent_node 20, State OFF (0x2)
INFO:      CPU Node : MPID 0xffffffffffffffff, parent_node 21, State OFF (0x2)
INFO:      CPU Node : MPID 0xffffffffffffffff, parent_node 21, State OFF (0x2)
INFO:      CPU Node : MPID 0xffffffffffffffff, parent_node 21, State OFF (0x2)
INFO:      CPU Node : MPID 0xffffffffffffffff, parent_node 21, State OFF (0x2)
INFO:      CPU Node : MPID 0xffffffffffffffff, parent_node 21, State OFF (0x2)
INFO:      CPU Node : MPID 0xffffffffffffffff, parent_node 21, State OFF (0x2)
INFO:      CPU Node : MPID 0xffffffffffffffff, parent_node 21, State OFF (0x2)
INFO:      CPU Node : MPID 0xffffffffffffffff, parent_node 21, State OFF (0x2)
INFO:      CPU Node : MPID 0xffffffffffffffff, parent_node 22, State OFF (0x2)
INFO:      CPU Node : MPID 0xffffffffffffffff, parent_node 22, State OFF (0x2)
INFO:      CPU Node : MPID 0xffffffffffffffff, parent_node 22, State OFF (0x2)
INFO:      CPU Node : MPID 0xffffffffffffffff, parent_node 22, State OFF (0x2)
INFO:      CPU Node : MPID 0xffffffffffffffff, parent_node 22, State OFF (0x2)
INFO:      CPU Node : MPID 0xffffffffffffffff, parent_node 22, State OFF (0x2)
INFO:      CPU Node : MPID 0xffffffffffffffff, parent_node 22, State OFF (0x2)
INFO:      CPU Node : MPID 0xffffffffffffffff, parent_node 22, State OFF (0x2)
INFO:      CPU Node : MPID 0xffffffffffffffff, parent_node 23, State OFF (0x2)
INFO:      CPU Node : MPID 0xffffffffffffffff, parent_node 23, State OFF (0x2)
INFO:      CPU Node : MPID 0xffffffffffffffff, parent_node 23, State OFF (0x2)
INFO:      CPU Node : MPID 0xffffffffffffffff, parent_node 23, State OFF (0x2)
INFO:      CPU Node : MPID 0xffffffffffffffff, parent_node 23, State OFF (0x2)
INFO:      CPU Node : MPID 0xffffffffffffffff, parent_node 23, State OFF (0x2)
INFO:      CPU Node : MPID 0xffffffffffffffff, parent_node 23, State OFF (0x2)
INFO:      CPU Node : MPID 0xffffffffffffffff, parent_node 23, State OFF (0x2)
INFO:      CPU Node : MPID 0xffffffffffffffff, parent_node 24, State OFF (0x2)
INFO:      CPU Node : MPID 0xffffffffffffffff, parent_node 24, State OFF (0x2)
INFO:      CPU Node : MPID 0xffffffffffffffff, parent_node 24, State OFF (0x2)
INFO:      CPU Node : MPID 0xffffffffffffffff, parent_node 24, State OFF (0x2)
INFO:      CPU Node : MPID 0xffffffffffffffff, parent_node 24, State OFF (0x2)
INFO:      CPU Node : MPID 0xffffffffffffffff, parent_node 24, State OFF (0x2)
INFO:      CPU Node : MPID 0xffffffffffffffff, parent_node 24, State OFF (0x2)
INFO:      CPU Node : MPID 0xffffffffffffffff, parent_node 24, State OFF (0x2)
INFO:      CPU Node : MPID 0xffffffffffffffff, parent_node 25, State OFF (0x2)
INFO:      CPU Node : MPID 0xffffffffffffffff, parent_node 25, State OFF (0x2)
INFO:      CPU Node : MPID 0xffffffffffffffff, parent_node 25, State OFF (0x2)
INFO:      CPU Node : MPID 0xffffffffffffffff, parent_node 25, State OFF (0x2)
INFO:      CPU Node : MPID 0xffffffffffffffff, parent_node 25, State OFF (0x2)
INFO:      CPU Node : MPID 0xffffffffffffffff, parent_node 25, State OFF (0x2)
INFO:      CPU Node : MPID 0xffffffffffffffff, parent_node 25, State OFF (0x2)
INFO:      CPU Node : MPID 0xffffffffffffffff, parent_node 25, State OFF (0x2)
INFO:      CPU Node : MPID 0xffffffffffffffff, parent_node 26, State OFF (0x2)
INFO:      CPU Node : MPID 0xffffffffffffffff, parent_node 26, State OFF (0x2)
INFO:      CPU Node : MPID 0xffffffffffffffff, parent_node 26, State OFF (0x2)
INFO:      CPU Node : MPID 0xffffffffffffffff, parent_node 26, State OFF (0x2)
INFO:      CPU Node : MPID 0xffffffffffffffff, parent_node 26, State OFF (0x2)
INFO:      CPU Node : MPID 0xffffffffffffffff, parent_node 26, State OFF (0x2)
INFO:      CPU Node : MPID 0xffffffffffffffff, parent_node 26, State OFF (0x2)
INFO:      CPU Node : MPID 0xffffffffffffffff, parent_node 26, State OFF (0x2)
INFO:      CPU Node : MPID 0xffffffffffffffff, parent_node 27, State OFF (0x2)
INFO:      CPU Node : MPID 0xffffffffffffffff, parent_node 27, State OFF (0x2)
INFO:      CPU Node : MPID 0xffffffffffffffff, parent_node 27, State OFF (0x2)
INFO:      CPU Node : MPID 0xffffffffffffffff, parent_node 27, State OFF (0x2)
INFO:      CPU Node : MPID 0xffffffffffffffff, parent_node 27, State OFF (0x2)
INFO:      CPU Node : MPID 0xffffffffffffffff, parent_node 27, State OFF (0x2)
INFO:      CPU Node : MPID 0xffffffffffffffff, parent_node 27, State OFF (0x2)
INFO:      CPU Node : MPID 0xffffffffffffffff, parent_node 27, State OFF (0x2)
INFO:      CPU Node : MPID 0xffffffffffffffff, parent_node 28, State OFF (0x2)
INFO:      CPU Node : MPID 0xffffffffffffffff, parent_node 28, State OFF (0x2)
INFO:      CPU Node : MPID 0xffffffffffffffff, parent_node 28, State OFF (0x2)
INFO:      CPU Node : MPID 0xffffffffffffffff, parent_node 28, State OFF (0x2)
INFO:      CPU Node : MPID 0xffffffffffffffff, parent_node 28, State OFF (0x2)
INFO:      CPU Node : MPID 0xffffffffffffffff, parent_node 28, State OFF (0x2)
INFO:      CPU Node : MPID 0xffffffffffffffff, parent_node 28, State OFF (0x2)
INFO:      CPU Node : MPID 0xffffffffffffffff, parent_node 28, State OFF (0x2)
INFO:      CPU Node : MPID 0xffffffffffffffff, parent_node 29, State OFF (0x2)
INFO:      CPU Node : MPID 0xffffffffffffffff, parent_node 29, State OFF (0x2)
INFO:      CPU Node : MPID 0xffffffffffffffff, parent_node 29, State OFF (0x2)
INFO:      CPU Node : MPID 0xffffffffffffffff, parent_node 29, State OFF (0x2)
INFO:      CPU Node : MPID 0xffffffffffffffff, parent_node 29, State OFF (0x2)
INFO:      CPU Node : MPID 0xffffffffffffffff, parent_node 29, State OFF (0x2)
INFO:      CPU Node : MPID 0xffffffffffffffff, parent_node 29, State OFF (0x2)
INFO:      CPU Node : MPID 0xffffffffffffffff, parent_node 29, State OFF (0x2)
INFO:      CPU Node : MPID 0xffffffffffffffff, parent_node 30, State OFF (0x2)
INFO:      CPU Node : MPID 0xffffffffffffffff, parent_node 30, State OFF (0x2)
INFO:      CPU Node : MPID 0xffffffffffffffff, parent_node 30, State OFF (0x2)
INFO:      CPU Node : MPID 0xffffffffffffffff, parent_node 30, State OFF (0x2)
INFO:      CPU Node : MPID 0xffffffffffffffff, parent_node 30, State OFF (0x2)
INFO:      CPU Node : MPID 0xffffffffffffffff, parent_node 30, State OFF (0x2)
INFO:      CPU Node : MPID 0xffffffffffffffff, parent_node 30, State OFF (0x2)
INFO:      CPU Node : MPID 0xffffffffffffffff, parent_node 30, State OFF (0x2)
INFO:      CPU Node : MPID 0xffffffffffffffff, parent_node 31, State OFF (0x2)
INFO:      CPU Node : MPID 0xffffffffffffffff, parent_node 31, State OFF (0x2)
INFO:      CPU Node : MPID 0xffffffffffffffff, parent_node 31, State OFF (0x2)
INFO:      CPU Node : MPID 0xffffffffffffffff, parent_node 31, State OFF (0x2)
INFO:      CPU Node : MPID 0xffffffffffffffff, parent_node 31, State OFF (0x2)
INFO:      CPU Node : MPID 0xffffffffffffffff, parent_node 31, State OFF (0x2)
INFO:      CPU Node : MPID 0xffffffffffffffff, parent_node 31, State OFF (0x2)
INFO:      CPU Node : MPID 0xffffffffffffffff, parent_node 31, State OFF (0x2)
INFO:      CPU Node : MPID 0xffffffffffffffff, parent_node 32, State OFF (0x2)
INFO:      CPU Node : MPID 0xffffffffffffffff, parent_node 32, State OFF (0x2)
INFO:      CPU Node : MPID 0xffffffffffffffff, parent_node 32, State OFF (0x2)
INFO:      CPU Node : MPID 0xffffffffffffffff, parent_node 32, State OFF (0x2)
INFO:      CPU Node : MPID 0xffffffffffffffff, parent_node 32, State OFF (0x2)
INFO:      CPU Node : MPID 0xffffffffffffffff, parent_node 32, State OFF (0x2)
INFO:      CPU Node : MPID 0xffffffffffffffff, parent_node 32, State OFF (0x2)
INFO:      CPU Node : MPID 0xffffffffffffffff, parent_node 32, State OFF (0x2)
INFO:      CPU Node : MPID 0xffffffffffffffff, parent_node 33, State OFF (0x2)
INFO:      CPU Node : MPID 0xffffffffffffffff, parent_node 33, State OFF (0x2)
INFO:      CPU Node : MPID 0xffffffffffffffff, parent_node 33, State OFF (0x2)
INFO:      CPU Node : MPID 0xffffffffffffffff, parent_node 33, State OFF (0x2)
INFO:      CPU Node : MPID 0xffffffffffffffff, parent_node 33, State OFF (0x2)
INFO:      CPU Node : MPID 0xffffffffffffffff, parent_node 33, State OFF (0x2)
INFO:      CPU Node : MPID 0xffffffffffffffff, parent_node 33, State OFF (0x2)
INFO:      CPU Node : MPID 0xffffffffffffffff, parent_node 33, State OFF (0x2)
INFO:      CPU Node : MPID 0xffffffffffffffff, parent_node 34, State OFF (0x2)
INFO:      CPU Node : MPID 0xffffffffffffffff, parent_node 34, State OFF (0x2)
INFO:      CPU Node : MPID 0xffffffffffffffff, parent_node 34, State OFF (0x2)
INFO:      CPU Node : MPID 0xffffffffffffffff, parent_node 34, State OFF (0x2)
INFO:      CPU Node : MPID 0xffffffffffffffff, parent_node 34, State OFF (0x2)
INFO:      CPU Node : MPID 0xffffffffffffffff, parent_node 34, State OFF (0x2)
INFO:      CPU Node : MPID 0xffffffffffffffff, parent_node 34, State OFF (0x2)
INFO:      CPU Node : MPID 0xffffffffffffffff, parent_node 34, State OFF (0x2)
INFO:      CPU Node : MPID 0xffffffffffffffff, parent_node 35, State OFF (0x2)
INFO:      CPU Node : MPID 0xffffffffffffffff, parent_node 35, State OFF (0x2)
INFO:      CPU Node : MPID 0xffffffffffffffff, parent_node 35, State OFF (0x2)
INFO:      CPU Node : MPID 0xffffffffffffffff, parent_node 35, State OFF (0x2)
INFO:      CPU Node : MPID 0xffffffffffffffff, parent_node 35, State OFF (0x2)
INFO:      CPU Node : MPID 0xffffffffffffffff, parent_node 35, State OFF (0x2)
INFO:      CPU Node : MPID 0xffffffffffffffff, parent_node 35, State OFF (0x2)
INFO:      CPU Node : MPID 0xffffffffffffffff, parent_node 35, State OFF (0x2)
INFO:      CPU Node : MPID 0xffffffffffffffff, parent_node 36, State OFF (0x2)
INFO:      CPU Node : MPID 0xffffffffffffffff, parent_node 36, State OFF (0x2)
INFO:      CPU Node : MPID 0xffffffffffffffff, parent_node 36, State OFF (0x2)
INFO:      CPU Node : MPID 0xffffffffffffffff, parent_node 36, State OFF (0x2)
INFO:      CPU Node : MPID 0xffffffffffffffff, parent_node 36, State OFF (0x2)
INFO:      CPU Node : MPID 0xffffffffffffffff, parent_node 36, State OFF (0x2)
INFO:      CPU Node : MPID 0xffffffffffffffff, parent_node 36, State OFF (0x2)
INFO:      CPU Node : MPID 0xffffffffffffffff, parent_node 36, State OFF (0x2)
INFO:      CPU Node : MPID 0xffffffffffffffff, parent_node 37, State OFF (0x2)
INFO:      CPU Node : MPID 0xffffffffffffffff, parent_node 37, State OFF (0x2)
INFO:      CPU Node : MPID 0xffffffffffffffff, parent_node 37, State OFF (0x2)
INFO:      CPU Node : MPID 0xffffffffffffffff, parent_node 37, State OFF (0x2)
INFO:      CPU Node : MPID 0xffffffffffffffff, parent_node 37, State OFF (0x2)
INFO:      CPU Node : MPID 0xffffffffffffffff, parent_node 37, State OFF (0x2)
INFO:      CPU Node : MPID 0xffffffffffffffff, parent_node 37, State OFF (0x2)
INFO:      CPU Node : MPID 0xffffffffffffffff, parent_node 37, State OFF (0x2)
INFO:      CPU Node : MPID 0xffffffffffffffff, parent_node 38, State OFF (0x2)
INFO:      CPU Node : MPID 0xffffffffffffffff, parent_node 38, State OFF (0x2)
INFO:      CPU Node : MPID 0xffffffffffffffff, parent_node 38, State OFF (0x2)
INFO:      CPU Node : MPID 0xffffffffffffffff, parent_node 38, State OFF (0x2)
INFO:      CPU Node : MPID 0xffffffffffffffff, parent_node 38, State OFF (0x2)
INFO:      CPU Node : MPID 0xffffffffffffffff, parent_node 38, State OFF (0x2)
INFO:      CPU Node : MPID 0xffffffffffffffff, parent_node 38, State OFF (0x2)
INFO:      CPU Node : MPID 0xffffffffffffffff, parent_node 38, State OFF (0x2)
INFO:      CPU Node : MPID 0xffffffffffffffff, parent_node 39, State OFF (0x2)
INFO:      CPU Node : MPID 0xffffffffffffffff, parent_node 39, State OFF (0x2)
INFO:      CPU Node : MPID 0xffffffffffffffff, parent_node 39, State OFF (0x2)
INFO:      CPU Node : MPID 0xffffffffffffffff, parent_node 39, State OFF (0x2)
INFO:      CPU Node : MPID 0xffffffffffffffff, parent_node 39, State OFF (0x2)
INFO:      CPU Node : MPID 0xffffffffffffffff, parent_node 39, State OFF (0x2)
INFO:      CPU Node : MPID 0xffffffffffffffff, parent_node 39, State OFF (0x2)
INFO:      CPU Node : MPID 0xffffffffffffffff, parent_node 39, State OFF (0x2)
INFO:      CPU Node : MPID 0xffffffffffffffff, parent_node 40, State OFF (0x2)
INFO:      CPU Node : MPID 0xffffffffffffffff, parent_node 40, State OFF (0x2)
INFO:      CPU Node : MPID 0xffffffffffffffff, parent_node 40, State OFF (0x2)
INFO:      CPU Node : MPID 0xffffffffffffffff, parent_node 40, State OFF (0x2)
INFO:      CPU Node : MPID 0xffffffffffffffff, parent_node 40, State OFF (0x2)
INFO:      CPU Node : MPID 0xffffffffffffffff, parent_node 40, State OFF (0x2)
INFO:      CPU Node : MPID 0xffffffffffffffff, parent_node 40, State OFF (0x2)
INFO:      CPU Node : MPID 0xffffffffffffffff, parent_node 40, State OFF (0x2)
INFO:      CPU Node : MPID 0xffffffffffffffff, parent_node 41, State OFF (0x2)
INFO:      CPU Node : MPID 0xffffffffffffffff, parent_node 41, State OFF (0x2)
INFO:      CPU Node : MPID 0xffffffffffffffff, parent_node 41, State OFF (0x2)
INFO:      CPU Node : MPID 0xffffffffffffffff, parent_node 41, State OFF (0x2)
INFO:      CPU Node : MPID 0xffffffffffffffff, parent_node 41, State OFF (0x2)
INFO:      CPU Node : MPID 0xffffffffffffffff, parent_node 41, State OFF (0x2)
INFO:      CPU Node : MPID 0xffffffffffffffff, parent_node 41, State OFF (0x2)
INFO:      CPU Node : MPID 0xffffffffffffffff, parent_node 41, State OFF (0x2)
INFO:      CPU Node : MPID 0xffffffffffffffff, parent_node 42, State OFF (0x2)
INFO:      CPU Node : MPID 0xffffffffffffffff, parent_node 42, State OFF (0x2)
INFO:      CPU Node : MPID 0xffffffffffffffff, parent_node 42, State OFF (0x2)
INFO:      CPU Node : MPID 0xffffffffffffffff, parent_node 42, State OFF (0x2)
INFO:      CPU Node : MPID 0xffffffffffffffff, parent_node 42, State OFF (0x2)
INFO:      CPU Node : MPID 0xffffffffffffffff, parent_node 42, State OFF (0x2)
INFO:      CPU Node : MPID 0xffffffffffffffff, parent_node 42, State OFF (0x2)
INFO:      CPU Node : MPID 0xffffffffffffffff, parent_node 42, State OFF (0x2)
INFO:      CPU Node : MPID 0xffffffffffffffff, parent_node 43, State OFF (0x2)
INFO:      CPU Node : MPID 0xffffffffffffffff, parent_node 43, State OFF (0x2)
INFO:      CPU Node : MPID 0xffffffffffffffff, parent_node 43, State OFF (0x2)
INFO:      CPU Node : MPID 0xffffffffffffffff, parent_node 43, State OFF (0x2)
INFO:      CPU Node : MPID 0xffffffffffffffff, parent_node 43, State OFF (0x2)
INFO:      CPU Node : MPID 0xffffffffffffffff, parent_node 43, State OFF (0x2)
INFO:      CPU Node : MPID 0xffffffffffffffff, parent_node 43, State OFF (0x2)
INFO:      CPU Node : MPID 0xffffffffffffffff, parent_node 43, State OFF (0x2)
INFO:      CPU Node : MPID 0xffffffffffffffff, parent_node 44, State OFF (0x2)
INFO:      CPU Node : MPID 0xffffffffffffffff, parent_node 44, State OFF (0x2)
INFO:      CPU Node : MPID 0xffffffffffffffff, parent_node 44, State OFF (0x2)
INFO:      CPU Node : MPID 0xffffffffffffffff, parent_node 44, State OFF (0x2)
INFO:      CPU Node : MPID 0xffffffffffffffff, parent_node 44, State OFF (0x2)
INFO:      CPU Node : MPID 0xffffffffffffffff, parent_node 44, State OFF (0x2)
INFO:      CPU Node : MPID 0xffffffffffffffff, parent_node 44, State OFF (0x2)
INFO:      CPU Node : MPID 0xffffffffffffffff, parent_node 44, State OFF (0x2)
INFO:      CPU Node : MPID 0xffffffffffffffff, parent_node 45, State OFF (0x2)
INFO:      CPU Node : MPID 0xffffffffffffffff, parent_node 45, State OFF (0x2)
INFO:      CPU Node : MPID 0xffffffffffffffff, parent_node 45, State OFF (0x2)
INFO:      CPU Node : MPID 0xffffffffffffffff, parent_node 45, State OFF (0x2)
INFO:      CPU Node : MPID 0xffffffffffffffff, parent_node 45, State OFF (0x2)
INFO:      CPU Node : MPID 0xffffffffffffffff, parent_node 45, State OFF (0x2)
INFO:      CPU Node : MPID 0xffffffffffffffff, parent_node 45, State OFF (0x2)
INFO:      CPU Node : MPID 0xffffffffffffffff, parent_node 45, State OFF (0x2)
INFO:      CPU Node : MPID 0xffffffffffffffff, parent_node 46, State OFF (0x2)
INFO:      CPU Node : MPID 0xffffffffffffffff, parent_node 46, State OFF (0x2)
INFO:      CPU Node : MPID 0xffffffffffffffff, parent_node 46, State OFF (0x2)
INFO:      CPU Node : MPID 0xffffffffffffffff, parent_node 46, State OFF (0x2)
INFO:      CPU Node : MPID 0xffffffffffffffff, parent_node 46, State OFF (0x2)
INFO:      CPU Node : MPID 0xffffffffffffffff, parent_node 46, State OFF (0x2)
INFO:      CPU Node : MPID 0xffffffffffffffff, parent_node 46, State OFF (0x2)
INFO:      CPU Node : MPID 0xffffffffffffffff, parent_node 46, State OFF (0x2)
INFO:      CPU Node : MPID 0xffffffffffffffff, parent_node 47, State OFF (0x2)
INFO:      CPU Node : MPID 0xffffffffffffffff, parent_node 47, State OFF (0x2)
INFO:      CPU Node : MPID 0xffffffffffffffff, parent_node 47, State OFF (0x2)
INFO:      CPU Node : MPID 0xffffffffffffffff, parent_node 47, State OFF (0x2)
INFO:      CPU Node : MPID 0xffffffffffffffff, parent_node 47, State OFF (0x2)
INFO:      CPU Node : MPID 0xffffffffffffffff, parent_node 47, State OFF (0x2)
INFO:      CPU Node : MPID 0xffffffffffffffff, parent_node 47, State OFF (0x2)
INFO:      CPU Node : MPID 0xffffffffffffffff, parent_node 47, State OFF (0x2)
INFO:      CPU Node : MPID 0xffffffffffffffff, parent_node 48, State OFF (0x2)
INFO:      CPU Node : MPID 0xffffffffffffffff, parent_node 48, State OFF (0x2)
INFO:      CPU Node : MPID 0xffffffffffffffff, parent_node 48, State OFF (0x2)
INFO:      CPU Node : MPID 0xffffffffffffffff, parent_node 48, State OFF (0x2)
INFO:      CPU Node : MPID 0xffffffffffffffff, parent_node 48, State OFF (0x2)
INFO:      CPU Node : MPID 0xffffffffffffffff, parent_node 48, State OFF (0x2)
INFO:      CPU Node : MPID 0xffffffffffffffff, parent_node 48, State OFF (0x2)
INFO:      CPU Node : MPID 0xffffffffffffffff, parent_node 48, State OFF (0x2)
INFO:      CPU Node : MPID 0xffffffffffffffff, parent_node 49, State OFF (0x2)
INFO:      CPU Node : MPID 0xffffffffffffffff, parent_node 49, State OFF (0x2)
INFO:      CPU Node : MPID 0xffffffffffffffff, parent_node 49, State OFF (0x2)
INFO:      CPU Node : MPID 0xffffffffffffffff, parent_node 49, State OFF (0x2)
INFO:      CPU Node : MPID 0xffffffffffffffff, parent_node 49, State OFF (0x2)
INFO:      CPU Node : MPID 0xffffffffffffffff, parent_node 49, State OFF (0x2)
INFO:      CPU Node : MPID 0xffffffffffffffff, parent_node 49, State OFF (0x2)
INFO:      CPU Node : MPID 0xffffffffffffffff, parent_node 49, State OFF (0x2)
INFO:      CPU Node : MPID 0xffffffffffffffff, parent_node 50, State OFF (0x2)
INFO:      CPU Node : MPID 0xffffffffffffffff, parent_node 50, State OFF (0x2)
INFO:      CPU Node : MPID 0xffffffffffffffff, parent_node 50, State OFF (0x2)
INFO:      CPU Node : MPID 0xffffffffffffffff, parent_node 50, State OFF (0x2)
INFO:      CPU Node : MPID 0xffffffffffffffff, parent_node 50, State OFF (0x2)
INFO:      CPU Node : MPID 0xffffffffffffffff, parent_node 50, State OFF (0x2)
INFO:      CPU Node : MPID 0xffffffffffffffff, parent_node 50, State OFF (0x2)
INFO:      CPU Node : MPID 0xffffffffffffffff, parent_node 50, State OFF (0x2)
INFO:      CPU Node : MPID 0xffffffffffffffff, parent_node 51, State OFF (0x2)
INFO:      CPU Node : MPID 0xffffffffffffffff, parent_node 51, State OFF (0x2)
INFO:      CPU Node : MPID 0xffffffffffffffff, parent_node 51, State OFF (0x2)
INFO:      CPU Node : MPID 0xffffffffffffffff, parent_node 51, State OFF (0x2)
INFO:      CPU Node : MPID 0xffffffffffffffff, parent_node 51, State OFF (0x2)
INFO:      CPU Node : MPID 0xffffffffffffffff, parent_node 51, State OFF (0x2)
INFO:      CPU Node : MPID 0xffffffffffffffff, parent_node 51, State OFF (0x2)
INFO:      CPU Node : MPID 0xffffffffffffffff, parent_node 51, State OFF (0x2)
INFO:      CPU Node : MPID 0xffffffffffffffff, parent_node 52, State OFF (0x2)
INFO:      CPU Node : MPID 0xffffffffffffffff, parent_node 52, State OFF (0x2)
INFO:      CPU Node : MPID 0xffffffffffffffff, parent_node 52, State OFF (0x2)
INFO:      CPU Node : MPID 0xffffffffffffffff, parent_node 52, State OFF (0x2)
INFO:      CPU Node : MPID 0xffffffffffffffff, parent_node 52, State OFF (0x2)
INFO:      CPU Node : MPID 0xffffffffffffffff, parent_node 52, State OFF (0x2)
INFO:      CPU Node : MPID 0xffffffffffffffff, parent_node 52, State OFF (0x2)
INFO:      CPU Node : MPID 0xffffffffffffffff, parent_node 52, State OFF (0x2)
INFO:      CPU Node : MPID 0xffffffffffffffff, parent_node 53, State OFF (0x2)
INFO:      CPU Node : MPID 0xffffffffffffffff, parent_node 53, State OFF (0x2)
INFO:      CPU Node : MPID 0xffffffffffffffff, parent_node 53, State OFF (0x2)
INFO:      CPU Node : MPID 0xffffffffffffffff, parent_node 53, State OFF (0x2)
INFO:      CPU Node : MPID 0xffffffffffffffff, parent_node 53, State OFF (0x2)
INFO:      CPU Node : MPID 0xffffffffffffffff, parent_node 53, State OFF (0x2)
INFO:      CPU Node : MPID 0xffffffffffffffff, parent_node 53, State OFF (0x2)
INFO:      CPU Node : MPID 0xffffffffffffffff, parent_node 53, State OFF (0x2)
INFO:      CPU Node : MPID 0xffffffffffffffff, parent_node 54, State OFF (0x2)
INFO:      CPU Node : MPID 0xffffffffffffffff, parent_node 54, State OFF (0x2)
INFO:      CPU Node : MPID 0xffffffffffffffff, parent_node 54, State OFF (0x2)
INFO:      CPU Node : MPID 0xffffffffffffffff, parent_node 54, State OFF (0x2)
INFO:      CPU Node : MPID 0xffffffffffffffff, parent_node 54, State OFF (0x2)
INFO:      CPU Node : MPID 0xffffffffffffffff, parent_node 54, State OFF (0x2)
INFO:      CPU Node : MPID 0xffffffffffffffff, parent_node 54, State OFF (0x2)
INFO:      CPU Node : MPID 0xffffffffffffffff, parent_node 54, State OFF (0x2)
INFO:      CPU Node : MPID 0xffffffffffffffff, parent_node 55, State OFF (0x2)
INFO:      CPU Node : MPID 0xffffffffffffffff, parent_node 55, State OFF (0x2)
INFO:      CPU Node : MPID 0xffffffffffffffff, parent_node 55, State OFF (0x2)
INFO:      CPU Node : MPID 0xffffffffffffffff, parent_node 55, State OFF (0x2)
INFO:      CPU Node : MPID 0xffffffffffffffff, parent_node 55, State OFF (0x2)
INFO:      CPU Node : MPID 0xffffffffffffffff, parent_node 55, State OFF (0x2)
INFO:      CPU Node : MPID 0xffffffffffffffff, parent_node 55, State OFF (0x2)
INFO:      CPU Node : MPID 0xffffffffffffffff, parent_node 55, State OFF (0x2)
INFO:      CPU Node : MPID 0xffffffffffffffff, parent_node 56, State OFF (0x2)
INFO:      CPU Node : MPID 0xffffffffffffffff, parent_node 56, State OFF (0x2)
INFO:      CPU Node : MPID 0xffffffffffffffff, parent_node 56, State OFF (0x2)
INFO:      CPU Node : MPID 0xffffffffffffffff, parent_node 56, State OFF (0x2)
INFO:      CPU Node : MPID 0xffffffffffffffff, parent_node 56, State OFF (0x2)
INFO:      CPU Node : MPID 0xffffffffffffffff, parent_node 56, State OFF (0x2)
INFO:      CPU Node : MPID 0xffffffffffffffff, parent_node 56, State OFF (0x2)
INFO:      CPU Node : MPID 0xffffffffffffffff, parent_node 56, State OFF (0x2)
INFO:      CPU Node : MPID 0xffffffffffffffff, parent_node 57, State OFF (0x2)
INFO:      CPU Node : MPID 0xffffffffffffffff, parent_node 57, State OFF (0x2)
INFO:      CPU Node : MPID 0xffffffffffffffff, parent_node 57, State OFF (0x2)
INFO:      CPU Node : MPID 0xffffffffffffffff, parent_node 57, State OFF (0x2)
INFO:      CPU Node : MPID 0xffffffffffffffff, parent_node 57, State OFF (0x2)
INFO:      CPU Node : MPID 0xffffffffffffffff, parent_node 57, State OFF (0x2)
INFO:      CPU Node : MPID 0xffffffffffffffff, parent_node 57, State OFF (0x2)
INFO:      CPU Node : MPID 0xffffffffffffffff, parent_node 57, State OFF (0x2)
INFO:      CPU Node : MPID 0xffffffffffffffff, parent_node 58, State OFF (0x2)
INFO:      CPU Node : MPID 0xffffffffffffffff, parent_node 58, State OFF (0x2)
INFO:      CPU Node : MPID 0xffffffffffffffff, parent_node 58, State OFF (0x2)
INFO:      CPU Node : MPID 0xffffffffffffffff, parent_node 58, State OFF (0x2)
INFO:      CPU Node : MPID 0xffffffffffffffff, parent_node 58, State OFF (0x2)
INFO:      CPU Node : MPID 0xffffffffffffffff, parent_node 58, State OFF (0x2)
INFO:      CPU Node : MPID 0xffffffffffffffff, parent_node 58, State OFF (0x2)
INFO:      CPU Node : MPID 0xffffffffffffffff, parent_node 58, State OFF (0x2)
INFO:      CPU Node : MPID 0xffffffffffffffff, parent_node 59, State OFF (0x2)
INFO:      CPU Node : MPID 0xffffffffffffffff, parent_node 59, State OFF (0x2)
INFO:      CPU Node : MPID 0xffffffffffffffff, parent_node 59, State OFF (0x2)
INFO:      CPU Node : MPID 0xffffffffffffffff, parent_node 59, State OFF (0x2)
INFO:      CPU Node : MPID 0xffffffffffffffff, parent_node 59, State OFF (0x2)
INFO:      CPU Node : MPID 0xffffffffffffffff, parent_node 59, State OFF (0x2)
INFO:      CPU Node : MPID 0xffffffffffffffff, parent_node 59, State OFF (0x2)
INFO:      CPU Node : MPID 0xffffffffffffffff, parent_node 59, State OFF (0x2)
INFO:      CPU Node : MPID 0xffffffffffffffff, parent_node 60, State OFF (0x2)
INFO:      CPU Node : MPID 0xffffffffffffffff, parent_node 60, State OFF (0x2)
INFO:      CPU Node : MPID 0xffffffffffffffff, parent_node 60, State OFF (0x2)
INFO:      CPU Node : MPID 0xffffffffffffffff, parent_node 60, State OFF (0x2)
INFO:      CPU Node : MPID 0xffffffffffffffff, parent_node 60, State OFF (0x2)
INFO:      CPU Node : MPID 0xffffffffffffffff, parent_node 60, State OFF (0x2)
INFO:      CPU Node : MPID 0xffffffffffffffff, parent_node 60, State OFF (0x2)
INFO:      CPU Node : MPID 0xffffffffffffffff, parent_node 60, State OFF (0x2)
INFO:      CPU Node : MPID 0xffffffffffffffff, parent_node 61, State OFF (0x2)
INFO:      CPU Node : MPID 0xffffffffffffffff, parent_node 61, State OFF (0x2)
INFO:      CPU Node : MPID 0xffffffffffffffff, parent_node 61, State OFF (0x2)
INFO:      CPU Node : MPID 0xffffffffffffffff, parent_node 61, State OFF (0x2)
INFO:      CPU Node : MPID 0xffffffffffffffff, parent_node 61, State OFF (0x2)
INFO:      CPU Node : MPID 0xffffffffffffffff, parent_node 61, State OFF (0x2)
INFO:      CPU Node : MPID 0xffffffffffffffff, parent_node 61, State OFF (0x2)
INFO:      CPU Node : MPID 0xffffffffffffffff, parent_node 61, State OFF (0x2)
INFO:      CPU Node : MPID 0xffffffffffffffff, parent_node 62, State OFF (0x2)
INFO:      CPU Node : MPID 0xffffffffffffffff, parent_node 62, State OFF (0x2)
INFO:      CPU Node : MPID 0xffffffffffffffff, parent_node 62, State OFF (0x2)
INFO:      CPU Node : MPID 0xffffffffffffffff, parent_node 62, State OFF (0x2)
INFO:      CPU Node : MPID 0xffffffffffffffff, parent_node 62, State OFF (0x2)
INFO:      CPU Node : MPID 0xffffffffffffffff, parent_node 62, State OFF (0x2)
INFO:      CPU Node : MPID 0xffffffffffffffff, parent_node 62, State OFF (0x2)
INFO:      CPU Node : MPID 0xffffffffffffffff, parent_node 62, State OFF (0x2)
INFO:      CPU Node : MPID 0xffffffffffffffff, parent_node 63, State OFF (0x2)
INFO:      CPU Node : MPID 0xffffffffffffffff, parent_node 63, State OFF (0x2)
INFO:      CPU Node : MPID 0xffffffffffffffff, parent_node 63, State OFF (0x2)
INFO:      CPU Node : MPID 0xffffffffffffffff, parent_node 63, State OFF (0x2)
INFO:      CPU Node : MPID 0xffffffffffffffff, parent_node 63, State OFF (0x2)
INFO:      CPU Node : MPID 0xffffffffffffffff, parent_node 63, State OFF (0x2)
INFO:      CPU Node : MPID 0xffffffffffffffff, parent_node 63, State OFF (0x2)
INFO:      CPU Node : MPID 0xffffffffffffffff, parent_node 63, State OFF (0x2)
